[2025-10-23T08:59:20.374+0000] {local_task_job_runner.py:120} INFO - ::group::Pre task execution logs
[2025-10-23T08:59:20.413+0000] {taskinstance.py:2076} INFO - Dependencies all met for dep_context=non-requeueable deps ti=<TaskInstance: ingest_kg.gx_checkpoint manual__2025-10-23T08:59:14.828503+00:00 [queued]>
[2025-10-23T08:59:20.417+0000] {taskinstance.py:2076} INFO - Dependencies all met for dep_context=requeueable deps ti=<TaskInstance: ingest_kg.gx_checkpoint manual__2025-10-23T08:59:14.828503+00:00 [queued]>
[2025-10-23T08:59:20.417+0000] {taskinstance.py:2306} INFO - Starting attempt 1 of 1
[2025-10-23T08:59:20.425+0000] {taskinstance.py:2330} INFO - Executing <Task(BashOperator): gx_checkpoint> on 2025-10-23 08:59:14.828503+00:00
[2025-10-23T08:59:20.431+0000] {standard_task_runner.py:90} INFO - Running: ['***', 'tasks', 'run', 'ingest_kg', 'gx_checkpoint', 'manual__2025-10-23T08:59:14.828503+00:00', '--job-id', '19', '--raw', '--subdir', 'DAGS_FOLDER/ingest_kg.py', '--cfg-path', '/tmp/tmp3u7euitt']
[2025-10-23T08:59:20.434+0000] {standard_task_runner.py:91} INFO - Job 19: Subtask gx_checkpoint
[2025-10-23T08:59:20.434+0000] {logging_mixin.py:188} WARNING - /home/***/.local/lib/python3.12/site-packages/***/task/task_runner/standard_task_runner.py:62 DeprecationWarning: This process (pid=1272) is multi-threaded, use of fork() may lead to deadlocks in the child.
[2025-10-23T08:59:20.435+0000] {standard_task_runner.py:64} INFO - Started process 1273 to run task
[2025-10-23T08:59:20.480+0000] {task_command.py:426} INFO - Running <TaskInstance: ingest_kg.gx_checkpoint manual__2025-10-23T08:59:14.828503+00:00 [running]> on host c48d41bd1c66
[2025-10-23T08:59:20.548+0000] {taskinstance.py:2648} INFO - Exporting env vars: AIRFLOW_CTX_DAG_OWNER='***' AIRFLOW_CTX_DAG_ID='ingest_kg' AIRFLOW_CTX_TASK_ID='gx_checkpoint' AIRFLOW_CTX_EXECUTION_DATE='2025-10-23T08:59:14.828503+00:00' AIRFLOW_CTX_TRY_NUMBER='1' AIRFLOW_CTX_DAG_RUN_ID='manual__2025-10-23T08:59:14.828503+00:00'
[2025-10-23T08:59:20.548+0000] {taskinstance.py:430} INFO - ::endgroup::
[2025-10-23T08:59:20.558+0000] {subprocess.py:63} INFO - Tmp dir root location: /tmp
[2025-10-23T08:59:20.559+0000] {subprocess.py:75} INFO - Running command: ['/usr/bin/bash', '-c', 'python /opt/***/quality/gx_checkpoint.py --nodes /opt/***/data/bronze/nodes.parquet --edges /opt/***/data/bronze/edges.parquet']
[2025-10-23T08:59:20.566+0000] {subprocess.py:86} INFO - Output:
[2025-10-23T08:59:22.486+0000] {subprocess.py:93} INFO - /home/***/.local/lib/python3.12/site-packages/great_expectations/datasource/data_connector/util.py:8: DeprecationWarning: module 'sre_parse' is deprecated
[2025-10-23T08:59:22.487+0000] {subprocess.py:93} INFO -   import sre_parse
[2025-10-23T08:59:23.251+0000] {subprocess.py:93} INFO - [GX] nodes: id unique OK
[2025-10-23T08:59:23.253+0000] {subprocess.py:93} INFO - [GX] edges: src/dst non nuls OK
[2025-10-23T08:59:23.253+0000] {subprocess.py:93} INFO - [GX] checkpoint OK
[2025-10-23T08:59:23.615+0000] {subprocess.py:97} INFO - Command exited with return code 0
[2025-10-23T08:59:23.617+0000] {taskinstance.py:441} INFO - ::group::Post task execution logs
[2025-10-23T08:59:23.652+0000] {taskinstance.py:1206} INFO - Marking task as SUCCESS. dag_id=ingest_kg, task_id=gx_checkpoint, run_id=manual__2025-10-23T08:59:14.828503+00:00, execution_date=20251023T085914, start_date=20251023T085920, end_date=20251023T085923
[2025-10-23T08:59:23.700+0000] {local_task_job_runner.py:243} INFO - Task exited with return code 0
[2025-10-23T08:59:23.733+0000] {taskinstance.py:3503} INFO - 1 downstream tasks scheduled from follow-on schedule check
[2025-10-23T08:59:23.734+0000] {local_task_job_runner.py:222} INFO - ::endgroup::
