[2025-10-23T09:01:24.120+0000] {local_task_job_runner.py:120} INFO - ::group::Pre task execution logs
[2025-10-23T09:01:24.138+0000] {taskinstance.py:2076} INFO - Dependencies all met for dep_context=non-requeueable deps ti=<TaskInstance: load_neo4j_from_gold.wait_for_export_gold manual__2025-10-23T09:01:23.704428+00:00 [queued]>
[2025-10-23T09:01:24.142+0000] {taskinstance.py:2076} INFO - Dependencies all met for dep_context=requeueable deps ti=<TaskInstance: load_neo4j_from_gold.wait_for_export_gold manual__2025-10-23T09:01:23.704428+00:00 [queued]>
[2025-10-23T09:01:24.142+0000] {taskinstance.py:2306} INFO - Starting attempt 1 of 1
[2025-10-23T09:01:24.148+0000] {taskinstance.py:2330} INFO - Executing <Task(ExternalTaskSensor): wait_for_export_gold> on 2025-10-23 09:01:23.704428+00:00
[2025-10-23T09:01:24.152+0000] {logging_mixin.py:188} WARNING - /home/***/.local/lib/python3.12/site-packages/***/task/task_runner/standard_task_runner.py:62 DeprecationWarning: This process (pid=1420) is multi-threaded, use of fork() may lead to deadlocks in the child.
[2025-10-23T09:01:24.152+0000] {standard_task_runner.py:90} INFO - Running: ['***', 'tasks', 'run', 'load_neo4j_from_gold', 'wait_for_export_gold', 'manual__2025-10-23T09:01:23.704428+00:00', '--job-id', '33', '--raw', '--subdir', 'DAGS_FOLDER/load_neo4j_from_gold.py', '--cfg-path', '/tmp/tmpc1de7vi_']
[2025-10-23T09:01:24.153+0000] {standard_task_runner.py:64} INFO - Started process 1421 to run task
[2025-10-23T09:01:24.153+0000] {standard_task_runner.py:91} INFO - Job 33: Subtask wait_for_export_gold
[2025-10-23T09:01:24.179+0000] {task_command.py:426} INFO - Running <TaskInstance: load_neo4j_from_gold.wait_for_export_gold manual__2025-10-23T09:01:23.704428+00:00 [running]> on host c48d41bd1c66
[2025-10-23T09:01:24.229+0000] {taskinstance.py:2648} INFO - Exporting env vars: AIRFLOW_CTX_DAG_OWNER='***' AIRFLOW_CTX_DAG_ID='load_neo4j_from_gold' AIRFLOW_CTX_TASK_ID='wait_for_export_gold' AIRFLOW_CTX_EXECUTION_DATE='2025-10-23T09:01:23.704428+00:00' AIRFLOW_CTX_TRY_NUMBER='1' AIRFLOW_CTX_DAG_RUN_ID='manual__2025-10-23T09:01:23.704428+00:00'
[2025-10-23T09:01:24.229+0000] {taskinstance.py:430} INFO - ::endgroup::
[2025-10-23T09:01:24.238+0000] {baseoperator.py:400} WARNING - ExternalTaskSensor.execute cannot be called outside TaskInstance!
[2025-10-23T09:01:24.245+0000] {external_task.py:258} INFO - Poking for tasks ['export_gold_csv'] in dag ingest_kg on 2025-10-23T09:01:23.704428+00:00 ... 
[2025-10-23T09:01:24.246+0000] {logging_mixin.py:188} WARNING - /home/***/.local/lib/python3.12/site-packages/***/utils/session.py:79 DeprecationWarning: This method is deprecated and will be removed in future.
[2025-10-23T09:01:24.254+0000] {taskinstance.py:441} INFO - ::group::Post task execution logs
[2025-10-23T09:01:24.266+0000] {taskinstance.py:2865} INFO - Rescheduling task, marking task as UP_FOR_RESCHEDULE
[2025-10-23T09:01:24.298+0000] {local_task_job_runner.py:243} INFO - Task exited with return code 0
[2025-10-23T09:01:24.312+0000] {taskinstance.py:3503} INFO - 0 downstream tasks scheduled from follow-on schedule check
[2025-10-23T09:01:24.312+0000] {local_task_job_runner.py:222} INFO - ::endgroup::
[2025-10-23T09:01:55.252+0000] {local_task_job_runner.py:120} INFO - ::group::Pre task execution logs
[2025-10-23T09:01:55.269+0000] {taskinstance.py:2076} INFO - Dependencies all met for dep_context=non-requeueable deps ti=<TaskInstance: load_neo4j_from_gold.wait_for_export_gold manual__2025-10-23T09:01:23.704428+00:00 [queued]>
[2025-10-23T09:01:55.272+0000] {taskinstance.py:2076} INFO - Dependencies all met for dep_context=requeueable deps ti=<TaskInstance: load_neo4j_from_gold.wait_for_export_gold manual__2025-10-23T09:01:23.704428+00:00 [queued]>
[2025-10-23T09:01:55.272+0000] {taskinstance.py:2306} INFO - Starting attempt 1 of 1
[2025-10-23T09:01:55.278+0000] {taskinstance.py:2330} INFO - Executing <Task(ExternalTaskSensor): wait_for_export_gold> on 2025-10-23 09:01:23.704428+00:00
[2025-10-23T09:01:55.282+0000] {logging_mixin.py:188} WARNING - /home/***/.local/lib/python3.12/site-packages/***/task/task_runner/standard_task_runner.py:62 DeprecationWarning: This process (pid=1438) is multi-threaded, use of fork() may lead to deadlocks in the child.
[2025-10-23T09:01:55.283+0000] {standard_task_runner.py:64} INFO - Started process 1439 to run task
[2025-10-23T09:01:55.282+0000] {standard_task_runner.py:90} INFO - Running: ['***', 'tasks', 'run', 'load_neo4j_from_gold', 'wait_for_export_gold', 'manual__2025-10-23T09:01:23.704428+00:00', '--job-id', '37', '--raw', '--subdir', 'DAGS_FOLDER/load_neo4j_from_gold.py', '--cfg-path', '/tmp/tmplrd0mk6w']
[2025-10-23T09:01:55.284+0000] {standard_task_runner.py:91} INFO - Job 37: Subtask wait_for_export_gold
[2025-10-23T09:01:55.310+0000] {task_command.py:426} INFO - Running <TaskInstance: load_neo4j_from_gold.wait_for_export_gold manual__2025-10-23T09:01:23.704428+00:00 [running]> on host c48d41bd1c66
[2025-10-23T09:01:55.360+0000] {taskinstance.py:2648} INFO - Exporting env vars: AIRFLOW_CTX_DAG_OWNER='***' AIRFLOW_CTX_DAG_ID='load_neo4j_from_gold' AIRFLOW_CTX_TASK_ID='wait_for_export_gold' AIRFLOW_CTX_EXECUTION_DATE='2025-10-23T09:01:23.704428+00:00' AIRFLOW_CTX_TRY_NUMBER='1' AIRFLOW_CTX_DAG_RUN_ID='manual__2025-10-23T09:01:23.704428+00:00'
[2025-10-23T09:01:55.361+0000] {taskinstance.py:430} INFO - ::endgroup::
[2025-10-23T09:01:55.369+0000] {baseoperator.py:400} WARNING - ExternalTaskSensor.execute cannot be called outside TaskInstance!
[2025-10-23T09:01:55.376+0000] {external_task.py:258} INFO - Poking for tasks ['export_gold_csv'] in dag ingest_kg on 2025-10-23T09:01:23.704428+00:00 ... 
[2025-10-23T09:01:55.377+0000] {logging_mixin.py:188} WARNING - /home/***/.local/lib/python3.12/site-packages/***/utils/session.py:79 DeprecationWarning: This method is deprecated and will be removed in future.
[2025-10-23T09:01:55.385+0000] {taskinstance.py:441} INFO - ::group::Post task execution logs
[2025-10-23T09:01:55.398+0000] {taskinstance.py:2865} INFO - Rescheduling task, marking task as UP_FOR_RESCHEDULE
[2025-10-23T09:01:55.421+0000] {local_task_job_runner.py:243} INFO - Task exited with return code 0
[2025-10-23T09:01:55.435+0000] {taskinstance.py:3503} INFO - 0 downstream tasks scheduled from follow-on schedule check
[2025-10-23T09:01:55.436+0000] {local_task_job_runner.py:222} INFO - ::endgroup::
[2025-10-23T09:02:26.466+0000] {local_task_job_runner.py:120} INFO - ::group::Pre task execution logs
[2025-10-23T09:02:26.486+0000] {taskinstance.py:2076} INFO - Dependencies all met for dep_context=non-requeueable deps ti=<TaskInstance: load_neo4j_from_gold.wait_for_export_gold manual__2025-10-23T09:01:23.704428+00:00 [queued]>
[2025-10-23T09:02:26.490+0000] {taskinstance.py:2076} INFO - Dependencies all met for dep_context=requeueable deps ti=<TaskInstance: load_neo4j_from_gold.wait_for_export_gold manual__2025-10-23T09:01:23.704428+00:00 [queued]>
[2025-10-23T09:02:26.490+0000] {taskinstance.py:2306} INFO - Starting attempt 1 of 1
[2025-10-23T09:02:26.496+0000] {taskinstance.py:2330} INFO - Executing <Task(ExternalTaskSensor): wait_for_export_gold> on 2025-10-23 09:01:23.704428+00:00
[2025-10-23T09:02:26.500+0000] {logging_mixin.py:188} WARNING - /home/***/.local/lib/python3.12/site-packages/***/task/task_runner/standard_task_runner.py:62 DeprecationWarning: This process (pid=1476) is multi-threaded, use of fork() may lead to deadlocks in the child.
[2025-10-23T09:02:26.501+0000] {standard_task_runner.py:64} INFO - Started process 1477 to run task
[2025-10-23T09:02:26.500+0000] {standard_task_runner.py:90} INFO - Running: ['***', 'tasks', 'run', 'load_neo4j_from_gold', 'wait_for_export_gold', 'manual__2025-10-23T09:01:23.704428+00:00', '--job-id', '41', '--raw', '--subdir', 'DAGS_FOLDER/load_neo4j_from_gold.py', '--cfg-path', '/tmp/tmp0ogynynx']
[2025-10-23T09:02:26.502+0000] {standard_task_runner.py:91} INFO - Job 41: Subtask wait_for_export_gold
[2025-10-23T09:02:26.556+0000] {task_command.py:426} INFO - Running <TaskInstance: load_neo4j_from_gold.wait_for_export_gold manual__2025-10-23T09:01:23.704428+00:00 [running]> on host c48d41bd1c66
[2025-10-23T09:02:26.607+0000] {taskinstance.py:2648} INFO - Exporting env vars: AIRFLOW_CTX_DAG_OWNER='***' AIRFLOW_CTX_DAG_ID='load_neo4j_from_gold' AIRFLOW_CTX_TASK_ID='wait_for_export_gold' AIRFLOW_CTX_EXECUTION_DATE='2025-10-23T09:01:23.704428+00:00' AIRFLOW_CTX_TRY_NUMBER='1' AIRFLOW_CTX_DAG_RUN_ID='manual__2025-10-23T09:01:23.704428+00:00'
[2025-10-23T09:02:26.607+0000] {taskinstance.py:430} INFO - ::endgroup::
[2025-10-23T09:02:26.616+0000] {baseoperator.py:400} WARNING - ExternalTaskSensor.execute cannot be called outside TaskInstance!
[2025-10-23T09:02:26.622+0000] {external_task.py:258} INFO - Poking for tasks ['export_gold_csv'] in dag ingest_kg on 2025-10-23T09:01:23.704428+00:00 ... 
[2025-10-23T09:02:26.623+0000] {logging_mixin.py:188} WARNING - /home/***/.local/lib/python3.12/site-packages/***/utils/session.py:79 DeprecationWarning: This method is deprecated and will be removed in future.
[2025-10-23T09:02:26.636+0000] {taskinstance.py:441} INFO - ::group::Post task execution logs
[2025-10-23T09:02:26.656+0000] {taskinstance.py:2865} INFO - Rescheduling task, marking task as UP_FOR_RESCHEDULE
[2025-10-23T09:02:26.686+0000] {local_task_job_runner.py:243} INFO - Task exited with return code 0
[2025-10-23T09:02:26.706+0000] {taskinstance.py:3503} INFO - 0 downstream tasks scheduled from follow-on schedule check
[2025-10-23T09:02:26.706+0000] {local_task_job_runner.py:222} INFO - ::endgroup::
[2025-10-23T09:02:56.968+0000] {local_task_job_runner.py:120} INFO - ::group::Pre task execution logs
[2025-10-23T09:02:56.989+0000] {taskinstance.py:2076} INFO - Dependencies all met for dep_context=non-requeueable deps ti=<TaskInstance: load_neo4j_from_gold.wait_for_export_gold manual__2025-10-23T09:01:23.704428+00:00 [queued]>
[2025-10-23T09:02:56.993+0000] {taskinstance.py:2076} INFO - Dependencies all met for dep_context=requeueable deps ti=<TaskInstance: load_neo4j_from_gold.wait_for_export_gold manual__2025-10-23T09:01:23.704428+00:00 [queued]>
[2025-10-23T09:02:56.993+0000] {taskinstance.py:2306} INFO - Starting attempt 1 of 1
[2025-10-23T09:02:57.000+0000] {taskinstance.py:2330} INFO - Executing <Task(ExternalTaskSensor): wait_for_export_gold> on 2025-10-23 09:01:23.704428+00:00
[2025-10-23T09:02:57.005+0000] {logging_mixin.py:188} WARNING - /home/***/.local/lib/python3.12/site-packages/***/task/task_runner/standard_task_runner.py:62 DeprecationWarning: This process (pid=1510) is multi-threaded, use of fork() may lead to deadlocks in the child.
[2025-10-23T09:02:57.005+0000] {standard_task_runner.py:64} INFO - Started process 1511 to run task
[2025-10-23T09:02:57.004+0000] {standard_task_runner.py:90} INFO - Running: ['***', 'tasks', 'run', 'load_neo4j_from_gold', 'wait_for_export_gold', 'manual__2025-10-23T09:01:23.704428+00:00', '--job-id', '46', '--raw', '--subdir', 'DAGS_FOLDER/load_neo4j_from_gold.py', '--cfg-path', '/tmp/tmpt9whd057']
[2025-10-23T09:02:57.006+0000] {standard_task_runner.py:91} INFO - Job 46: Subtask wait_for_export_gold
[2025-10-23T09:02:57.041+0000] {task_command.py:426} INFO - Running <TaskInstance: load_neo4j_from_gold.wait_for_export_gold manual__2025-10-23T09:01:23.704428+00:00 [running]> on host c48d41bd1c66
[2025-10-23T09:02:57.089+0000] {taskinstance.py:2648} INFO - Exporting env vars: AIRFLOW_CTX_DAG_OWNER='***' AIRFLOW_CTX_DAG_ID='load_neo4j_from_gold' AIRFLOW_CTX_TASK_ID='wait_for_export_gold' AIRFLOW_CTX_EXECUTION_DATE='2025-10-23T09:01:23.704428+00:00' AIRFLOW_CTX_TRY_NUMBER='1' AIRFLOW_CTX_DAG_RUN_ID='manual__2025-10-23T09:01:23.704428+00:00'
[2025-10-23T09:02:57.089+0000] {taskinstance.py:430} INFO - ::endgroup::
[2025-10-23T09:02:57.098+0000] {baseoperator.py:400} WARNING - ExternalTaskSensor.execute cannot be called outside TaskInstance!
[2025-10-23T09:02:57.106+0000] {external_task.py:258} INFO - Poking for tasks ['export_gold_csv'] in dag ingest_kg on 2025-10-23T09:01:23.704428+00:00 ... 
[2025-10-23T09:02:57.107+0000] {logging_mixin.py:188} WARNING - /home/***/.local/lib/python3.12/site-packages/***/utils/session.py:79 DeprecationWarning: This method is deprecated and will be removed in future.
[2025-10-23T09:02:57.115+0000] {taskinstance.py:441} INFO - ::group::Post task execution logs
[2025-10-23T09:02:57.127+0000] {taskinstance.py:2865} INFO - Rescheduling task, marking task as UP_FOR_RESCHEDULE
[2025-10-23T09:02:57.145+0000] {local_task_job_runner.py:243} INFO - Task exited with return code 0
[2025-10-23T09:02:57.159+0000] {taskinstance.py:3503} INFO - 0 downstream tasks scheduled from follow-on schedule check
[2025-10-23T09:02:57.160+0000] {local_task_job_runner.py:222} INFO - ::endgroup::
[2025-10-23T09:03:27.340+0000] {local_task_job_runner.py:120} INFO - ::group::Pre task execution logs
[2025-10-23T09:03:27.363+0000] {taskinstance.py:2076} INFO - Dependencies all met for dep_context=non-requeueable deps ti=<TaskInstance: load_neo4j_from_gold.wait_for_export_gold manual__2025-10-23T09:01:23.704428+00:00 [queued]>
[2025-10-23T09:03:27.367+0000] {taskinstance.py:2076} INFO - Dependencies all met for dep_context=requeueable deps ti=<TaskInstance: load_neo4j_from_gold.wait_for_export_gold manual__2025-10-23T09:01:23.704428+00:00 [queued]>
[2025-10-23T09:03:27.367+0000] {taskinstance.py:2306} INFO - Starting attempt 1 of 1
[2025-10-23T09:03:27.373+0000] {taskinstance.py:2330} INFO - Executing <Task(ExternalTaskSensor): wait_for_export_gold> on 2025-10-23 09:01:23.704428+00:00
[2025-10-23T09:03:27.379+0000] {logging_mixin.py:188} WARNING - /home/***/.local/lib/python3.12/site-packages/***/task/task_runner/standard_task_runner.py:62 DeprecationWarning: This process (pid=1618) is multi-threaded, use of fork() may lead to deadlocks in the child.
[2025-10-23T09:03:27.378+0000] {standard_task_runner.py:90} INFO - Running: ['***', 'tasks', 'run', 'load_neo4j_from_gold', 'wait_for_export_gold', 'manual__2025-10-23T09:01:23.704428+00:00', '--job-id', '55', '--raw', '--subdir', 'DAGS_FOLDER/load_neo4j_from_gold.py', '--cfg-path', '/tmp/tmp075emtbm']
[2025-10-23T09:03:27.380+0000] {standard_task_runner.py:64} INFO - Started process 1619 to run task
[2025-10-23T09:03:27.380+0000] {standard_task_runner.py:91} INFO - Job 55: Subtask wait_for_export_gold
[2025-10-23T09:03:27.434+0000] {task_command.py:426} INFO - Running <TaskInstance: load_neo4j_from_gold.wait_for_export_gold manual__2025-10-23T09:01:23.704428+00:00 [running]> on host c48d41bd1c66
[2025-10-23T09:03:27.479+0000] {taskinstance.py:2648} INFO - Exporting env vars: AIRFLOW_CTX_DAG_OWNER='***' AIRFLOW_CTX_DAG_ID='load_neo4j_from_gold' AIRFLOW_CTX_TASK_ID='wait_for_export_gold' AIRFLOW_CTX_EXECUTION_DATE='2025-10-23T09:01:23.704428+00:00' AIRFLOW_CTX_TRY_NUMBER='1' AIRFLOW_CTX_DAG_RUN_ID='manual__2025-10-23T09:01:23.704428+00:00'
[2025-10-23T09:03:27.479+0000] {taskinstance.py:430} INFO - ::endgroup::
[2025-10-23T09:03:27.487+0000] {baseoperator.py:400} WARNING - ExternalTaskSensor.execute cannot be called outside TaskInstance!
[2025-10-23T09:03:27.493+0000] {external_task.py:258} INFO - Poking for tasks ['export_gold_csv'] in dag ingest_kg on 2025-10-23T09:01:23.704428+00:00 ... 
[2025-10-23T09:03:27.494+0000] {logging_mixin.py:188} WARNING - /home/***/.local/lib/python3.12/site-packages/***/utils/session.py:79 DeprecationWarning: This method is deprecated and will be removed in future.
[2025-10-23T09:03:27.501+0000] {taskinstance.py:441} INFO - ::group::Post task execution logs
[2025-10-23T09:03:27.512+0000] {taskinstance.py:2865} INFO - Rescheduling task, marking task as UP_FOR_RESCHEDULE
[2025-10-23T09:03:27.524+0000] {local_task_job_runner.py:243} INFO - Task exited with return code 0
[2025-10-23T09:03:27.538+0000] {taskinstance.py:3503} INFO - 0 downstream tasks scheduled from follow-on schedule check
[2025-10-23T09:03:27.538+0000] {local_task_job_runner.py:222} INFO - ::endgroup::
[2025-10-23T09:03:57.664+0000] {local_task_job_runner.py:120} INFO - ::group::Pre task execution logs
[2025-10-23T09:03:57.686+0000] {taskinstance.py:2076} INFO - Dependencies all met for dep_context=non-requeueable deps ti=<TaskInstance: load_neo4j_from_gold.wait_for_export_gold manual__2025-10-23T09:01:23.704428+00:00 [queued]>
[2025-10-23T09:03:57.690+0000] {taskinstance.py:2076} INFO - Dependencies all met for dep_context=requeueable deps ti=<TaskInstance: load_neo4j_from_gold.wait_for_export_gold manual__2025-10-23T09:01:23.704428+00:00 [queued]>
[2025-10-23T09:03:57.690+0000] {taskinstance.py:2306} INFO - Starting attempt 1 of 1
[2025-10-23T09:03:57.696+0000] {taskinstance.py:2330} INFO - Executing <Task(ExternalTaskSensor): wait_for_export_gold> on 2025-10-23 09:01:23.704428+00:00
[2025-10-23T09:03:57.701+0000] {logging_mixin.py:188} WARNING - /home/***/.local/lib/python3.12/site-packages/***/task/task_runner/standard_task_runner.py:62 DeprecationWarning: This process (pid=1672) is multi-threaded, use of fork() may lead to deadlocks in the child.
[2025-10-23T09:03:57.702+0000] {standard_task_runner.py:64} INFO - Started process 1673 to run task
[2025-10-23T09:03:57.702+0000] {standard_task_runner.py:90} INFO - Running: ['***', 'tasks', 'run', 'load_neo4j_from_gold', 'wait_for_export_gold', 'manual__2025-10-23T09:01:23.704428+00:00', '--job-id', '62', '--raw', '--subdir', 'DAGS_FOLDER/load_neo4j_from_gold.py', '--cfg-path', '/tmp/tmplg9pg1ay']
[2025-10-23T09:03:57.704+0000] {standard_task_runner.py:91} INFO - Job 62: Subtask wait_for_export_gold
[2025-10-23T09:03:57.747+0000] {task_command.py:426} INFO - Running <TaskInstance: load_neo4j_from_gold.wait_for_export_gold manual__2025-10-23T09:01:23.704428+00:00 [running]> on host c48d41bd1c66
[2025-10-23T09:03:57.797+0000] {taskinstance.py:2648} INFO - Exporting env vars: AIRFLOW_CTX_DAG_OWNER='***' AIRFLOW_CTX_DAG_ID='load_neo4j_from_gold' AIRFLOW_CTX_TASK_ID='wait_for_export_gold' AIRFLOW_CTX_EXECUTION_DATE='2025-10-23T09:01:23.704428+00:00' AIRFLOW_CTX_TRY_NUMBER='1' AIRFLOW_CTX_DAG_RUN_ID='manual__2025-10-23T09:01:23.704428+00:00'
[2025-10-23T09:03:57.797+0000] {taskinstance.py:430} INFO - ::endgroup::
[2025-10-23T09:03:57.805+0000] {baseoperator.py:400} WARNING - ExternalTaskSensor.execute cannot be called outside TaskInstance!
[2025-10-23T09:03:57.811+0000] {external_task.py:258} INFO - Poking for tasks ['export_gold_csv'] in dag ingest_kg on 2025-10-23T09:01:23.704428+00:00 ... 
[2025-10-23T09:03:57.812+0000] {logging_mixin.py:188} WARNING - /home/***/.local/lib/python3.12/site-packages/***/utils/session.py:79 DeprecationWarning: This method is deprecated and will be removed in future.
[2025-10-23T09:03:57.820+0000] {taskinstance.py:441} INFO - ::group::Post task execution logs
[2025-10-23T09:03:57.831+0000] {taskinstance.py:2865} INFO - Rescheduling task, marking task as UP_FOR_RESCHEDULE
[2025-10-23T09:03:57.842+0000] {local_task_job_runner.py:243} INFO - Task exited with return code 0
[2025-10-23T09:03:57.857+0000] {taskinstance.py:3503} INFO - 0 downstream tasks scheduled from follow-on schedule check
[2025-10-23T09:03:57.858+0000] {local_task_job_runner.py:222} INFO - ::endgroup::
[2025-10-23T09:04:28.075+0000] {local_task_job_runner.py:120} INFO - ::group::Pre task execution logs
[2025-10-23T09:04:28.092+0000] {taskinstance.py:2076} INFO - Dependencies all met for dep_context=non-requeueable deps ti=<TaskInstance: load_neo4j_from_gold.wait_for_export_gold manual__2025-10-23T09:01:23.704428+00:00 [queued]>
[2025-10-23T09:04:28.096+0000] {taskinstance.py:2076} INFO - Dependencies all met for dep_context=requeueable deps ti=<TaskInstance: load_neo4j_from_gold.wait_for_export_gold manual__2025-10-23T09:01:23.704428+00:00 [queued]>
[2025-10-23T09:04:28.096+0000] {taskinstance.py:2306} INFO - Starting attempt 1 of 1
[2025-10-23T09:04:28.101+0000] {taskinstance.py:2330} INFO - Executing <Task(ExternalTaskSensor): wait_for_export_gold> on 2025-10-23 09:01:23.704428+00:00
[2025-10-23T09:04:28.105+0000] {logging_mixin.py:188} WARNING - /home/***/.local/lib/python3.12/site-packages/***/task/task_runner/standard_task_runner.py:62 DeprecationWarning: This process (pid=1765) is multi-threaded, use of fork() may lead to deadlocks in the child.
[2025-10-23T09:04:28.106+0000] {standard_task_runner.py:64} INFO - Started process 1766 to run task
[2025-10-23T09:04:28.105+0000] {standard_task_runner.py:90} INFO - Running: ['***', 'tasks', 'run', 'load_neo4j_from_gold', 'wait_for_export_gold', 'manual__2025-10-23T09:01:23.704428+00:00', '--job-id', '72', '--raw', '--subdir', 'DAGS_FOLDER/load_neo4j_from_gold.py', '--cfg-path', '/tmp/tmpyhoal0_v']
[2025-10-23T09:04:28.107+0000] {standard_task_runner.py:91} INFO - Job 72: Subtask wait_for_export_gold
[2025-10-23T09:04:28.134+0000] {task_command.py:426} INFO - Running <TaskInstance: load_neo4j_from_gold.wait_for_export_gold manual__2025-10-23T09:01:23.704428+00:00 [running]> on host c48d41bd1c66
[2025-10-23T09:04:28.177+0000] {taskinstance.py:2648} INFO - Exporting env vars: AIRFLOW_CTX_DAG_OWNER='***' AIRFLOW_CTX_DAG_ID='load_neo4j_from_gold' AIRFLOW_CTX_TASK_ID='wait_for_export_gold' AIRFLOW_CTX_EXECUTION_DATE='2025-10-23T09:01:23.704428+00:00' AIRFLOW_CTX_TRY_NUMBER='1' AIRFLOW_CTX_DAG_RUN_ID='manual__2025-10-23T09:01:23.704428+00:00'
[2025-10-23T09:04:28.177+0000] {taskinstance.py:430} INFO - ::endgroup::
[2025-10-23T09:04:28.184+0000] {baseoperator.py:400} WARNING - ExternalTaskSensor.execute cannot be called outside TaskInstance!
[2025-10-23T09:04:28.190+0000] {external_task.py:258} INFO - Poking for tasks ['export_gold_csv'] in dag ingest_kg on 2025-10-23T09:01:23.704428+00:00 ... 
[2025-10-23T09:04:28.191+0000] {logging_mixin.py:188} WARNING - /home/***/.local/lib/python3.12/site-packages/***/utils/session.py:79 DeprecationWarning: This method is deprecated and will be removed in future.
[2025-10-23T09:04:28.198+0000] {taskinstance.py:441} INFO - ::group::Post task execution logs
[2025-10-23T09:04:28.209+0000] {taskinstance.py:2865} INFO - Rescheduling task, marking task as UP_FOR_RESCHEDULE
[2025-10-23T09:04:28.247+0000] {local_task_job_runner.py:243} INFO - Task exited with return code 0
[2025-10-23T09:04:28.262+0000] {taskinstance.py:3503} INFO - 0 downstream tasks scheduled from follow-on schedule check
[2025-10-23T09:04:28.262+0000] {local_task_job_runner.py:222} INFO - ::endgroup::
[2025-10-23T09:04:58.379+0000] {local_task_job_runner.py:120} INFO - ::group::Pre task execution logs
[2025-10-23T09:04:58.395+0000] {taskinstance.py:2076} INFO - Dependencies all met for dep_context=non-requeueable deps ti=<TaskInstance: load_neo4j_from_gold.wait_for_export_gold manual__2025-10-23T09:01:23.704428+00:00 [queued]>
[2025-10-23T09:04:58.398+0000] {taskinstance.py:2076} INFO - Dependencies all met for dep_context=requeueable deps ti=<TaskInstance: load_neo4j_from_gold.wait_for_export_gold manual__2025-10-23T09:01:23.704428+00:00 [queued]>
[2025-10-23T09:04:58.398+0000] {taskinstance.py:2306} INFO - Starting attempt 1 of 1
[2025-10-23T09:04:58.404+0000] {taskinstance.py:2330} INFO - Executing <Task(ExternalTaskSensor): wait_for_export_gold> on 2025-10-23 09:01:23.704428+00:00
[2025-10-23T09:04:58.407+0000] {logging_mixin.py:188} WARNING - /home/***/.local/lib/python3.12/site-packages/***/task/task_runner/standard_task_runner.py:62 DeprecationWarning: This process (pid=1789) is multi-threaded, use of fork() may lead to deadlocks in the child.
[2025-10-23T09:04:58.408+0000] {standard_task_runner.py:64} INFO - Started process 1790 to run task
[2025-10-23T09:04:58.408+0000] {standard_task_runner.py:90} INFO - Running: ['***', 'tasks', 'run', 'load_neo4j_from_gold', 'wait_for_export_gold', 'manual__2025-10-23T09:01:23.704428+00:00', '--job-id', '79', '--raw', '--subdir', 'DAGS_FOLDER/load_neo4j_from_gold.py', '--cfg-path', '/tmp/tmpzn931wsd']
[2025-10-23T09:04:58.409+0000] {standard_task_runner.py:91} INFO - Job 79: Subtask wait_for_export_gold
[2025-10-23T09:04:58.434+0000] {task_command.py:426} INFO - Running <TaskInstance: load_neo4j_from_gold.wait_for_export_gold manual__2025-10-23T09:01:23.704428+00:00 [running]> on host c48d41bd1c66
[2025-10-23T09:04:58.475+0000] {taskinstance.py:2648} INFO - Exporting env vars: AIRFLOW_CTX_DAG_OWNER='***' AIRFLOW_CTX_DAG_ID='load_neo4j_from_gold' AIRFLOW_CTX_TASK_ID='wait_for_export_gold' AIRFLOW_CTX_EXECUTION_DATE='2025-10-23T09:01:23.704428+00:00' AIRFLOW_CTX_TRY_NUMBER='1' AIRFLOW_CTX_DAG_RUN_ID='manual__2025-10-23T09:01:23.704428+00:00'
[2025-10-23T09:04:58.476+0000] {taskinstance.py:430} INFO - ::endgroup::
[2025-10-23T09:04:58.483+0000] {baseoperator.py:400} WARNING - ExternalTaskSensor.execute cannot be called outside TaskInstance!
[2025-10-23T09:04:58.488+0000] {external_task.py:258} INFO - Poking for tasks ['export_gold_csv'] in dag ingest_kg on 2025-10-23T09:01:23.704428+00:00 ... 
[2025-10-23T09:04:58.489+0000] {logging_mixin.py:188} WARNING - /home/***/.local/lib/python3.12/site-packages/***/utils/session.py:79 DeprecationWarning: This method is deprecated and will be removed in future.
[2025-10-23T09:04:58.496+0000] {taskinstance.py:441} INFO - ::group::Post task execution logs
[2025-10-23T09:04:58.507+0000] {taskinstance.py:2865} INFO - Rescheduling task, marking task as UP_FOR_RESCHEDULE
[2025-10-23T09:04:58.550+0000] {local_task_job_runner.py:243} INFO - Task exited with return code 0
[2025-10-23T09:04:58.563+0000] {taskinstance.py:3503} INFO - 0 downstream tasks scheduled from follow-on schedule check
[2025-10-23T09:04:58.564+0000] {local_task_job_runner.py:222} INFO - ::endgroup::
[2025-10-23T09:05:28.805+0000] {local_task_job_runner.py:120} INFO - ::group::Pre task execution logs
[2025-10-23T09:05:28.849+0000] {taskinstance.py:2076} INFO - Dependencies all met for dep_context=non-requeueable deps ti=<TaskInstance: load_neo4j_from_gold.wait_for_export_gold manual__2025-10-23T09:01:23.704428+00:00 [queued]>
[2025-10-23T09:05:28.853+0000] {taskinstance.py:2076} INFO - Dependencies all met for dep_context=requeueable deps ti=<TaskInstance: load_neo4j_from_gold.wait_for_export_gold manual__2025-10-23T09:01:23.704428+00:00 [queued]>
[2025-10-23T09:05:28.854+0000] {taskinstance.py:2306} INFO - Starting attempt 1 of 1
[2025-10-23T09:05:28.861+0000] {taskinstance.py:2330} INFO - Executing <Task(ExternalTaskSensor): wait_for_export_gold> on 2025-10-23 09:01:23.704428+00:00
[2025-10-23T09:05:28.869+0000] {logging_mixin.py:188} WARNING - /home/***/.local/lib/python3.12/site-packages/***/task/task_runner/standard_task_runner.py:62 DeprecationWarning: This process (pid=1813) is multi-threaded, use of fork() may lead to deadlocks in the child.
[2025-10-23T09:05:28.870+0000] {standard_task_runner.py:64} INFO - Started process 1814 to run task
[2025-10-23T09:05:28.868+0000] {standard_task_runner.py:90} INFO - Running: ['***', 'tasks', 'run', 'load_neo4j_from_gold', 'wait_for_export_gold', 'manual__2025-10-23T09:01:23.704428+00:00', '--job-id', '86', '--raw', '--subdir', 'DAGS_FOLDER/load_neo4j_from_gold.py', '--cfg-path', '/tmp/tmpjp14kl2w']
[2025-10-23T09:05:28.871+0000] {standard_task_runner.py:91} INFO - Job 86: Subtask wait_for_export_gold
[2025-10-23T09:05:28.952+0000] {task_command.py:426} INFO - Running <TaskInstance: load_neo4j_from_gold.wait_for_export_gold manual__2025-10-23T09:01:23.704428+00:00 [running]> on host c48d41bd1c66
[2025-10-23T09:05:29.002+0000] {taskinstance.py:2648} INFO - Exporting env vars: AIRFLOW_CTX_DAG_OWNER='***' AIRFLOW_CTX_DAG_ID='load_neo4j_from_gold' AIRFLOW_CTX_TASK_ID='wait_for_export_gold' AIRFLOW_CTX_EXECUTION_DATE='2025-10-23T09:01:23.704428+00:00' AIRFLOW_CTX_TRY_NUMBER='1' AIRFLOW_CTX_DAG_RUN_ID='manual__2025-10-23T09:01:23.704428+00:00'
[2025-10-23T09:05:29.003+0000] {taskinstance.py:430} INFO - ::endgroup::
[2025-10-23T09:05:29.025+0000] {baseoperator.py:400} WARNING - ExternalTaskSensor.execute cannot be called outside TaskInstance!
[2025-10-23T09:05:29.034+0000] {external_task.py:258} INFO - Poking for tasks ['export_gold_csv'] in dag ingest_kg on 2025-10-23T09:01:23.704428+00:00 ... 
[2025-10-23T09:05:29.035+0000] {logging_mixin.py:188} WARNING - /home/***/.local/lib/python3.12/site-packages/***/utils/session.py:79 DeprecationWarning: This method is deprecated and will be removed in future.
[2025-10-23T09:05:29.045+0000] {taskinstance.py:441} INFO - ::group::Post task execution logs
[2025-10-23T09:05:29.057+0000] {taskinstance.py:2865} INFO - Rescheduling task, marking task as UP_FOR_RESCHEDULE
[2025-10-23T09:05:29.097+0000] {local_task_job_runner.py:243} INFO - Task exited with return code 0
[2025-10-23T09:05:29.111+0000] {taskinstance.py:3503} INFO - 0 downstream tasks scheduled from follow-on schedule check
[2025-10-23T09:05:29.112+0000] {local_task_job_runner.py:222} INFO - ::endgroup::
[2025-10-23T09:05:59.550+0000] {local_task_job_runner.py:120} INFO - ::group::Pre task execution logs
[2025-10-23T09:05:59.575+0000] {taskinstance.py:2076} INFO - Dependencies all met for dep_context=non-requeueable deps ti=<TaskInstance: load_neo4j_from_gold.wait_for_export_gold manual__2025-10-23T09:01:23.704428+00:00 [queued]>
[2025-10-23T09:05:59.579+0000] {taskinstance.py:2076} INFO - Dependencies all met for dep_context=requeueable deps ti=<TaskInstance: load_neo4j_from_gold.wait_for_export_gold manual__2025-10-23T09:01:23.704428+00:00 [queued]>
[2025-10-23T09:05:59.579+0000] {taskinstance.py:2306} INFO - Starting attempt 1 of 1
[2025-10-23T09:05:59.586+0000] {taskinstance.py:2330} INFO - Executing <Task(ExternalTaskSensor): wait_for_export_gold> on 2025-10-23 09:01:23.704428+00:00
[2025-10-23T09:05:59.591+0000] {logging_mixin.py:188} WARNING - /home/***/.local/lib/python3.12/site-packages/***/task/task_runner/standard_task_runner.py:62 DeprecationWarning: This process (pid=1839) is multi-threaded, use of fork() may lead to deadlocks in the child.
[2025-10-23T09:05:59.593+0000] {standard_task_runner.py:64} INFO - Started process 1840 to run task
[2025-10-23T09:05:59.591+0000] {standard_task_runner.py:90} INFO - Running: ['***', 'tasks', 'run', 'load_neo4j_from_gold', 'wait_for_export_gold', 'manual__2025-10-23T09:01:23.704428+00:00', '--job-id', '94', '--raw', '--subdir', 'DAGS_FOLDER/load_neo4j_from_gold.py', '--cfg-path', '/tmp/tmpn92v3xna']
[2025-10-23T09:05:59.594+0000] {standard_task_runner.py:91} INFO - Job 94: Subtask wait_for_export_gold
[2025-10-23T09:05:59.644+0000] {task_command.py:426} INFO - Running <TaskInstance: load_neo4j_from_gold.wait_for_export_gold manual__2025-10-23T09:01:23.704428+00:00 [running]> on host c48d41bd1c66
[2025-10-23T09:05:59.709+0000] {taskinstance.py:2648} INFO - Exporting env vars: AIRFLOW_CTX_DAG_OWNER='***' AIRFLOW_CTX_DAG_ID='load_neo4j_from_gold' AIRFLOW_CTX_TASK_ID='wait_for_export_gold' AIRFLOW_CTX_EXECUTION_DATE='2025-10-23T09:01:23.704428+00:00' AIRFLOW_CTX_TRY_NUMBER='1' AIRFLOW_CTX_DAG_RUN_ID='manual__2025-10-23T09:01:23.704428+00:00'
[2025-10-23T09:05:59.710+0000] {taskinstance.py:430} INFO - ::endgroup::
[2025-10-23T09:05:59.720+0000] {baseoperator.py:400} WARNING - ExternalTaskSensor.execute cannot be called outside TaskInstance!
[2025-10-23T09:05:59.728+0000] {external_task.py:258} INFO - Poking for tasks ['export_gold_csv'] in dag ingest_kg on 2025-10-23T09:01:23.704428+00:00 ... 
[2025-10-23T09:05:59.729+0000] {logging_mixin.py:188} WARNING - /home/***/.local/lib/python3.12/site-packages/***/utils/session.py:79 DeprecationWarning: This method is deprecated and will be removed in future.
[2025-10-23T09:05:59.737+0000] {taskinstance.py:441} INFO - ::group::Post task execution logs
[2025-10-23T09:05:59.750+0000] {taskinstance.py:2865} INFO - Rescheduling task, marking task as UP_FOR_RESCHEDULE
[2025-10-23T09:05:59.786+0000] {local_task_job_runner.py:243} INFO - Task exited with return code 0
[2025-10-23T09:05:59.804+0000] {taskinstance.py:3503} INFO - 0 downstream tasks scheduled from follow-on schedule check
[2025-10-23T09:05:59.805+0000] {local_task_job_runner.py:222} INFO - ::endgroup::
[2025-10-23T09:06:30.801+0000] {local_task_job_runner.py:120} INFO - ::group::Pre task execution logs
[2025-10-23T09:06:30.826+0000] {taskinstance.py:2076} INFO - Dependencies all met for dep_context=non-requeueable deps ti=<TaskInstance: load_neo4j_from_gold.wait_for_export_gold manual__2025-10-23T09:01:23.704428+00:00 [queued]>
[2025-10-23T09:06:30.830+0000] {taskinstance.py:2076} INFO - Dependencies all met for dep_context=requeueable deps ti=<TaskInstance: load_neo4j_from_gold.wait_for_export_gold manual__2025-10-23T09:01:23.704428+00:00 [queued]>
[2025-10-23T09:06:30.830+0000] {taskinstance.py:2306} INFO - Starting attempt 1 of 1
[2025-10-23T09:06:30.836+0000] {taskinstance.py:2330} INFO - Executing <Task(ExternalTaskSensor): wait_for_export_gold> on 2025-10-23 09:01:23.704428+00:00
[2025-10-23T09:06:30.842+0000] {logging_mixin.py:188} WARNING - /home/***/.local/lib/python3.12/site-packages/***/task/task_runner/standard_task_runner.py:62 DeprecationWarning: This process (pid=1865) is multi-threaded, use of fork() may lead to deadlocks in the child.
[2025-10-23T09:06:30.841+0000] {standard_task_runner.py:90} INFO - Running: ['***', 'tasks', 'run', 'load_neo4j_from_gold', 'wait_for_export_gold', 'manual__2025-10-23T09:01:23.704428+00:00', '--job-id', '102', '--raw', '--subdir', 'DAGS_FOLDER/load_neo4j_from_gold.py', '--cfg-path', '/tmp/tmpakg0pbsz']
[2025-10-23T09:06:30.843+0000] {standard_task_runner.py:91} INFO - Job 102: Subtask wait_for_export_gold
[2025-10-23T09:06:30.843+0000] {standard_task_runner.py:64} INFO - Started process 1866 to run task
[2025-10-23T09:06:30.896+0000] {task_command.py:426} INFO - Running <TaskInstance: load_neo4j_from_gold.wait_for_export_gold manual__2025-10-23T09:01:23.704428+00:00 [running]> on host c48d41bd1c66
[2025-10-23T09:06:30.949+0000] {taskinstance.py:2648} INFO - Exporting env vars: AIRFLOW_CTX_DAG_OWNER='***' AIRFLOW_CTX_DAG_ID='load_neo4j_from_gold' AIRFLOW_CTX_TASK_ID='wait_for_export_gold' AIRFLOW_CTX_EXECUTION_DATE='2025-10-23T09:01:23.704428+00:00' AIRFLOW_CTX_TRY_NUMBER='1' AIRFLOW_CTX_DAG_RUN_ID='manual__2025-10-23T09:01:23.704428+00:00'
[2025-10-23T09:06:30.949+0000] {taskinstance.py:430} INFO - ::endgroup::
[2025-10-23T09:06:30.958+0000] {baseoperator.py:400} WARNING - ExternalTaskSensor.execute cannot be called outside TaskInstance!
[2025-10-23T09:06:30.964+0000] {external_task.py:258} INFO - Poking for tasks ['export_gold_csv'] in dag ingest_kg on 2025-10-23T09:01:23.704428+00:00 ... 
[2025-10-23T09:06:30.965+0000] {logging_mixin.py:188} WARNING - /home/***/.local/lib/python3.12/site-packages/***/utils/session.py:79 DeprecationWarning: This method is deprecated and will be removed in future.
[2025-10-23T09:06:30.973+0000] {taskinstance.py:441} INFO - ::group::Post task execution logs
[2025-10-23T09:06:30.983+0000] {taskinstance.py:2865} INFO - Rescheduling task, marking task as UP_FOR_RESCHEDULE
[2025-10-23T09:06:31.025+0000] {local_task_job_runner.py:243} INFO - Task exited with return code 0
[2025-10-23T09:06:31.040+0000] {taskinstance.py:3503} INFO - 0 downstream tasks scheduled from follow-on schedule check
[2025-10-23T09:06:31.041+0000] {local_task_job_runner.py:222} INFO - ::endgroup::
[2025-10-23T09:07:01.323+0000] {local_task_job_runner.py:120} INFO - ::group::Pre task execution logs
[2025-10-23T09:07:01.348+0000] {taskinstance.py:2076} INFO - Dependencies all met for dep_context=non-requeueable deps ti=<TaskInstance: load_neo4j_from_gold.wait_for_export_gold manual__2025-10-23T09:01:23.704428+00:00 [queued]>
[2025-10-23T09:07:01.353+0000] {taskinstance.py:2076} INFO - Dependencies all met for dep_context=requeueable deps ti=<TaskInstance: load_neo4j_from_gold.wait_for_export_gold manual__2025-10-23T09:01:23.704428+00:00 [queued]>
[2025-10-23T09:07:01.353+0000] {taskinstance.py:2306} INFO - Starting attempt 1 of 1
[2025-10-23T09:07:01.360+0000] {taskinstance.py:2330} INFO - Executing <Task(ExternalTaskSensor): wait_for_export_gold> on 2025-10-23 09:01:23.704428+00:00
[2025-10-23T09:07:01.365+0000] {logging_mixin.py:188} WARNING - /home/***/.local/lib/python3.12/site-packages/***/task/task_runner/standard_task_runner.py:62 DeprecationWarning: This process (pid=1986) is multi-threaded, use of fork() may lead to deadlocks in the child.
[2025-10-23T09:07:01.365+0000] {standard_task_runner.py:90} INFO - Running: ['***', 'tasks', 'run', 'load_neo4j_from_gold', 'wait_for_export_gold', 'manual__2025-10-23T09:01:23.704428+00:00', '--job-id', '114', '--raw', '--subdir', 'DAGS_FOLDER/load_neo4j_from_gold.py', '--cfg-path', '/tmp/tmpnsuvkef4']
[2025-10-23T09:07:01.369+0000] {standard_task_runner.py:91} INFO - Job 114: Subtask wait_for_export_gold
[2025-10-23T09:07:01.369+0000] {standard_task_runner.py:64} INFO - Started process 1989 to run task
[2025-10-23T09:07:01.428+0000] {task_command.py:426} INFO - Running <TaskInstance: load_neo4j_from_gold.wait_for_export_gold manual__2025-10-23T09:01:23.704428+00:00 [running]> on host c48d41bd1c66
[2025-10-23T09:07:01.558+0000] {taskinstance.py:2648} INFO - Exporting env vars: AIRFLOW_CTX_DAG_OWNER='***' AIRFLOW_CTX_DAG_ID='load_neo4j_from_gold' AIRFLOW_CTX_TASK_ID='wait_for_export_gold' AIRFLOW_CTX_EXECUTION_DATE='2025-10-23T09:01:23.704428+00:00' AIRFLOW_CTX_TRY_NUMBER='1' AIRFLOW_CTX_DAG_RUN_ID='manual__2025-10-23T09:01:23.704428+00:00'
[2025-10-23T09:07:01.558+0000] {taskinstance.py:430} INFO - ::endgroup::
[2025-10-23T09:07:01.573+0000] {baseoperator.py:400} WARNING - ExternalTaskSensor.execute cannot be called outside TaskInstance!
[2025-10-23T09:07:01.586+0000] {external_task.py:258} INFO - Poking for tasks ['export_gold_csv'] in dag ingest_kg on 2025-10-23T09:01:23.704428+00:00 ... 
[2025-10-23T09:07:01.587+0000] {logging_mixin.py:188} WARNING - /home/***/.local/lib/python3.12/site-packages/***/utils/session.py:79 DeprecationWarning: This method is deprecated and will be removed in future.
[2025-10-23T09:07:01.600+0000] {taskinstance.py:441} INFO - ::group::Post task execution logs
[2025-10-23T09:07:01.616+0000] {taskinstance.py:2865} INFO - Rescheduling task, marking task as UP_FOR_RESCHEDULE
[2025-10-23T09:07:01.632+0000] {local_task_job_runner.py:243} INFO - Task exited with return code 0
[2025-10-23T09:07:01.658+0000] {taskinstance.py:3503} INFO - 0 downstream tasks scheduled from follow-on schedule check
[2025-10-23T09:07:01.659+0000] {local_task_job_runner.py:222} INFO - ::endgroup::
[2025-10-23T09:07:32.803+0000] {local_task_job_runner.py:120} INFO - ::group::Pre task execution logs
[2025-10-23T09:07:32.823+0000] {taskinstance.py:2076} INFO - Dependencies all met for dep_context=non-requeueable deps ti=<TaskInstance: load_neo4j_from_gold.wait_for_export_gold manual__2025-10-23T09:01:23.704428+00:00 [queued]>
[2025-10-23T09:07:32.826+0000] {taskinstance.py:2076} INFO - Dependencies all met for dep_context=requeueable deps ti=<TaskInstance: load_neo4j_from_gold.wait_for_export_gold manual__2025-10-23T09:01:23.704428+00:00 [queued]>
[2025-10-23T09:07:32.826+0000] {taskinstance.py:2306} INFO - Starting attempt 1 of 1
[2025-10-23T09:07:32.832+0000] {taskinstance.py:2330} INFO - Executing <Task(ExternalTaskSensor): wait_for_export_gold> on 2025-10-23 09:01:23.704428+00:00
[2025-10-23T09:07:32.837+0000] {logging_mixin.py:188} WARNING - /home/***/.local/lib/python3.12/site-packages/***/task/task_runner/standard_task_runner.py:62 DeprecationWarning: This process (pid=2229) is multi-threaded, use of fork() may lead to deadlocks in the child.
[2025-10-23T09:07:32.837+0000] {standard_task_runner.py:64} INFO - Started process 2230 to run task
[2025-10-23T09:07:32.836+0000] {standard_task_runner.py:90} INFO - Running: ['***', 'tasks', 'run', 'load_neo4j_from_gold', 'wait_for_export_gold', 'manual__2025-10-23T09:01:23.704428+00:00', '--job-id', '134', '--raw', '--subdir', 'DAGS_FOLDER/load_neo4j_from_gold.py', '--cfg-path', '/tmp/tmpk21qahz0']
[2025-10-23T09:07:32.838+0000] {standard_task_runner.py:91} INFO - Job 134: Subtask wait_for_export_gold
[2025-10-23T09:07:32.872+0000] {task_command.py:426} INFO - Running <TaskInstance: load_neo4j_from_gold.wait_for_export_gold manual__2025-10-23T09:01:23.704428+00:00 [running]> on host c48d41bd1c66
[2025-10-23T09:07:32.919+0000] {taskinstance.py:2648} INFO - Exporting env vars: AIRFLOW_CTX_DAG_OWNER='***' AIRFLOW_CTX_DAG_ID='load_neo4j_from_gold' AIRFLOW_CTX_TASK_ID='wait_for_export_gold' AIRFLOW_CTX_EXECUTION_DATE='2025-10-23T09:01:23.704428+00:00' AIRFLOW_CTX_TRY_NUMBER='1' AIRFLOW_CTX_DAG_RUN_ID='manual__2025-10-23T09:01:23.704428+00:00'
[2025-10-23T09:07:32.919+0000] {taskinstance.py:430} INFO - ::endgroup::
[2025-10-23T09:07:32.928+0000] {baseoperator.py:400} WARNING - ExternalTaskSensor.execute cannot be called outside TaskInstance!
[2025-10-23T09:07:32.933+0000] {external_task.py:258} INFO - Poking for tasks ['export_gold_csv'] in dag ingest_kg on 2025-10-23T09:01:23.704428+00:00 ... 
[2025-10-23T09:07:32.934+0000] {logging_mixin.py:188} WARNING - /home/***/.local/lib/python3.12/site-packages/***/utils/session.py:79 DeprecationWarning: This method is deprecated and will be removed in future.
[2025-10-23T09:07:32.942+0000] {taskinstance.py:441} INFO - ::group::Post task execution logs
[2025-10-23T09:07:32.952+0000] {taskinstance.py:2865} INFO - Rescheduling task, marking task as UP_FOR_RESCHEDULE
[2025-10-23T09:07:32.976+0000] {local_task_job_runner.py:243} INFO - Task exited with return code 0
[2025-10-23T09:07:32.997+0000] {taskinstance.py:3503} INFO - 0 downstream tasks scheduled from follow-on schedule check
[2025-10-23T09:07:32.998+0000] {local_task_job_runner.py:222} INFO - ::endgroup::
[2025-10-23T09:08:03.344+0000] {local_task_job_runner.py:120} INFO - ::group::Pre task execution logs
[2025-10-23T09:08:03.382+0000] {taskinstance.py:2076} INFO - Dependencies all met for dep_context=non-requeueable deps ti=<TaskInstance: load_neo4j_from_gold.wait_for_export_gold manual__2025-10-23T09:01:23.704428+00:00 [queued]>
[2025-10-23T09:08:03.387+0000] {taskinstance.py:2076} INFO - Dependencies all met for dep_context=requeueable deps ti=<TaskInstance: load_neo4j_from_gold.wait_for_export_gold manual__2025-10-23T09:01:23.704428+00:00 [queued]>
[2025-10-23T09:08:03.387+0000] {taskinstance.py:2306} INFO - Starting attempt 1 of 1
[2025-10-23T09:08:03.394+0000] {taskinstance.py:2330} INFO - Executing <Task(ExternalTaskSensor): wait_for_export_gold> on 2025-10-23 09:01:23.704428+00:00
[2025-10-23T09:08:03.400+0000] {logging_mixin.py:188} WARNING - /home/***/.local/lib/python3.12/site-packages/***/task/task_runner/standard_task_runner.py:62 DeprecationWarning: This process (pid=2259) is multi-threaded, use of fork() may lead to deadlocks in the child.
[2025-10-23T09:08:03.399+0000] {standard_task_runner.py:90} INFO - Running: ['***', 'tasks', 'run', 'load_neo4j_from_gold', 'wait_for_export_gold', 'manual__2025-10-23T09:01:23.704428+00:00', '--job-id', '144', '--raw', '--subdir', 'DAGS_FOLDER/load_neo4j_from_gold.py', '--cfg-path', '/tmp/tmpzmh9f5u7']
[2025-10-23T09:08:03.401+0000] {standard_task_runner.py:64} INFO - Started process 2260 to run task
[2025-10-23T09:08:03.401+0000] {standard_task_runner.py:91} INFO - Job 144: Subtask wait_for_export_gold
[2025-10-23T09:08:03.451+0000] {task_command.py:426} INFO - Running <TaskInstance: load_neo4j_from_gold.wait_for_export_gold manual__2025-10-23T09:01:23.704428+00:00 [running]> on host c48d41bd1c66
[2025-10-23T09:08:03.502+0000] {taskinstance.py:2648} INFO - Exporting env vars: AIRFLOW_CTX_DAG_OWNER='***' AIRFLOW_CTX_DAG_ID='load_neo4j_from_gold' AIRFLOW_CTX_TASK_ID='wait_for_export_gold' AIRFLOW_CTX_EXECUTION_DATE='2025-10-23T09:01:23.704428+00:00' AIRFLOW_CTX_TRY_NUMBER='1' AIRFLOW_CTX_DAG_RUN_ID='manual__2025-10-23T09:01:23.704428+00:00'
[2025-10-23T09:08:03.502+0000] {taskinstance.py:430} INFO - ::endgroup::
[2025-10-23T09:08:03.512+0000] {baseoperator.py:400} WARNING - ExternalTaskSensor.execute cannot be called outside TaskInstance!
[2025-10-23T09:08:03.518+0000] {external_task.py:258} INFO - Poking for tasks ['export_gold_csv'] in dag ingest_kg on 2025-10-23T09:01:23.704428+00:00 ... 
[2025-10-23T09:08:03.520+0000] {logging_mixin.py:188} WARNING - /home/***/.local/lib/python3.12/site-packages/***/utils/session.py:79 DeprecationWarning: This method is deprecated and will be removed in future.
[2025-10-23T09:08:03.527+0000] {taskinstance.py:441} INFO - ::group::Post task execution logs
[2025-10-23T09:08:03.538+0000] {taskinstance.py:2865} INFO - Rescheduling task, marking task as UP_FOR_RESCHEDULE
[2025-10-23T09:08:03.548+0000] {local_task_job_runner.py:243} INFO - Task exited with return code 0
[2025-10-23T09:08:03.567+0000] {taskinstance.py:3503} INFO - 0 downstream tasks scheduled from follow-on schedule check
[2025-10-23T09:08:03.567+0000] {local_task_job_runner.py:222} INFO - ::endgroup::
[2025-10-23T09:08:33.992+0000] {local_task_job_runner.py:120} INFO - ::group::Pre task execution logs
[2025-10-23T09:08:34.017+0000] {taskinstance.py:2076} INFO - Dependencies all met for dep_context=non-requeueable deps ti=<TaskInstance: load_neo4j_from_gold.wait_for_export_gold manual__2025-10-23T09:01:23.704428+00:00 [queued]>
[2025-10-23T09:08:34.022+0000] {taskinstance.py:2076} INFO - Dependencies all met for dep_context=requeueable deps ti=<TaskInstance: load_neo4j_from_gold.wait_for_export_gold manual__2025-10-23T09:01:23.704428+00:00 [queued]>
[2025-10-23T09:08:34.022+0000] {taskinstance.py:2306} INFO - Starting attempt 1 of 1
[2025-10-23T09:08:34.029+0000] {taskinstance.py:2330} INFO - Executing <Task(ExternalTaskSensor): wait_for_export_gold> on 2025-10-23 09:01:23.704428+00:00
[2025-10-23T09:08:34.050+0000] {logging_mixin.py:188} WARNING - /home/***/.local/lib/python3.12/site-packages/***/task/task_runner/standard_task_runner.py:62 DeprecationWarning: This process (pid=2289) is multi-threaded, use of fork() may lead to deadlocks in the child.
[2025-10-23T09:08:34.052+0000] {standard_task_runner.py:64} INFO - Started process 2290 to run task
[2025-10-23T09:08:34.050+0000] {standard_task_runner.py:90} INFO - Running: ['***', 'tasks', 'run', 'load_neo4j_from_gold', 'wait_for_export_gold', 'manual__2025-10-23T09:01:23.704428+00:00', '--job-id', '154', '--raw', '--subdir', 'DAGS_FOLDER/load_neo4j_from_gold.py', '--cfg-path', '/tmp/tmphe47_8ml']
[2025-10-23T09:08:34.053+0000] {standard_task_runner.py:91} INFO - Job 154: Subtask wait_for_export_gold
[2025-10-23T09:08:34.094+0000] {task_command.py:426} INFO - Running <TaskInstance: load_neo4j_from_gold.wait_for_export_gold manual__2025-10-23T09:01:23.704428+00:00 [running]> on host c48d41bd1c66
[2025-10-23T09:08:34.146+0000] {taskinstance.py:2648} INFO - Exporting env vars: AIRFLOW_CTX_DAG_OWNER='***' AIRFLOW_CTX_DAG_ID='load_neo4j_from_gold' AIRFLOW_CTX_TASK_ID='wait_for_export_gold' AIRFLOW_CTX_EXECUTION_DATE='2025-10-23T09:01:23.704428+00:00' AIRFLOW_CTX_TRY_NUMBER='1' AIRFLOW_CTX_DAG_RUN_ID='manual__2025-10-23T09:01:23.704428+00:00'
[2025-10-23T09:08:34.147+0000] {taskinstance.py:430} INFO - ::endgroup::
[2025-10-23T09:08:34.155+0000] {baseoperator.py:400} WARNING - ExternalTaskSensor.execute cannot be called outside TaskInstance!
[2025-10-23T09:08:34.161+0000] {external_task.py:258} INFO - Poking for tasks ['export_gold_csv'] in dag ingest_kg on 2025-10-23T09:01:23.704428+00:00 ... 
[2025-10-23T09:08:34.164+0000] {logging_mixin.py:188} WARNING - /home/***/.local/lib/python3.12/site-packages/***/utils/session.py:79 DeprecationWarning: This method is deprecated and will be removed in future.
[2025-10-23T09:08:34.171+0000] {taskinstance.py:441} INFO - ::group::Post task execution logs
[2025-10-23T09:08:34.182+0000] {taskinstance.py:2865} INFO - Rescheduling task, marking task as UP_FOR_RESCHEDULE
[2025-10-23T09:08:34.193+0000] {local_task_job_runner.py:243} INFO - Task exited with return code 0
[2025-10-23T09:08:34.207+0000] {taskinstance.py:3503} INFO - 0 downstream tasks scheduled from follow-on schedule check
[2025-10-23T09:08:34.208+0000] {local_task_job_runner.py:222} INFO - ::endgroup::
[2025-10-23T09:09:05.296+0000] {local_task_job_runner.py:120} INFO - ::group::Pre task execution logs
[2025-10-23T09:09:05.317+0000] {taskinstance.py:2076} INFO - Dependencies all met for dep_context=non-requeueable deps ti=<TaskInstance: load_neo4j_from_gold.wait_for_export_gold manual__2025-10-23T09:01:23.704428+00:00 [queued]>
[2025-10-23T09:09:05.320+0000] {taskinstance.py:2076} INFO - Dependencies all met for dep_context=requeueable deps ti=<TaskInstance: load_neo4j_from_gold.wait_for_export_gold manual__2025-10-23T09:01:23.704428+00:00 [queued]>
[2025-10-23T09:09:05.320+0000] {taskinstance.py:2306} INFO - Starting attempt 1 of 1
[2025-10-23T09:09:05.327+0000] {taskinstance.py:2330} INFO - Executing <Task(ExternalTaskSensor): wait_for_export_gold> on 2025-10-23 09:01:23.704428+00:00
[2025-10-23T09:09:05.331+0000] {logging_mixin.py:188} WARNING - /home/***/.local/lib/python3.12/site-packages/***/task/task_runner/standard_task_runner.py:62 DeprecationWarning: This process (pid=2319) is multi-threaded, use of fork() may lead to deadlocks in the child.
[2025-10-23T09:09:05.332+0000] {standard_task_runner.py:64} INFO - Started process 2320 to run task
[2025-10-23T09:09:05.331+0000] {standard_task_runner.py:90} INFO - Running: ['***', 'tasks', 'run', 'load_neo4j_from_gold', 'wait_for_export_gold', 'manual__2025-10-23T09:01:23.704428+00:00', '--job-id', '164', '--raw', '--subdir', 'DAGS_FOLDER/load_neo4j_from_gold.py', '--cfg-path', '/tmp/tmpn_ych2lt']
[2025-10-23T09:09:05.333+0000] {standard_task_runner.py:91} INFO - Job 164: Subtask wait_for_export_gold
[2025-10-23T09:09:05.360+0000] {task_command.py:426} INFO - Running <TaskInstance: load_neo4j_from_gold.wait_for_export_gold manual__2025-10-23T09:01:23.704428+00:00 [running]> on host c48d41bd1c66
[2025-10-23T09:09:05.401+0000] {taskinstance.py:2648} INFO - Exporting env vars: AIRFLOW_CTX_DAG_OWNER='***' AIRFLOW_CTX_DAG_ID='load_neo4j_from_gold' AIRFLOW_CTX_TASK_ID='wait_for_export_gold' AIRFLOW_CTX_EXECUTION_DATE='2025-10-23T09:01:23.704428+00:00' AIRFLOW_CTX_TRY_NUMBER='1' AIRFLOW_CTX_DAG_RUN_ID='manual__2025-10-23T09:01:23.704428+00:00'
[2025-10-23T09:09:05.402+0000] {taskinstance.py:430} INFO - ::endgroup::
[2025-10-23T09:09:05.409+0000] {baseoperator.py:400} WARNING - ExternalTaskSensor.execute cannot be called outside TaskInstance!
[2025-10-23T09:09:05.414+0000] {external_task.py:258} INFO - Poking for tasks ['export_gold_csv'] in dag ingest_kg on 2025-10-23T09:01:23.704428+00:00 ... 
[2025-10-23T09:09:05.415+0000] {logging_mixin.py:188} WARNING - /home/***/.local/lib/python3.12/site-packages/***/utils/session.py:79 DeprecationWarning: This method is deprecated and will be removed in future.
[2025-10-23T09:09:05.422+0000] {taskinstance.py:441} INFO - ::group::Post task execution logs
[2025-10-23T09:09:05.432+0000] {taskinstance.py:2865} INFO - Rescheduling task, marking task as UP_FOR_RESCHEDULE
[2025-10-23T09:09:05.473+0000] {local_task_job_runner.py:243} INFO - Task exited with return code 0
[2025-10-23T09:09:05.486+0000] {taskinstance.py:3503} INFO - 0 downstream tasks scheduled from follow-on schedule check
[2025-10-23T09:09:05.487+0000] {local_task_job_runner.py:222} INFO - ::endgroup::
[2025-10-23T09:09:35.806+0000] {local_task_job_runner.py:120} INFO - ::group::Pre task execution logs
[2025-10-23T09:09:35.824+0000] {taskinstance.py:2076} INFO - Dependencies all met for dep_context=non-requeueable deps ti=<TaskInstance: load_neo4j_from_gold.wait_for_export_gold manual__2025-10-23T09:01:23.704428+00:00 [queued]>
[2025-10-23T09:09:35.828+0000] {taskinstance.py:2076} INFO - Dependencies all met for dep_context=requeueable deps ti=<TaskInstance: load_neo4j_from_gold.wait_for_export_gold manual__2025-10-23T09:01:23.704428+00:00 [queued]>
[2025-10-23T09:09:35.828+0000] {taskinstance.py:2306} INFO - Starting attempt 1 of 1
[2025-10-23T09:09:35.834+0000] {taskinstance.py:2330} INFO - Executing <Task(ExternalTaskSensor): wait_for_export_gold> on 2025-10-23 09:01:23.704428+00:00
[2025-10-23T09:09:35.838+0000] {logging_mixin.py:188} WARNING - /home/***/.local/lib/python3.12/site-packages/***/task/task_runner/standard_task_runner.py:62 DeprecationWarning: This process (pid=2349) is multi-threaded, use of fork() may lead to deadlocks in the child.
[2025-10-23T09:09:35.839+0000] {standard_task_runner.py:64} INFO - Started process 2350 to run task
[2025-10-23T09:09:35.838+0000] {standard_task_runner.py:90} INFO - Running: ['***', 'tasks', 'run', 'load_neo4j_from_gold', 'wait_for_export_gold', 'manual__2025-10-23T09:01:23.704428+00:00', '--job-id', '174', '--raw', '--subdir', 'DAGS_FOLDER/load_neo4j_from_gold.py', '--cfg-path', '/tmp/tmp8_fzba6n']
[2025-10-23T09:09:35.839+0000] {standard_task_runner.py:91} INFO - Job 174: Subtask wait_for_export_gold
[2025-10-23T09:09:35.878+0000] {task_command.py:426} INFO - Running <TaskInstance: load_neo4j_from_gold.wait_for_export_gold manual__2025-10-23T09:01:23.704428+00:00 [running]> on host c48d41bd1c66
[2025-10-23T09:09:35.920+0000] {taskinstance.py:2648} INFO - Exporting env vars: AIRFLOW_CTX_DAG_OWNER='***' AIRFLOW_CTX_DAG_ID='load_neo4j_from_gold' AIRFLOW_CTX_TASK_ID='wait_for_export_gold' AIRFLOW_CTX_EXECUTION_DATE='2025-10-23T09:01:23.704428+00:00' AIRFLOW_CTX_TRY_NUMBER='1' AIRFLOW_CTX_DAG_RUN_ID='manual__2025-10-23T09:01:23.704428+00:00'
[2025-10-23T09:09:35.921+0000] {taskinstance.py:430} INFO - ::endgroup::
[2025-10-23T09:09:35.928+0000] {baseoperator.py:400} WARNING - ExternalTaskSensor.execute cannot be called outside TaskInstance!
[2025-10-23T09:09:35.932+0000] {external_task.py:258} INFO - Poking for tasks ['export_gold_csv'] in dag ingest_kg on 2025-10-23T09:01:23.704428+00:00 ... 
[2025-10-23T09:09:35.934+0000] {logging_mixin.py:188} WARNING - /home/***/.local/lib/python3.12/site-packages/***/utils/session.py:79 DeprecationWarning: This method is deprecated and will be removed in future.
[2025-10-23T09:09:35.940+0000] {taskinstance.py:441} INFO - ::group::Post task execution logs
[2025-10-23T09:09:35.949+0000] {taskinstance.py:2865} INFO - Rescheduling task, marking task as UP_FOR_RESCHEDULE
[2025-10-23T09:09:35.978+0000] {local_task_job_runner.py:243} INFO - Task exited with return code 0
[2025-10-23T09:09:35.991+0000] {taskinstance.py:3503} INFO - 0 downstream tasks scheduled from follow-on schedule check
[2025-10-23T09:09:35.992+0000] {local_task_job_runner.py:222} INFO - ::endgroup::
[2025-10-23T09:10:06.410+0000] {local_task_job_runner.py:120} INFO - ::group::Pre task execution logs
[2025-10-23T09:10:06.440+0000] {taskinstance.py:2076} INFO - Dependencies all met for dep_context=non-requeueable deps ti=<TaskInstance: load_neo4j_from_gold.wait_for_export_gold manual__2025-10-23T09:01:23.704428+00:00 [queued]>
[2025-10-23T09:10:06.444+0000] {taskinstance.py:2076} INFO - Dependencies all met for dep_context=requeueable deps ti=<TaskInstance: load_neo4j_from_gold.wait_for_export_gold manual__2025-10-23T09:01:23.704428+00:00 [queued]>
[2025-10-23T09:10:06.445+0000] {taskinstance.py:2306} INFO - Starting attempt 1 of 1
[2025-10-23T09:10:06.451+0000] {taskinstance.py:2330} INFO - Executing <Task(ExternalTaskSensor): wait_for_export_gold> on 2025-10-23 09:01:23.704428+00:00
[2025-10-23T09:10:06.457+0000] {logging_mixin.py:188} WARNING - /home/***/.local/lib/python3.12/site-packages/***/task/task_runner/standard_task_runner.py:62 DeprecationWarning: This process (pid=2379) is multi-threaded, use of fork() may lead to deadlocks in the child.
[2025-10-23T09:10:06.458+0000] {standard_task_runner.py:64} INFO - Started process 2380 to run task
[2025-10-23T09:10:06.457+0000] {standard_task_runner.py:90} INFO - Running: ['***', 'tasks', 'run', 'load_neo4j_from_gold', 'wait_for_export_gold', 'manual__2025-10-23T09:01:23.704428+00:00', '--job-id', '184', '--raw', '--subdir', 'DAGS_FOLDER/load_neo4j_from_gold.py', '--cfg-path', '/tmp/tmp743jkaje']
[2025-10-23T09:10:06.460+0000] {standard_task_runner.py:91} INFO - Job 184: Subtask wait_for_export_gold
[2025-10-23T09:10:06.512+0000] {task_command.py:426} INFO - Running <TaskInstance: load_neo4j_from_gold.wait_for_export_gold manual__2025-10-23T09:01:23.704428+00:00 [running]> on host c48d41bd1c66
[2025-10-23T09:10:06.576+0000] {taskinstance.py:2648} INFO - Exporting env vars: AIRFLOW_CTX_DAG_OWNER='***' AIRFLOW_CTX_DAG_ID='load_neo4j_from_gold' AIRFLOW_CTX_TASK_ID='wait_for_export_gold' AIRFLOW_CTX_EXECUTION_DATE='2025-10-23T09:01:23.704428+00:00' AIRFLOW_CTX_TRY_NUMBER='1' AIRFLOW_CTX_DAG_RUN_ID='manual__2025-10-23T09:01:23.704428+00:00'
[2025-10-23T09:10:06.577+0000] {taskinstance.py:430} INFO - ::endgroup::
[2025-10-23T09:10:06.585+0000] {baseoperator.py:400} WARNING - ExternalTaskSensor.execute cannot be called outside TaskInstance!
[2025-10-23T09:10:06.591+0000] {external_task.py:258} INFO - Poking for tasks ['export_gold_csv'] in dag ingest_kg on 2025-10-23T09:01:23.704428+00:00 ... 
[2025-10-23T09:10:06.593+0000] {logging_mixin.py:188} WARNING - /home/***/.local/lib/python3.12/site-packages/***/utils/session.py:79 DeprecationWarning: This method is deprecated and will be removed in future.
[2025-10-23T09:10:06.600+0000] {taskinstance.py:441} INFO - ::group::Post task execution logs
[2025-10-23T09:10:06.612+0000] {taskinstance.py:2865} INFO - Rescheduling task, marking task as UP_FOR_RESCHEDULE
[2025-10-23T09:10:06.640+0000] {local_task_job_runner.py:243} INFO - Task exited with return code 0
[2025-10-23T09:10:06.653+0000] {taskinstance.py:3503} INFO - 0 downstream tasks scheduled from follow-on schedule check
[2025-10-23T09:10:06.653+0000] {local_task_job_runner.py:222} INFO - ::endgroup::
[2025-10-23T09:10:36.817+0000] {local_task_job_runner.py:120} INFO - ::group::Pre task execution logs
[2025-10-23T09:10:36.833+0000] {taskinstance.py:2076} INFO - Dependencies all met for dep_context=non-requeueable deps ti=<TaskInstance: load_neo4j_from_gold.wait_for_export_gold manual__2025-10-23T09:01:23.704428+00:00 [queued]>
[2025-10-23T09:10:36.836+0000] {taskinstance.py:2076} INFO - Dependencies all met for dep_context=requeueable deps ti=<TaskInstance: load_neo4j_from_gold.wait_for_export_gold manual__2025-10-23T09:01:23.704428+00:00 [queued]>
[2025-10-23T09:10:36.837+0000] {taskinstance.py:2306} INFO - Starting attempt 1 of 1
[2025-10-23T09:10:36.843+0000] {taskinstance.py:2330} INFO - Executing <Task(ExternalTaskSensor): wait_for_export_gold> on 2025-10-23 09:01:23.704428+00:00
[2025-10-23T09:10:36.847+0000] {logging_mixin.py:188} WARNING - /home/***/.local/lib/python3.12/site-packages/***/task/task_runner/standard_task_runner.py:62 DeprecationWarning: This process (pid=2409) is multi-threaded, use of fork() may lead to deadlocks in the child.
[2025-10-23T09:10:36.847+0000] {standard_task_runner.py:64} INFO - Started process 2410 to run task
[2025-10-23T09:10:36.847+0000] {standard_task_runner.py:90} INFO - Running: ['***', 'tasks', 'run', 'load_neo4j_from_gold', 'wait_for_export_gold', 'manual__2025-10-23T09:01:23.704428+00:00', '--job-id', '194', '--raw', '--subdir', 'DAGS_FOLDER/load_neo4j_from_gold.py', '--cfg-path', '/tmp/tmpvv66aeyy']
[2025-10-23T09:10:36.849+0000] {standard_task_runner.py:91} INFO - Job 194: Subtask wait_for_export_gold
[2025-10-23T09:10:36.895+0000] {task_command.py:426} INFO - Running <TaskInstance: load_neo4j_from_gold.wait_for_export_gold manual__2025-10-23T09:01:23.704428+00:00 [running]> on host c48d41bd1c66
[2025-10-23T09:10:36.959+0000] {taskinstance.py:2648} INFO - Exporting env vars: AIRFLOW_CTX_DAG_OWNER='***' AIRFLOW_CTX_DAG_ID='load_neo4j_from_gold' AIRFLOW_CTX_TASK_ID='wait_for_export_gold' AIRFLOW_CTX_EXECUTION_DATE='2025-10-23T09:01:23.704428+00:00' AIRFLOW_CTX_TRY_NUMBER='1' AIRFLOW_CTX_DAG_RUN_ID='manual__2025-10-23T09:01:23.704428+00:00'
[2025-10-23T09:10:36.960+0000] {taskinstance.py:430} INFO - ::endgroup::
[2025-10-23T09:10:36.967+0000] {baseoperator.py:400} WARNING - ExternalTaskSensor.execute cannot be called outside TaskInstance!
[2025-10-23T09:10:36.975+0000] {external_task.py:258} INFO - Poking for tasks ['export_gold_csv'] in dag ingest_kg on 2025-10-23T09:01:23.704428+00:00 ... 
[2025-10-23T09:10:36.976+0000] {logging_mixin.py:188} WARNING - /home/***/.local/lib/python3.12/site-packages/***/utils/session.py:79 DeprecationWarning: This method is deprecated and will be removed in future.
[2025-10-23T09:10:36.985+0000] {taskinstance.py:441} INFO - ::group::Post task execution logs
[2025-10-23T09:10:36.996+0000] {taskinstance.py:2865} INFO - Rescheduling task, marking task as UP_FOR_RESCHEDULE
[2025-10-23T09:10:37.027+0000] {local_task_job_runner.py:243} INFO - Task exited with return code 0
[2025-10-23T09:10:37.041+0000] {taskinstance.py:3503} INFO - 0 downstream tasks scheduled from follow-on schedule check
[2025-10-23T09:10:37.041+0000] {local_task_job_runner.py:222} INFO - ::endgroup::
[2025-10-23T09:11:07.122+0000] {local_task_job_runner.py:120} INFO - ::group::Pre task execution logs
[2025-10-23T09:11:07.138+0000] {taskinstance.py:2076} INFO - Dependencies all met for dep_context=non-requeueable deps ti=<TaskInstance: load_neo4j_from_gold.wait_for_export_gold manual__2025-10-23T09:01:23.704428+00:00 [queued]>
[2025-10-23T09:11:07.141+0000] {taskinstance.py:2076} INFO - Dependencies all met for dep_context=requeueable deps ti=<TaskInstance: load_neo4j_from_gold.wait_for_export_gold manual__2025-10-23T09:01:23.704428+00:00 [queued]>
[2025-10-23T09:11:07.141+0000] {taskinstance.py:2306} INFO - Starting attempt 1 of 1
[2025-10-23T09:11:07.147+0000] {taskinstance.py:2330} INFO - Executing <Task(ExternalTaskSensor): wait_for_export_gold> on 2025-10-23 09:01:23.704428+00:00
[2025-10-23T09:11:07.151+0000] {logging_mixin.py:188} WARNING - /home/***/.local/lib/python3.12/site-packages/***/task/task_runner/standard_task_runner.py:62 DeprecationWarning: This process (pid=2439) is multi-threaded, use of fork() may lead to deadlocks in the child.
[2025-10-23T09:11:07.152+0000] {standard_task_runner.py:64} INFO - Started process 2440 to run task
[2025-10-23T09:11:07.151+0000] {standard_task_runner.py:90} INFO - Running: ['***', 'tasks', 'run', 'load_neo4j_from_gold', 'wait_for_export_gold', 'manual__2025-10-23T09:01:23.704428+00:00', '--job-id', '204', '--raw', '--subdir', 'DAGS_FOLDER/load_neo4j_from_gold.py', '--cfg-path', '/tmp/tmpbl82s5v6']
[2025-10-23T09:11:07.153+0000] {standard_task_runner.py:91} INFO - Job 204: Subtask wait_for_export_gold
[2025-10-23T09:11:07.179+0000] {task_command.py:426} INFO - Running <TaskInstance: load_neo4j_from_gold.wait_for_export_gold manual__2025-10-23T09:01:23.704428+00:00 [running]> on host c48d41bd1c66
[2025-10-23T09:11:07.218+0000] {taskinstance.py:2648} INFO - Exporting env vars: AIRFLOW_CTX_DAG_OWNER='***' AIRFLOW_CTX_DAG_ID='load_neo4j_from_gold' AIRFLOW_CTX_TASK_ID='wait_for_export_gold' AIRFLOW_CTX_EXECUTION_DATE='2025-10-23T09:01:23.704428+00:00' AIRFLOW_CTX_TRY_NUMBER='1' AIRFLOW_CTX_DAG_RUN_ID='manual__2025-10-23T09:01:23.704428+00:00'
[2025-10-23T09:11:07.219+0000] {taskinstance.py:430} INFO - ::endgroup::
[2025-10-23T09:11:07.225+0000] {baseoperator.py:400} WARNING - ExternalTaskSensor.execute cannot be called outside TaskInstance!
[2025-10-23T09:11:07.230+0000] {external_task.py:258} INFO - Poking for tasks ['export_gold_csv'] in dag ingest_kg on 2025-10-23T09:01:23.704428+00:00 ... 
[2025-10-23T09:11:07.232+0000] {logging_mixin.py:188} WARNING - /home/***/.local/lib/python3.12/site-packages/***/utils/session.py:79 DeprecationWarning: This method is deprecated and will be removed in future.
[2025-10-23T09:11:07.239+0000] {taskinstance.py:441} INFO - ::group::Post task execution logs
[2025-10-23T09:11:07.249+0000] {taskinstance.py:2865} INFO - Rescheduling task, marking task as UP_FOR_RESCHEDULE
[2025-10-23T09:11:07.291+0000] {local_task_job_runner.py:243} INFO - Task exited with return code 0
[2025-10-23T09:11:07.305+0000] {taskinstance.py:3503} INFO - 0 downstream tasks scheduled from follow-on schedule check
[2025-10-23T09:11:07.306+0000] {local_task_job_runner.py:222} INFO - ::endgroup::
[2025-10-23T09:11:37.659+0000] {local_task_job_runner.py:120} INFO - ::group::Pre task execution logs
[2025-10-23T09:11:37.679+0000] {taskinstance.py:2076} INFO - Dependencies all met for dep_context=non-requeueable deps ti=<TaskInstance: load_neo4j_from_gold.wait_for_export_gold manual__2025-10-23T09:01:23.704428+00:00 [queued]>
[2025-10-23T09:11:37.684+0000] {taskinstance.py:2076} INFO - Dependencies all met for dep_context=requeueable deps ti=<TaskInstance: load_neo4j_from_gold.wait_for_export_gold manual__2025-10-23T09:01:23.704428+00:00 [queued]>
[2025-10-23T09:11:37.684+0000] {taskinstance.py:2306} INFO - Starting attempt 1 of 1
[2025-10-23T09:11:37.691+0000] {taskinstance.py:2330} INFO - Executing <Task(ExternalTaskSensor): wait_for_export_gold> on 2025-10-23 09:01:23.704428+00:00
[2025-10-23T09:11:37.697+0000] {logging_mixin.py:188} WARNING - /home/***/.local/lib/python3.12/site-packages/***/task/task_runner/standard_task_runner.py:62 DeprecationWarning: This process (pid=2469) is multi-threaded, use of fork() may lead to deadlocks in the child.
[2025-10-23T09:11:37.698+0000] {standard_task_runner.py:64} INFO - Started process 2470 to run task
[2025-10-23T09:11:37.697+0000] {standard_task_runner.py:90} INFO - Running: ['***', 'tasks', 'run', 'load_neo4j_from_gold', 'wait_for_export_gold', 'manual__2025-10-23T09:01:23.704428+00:00', '--job-id', '214', '--raw', '--subdir', 'DAGS_FOLDER/load_neo4j_from_gold.py', '--cfg-path', '/tmp/tmpqg5imcqj']
[2025-10-23T09:11:37.699+0000] {standard_task_runner.py:91} INFO - Job 214: Subtask wait_for_export_gold
[2025-10-23T09:11:37.729+0000] {task_command.py:426} INFO - Running <TaskInstance: load_neo4j_from_gold.wait_for_export_gold manual__2025-10-23T09:01:23.704428+00:00 [running]> on host c48d41bd1c66
[2025-10-23T09:11:37.770+0000] {taskinstance.py:2648} INFO - Exporting env vars: AIRFLOW_CTX_DAG_OWNER='***' AIRFLOW_CTX_DAG_ID='load_neo4j_from_gold' AIRFLOW_CTX_TASK_ID='wait_for_export_gold' AIRFLOW_CTX_EXECUTION_DATE='2025-10-23T09:01:23.704428+00:00' AIRFLOW_CTX_TRY_NUMBER='1' AIRFLOW_CTX_DAG_RUN_ID='manual__2025-10-23T09:01:23.704428+00:00'
[2025-10-23T09:11:37.771+0000] {taskinstance.py:430} INFO - ::endgroup::
[2025-10-23T09:11:37.778+0000] {baseoperator.py:400} WARNING - ExternalTaskSensor.execute cannot be called outside TaskInstance!
[2025-10-23T09:11:37.783+0000] {external_task.py:258} INFO - Poking for tasks ['export_gold_csv'] in dag ingest_kg on 2025-10-23T09:01:23.704428+00:00 ... 
[2025-10-23T09:11:37.785+0000] {logging_mixin.py:188} WARNING - /home/***/.local/lib/python3.12/site-packages/***/utils/session.py:79 DeprecationWarning: This method is deprecated and will be removed in future.
[2025-10-23T09:11:37.792+0000] {taskinstance.py:441} INFO - ::group::Post task execution logs
[2025-10-23T09:11:37.803+0000] {taskinstance.py:2865} INFO - Rescheduling task, marking task as UP_FOR_RESCHEDULE
[2025-10-23T09:11:37.840+0000] {local_task_job_runner.py:243} INFO - Task exited with return code 0
[2025-10-23T09:11:37.854+0000] {taskinstance.py:3503} INFO - 0 downstream tasks scheduled from follow-on schedule check
[2025-10-23T09:11:37.854+0000] {local_task_job_runner.py:222} INFO - ::endgroup::
[2025-10-23T09:12:08.311+0000] {local_task_job_runner.py:120} INFO - ::group::Pre task execution logs
[2025-10-23T09:12:08.327+0000] {taskinstance.py:2076} INFO - Dependencies all met for dep_context=non-requeueable deps ti=<TaskInstance: load_neo4j_from_gold.wait_for_export_gold manual__2025-10-23T09:01:23.704428+00:00 [queued]>
[2025-10-23T09:12:08.330+0000] {taskinstance.py:2076} INFO - Dependencies all met for dep_context=requeueable deps ti=<TaskInstance: load_neo4j_from_gold.wait_for_export_gold manual__2025-10-23T09:01:23.704428+00:00 [queued]>
[2025-10-23T09:12:08.331+0000] {taskinstance.py:2306} INFO - Starting attempt 1 of 1
[2025-10-23T09:12:08.336+0000] {taskinstance.py:2330} INFO - Executing <Task(ExternalTaskSensor): wait_for_export_gold> on 2025-10-23 09:01:23.704428+00:00
[2025-10-23T09:12:08.340+0000] {logging_mixin.py:188} WARNING - /home/***/.local/lib/python3.12/site-packages/***/task/task_runner/standard_task_runner.py:62 DeprecationWarning: This process (pid=2499) is multi-threaded, use of fork() may lead to deadlocks in the child.
[2025-10-23T09:12:08.340+0000] {standard_task_runner.py:64} INFO - Started process 2500 to run task
[2025-10-23T09:12:08.341+0000] {standard_task_runner.py:90} INFO - Running: ['***', 'tasks', 'run', 'load_neo4j_from_gold', 'wait_for_export_gold', 'manual__2025-10-23T09:01:23.704428+00:00', '--job-id', '224', '--raw', '--subdir', 'DAGS_FOLDER/load_neo4j_from_gold.py', '--cfg-path', '/tmp/tmp_ob7nmp3']
[2025-10-23T09:12:08.342+0000] {standard_task_runner.py:91} INFO - Job 224: Subtask wait_for_export_gold
[2025-10-23T09:12:08.373+0000] {task_command.py:426} INFO - Running <TaskInstance: load_neo4j_from_gold.wait_for_export_gold manual__2025-10-23T09:01:23.704428+00:00 [running]> on host c48d41bd1c66
[2025-10-23T09:12:08.412+0000] {taskinstance.py:2648} INFO - Exporting env vars: AIRFLOW_CTX_DAG_OWNER='***' AIRFLOW_CTX_DAG_ID='load_neo4j_from_gold' AIRFLOW_CTX_TASK_ID='wait_for_export_gold' AIRFLOW_CTX_EXECUTION_DATE='2025-10-23T09:01:23.704428+00:00' AIRFLOW_CTX_TRY_NUMBER='1' AIRFLOW_CTX_DAG_RUN_ID='manual__2025-10-23T09:01:23.704428+00:00'
[2025-10-23T09:12:08.413+0000] {taskinstance.py:430} INFO - ::endgroup::
[2025-10-23T09:12:08.420+0000] {baseoperator.py:400} WARNING - ExternalTaskSensor.execute cannot be called outside TaskInstance!
[2025-10-23T09:12:08.427+0000] {external_task.py:258} INFO - Poking for tasks ['export_gold_csv'] in dag ingest_kg on 2025-10-23T09:01:23.704428+00:00 ... 
[2025-10-23T09:12:08.432+0000] {logging_mixin.py:188} WARNING - /home/***/.local/lib/python3.12/site-packages/***/utils/session.py:79 DeprecationWarning: This method is deprecated and will be removed in future.
[2025-10-23T09:12:08.446+0000] {taskinstance.py:441} INFO - ::group::Post task execution logs
[2025-10-23T09:12:08.457+0000] {taskinstance.py:2865} INFO - Rescheduling task, marking task as UP_FOR_RESCHEDULE
[2025-10-23T09:12:08.481+0000] {local_task_job_runner.py:243} INFO - Task exited with return code 0
[2025-10-23T09:12:08.494+0000] {taskinstance.py:3503} INFO - 0 downstream tasks scheduled from follow-on schedule check
[2025-10-23T09:12:08.495+0000] {local_task_job_runner.py:222} INFO - ::endgroup::
[2025-10-23T09:12:38.827+0000] {local_task_job_runner.py:120} INFO - ::group::Pre task execution logs
[2025-10-23T09:12:38.844+0000] {taskinstance.py:2076} INFO - Dependencies all met for dep_context=non-requeueable deps ti=<TaskInstance: load_neo4j_from_gold.wait_for_export_gold manual__2025-10-23T09:01:23.704428+00:00 [queued]>
[2025-10-23T09:12:38.847+0000] {taskinstance.py:2076} INFO - Dependencies all met for dep_context=requeueable deps ti=<TaskInstance: load_neo4j_from_gold.wait_for_export_gold manual__2025-10-23T09:01:23.704428+00:00 [queued]>
[2025-10-23T09:12:38.847+0000] {taskinstance.py:2306} INFO - Starting attempt 1 of 1
[2025-10-23T09:12:38.853+0000] {taskinstance.py:2330} INFO - Executing <Task(ExternalTaskSensor): wait_for_export_gold> on 2025-10-23 09:01:23.704428+00:00
[2025-10-23T09:12:38.858+0000] {logging_mixin.py:188} WARNING - /home/***/.local/lib/python3.12/site-packages/***/task/task_runner/standard_task_runner.py:62 DeprecationWarning: This process (pid=2529) is multi-threaded, use of fork() may lead to deadlocks in the child.
[2025-10-23T09:12:38.858+0000] {standard_task_runner.py:64} INFO - Started process 2530 to run task
[2025-10-23T09:12:38.857+0000] {standard_task_runner.py:90} INFO - Running: ['***', 'tasks', 'run', 'load_neo4j_from_gold', 'wait_for_export_gold', 'manual__2025-10-23T09:01:23.704428+00:00', '--job-id', '234', '--raw', '--subdir', 'DAGS_FOLDER/load_neo4j_from_gold.py', '--cfg-path', '/tmp/tmpp1r4oo9s']
[2025-10-23T09:12:38.859+0000] {standard_task_runner.py:91} INFO - Job 234: Subtask wait_for_export_gold
[2025-10-23T09:12:38.887+0000] {task_command.py:426} INFO - Running <TaskInstance: load_neo4j_from_gold.wait_for_export_gold manual__2025-10-23T09:01:23.704428+00:00 [running]> on host c48d41bd1c66
[2025-10-23T09:12:38.925+0000] {taskinstance.py:2648} INFO - Exporting env vars: AIRFLOW_CTX_DAG_OWNER='***' AIRFLOW_CTX_DAG_ID='load_neo4j_from_gold' AIRFLOW_CTX_TASK_ID='wait_for_export_gold' AIRFLOW_CTX_EXECUTION_DATE='2025-10-23T09:01:23.704428+00:00' AIRFLOW_CTX_TRY_NUMBER='1' AIRFLOW_CTX_DAG_RUN_ID='manual__2025-10-23T09:01:23.704428+00:00'
[2025-10-23T09:12:38.926+0000] {taskinstance.py:430} INFO - ::endgroup::
[2025-10-23T09:12:38.932+0000] {baseoperator.py:400} WARNING - ExternalTaskSensor.execute cannot be called outside TaskInstance!
[2025-10-23T09:12:38.937+0000] {external_task.py:258} INFO - Poking for tasks ['export_gold_csv'] in dag ingest_kg on 2025-10-23T09:01:23.704428+00:00 ... 
[2025-10-23T09:12:38.939+0000] {logging_mixin.py:188} WARNING - /home/***/.local/lib/python3.12/site-packages/***/utils/session.py:79 DeprecationWarning: This method is deprecated and will be removed in future.
[2025-10-23T09:12:38.946+0000] {taskinstance.py:441} INFO - ::group::Post task execution logs
[2025-10-23T09:12:38.965+0000] {taskinstance.py:2865} INFO - Rescheduling task, marking task as UP_FOR_RESCHEDULE
[2025-10-23T09:12:38.997+0000] {local_task_job_runner.py:243} INFO - Task exited with return code 0
[2025-10-23T09:12:39.010+0000] {taskinstance.py:3503} INFO - 0 downstream tasks scheduled from follow-on schedule check
[2025-10-23T09:12:39.010+0000] {local_task_job_runner.py:222} INFO - ::endgroup::
[2025-10-23T09:13:09.199+0000] {local_task_job_runner.py:120} INFO - ::group::Pre task execution logs
[2025-10-23T09:13:09.217+0000] {taskinstance.py:2076} INFO - Dependencies all met for dep_context=non-requeueable deps ti=<TaskInstance: load_neo4j_from_gold.wait_for_export_gold manual__2025-10-23T09:01:23.704428+00:00 [queued]>
[2025-10-23T09:13:09.221+0000] {taskinstance.py:2076} INFO - Dependencies all met for dep_context=requeueable deps ti=<TaskInstance: load_neo4j_from_gold.wait_for_export_gold manual__2025-10-23T09:01:23.704428+00:00 [queued]>
[2025-10-23T09:13:09.221+0000] {taskinstance.py:2306} INFO - Starting attempt 1 of 1
[2025-10-23T09:13:09.228+0000] {taskinstance.py:2330} INFO - Executing <Task(ExternalTaskSensor): wait_for_export_gold> on 2025-10-23 09:01:23.704428+00:00
[2025-10-23T09:13:09.233+0000] {standard_task_runner.py:90} INFO - Running: ['***', 'tasks', 'run', 'load_neo4j_from_gold', 'wait_for_export_gold', 'manual__2025-10-23T09:01:23.704428+00:00', '--job-id', '244', '--raw', '--subdir', 'DAGS_FOLDER/load_neo4j_from_gold.py', '--cfg-path', '/tmp/tmp_e8naj6n']
[2025-10-23T09:13:09.237+0000] {standard_task_runner.py:91} INFO - Job 244: Subtask wait_for_export_gold
[2025-10-23T09:13:09.238+0000] {logging_mixin.py:188} WARNING - /home/***/.local/lib/python3.12/site-packages/***/task/task_runner/standard_task_runner.py:62 DeprecationWarning: This process (pid=2559) is multi-threaded, use of fork() may lead to deadlocks in the child.
[2025-10-23T09:13:09.239+0000] {standard_task_runner.py:64} INFO - Started process 2560 to run task
[2025-10-23T09:13:09.269+0000] {task_command.py:426} INFO - Running <TaskInstance: load_neo4j_from_gold.wait_for_export_gold manual__2025-10-23T09:01:23.704428+00:00 [running]> on host c48d41bd1c66
[2025-10-23T09:13:09.308+0000] {taskinstance.py:2648} INFO - Exporting env vars: AIRFLOW_CTX_DAG_OWNER='***' AIRFLOW_CTX_DAG_ID='load_neo4j_from_gold' AIRFLOW_CTX_TASK_ID='wait_for_export_gold' AIRFLOW_CTX_EXECUTION_DATE='2025-10-23T09:01:23.704428+00:00' AIRFLOW_CTX_TRY_NUMBER='1' AIRFLOW_CTX_DAG_RUN_ID='manual__2025-10-23T09:01:23.704428+00:00'
[2025-10-23T09:13:09.309+0000] {taskinstance.py:430} INFO - ::endgroup::
[2025-10-23T09:13:09.316+0000] {baseoperator.py:400} WARNING - ExternalTaskSensor.execute cannot be called outside TaskInstance!
[2025-10-23T09:13:09.321+0000] {external_task.py:258} INFO - Poking for tasks ['export_gold_csv'] in dag ingest_kg on 2025-10-23T09:01:23.704428+00:00 ... 
[2025-10-23T09:13:09.323+0000] {logging_mixin.py:188} WARNING - /home/***/.local/lib/python3.12/site-packages/***/utils/session.py:79 DeprecationWarning: This method is deprecated and will be removed in future.
[2025-10-23T09:13:09.330+0000] {taskinstance.py:441} INFO - ::group::Post task execution logs
[2025-10-23T09:13:09.353+0000] {taskinstance.py:2865} INFO - Rescheduling task, marking task as UP_FOR_RESCHEDULE
[2025-10-23T09:13:09.379+0000] {local_task_job_runner.py:243} INFO - Task exited with return code 0
[2025-10-23T09:13:09.399+0000] {taskinstance.py:3503} INFO - 0 downstream tasks scheduled from follow-on schedule check
[2025-10-23T09:13:09.400+0000] {local_task_job_runner.py:222} INFO - ::endgroup::
[2025-10-23T09:13:39.604+0000] {local_task_job_runner.py:120} INFO - ::group::Pre task execution logs
[2025-10-23T09:13:39.620+0000] {taskinstance.py:2076} INFO - Dependencies all met for dep_context=non-requeueable deps ti=<TaskInstance: load_neo4j_from_gold.wait_for_export_gold manual__2025-10-23T09:01:23.704428+00:00 [queued]>
[2025-10-23T09:13:39.623+0000] {taskinstance.py:2076} INFO - Dependencies all met for dep_context=requeueable deps ti=<TaskInstance: load_neo4j_from_gold.wait_for_export_gold manual__2025-10-23T09:01:23.704428+00:00 [queued]>
[2025-10-23T09:13:39.623+0000] {taskinstance.py:2306} INFO - Starting attempt 1 of 1
[2025-10-23T09:13:39.629+0000] {taskinstance.py:2330} INFO - Executing <Task(ExternalTaskSensor): wait_for_export_gold> on 2025-10-23 09:01:23.704428+00:00
[2025-10-23T09:13:39.633+0000] {logging_mixin.py:188} WARNING - /home/***/.local/lib/python3.12/site-packages/***/task/task_runner/standard_task_runner.py:62 DeprecationWarning: This process (pid=2589) is multi-threaded, use of fork() may lead to deadlocks in the child.
[2025-10-23T09:13:39.634+0000] {standard_task_runner.py:64} INFO - Started process 2590 to run task
[2025-10-23T09:13:39.634+0000] {standard_task_runner.py:90} INFO - Running: ['***', 'tasks', 'run', 'load_neo4j_from_gold', 'wait_for_export_gold', 'manual__2025-10-23T09:01:23.704428+00:00', '--job-id', '254', '--raw', '--subdir', 'DAGS_FOLDER/load_neo4j_from_gold.py', '--cfg-path', '/tmp/tmpcuegi8u3']
[2025-10-23T09:13:39.635+0000] {standard_task_runner.py:91} INFO - Job 254: Subtask wait_for_export_gold
[2025-10-23T09:13:39.666+0000] {task_command.py:426} INFO - Running <TaskInstance: load_neo4j_from_gold.wait_for_export_gold manual__2025-10-23T09:01:23.704428+00:00 [running]> on host c48d41bd1c66
[2025-10-23T09:13:39.712+0000] {taskinstance.py:2648} INFO - Exporting env vars: AIRFLOW_CTX_DAG_OWNER='***' AIRFLOW_CTX_DAG_ID='load_neo4j_from_gold' AIRFLOW_CTX_TASK_ID='wait_for_export_gold' AIRFLOW_CTX_EXECUTION_DATE='2025-10-23T09:01:23.704428+00:00' AIRFLOW_CTX_TRY_NUMBER='1' AIRFLOW_CTX_DAG_RUN_ID='manual__2025-10-23T09:01:23.704428+00:00'
[2025-10-23T09:13:39.713+0000] {taskinstance.py:430} INFO - ::endgroup::
[2025-10-23T09:13:39.719+0000] {baseoperator.py:400} WARNING - ExternalTaskSensor.execute cannot be called outside TaskInstance!
[2025-10-23T09:13:39.725+0000] {external_task.py:258} INFO - Poking for tasks ['export_gold_csv'] in dag ingest_kg on 2025-10-23T09:01:23.704428+00:00 ... 
[2025-10-23T09:13:39.726+0000] {logging_mixin.py:188} WARNING - /home/***/.local/lib/python3.12/site-packages/***/utils/session.py:79 DeprecationWarning: This method is deprecated and will be removed in future.
[2025-10-23T09:13:39.733+0000] {taskinstance.py:441} INFO - ::group::Post task execution logs
[2025-10-23T09:13:39.743+0000] {taskinstance.py:2865} INFO - Rescheduling task, marking task as UP_FOR_RESCHEDULE
[2025-10-23T09:13:39.776+0000] {local_task_job_runner.py:243} INFO - Task exited with return code 0
[2025-10-23T09:13:39.789+0000] {taskinstance.py:3503} INFO - 0 downstream tasks scheduled from follow-on schedule check
[2025-10-23T09:13:39.789+0000] {local_task_job_runner.py:222} INFO - ::endgroup::
[2025-10-23T09:14:10.131+0000] {local_task_job_runner.py:120} INFO - ::group::Pre task execution logs
[2025-10-23T09:14:10.147+0000] {taskinstance.py:2076} INFO - Dependencies all met for dep_context=non-requeueable deps ti=<TaskInstance: load_neo4j_from_gold.wait_for_export_gold manual__2025-10-23T09:01:23.704428+00:00 [queued]>
[2025-10-23T09:14:10.150+0000] {taskinstance.py:2076} INFO - Dependencies all met for dep_context=requeueable deps ti=<TaskInstance: load_neo4j_from_gold.wait_for_export_gold manual__2025-10-23T09:01:23.704428+00:00 [queued]>
[2025-10-23T09:14:10.150+0000] {taskinstance.py:2306} INFO - Starting attempt 1 of 1
[2025-10-23T09:14:10.156+0000] {taskinstance.py:2330} INFO - Executing <Task(ExternalTaskSensor): wait_for_export_gold> on 2025-10-23 09:01:23.704428+00:00
[2025-10-23T09:14:10.160+0000] {logging_mixin.py:188} WARNING - /home/***/.local/lib/python3.12/site-packages/***/task/task_runner/standard_task_runner.py:62 DeprecationWarning: This process (pid=2619) is multi-threaded, use of fork() may lead to deadlocks in the child.
[2025-10-23T09:14:10.160+0000] {standard_task_runner.py:64} INFO - Started process 2620 to run task
[2025-10-23T09:14:10.159+0000] {standard_task_runner.py:90} INFO - Running: ['***', 'tasks', 'run', 'load_neo4j_from_gold', 'wait_for_export_gold', 'manual__2025-10-23T09:01:23.704428+00:00', '--job-id', '264', '--raw', '--subdir', 'DAGS_FOLDER/load_neo4j_from_gold.py', '--cfg-path', '/tmp/tmp2vppkpq2']
[2025-10-23T09:14:10.161+0000] {standard_task_runner.py:91} INFO - Job 264: Subtask wait_for_export_gold
[2025-10-23T09:14:10.186+0000] {task_command.py:426} INFO - Running <TaskInstance: load_neo4j_from_gold.wait_for_export_gold manual__2025-10-23T09:01:23.704428+00:00 [running]> on host c48d41bd1c66
[2025-10-23T09:14:10.227+0000] {taskinstance.py:2648} INFO - Exporting env vars: AIRFLOW_CTX_DAG_OWNER='***' AIRFLOW_CTX_DAG_ID='load_neo4j_from_gold' AIRFLOW_CTX_TASK_ID='wait_for_export_gold' AIRFLOW_CTX_EXECUTION_DATE='2025-10-23T09:01:23.704428+00:00' AIRFLOW_CTX_TRY_NUMBER='1' AIRFLOW_CTX_DAG_RUN_ID='manual__2025-10-23T09:01:23.704428+00:00'
[2025-10-23T09:14:10.227+0000] {taskinstance.py:430} INFO - ::endgroup::
[2025-10-23T09:14:10.234+0000] {baseoperator.py:400} WARNING - ExternalTaskSensor.execute cannot be called outside TaskInstance!
[2025-10-23T09:14:10.239+0000] {external_task.py:258} INFO - Poking for tasks ['export_gold_csv'] in dag ingest_kg on 2025-10-23T09:01:23.704428+00:00 ... 
[2025-10-23T09:14:10.241+0000] {logging_mixin.py:188} WARNING - /home/***/.local/lib/python3.12/site-packages/***/utils/session.py:79 DeprecationWarning: This method is deprecated and will be removed in future.
[2025-10-23T09:14:10.248+0000] {taskinstance.py:441} INFO - ::group::Post task execution logs
[2025-10-23T09:14:10.260+0000] {taskinstance.py:2865} INFO - Rescheduling task, marking task as UP_FOR_RESCHEDULE
[2025-10-23T09:14:10.303+0000] {local_task_job_runner.py:243} INFO - Task exited with return code 0
[2025-10-23T09:14:10.317+0000] {taskinstance.py:3503} INFO - 0 downstream tasks scheduled from follow-on schedule check
[2025-10-23T09:14:10.318+0000] {local_task_job_runner.py:222} INFO - ::endgroup::
[2025-10-23T09:14:40.598+0000] {local_task_job_runner.py:120} INFO - ::group::Pre task execution logs
[2025-10-23T09:14:40.614+0000] {taskinstance.py:2076} INFO - Dependencies all met for dep_context=non-requeueable deps ti=<TaskInstance: load_neo4j_from_gold.wait_for_export_gold manual__2025-10-23T09:01:23.704428+00:00 [queued]>
[2025-10-23T09:14:40.617+0000] {taskinstance.py:2076} INFO - Dependencies all met for dep_context=requeueable deps ti=<TaskInstance: load_neo4j_from_gold.wait_for_export_gold manual__2025-10-23T09:01:23.704428+00:00 [queued]>
[2025-10-23T09:14:40.617+0000] {taskinstance.py:2306} INFO - Starting attempt 1 of 1
[2025-10-23T09:14:40.623+0000] {taskinstance.py:2330} INFO - Executing <Task(ExternalTaskSensor): wait_for_export_gold> on 2025-10-23 09:01:23.704428+00:00
[2025-10-23T09:14:40.626+0000] {logging_mixin.py:188} WARNING - /home/***/.local/lib/python3.12/site-packages/***/task/task_runner/standard_task_runner.py:62 DeprecationWarning: This process (pid=2649) is multi-threaded, use of fork() may lead to deadlocks in the child.
[2025-10-23T09:14:40.627+0000] {standard_task_runner.py:64} INFO - Started process 2650 to run task
[2025-10-23T09:14:40.627+0000] {standard_task_runner.py:90} INFO - Running: ['***', 'tasks', 'run', 'load_neo4j_from_gold', 'wait_for_export_gold', 'manual__2025-10-23T09:01:23.704428+00:00', '--job-id', '274', '--raw', '--subdir', 'DAGS_FOLDER/load_neo4j_from_gold.py', '--cfg-path', '/tmp/tmps7wjwzow']
[2025-10-23T09:14:40.628+0000] {standard_task_runner.py:91} INFO - Job 274: Subtask wait_for_export_gold
[2025-10-23T09:14:40.654+0000] {task_command.py:426} INFO - Running <TaskInstance: load_neo4j_from_gold.wait_for_export_gold manual__2025-10-23T09:01:23.704428+00:00 [running]> on host c48d41bd1c66
[2025-10-23T09:14:40.694+0000] {taskinstance.py:2648} INFO - Exporting env vars: AIRFLOW_CTX_DAG_OWNER='***' AIRFLOW_CTX_DAG_ID='load_neo4j_from_gold' AIRFLOW_CTX_TASK_ID='wait_for_export_gold' AIRFLOW_CTX_EXECUTION_DATE='2025-10-23T09:01:23.704428+00:00' AIRFLOW_CTX_TRY_NUMBER='1' AIRFLOW_CTX_DAG_RUN_ID='manual__2025-10-23T09:01:23.704428+00:00'
[2025-10-23T09:14:40.695+0000] {taskinstance.py:430} INFO - ::endgroup::
[2025-10-23T09:14:40.701+0000] {baseoperator.py:400} WARNING - ExternalTaskSensor.execute cannot be called outside TaskInstance!
[2025-10-23T09:14:40.706+0000] {external_task.py:258} INFO - Poking for tasks ['export_gold_csv'] in dag ingest_kg on 2025-10-23T09:01:23.704428+00:00 ... 
[2025-10-23T09:14:40.708+0000] {logging_mixin.py:188} WARNING - /home/***/.local/lib/python3.12/site-packages/***/utils/session.py:79 DeprecationWarning: This method is deprecated and will be removed in future.
[2025-10-23T09:14:40.714+0000] {taskinstance.py:441} INFO - ::group::Post task execution logs
[2025-10-23T09:14:40.724+0000] {taskinstance.py:2865} INFO - Rescheduling task, marking task as UP_FOR_RESCHEDULE
[2025-10-23T09:14:40.766+0000] {local_task_job_runner.py:243} INFO - Task exited with return code 0
[2025-10-23T09:14:40.780+0000] {taskinstance.py:3503} INFO - 0 downstream tasks scheduled from follow-on schedule check
[2025-10-23T09:14:40.781+0000] {local_task_job_runner.py:222} INFO - ::endgroup::
[2025-10-23T09:15:11.694+0000] {local_task_job_runner.py:120} INFO - ::group::Pre task execution logs
[2025-10-23T09:15:11.725+0000] {taskinstance.py:2076} INFO - Dependencies all met for dep_context=non-requeueable deps ti=<TaskInstance: load_neo4j_from_gold.wait_for_export_gold manual__2025-10-23T09:01:23.704428+00:00 [queued]>
[2025-10-23T09:15:11.729+0000] {taskinstance.py:2076} INFO - Dependencies all met for dep_context=requeueable deps ti=<TaskInstance: load_neo4j_from_gold.wait_for_export_gold manual__2025-10-23T09:01:23.704428+00:00 [queued]>
[2025-10-23T09:15:11.729+0000] {taskinstance.py:2306} INFO - Starting attempt 1 of 1
[2025-10-23T09:15:11.736+0000] {taskinstance.py:2330} INFO - Executing <Task(ExternalTaskSensor): wait_for_export_gold> on 2025-10-23 09:01:23.704428+00:00
[2025-10-23T09:15:11.742+0000] {logging_mixin.py:188} WARNING - /home/***/.local/lib/python3.12/site-packages/***/task/task_runner/standard_task_runner.py:62 DeprecationWarning: This process (pid=2679) is multi-threaded, use of fork() may lead to deadlocks in the child.
[2025-10-23T09:15:11.744+0000] {standard_task_runner.py:64} INFO - Started process 2680 to run task
[2025-10-23T09:15:11.742+0000] {standard_task_runner.py:90} INFO - Running: ['***', 'tasks', 'run', 'load_neo4j_from_gold', 'wait_for_export_gold', 'manual__2025-10-23T09:01:23.704428+00:00', '--job-id', '284', '--raw', '--subdir', 'DAGS_FOLDER/load_neo4j_from_gold.py', '--cfg-path', '/tmp/tmphqhorcvf']
[2025-10-23T09:15:11.745+0000] {standard_task_runner.py:91} INFO - Job 284: Subtask wait_for_export_gold
[2025-10-23T09:15:11.799+0000] {task_command.py:426} INFO - Running <TaskInstance: load_neo4j_from_gold.wait_for_export_gold manual__2025-10-23T09:01:23.704428+00:00 [running]> on host c48d41bd1c66
[2025-10-23T09:15:11.850+0000] {taskinstance.py:2648} INFO - Exporting env vars: AIRFLOW_CTX_DAG_OWNER='***' AIRFLOW_CTX_DAG_ID='load_neo4j_from_gold' AIRFLOW_CTX_TASK_ID='wait_for_export_gold' AIRFLOW_CTX_EXECUTION_DATE='2025-10-23T09:01:23.704428+00:00' AIRFLOW_CTX_TRY_NUMBER='1' AIRFLOW_CTX_DAG_RUN_ID='manual__2025-10-23T09:01:23.704428+00:00'
[2025-10-23T09:15:11.851+0000] {taskinstance.py:430} INFO - ::endgroup::
[2025-10-23T09:15:11.858+0000] {baseoperator.py:400} WARNING - ExternalTaskSensor.execute cannot be called outside TaskInstance!
[2025-10-23T09:15:11.864+0000] {external_task.py:258} INFO - Poking for tasks ['export_gold_csv'] in dag ingest_kg on 2025-10-23T09:01:23.704428+00:00 ... 
[2025-10-23T09:15:11.866+0000] {logging_mixin.py:188} WARNING - /home/***/.local/lib/python3.12/site-packages/***/utils/session.py:79 DeprecationWarning: This method is deprecated and will be removed in future.
[2025-10-23T09:15:11.876+0000] {taskinstance.py:441} INFO - ::group::Post task execution logs
[2025-10-23T09:15:11.896+0000] {taskinstance.py:2865} INFO - Rescheduling task, marking task as UP_FOR_RESCHEDULE
[2025-10-23T09:15:11.925+0000] {local_task_job_runner.py:243} INFO - Task exited with return code 0
[2025-10-23T09:15:11.939+0000] {taskinstance.py:3503} INFO - 0 downstream tasks scheduled from follow-on schedule check
[2025-10-23T09:15:11.940+0000] {local_task_job_runner.py:222} INFO - ::endgroup::
