[2025-10-23T09:05:35.001+0000] {local_task_job_runner.py:120} INFO - ::group::Pre task execution logs
[2025-10-23T09:05:35.068+0000] {taskinstance.py:2076} INFO - Dependencies all met for dep_context=non-requeueable deps ti=<TaskInstance: load_neo4j_from_gold.wait_for_export_gold manual__2025-10-23T09:05:33.887076+00:00 [queued]>
[2025-10-23T09:05:35.075+0000] {taskinstance.py:2076} INFO - Dependencies all met for dep_context=requeueable deps ti=<TaskInstance: load_neo4j_from_gold.wait_for_export_gold manual__2025-10-23T09:05:33.887076+00:00 [queued]>
[2025-10-23T09:05:35.075+0000] {taskinstance.py:2306} INFO - Starting attempt 1 of 1
[2025-10-23T09:05:35.083+0000] {taskinstance.py:2330} INFO - Executing <Task(ExternalTaskSensor): wait_for_export_gold> on 2025-10-23 09:05:33.887076+00:00
[2025-10-23T09:05:35.089+0000] {logging_mixin.py:188} WARNING - /home/***/.local/lib/python3.12/site-packages/***/task/task_runner/standard_task_runner.py:62 DeprecationWarning: This process (pid=1815) is multi-threaded, use of fork() may lead to deadlocks in the child.
[2025-10-23T09:05:35.091+0000] {standard_task_runner.py:64} INFO - Started process 1816 to run task
[2025-10-23T09:05:35.089+0000] {standard_task_runner.py:90} INFO - Running: ['***', 'tasks', 'run', 'load_neo4j_from_gold', 'wait_for_export_gold', 'manual__2025-10-23T09:05:33.887076+00:00', '--job-id', '87', '--raw', '--subdir', 'DAGS_FOLDER/load_neo4j_from_gold.py', '--cfg-path', '/tmp/tmpovltrskq']
[2025-10-23T09:05:35.091+0000] {standard_task_runner.py:91} INFO - Job 87: Subtask wait_for_export_gold
[2025-10-23T09:05:35.130+0000] {task_command.py:426} INFO - Running <TaskInstance: load_neo4j_from_gold.wait_for_export_gold manual__2025-10-23T09:05:33.887076+00:00 [running]> on host c48d41bd1c66
[2025-10-23T09:05:35.197+0000] {taskinstance.py:2648} INFO - Exporting env vars: AIRFLOW_CTX_DAG_OWNER='***' AIRFLOW_CTX_DAG_ID='load_neo4j_from_gold' AIRFLOW_CTX_TASK_ID='wait_for_export_gold' AIRFLOW_CTX_EXECUTION_DATE='2025-10-23T09:05:33.887076+00:00' AIRFLOW_CTX_TRY_NUMBER='1' AIRFLOW_CTX_DAG_RUN_ID='manual__2025-10-23T09:05:33.887076+00:00'
[2025-10-23T09:05:35.198+0000] {taskinstance.py:430} INFO - ::endgroup::
[2025-10-23T09:05:35.208+0000] {baseoperator.py:400} WARNING - ExternalTaskSensor.execute cannot be called outside TaskInstance!
[2025-10-23T09:05:35.214+0000] {external_task.py:258} INFO - Poking for tasks ['export_gold_csv'] in dag ingest_kg on 2025-10-23T09:05:33.887076+00:00 ... 
[2025-10-23T09:05:35.216+0000] {logging_mixin.py:188} WARNING - /home/***/.local/lib/python3.12/site-packages/***/utils/session.py:79 DeprecationWarning: This method is deprecated and will be removed in future.
[2025-10-23T09:05:35.223+0000] {taskinstance.py:441} INFO - ::group::Post task execution logs
[2025-10-23T09:05:35.311+0000] {taskinstance.py:2865} INFO - Rescheduling task, marking task as UP_FOR_RESCHEDULE
[2025-10-23T09:05:35.317+0000] {local_task_job_runner.py:243} INFO - Task exited with return code 0
[2025-10-23T09:05:35.332+0000] {taskinstance.py:3503} INFO - 0 downstream tasks scheduled from follow-on schedule check
[2025-10-23T09:05:35.332+0000] {local_task_job_runner.py:222} INFO - ::endgroup::
[2025-10-23T09:06:06.391+0000] {local_task_job_runner.py:120} INFO - ::group::Pre task execution logs
[2025-10-23T09:06:06.409+0000] {taskinstance.py:2076} INFO - Dependencies all met for dep_context=non-requeueable deps ti=<TaskInstance: load_neo4j_from_gold.wait_for_export_gold manual__2025-10-23T09:05:33.887076+00:00 [queued]>
[2025-10-23T09:06:06.413+0000] {taskinstance.py:2076} INFO - Dependencies all met for dep_context=requeueable deps ti=<TaskInstance: load_neo4j_from_gold.wait_for_export_gold manual__2025-10-23T09:05:33.887076+00:00 [queued]>
[2025-10-23T09:06:06.413+0000] {taskinstance.py:2306} INFO - Starting attempt 1 of 1
[2025-10-23T09:06:06.419+0000] {taskinstance.py:2330} INFO - Executing <Task(ExternalTaskSensor): wait_for_export_gold> on 2025-10-23 09:05:33.887076+00:00
[2025-10-23T09:06:06.424+0000] {logging_mixin.py:188} WARNING - /home/***/.local/lib/python3.12/site-packages/***/task/task_runner/standard_task_runner.py:62 DeprecationWarning: This process (pid=1841) is multi-threaded, use of fork() may lead to deadlocks in the child.
[2025-10-23T09:06:06.423+0000] {standard_task_runner.py:90} INFO - Running: ['***', 'tasks', 'run', 'load_neo4j_from_gold', 'wait_for_export_gold', 'manual__2025-10-23T09:05:33.887076+00:00', '--job-id', '95', '--raw', '--subdir', 'DAGS_FOLDER/load_neo4j_from_gold.py', '--cfg-path', '/tmp/tmprbw960go']
[2025-10-23T09:06:06.425+0000] {standard_task_runner.py:64} INFO - Started process 1842 to run task
[2025-10-23T09:06:06.425+0000] {standard_task_runner.py:91} INFO - Job 95: Subtask wait_for_export_gold
[2025-10-23T09:06:06.452+0000] {task_command.py:426} INFO - Running <TaskInstance: load_neo4j_from_gold.wait_for_export_gold manual__2025-10-23T09:05:33.887076+00:00 [running]> on host c48d41bd1c66
[2025-10-23T09:06:06.497+0000] {taskinstance.py:2648} INFO - Exporting env vars: AIRFLOW_CTX_DAG_OWNER='***' AIRFLOW_CTX_DAG_ID='load_neo4j_from_gold' AIRFLOW_CTX_TASK_ID='wait_for_export_gold' AIRFLOW_CTX_EXECUTION_DATE='2025-10-23T09:05:33.887076+00:00' AIRFLOW_CTX_TRY_NUMBER='1' AIRFLOW_CTX_DAG_RUN_ID='manual__2025-10-23T09:05:33.887076+00:00'
[2025-10-23T09:06:06.498+0000] {taskinstance.py:430} INFO - ::endgroup::
[2025-10-23T09:06:06.505+0000] {baseoperator.py:400} WARNING - ExternalTaskSensor.execute cannot be called outside TaskInstance!
[2025-10-23T09:06:06.511+0000] {external_task.py:258} INFO - Poking for tasks ['export_gold_csv'] in dag ingest_kg on 2025-10-23T09:05:33.887076+00:00 ... 
[2025-10-23T09:06:06.512+0000] {logging_mixin.py:188} WARNING - /home/***/.local/lib/python3.12/site-packages/***/utils/session.py:79 DeprecationWarning: This method is deprecated and will be removed in future.
[2025-10-23T09:06:06.534+0000] {taskinstance.py:441} INFO - ::group::Post task execution logs
[2025-10-23T09:06:06.550+0000] {taskinstance.py:2865} INFO - Rescheduling task, marking task as UP_FOR_RESCHEDULE
[2025-10-23T09:06:06.564+0000] {local_task_job_runner.py:243} INFO - Task exited with return code 0
[2025-10-23T09:06:06.581+0000] {taskinstance.py:3503} INFO - 0 downstream tasks scheduled from follow-on schedule check
[2025-10-23T09:06:06.582+0000] {local_task_job_runner.py:222} INFO - ::endgroup::
[2025-10-23T09:06:36.870+0000] {local_task_job_runner.py:120} INFO - ::group::Pre task execution logs
[2025-10-23T09:06:36.920+0000] {taskinstance.py:2076} INFO - Dependencies all met for dep_context=non-requeueable deps ti=<TaskInstance: load_neo4j_from_gold.wait_for_export_gold manual__2025-10-23T09:05:33.887076+00:00 [queued]>
[2025-10-23T09:06:36.929+0000] {taskinstance.py:2076} INFO - Dependencies all met for dep_context=requeueable deps ti=<TaskInstance: load_neo4j_from_gold.wait_for_export_gold manual__2025-10-23T09:05:33.887076+00:00 [queued]>
[2025-10-23T09:06:36.929+0000] {taskinstance.py:2306} INFO - Starting attempt 1 of 1
[2025-10-23T09:06:36.939+0000] {taskinstance.py:2330} INFO - Executing <Task(ExternalTaskSensor): wait_for_export_gold> on 2025-10-23 09:05:33.887076+00:00
[2025-10-23T09:06:36.946+0000] {logging_mixin.py:188} WARNING - /home/***/.local/lib/python3.12/site-packages/***/task/task_runner/standard_task_runner.py:62 DeprecationWarning: This process (pid=1867) is multi-threaded, use of fork() may lead to deadlocks in the child.
[2025-10-23T09:06:36.947+0000] {standard_task_runner.py:64} INFO - Started process 1868 to run task
[2025-10-23T09:06:36.945+0000] {standard_task_runner.py:90} INFO - Running: ['***', 'tasks', 'run', 'load_neo4j_from_gold', 'wait_for_export_gold', 'manual__2025-10-23T09:05:33.887076+00:00', '--job-id', '103', '--raw', '--subdir', 'DAGS_FOLDER/load_neo4j_from_gold.py', '--cfg-path', '/tmp/tmpuhbar2gs']
[2025-10-23T09:06:36.948+0000] {standard_task_runner.py:91} INFO - Job 103: Subtask wait_for_export_gold
[2025-10-23T09:06:36.998+0000] {task_command.py:426} INFO - Running <TaskInstance: load_neo4j_from_gold.wait_for_export_gold manual__2025-10-23T09:05:33.887076+00:00 [running]> on host c48d41bd1c66
[2025-10-23T09:06:37.058+0000] {taskinstance.py:2648} INFO - Exporting env vars: AIRFLOW_CTX_DAG_OWNER='***' AIRFLOW_CTX_DAG_ID='load_neo4j_from_gold' AIRFLOW_CTX_TASK_ID='wait_for_export_gold' AIRFLOW_CTX_EXECUTION_DATE='2025-10-23T09:05:33.887076+00:00' AIRFLOW_CTX_TRY_NUMBER='1' AIRFLOW_CTX_DAG_RUN_ID='manual__2025-10-23T09:05:33.887076+00:00'
[2025-10-23T09:06:37.059+0000] {taskinstance.py:430} INFO - ::endgroup::
[2025-10-23T09:06:37.067+0000] {baseoperator.py:400} WARNING - ExternalTaskSensor.execute cannot be called outside TaskInstance!
[2025-10-23T09:06:37.073+0000] {external_task.py:258} INFO - Poking for tasks ['export_gold_csv'] in dag ingest_kg on 2025-10-23T09:05:33.887076+00:00 ... 
[2025-10-23T09:06:37.074+0000] {logging_mixin.py:188} WARNING - /home/***/.local/lib/python3.12/site-packages/***/utils/session.py:79 DeprecationWarning: This method is deprecated and will be removed in future.
[2025-10-23T09:06:37.081+0000] {taskinstance.py:441} INFO - ::group::Post task execution logs
[2025-10-23T09:06:37.091+0000] {taskinstance.py:2865} INFO - Rescheduling task, marking task as UP_FOR_RESCHEDULE
[2025-10-23T09:06:37.127+0000] {local_task_job_runner.py:243} INFO - Task exited with return code 0
[2025-10-23T09:06:37.141+0000] {taskinstance.py:3503} INFO - 0 downstream tasks scheduled from follow-on schedule check
[2025-10-23T09:06:37.142+0000] {local_task_job_runner.py:222} INFO - ::endgroup::
[2025-10-23T09:07:07.332+0000] {local_task_job_runner.py:120} INFO - ::group::Pre task execution logs
[2025-10-23T09:07:07.354+0000] {taskinstance.py:2076} INFO - Dependencies all met for dep_context=non-requeueable deps ti=<TaskInstance: load_neo4j_from_gold.wait_for_export_gold manual__2025-10-23T09:05:33.887076+00:00 [queued]>
[2025-10-23T09:07:07.358+0000] {taskinstance.py:2076} INFO - Dependencies all met for dep_context=requeueable deps ti=<TaskInstance: load_neo4j_from_gold.wait_for_export_gold manual__2025-10-23T09:05:33.887076+00:00 [queued]>
[2025-10-23T09:07:07.359+0000] {taskinstance.py:2306} INFO - Starting attempt 1 of 1
[2025-10-23T09:07:07.367+0000] {taskinstance.py:2330} INFO - Executing <Task(ExternalTaskSensor): wait_for_export_gold> on 2025-10-23 09:05:33.887076+00:00
[2025-10-23T09:07:07.372+0000] {logging_mixin.py:188} WARNING - /home/***/.local/lib/python3.12/site-packages/***/task/task_runner/standard_task_runner.py:62 DeprecationWarning: This process (pid=2058) is multi-threaded, use of fork() may lead to deadlocks in the child.
[2025-10-23T09:07:07.373+0000] {standard_task_runner.py:64} INFO - Started process 2060 to run task
[2025-10-23T09:07:07.373+0000] {standard_task_runner.py:90} INFO - Running: ['***', 'tasks', 'run', 'load_neo4j_from_gold', 'wait_for_export_gold', 'manual__2025-10-23T09:05:33.887076+00:00', '--job-id', '117', '--raw', '--subdir', 'DAGS_FOLDER/load_neo4j_from_gold.py', '--cfg-path', '/tmp/tmp794uyh6v']
[2025-10-23T09:07:07.374+0000] {standard_task_runner.py:91} INFO - Job 117: Subtask wait_for_export_gold
[2025-10-23T09:07:07.419+0000] {task_command.py:426} INFO - Running <TaskInstance: load_neo4j_from_gold.wait_for_export_gold manual__2025-10-23T09:05:33.887076+00:00 [running]> on host c48d41bd1c66
[2025-10-23T09:07:07.476+0000] {taskinstance.py:2648} INFO - Exporting env vars: AIRFLOW_CTX_DAG_OWNER='***' AIRFLOW_CTX_DAG_ID='load_neo4j_from_gold' AIRFLOW_CTX_TASK_ID='wait_for_export_gold' AIRFLOW_CTX_EXECUTION_DATE='2025-10-23T09:05:33.887076+00:00' AIRFLOW_CTX_TRY_NUMBER='1' AIRFLOW_CTX_DAG_RUN_ID='manual__2025-10-23T09:05:33.887076+00:00'
[2025-10-23T09:07:07.476+0000] {taskinstance.py:430} INFO - ::endgroup::
[2025-10-23T09:07:07.484+0000] {baseoperator.py:400} WARNING - ExternalTaskSensor.execute cannot be called outside TaskInstance!
[2025-10-23T09:07:07.494+0000] {external_task.py:258} INFO - Poking for tasks ['export_gold_csv'] in dag ingest_kg on 2025-10-23T09:05:33.887076+00:00 ... 
[2025-10-23T09:07:07.496+0000] {logging_mixin.py:188} WARNING - /home/***/.local/lib/python3.12/site-packages/***/utils/session.py:79 DeprecationWarning: This method is deprecated and will be removed in future.
[2025-10-23T09:07:07.508+0000] {taskinstance.py:441} INFO - ::group::Post task execution logs
[2025-10-23T09:07:07.522+0000] {taskinstance.py:2865} INFO - Rescheduling task, marking task as UP_FOR_RESCHEDULE
[2025-10-23T09:07:07.554+0000] {local_task_job_runner.py:243} INFO - Task exited with return code 0
[2025-10-23T09:07:07.570+0000] {taskinstance.py:3503} INFO - 0 downstream tasks scheduled from follow-on schedule check
[2025-10-23T09:07:07.571+0000] {local_task_job_runner.py:222} INFO - ::endgroup::
[2025-10-23T09:07:37.847+0000] {local_task_job_runner.py:120} INFO - ::group::Pre task execution logs
[2025-10-23T09:07:37.869+0000] {taskinstance.py:2076} INFO - Dependencies all met for dep_context=non-requeueable deps ti=<TaskInstance: load_neo4j_from_gold.wait_for_export_gold manual__2025-10-23T09:05:33.887076+00:00 [queued]>
[2025-10-23T09:07:37.873+0000] {taskinstance.py:2076} INFO - Dependencies all met for dep_context=requeueable deps ti=<TaskInstance: load_neo4j_from_gold.wait_for_export_gold manual__2025-10-23T09:05:33.887076+00:00 [queued]>
[2025-10-23T09:07:37.873+0000] {taskinstance.py:2306} INFO - Starting attempt 1 of 1
[2025-10-23T09:07:37.879+0000] {taskinstance.py:2330} INFO - Executing <Task(ExternalTaskSensor): wait_for_export_gold> on 2025-10-23 09:05:33.887076+00:00
[2025-10-23T09:07:37.884+0000] {logging_mixin.py:188} WARNING - /home/***/.local/lib/python3.12/site-packages/***/task/task_runner/standard_task_runner.py:62 DeprecationWarning: This process (pid=2231) is multi-threaded, use of fork() may lead to deadlocks in the child.
[2025-10-23T09:07:37.883+0000] {standard_task_runner.py:90} INFO - Running: ['***', 'tasks', 'run', 'load_neo4j_from_gold', 'wait_for_export_gold', 'manual__2025-10-23T09:05:33.887076+00:00', '--job-id', '135', '--raw', '--subdir', 'DAGS_FOLDER/load_neo4j_from_gold.py', '--cfg-path', '/tmp/tmpmkofv5ui']
[2025-10-23T09:07:37.885+0000] {standard_task_runner.py:91} INFO - Job 135: Subtask wait_for_export_gold
[2025-10-23T09:07:37.885+0000] {standard_task_runner.py:64} INFO - Started process 2232 to run task
[2025-10-23T09:07:37.915+0000] {task_command.py:426} INFO - Running <TaskInstance: load_neo4j_from_gold.wait_for_export_gold manual__2025-10-23T09:05:33.887076+00:00 [running]> on host c48d41bd1c66
[2025-10-23T09:07:37.964+0000] {taskinstance.py:2648} INFO - Exporting env vars: AIRFLOW_CTX_DAG_OWNER='***' AIRFLOW_CTX_DAG_ID='load_neo4j_from_gold' AIRFLOW_CTX_TASK_ID='wait_for_export_gold' AIRFLOW_CTX_EXECUTION_DATE='2025-10-23T09:05:33.887076+00:00' AIRFLOW_CTX_TRY_NUMBER='1' AIRFLOW_CTX_DAG_RUN_ID='manual__2025-10-23T09:05:33.887076+00:00'
[2025-10-23T09:07:37.965+0000] {taskinstance.py:430} INFO - ::endgroup::
[2025-10-23T09:07:37.973+0000] {baseoperator.py:400} WARNING - ExternalTaskSensor.execute cannot be called outside TaskInstance!
[2025-10-23T09:07:37.978+0000] {external_task.py:258} INFO - Poking for tasks ['export_gold_csv'] in dag ingest_kg on 2025-10-23T09:05:33.887076+00:00 ... 
[2025-10-23T09:07:37.980+0000] {logging_mixin.py:188} WARNING - /home/***/.local/lib/python3.12/site-packages/***/utils/session.py:79 DeprecationWarning: This method is deprecated and will be removed in future.
[2025-10-23T09:07:37.987+0000] {taskinstance.py:441} INFO - ::group::Post task execution logs
[2025-10-23T09:07:37.998+0000] {taskinstance.py:2865} INFO - Rescheduling task, marking task as UP_FOR_RESCHEDULE
[2025-10-23T09:07:38.028+0000] {local_task_job_runner.py:243} INFO - Task exited with return code 0
[2025-10-23T09:07:38.041+0000] {taskinstance.py:3503} INFO - 0 downstream tasks scheduled from follow-on schedule check
[2025-10-23T09:07:38.041+0000] {local_task_job_runner.py:222} INFO - ::endgroup::
[2025-10-23T09:08:08.372+0000] {local_task_job_runner.py:120} INFO - ::group::Pre task execution logs
[2025-10-23T09:08:08.390+0000] {taskinstance.py:2076} INFO - Dependencies all met for dep_context=non-requeueable deps ti=<TaskInstance: load_neo4j_from_gold.wait_for_export_gold manual__2025-10-23T09:05:33.887076+00:00 [queued]>
[2025-10-23T09:08:08.394+0000] {taskinstance.py:2076} INFO - Dependencies all met for dep_context=requeueable deps ti=<TaskInstance: load_neo4j_from_gold.wait_for_export_gold manual__2025-10-23T09:05:33.887076+00:00 [queued]>
[2025-10-23T09:08:08.394+0000] {taskinstance.py:2306} INFO - Starting attempt 1 of 1
[2025-10-23T09:08:08.400+0000] {taskinstance.py:2330} INFO - Executing <Task(ExternalTaskSensor): wait_for_export_gold> on 2025-10-23 09:05:33.887076+00:00
[2025-10-23T09:08:08.406+0000] {logging_mixin.py:188} WARNING - /home/***/.local/lib/python3.12/site-packages/***/task/task_runner/standard_task_runner.py:62 DeprecationWarning: This process (pid=2261) is multi-threaded, use of fork() may lead to deadlocks in the child.
[2025-10-23T09:08:08.407+0000] {standard_task_runner.py:64} INFO - Started process 2262 to run task
[2025-10-23T09:08:08.406+0000] {standard_task_runner.py:90} INFO - Running: ['***', 'tasks', 'run', 'load_neo4j_from_gold', 'wait_for_export_gold', 'manual__2025-10-23T09:05:33.887076+00:00', '--job-id', '145', '--raw', '--subdir', 'DAGS_FOLDER/load_neo4j_from_gold.py', '--cfg-path', '/tmp/tmpedyxu_ju']
[2025-10-23T09:08:08.407+0000] {standard_task_runner.py:91} INFO - Job 145: Subtask wait_for_export_gold
[2025-10-23T09:08:08.450+0000] {task_command.py:426} INFO - Running <TaskInstance: load_neo4j_from_gold.wait_for_export_gold manual__2025-10-23T09:05:33.887076+00:00 [running]> on host c48d41bd1c66
[2025-10-23T09:08:08.504+0000] {taskinstance.py:2648} INFO - Exporting env vars: AIRFLOW_CTX_DAG_OWNER='***' AIRFLOW_CTX_DAG_ID='load_neo4j_from_gold' AIRFLOW_CTX_TASK_ID='wait_for_export_gold' AIRFLOW_CTX_EXECUTION_DATE='2025-10-23T09:05:33.887076+00:00' AIRFLOW_CTX_TRY_NUMBER='1' AIRFLOW_CTX_DAG_RUN_ID='manual__2025-10-23T09:05:33.887076+00:00'
[2025-10-23T09:08:08.504+0000] {taskinstance.py:430} INFO - ::endgroup::
[2025-10-23T09:08:08.512+0000] {baseoperator.py:400} WARNING - ExternalTaskSensor.execute cannot be called outside TaskInstance!
[2025-10-23T09:08:08.518+0000] {external_task.py:258} INFO - Poking for tasks ['export_gold_csv'] in dag ingest_kg on 2025-10-23T09:05:33.887076+00:00 ... 
[2025-10-23T09:08:08.519+0000] {logging_mixin.py:188} WARNING - /home/***/.local/lib/python3.12/site-packages/***/utils/session.py:79 DeprecationWarning: This method is deprecated and will be removed in future.
[2025-10-23T09:08:08.527+0000] {taskinstance.py:441} INFO - ::group::Post task execution logs
[2025-10-23T09:08:08.536+0000] {taskinstance.py:2865} INFO - Rescheduling task, marking task as UP_FOR_RESCHEDULE
[2025-10-23T09:08:08.548+0000] {local_task_job_runner.py:243} INFO - Task exited with return code 0
[2025-10-23T09:08:08.561+0000] {taskinstance.py:3503} INFO - 0 downstream tasks scheduled from follow-on schedule check
[2025-10-23T09:08:08.562+0000] {local_task_job_runner.py:222} INFO - ::endgroup::
[2025-10-23T09:08:38.931+0000] {local_task_job_runner.py:120} INFO - ::group::Pre task execution logs
[2025-10-23T09:08:38.951+0000] {taskinstance.py:2076} INFO - Dependencies all met for dep_context=non-requeueable deps ti=<TaskInstance: load_neo4j_from_gold.wait_for_export_gold manual__2025-10-23T09:05:33.887076+00:00 [queued]>
[2025-10-23T09:08:38.954+0000] {taskinstance.py:2076} INFO - Dependencies all met for dep_context=requeueable deps ti=<TaskInstance: load_neo4j_from_gold.wait_for_export_gold manual__2025-10-23T09:05:33.887076+00:00 [queued]>
[2025-10-23T09:08:38.955+0000] {taskinstance.py:2306} INFO - Starting attempt 1 of 1
[2025-10-23T09:08:38.961+0000] {taskinstance.py:2330} INFO - Executing <Task(ExternalTaskSensor): wait_for_export_gold> on 2025-10-23 09:05:33.887076+00:00
[2025-10-23T09:08:38.966+0000] {logging_mixin.py:188} WARNING - /home/***/.local/lib/python3.12/site-packages/***/task/task_runner/standard_task_runner.py:62 DeprecationWarning: This process (pid=2291) is multi-threaded, use of fork() may lead to deadlocks in the child.
[2025-10-23T09:08:38.967+0000] {standard_task_runner.py:64} INFO - Started process 2292 to run task
[2025-10-23T09:08:38.966+0000] {standard_task_runner.py:90} INFO - Running: ['***', 'tasks', 'run', 'load_neo4j_from_gold', 'wait_for_export_gold', 'manual__2025-10-23T09:05:33.887076+00:00', '--job-id', '155', '--raw', '--subdir', 'DAGS_FOLDER/load_neo4j_from_gold.py', '--cfg-path', '/tmp/tmp3mqtd9wv']
[2025-10-23T09:08:38.968+0000] {standard_task_runner.py:91} INFO - Job 155: Subtask wait_for_export_gold
[2025-10-23T09:08:39.015+0000] {task_command.py:426} INFO - Running <TaskInstance: load_neo4j_from_gold.wait_for_export_gold manual__2025-10-23T09:05:33.887076+00:00 [running]> on host c48d41bd1c66
[2025-10-23T09:08:39.070+0000] {taskinstance.py:2648} INFO - Exporting env vars: AIRFLOW_CTX_DAG_OWNER='***' AIRFLOW_CTX_DAG_ID='load_neo4j_from_gold' AIRFLOW_CTX_TASK_ID='wait_for_export_gold' AIRFLOW_CTX_EXECUTION_DATE='2025-10-23T09:05:33.887076+00:00' AIRFLOW_CTX_TRY_NUMBER='1' AIRFLOW_CTX_DAG_RUN_ID='manual__2025-10-23T09:05:33.887076+00:00'
[2025-10-23T09:08:39.070+0000] {taskinstance.py:430} INFO - ::endgroup::
[2025-10-23T09:08:39.078+0000] {baseoperator.py:400} WARNING - ExternalTaskSensor.execute cannot be called outside TaskInstance!
[2025-10-23T09:08:39.084+0000] {external_task.py:258} INFO - Poking for tasks ['export_gold_csv'] in dag ingest_kg on 2025-10-23T09:05:33.887076+00:00 ... 
[2025-10-23T09:08:39.085+0000] {logging_mixin.py:188} WARNING - /home/***/.local/lib/python3.12/site-packages/***/utils/session.py:79 DeprecationWarning: This method is deprecated and will be removed in future.
[2025-10-23T09:08:39.092+0000] {taskinstance.py:441} INFO - ::group::Post task execution logs
[2025-10-23T09:08:39.102+0000] {taskinstance.py:2865} INFO - Rescheduling task, marking task as UP_FOR_RESCHEDULE
[2025-10-23T09:08:39.109+0000] {local_task_job_runner.py:243} INFO - Task exited with return code 0
[2025-10-23T09:08:39.123+0000] {taskinstance.py:3503} INFO - 0 downstream tasks scheduled from follow-on schedule check
[2025-10-23T09:08:39.124+0000] {local_task_job_runner.py:222} INFO - ::endgroup::
[2025-10-23T09:09:09.265+0000] {local_task_job_runner.py:120} INFO - ::group::Pre task execution logs
[2025-10-23T09:09:09.285+0000] {taskinstance.py:2076} INFO - Dependencies all met for dep_context=non-requeueable deps ti=<TaskInstance: load_neo4j_from_gold.wait_for_export_gold manual__2025-10-23T09:05:33.887076+00:00 [queued]>
[2025-10-23T09:09:09.289+0000] {taskinstance.py:2076} INFO - Dependencies all met for dep_context=requeueable deps ti=<TaskInstance: load_neo4j_from_gold.wait_for_export_gold manual__2025-10-23T09:05:33.887076+00:00 [queued]>
[2025-10-23T09:09:09.289+0000] {taskinstance.py:2306} INFO - Starting attempt 1 of 1
[2025-10-23T09:09:09.294+0000] {taskinstance.py:2330} INFO - Executing <Task(ExternalTaskSensor): wait_for_export_gold> on 2025-10-23 09:05:33.887076+00:00
[2025-10-23T09:09:09.298+0000] {logging_mixin.py:188} WARNING - /home/***/.local/lib/python3.12/site-packages/***/task/task_runner/standard_task_runner.py:62 DeprecationWarning: This process (pid=2321) is multi-threaded, use of fork() may lead to deadlocks in the child.
[2025-10-23T09:09:09.298+0000] {standard_task_runner.py:64} INFO - Started process 2322 to run task
[2025-10-23T09:09:09.299+0000] {standard_task_runner.py:90} INFO - Running: ['***', 'tasks', 'run', 'load_neo4j_from_gold', 'wait_for_export_gold', 'manual__2025-10-23T09:05:33.887076+00:00', '--job-id', '165', '--raw', '--subdir', 'DAGS_FOLDER/load_neo4j_from_gold.py', '--cfg-path', '/tmp/tmp7hvmieen']
[2025-10-23T09:09:09.300+0000] {standard_task_runner.py:91} INFO - Job 165: Subtask wait_for_export_gold
[2025-10-23T09:09:09.328+0000] {task_command.py:426} INFO - Running <TaskInstance: load_neo4j_from_gold.wait_for_export_gold manual__2025-10-23T09:05:33.887076+00:00 [running]> on host c48d41bd1c66
[2025-10-23T09:09:09.374+0000] {taskinstance.py:2648} INFO - Exporting env vars: AIRFLOW_CTX_DAG_OWNER='***' AIRFLOW_CTX_DAG_ID='load_neo4j_from_gold' AIRFLOW_CTX_TASK_ID='wait_for_export_gold' AIRFLOW_CTX_EXECUTION_DATE='2025-10-23T09:05:33.887076+00:00' AIRFLOW_CTX_TRY_NUMBER='1' AIRFLOW_CTX_DAG_RUN_ID='manual__2025-10-23T09:05:33.887076+00:00'
[2025-10-23T09:09:09.375+0000] {taskinstance.py:430} INFO - ::endgroup::
[2025-10-23T09:09:09.382+0000] {baseoperator.py:400} WARNING - ExternalTaskSensor.execute cannot be called outside TaskInstance!
[2025-10-23T09:09:09.387+0000] {external_task.py:258} INFO - Poking for tasks ['export_gold_csv'] in dag ingest_kg on 2025-10-23T09:05:33.887076+00:00 ... 
[2025-10-23T09:09:09.388+0000] {logging_mixin.py:188} WARNING - /home/***/.local/lib/python3.12/site-packages/***/utils/session.py:79 DeprecationWarning: This method is deprecated and will be removed in future.
[2025-10-23T09:09:09.395+0000] {taskinstance.py:441} INFO - ::group::Post task execution logs
[2025-10-23T09:09:09.405+0000] {taskinstance.py:2865} INFO - Rescheduling task, marking task as UP_FOR_RESCHEDULE
[2025-10-23T09:09:09.437+0000] {local_task_job_runner.py:243} INFO - Task exited with return code 0
[2025-10-23T09:09:09.453+0000] {taskinstance.py:3503} INFO - 0 downstream tasks scheduled from follow-on schedule check
[2025-10-23T09:09:09.453+0000] {local_task_job_runner.py:222} INFO - ::endgroup::
[2025-10-23T09:09:39.881+0000] {local_task_job_runner.py:120} INFO - ::group::Pre task execution logs
[2025-10-23T09:09:39.904+0000] {taskinstance.py:2076} INFO - Dependencies all met for dep_context=non-requeueable deps ti=<TaskInstance: load_neo4j_from_gold.wait_for_export_gold manual__2025-10-23T09:05:33.887076+00:00 [queued]>
[2025-10-23T09:09:39.907+0000] {taskinstance.py:2076} INFO - Dependencies all met for dep_context=requeueable deps ti=<TaskInstance: load_neo4j_from_gold.wait_for_export_gold manual__2025-10-23T09:05:33.887076+00:00 [queued]>
[2025-10-23T09:09:39.907+0000] {taskinstance.py:2306} INFO - Starting attempt 1 of 1
[2025-10-23T09:09:39.914+0000] {taskinstance.py:2330} INFO - Executing <Task(ExternalTaskSensor): wait_for_export_gold> on 2025-10-23 09:05:33.887076+00:00
[2025-10-23T09:09:39.919+0000] {logging_mixin.py:188} WARNING - /home/***/.local/lib/python3.12/site-packages/***/task/task_runner/standard_task_runner.py:62 DeprecationWarning: This process (pid=2351) is multi-threaded, use of fork() may lead to deadlocks in the child.
[2025-10-23T09:09:39.920+0000] {standard_task_runner.py:64} INFO - Started process 2352 to run task
[2025-10-23T09:09:39.919+0000] {standard_task_runner.py:90} INFO - Running: ['***', 'tasks', 'run', 'load_neo4j_from_gold', 'wait_for_export_gold', 'manual__2025-10-23T09:05:33.887076+00:00', '--job-id', '175', '--raw', '--subdir', 'DAGS_FOLDER/load_neo4j_from_gold.py', '--cfg-path', '/tmp/tmpbi_av6d7']
[2025-10-23T09:09:39.921+0000] {standard_task_runner.py:91} INFO - Job 175: Subtask wait_for_export_gold
[2025-10-23T09:09:39.967+0000] {task_command.py:426} INFO - Running <TaskInstance: load_neo4j_from_gold.wait_for_export_gold manual__2025-10-23T09:05:33.887076+00:00 [running]> on host c48d41bd1c66
[2025-10-23T09:09:40.017+0000] {taskinstance.py:2648} INFO - Exporting env vars: AIRFLOW_CTX_DAG_OWNER='***' AIRFLOW_CTX_DAG_ID='load_neo4j_from_gold' AIRFLOW_CTX_TASK_ID='wait_for_export_gold' AIRFLOW_CTX_EXECUTION_DATE='2025-10-23T09:05:33.887076+00:00' AIRFLOW_CTX_TRY_NUMBER='1' AIRFLOW_CTX_DAG_RUN_ID='manual__2025-10-23T09:05:33.887076+00:00'
[2025-10-23T09:09:40.017+0000] {taskinstance.py:430} INFO - ::endgroup::
[2025-10-23T09:09:40.024+0000] {baseoperator.py:400} WARNING - ExternalTaskSensor.execute cannot be called outside TaskInstance!
[2025-10-23T09:09:40.030+0000] {external_task.py:258} INFO - Poking for tasks ['export_gold_csv'] in dag ingest_kg on 2025-10-23T09:05:33.887076+00:00 ... 
[2025-10-23T09:09:40.032+0000] {logging_mixin.py:188} WARNING - /home/***/.local/lib/python3.12/site-packages/***/utils/session.py:79 DeprecationWarning: This method is deprecated and will be removed in future.
[2025-10-23T09:09:40.038+0000] {taskinstance.py:441} INFO - ::group::Post task execution logs
[2025-10-23T09:09:40.049+0000] {taskinstance.py:2865} INFO - Rescheduling task, marking task as UP_FOR_RESCHEDULE
[2025-10-23T09:09:40.060+0000] {local_task_job_runner.py:243} INFO - Task exited with return code 0
[2025-10-23T09:09:40.073+0000] {taskinstance.py:3503} INFO - 0 downstream tasks scheduled from follow-on schedule check
[2025-10-23T09:09:40.074+0000] {local_task_job_runner.py:222} INFO - ::endgroup::
[2025-10-23T09:10:10.269+0000] {local_task_job_runner.py:120} INFO - ::group::Pre task execution logs
[2025-10-23T09:10:10.286+0000] {taskinstance.py:2076} INFO - Dependencies all met for dep_context=non-requeueable deps ti=<TaskInstance: load_neo4j_from_gold.wait_for_export_gold manual__2025-10-23T09:05:33.887076+00:00 [queued]>
[2025-10-23T09:10:10.289+0000] {taskinstance.py:2076} INFO - Dependencies all met for dep_context=requeueable deps ti=<TaskInstance: load_neo4j_from_gold.wait_for_export_gold manual__2025-10-23T09:05:33.887076+00:00 [queued]>
[2025-10-23T09:10:10.289+0000] {taskinstance.py:2306} INFO - Starting attempt 1 of 1
[2025-10-23T09:10:10.295+0000] {taskinstance.py:2330} INFO - Executing <Task(ExternalTaskSensor): wait_for_export_gold> on 2025-10-23 09:05:33.887076+00:00
[2025-10-23T09:10:10.299+0000] {logging_mixin.py:188} WARNING - /home/***/.local/lib/python3.12/site-packages/***/task/task_runner/standard_task_runner.py:62 DeprecationWarning: This process (pid=2381) is multi-threaded, use of fork() may lead to deadlocks in the child.
[2025-10-23T09:10:10.300+0000] {standard_task_runner.py:64} INFO - Started process 2382 to run task
[2025-10-23T09:10:10.299+0000] {standard_task_runner.py:90} INFO - Running: ['***', 'tasks', 'run', 'load_neo4j_from_gold', 'wait_for_export_gold', 'manual__2025-10-23T09:05:33.887076+00:00', '--job-id', '185', '--raw', '--subdir', 'DAGS_FOLDER/load_neo4j_from_gold.py', '--cfg-path', '/tmp/tmpcq5v0cyw']
[2025-10-23T09:10:10.300+0000] {standard_task_runner.py:91} INFO - Job 185: Subtask wait_for_export_gold
[2025-10-23T09:10:10.331+0000] {task_command.py:426} INFO - Running <TaskInstance: load_neo4j_from_gold.wait_for_export_gold manual__2025-10-23T09:05:33.887076+00:00 [running]> on host c48d41bd1c66
[2025-10-23T09:10:10.380+0000] {taskinstance.py:2648} INFO - Exporting env vars: AIRFLOW_CTX_DAG_OWNER='***' AIRFLOW_CTX_DAG_ID='load_neo4j_from_gold' AIRFLOW_CTX_TASK_ID='wait_for_export_gold' AIRFLOW_CTX_EXECUTION_DATE='2025-10-23T09:05:33.887076+00:00' AIRFLOW_CTX_TRY_NUMBER='1' AIRFLOW_CTX_DAG_RUN_ID='manual__2025-10-23T09:05:33.887076+00:00'
[2025-10-23T09:10:10.381+0000] {taskinstance.py:430} INFO - ::endgroup::
[2025-10-23T09:10:10.388+0000] {baseoperator.py:400} WARNING - ExternalTaskSensor.execute cannot be called outside TaskInstance!
[2025-10-23T09:10:10.394+0000] {external_task.py:258} INFO - Poking for tasks ['export_gold_csv'] in dag ingest_kg on 2025-10-23T09:05:33.887076+00:00 ... 
[2025-10-23T09:10:10.396+0000] {logging_mixin.py:188} WARNING - /home/***/.local/lib/python3.12/site-packages/***/utils/session.py:79 DeprecationWarning: This method is deprecated and will be removed in future.
[2025-10-23T09:10:10.405+0000] {taskinstance.py:441} INFO - ::group::Post task execution logs
[2025-10-23T09:10:10.418+0000] {taskinstance.py:2865} INFO - Rescheduling task, marking task as UP_FOR_RESCHEDULE
[2025-10-23T09:10:10.439+0000] {local_task_job_runner.py:243} INFO - Task exited with return code 0
[2025-10-23T09:10:10.457+0000] {taskinstance.py:3503} INFO - 0 downstream tasks scheduled from follow-on schedule check
[2025-10-23T09:10:10.458+0000] {local_task_job_runner.py:222} INFO - ::endgroup::
[2025-10-23T09:10:41.618+0000] {local_task_job_runner.py:120} INFO - ::group::Pre task execution logs
[2025-10-23T09:10:41.642+0000] {taskinstance.py:2076} INFO - Dependencies all met for dep_context=non-requeueable deps ti=<TaskInstance: load_neo4j_from_gold.wait_for_export_gold manual__2025-10-23T09:05:33.887076+00:00 [queued]>
[2025-10-23T09:10:41.647+0000] {taskinstance.py:2076} INFO - Dependencies all met for dep_context=requeueable deps ti=<TaskInstance: load_neo4j_from_gold.wait_for_export_gold manual__2025-10-23T09:05:33.887076+00:00 [queued]>
[2025-10-23T09:10:41.647+0000] {taskinstance.py:2306} INFO - Starting attempt 1 of 1
[2025-10-23T09:10:41.654+0000] {taskinstance.py:2330} INFO - Executing <Task(ExternalTaskSensor): wait_for_export_gold> on 2025-10-23 09:05:33.887076+00:00
[2025-10-23T09:10:41.660+0000] {logging_mixin.py:188} WARNING - /home/***/.local/lib/python3.12/site-packages/***/task/task_runner/standard_task_runner.py:62 DeprecationWarning: This process (pid=2411) is multi-threaded, use of fork() may lead to deadlocks in the child.
[2025-10-23T09:10:41.660+0000] {standard_task_runner.py:90} INFO - Running: ['***', 'tasks', 'run', 'load_neo4j_from_gold', 'wait_for_export_gold', 'manual__2025-10-23T09:05:33.887076+00:00', '--job-id', '195', '--raw', '--subdir', 'DAGS_FOLDER/load_neo4j_from_gold.py', '--cfg-path', '/tmp/tmpxz49wl9j']
[2025-10-23T09:10:41.662+0000] {standard_task_runner.py:64} INFO - Started process 2412 to run task
[2025-10-23T09:10:41.662+0000] {standard_task_runner.py:91} INFO - Job 195: Subtask wait_for_export_gold
[2025-10-23T09:10:41.709+0000] {task_command.py:426} INFO - Running <TaskInstance: load_neo4j_from_gold.wait_for_export_gold manual__2025-10-23T09:05:33.887076+00:00 [running]> on host c48d41bd1c66
[2025-10-23T09:10:41.763+0000] {taskinstance.py:2648} INFO - Exporting env vars: AIRFLOW_CTX_DAG_OWNER='***' AIRFLOW_CTX_DAG_ID='load_neo4j_from_gold' AIRFLOW_CTX_TASK_ID='wait_for_export_gold' AIRFLOW_CTX_EXECUTION_DATE='2025-10-23T09:05:33.887076+00:00' AIRFLOW_CTX_TRY_NUMBER='1' AIRFLOW_CTX_DAG_RUN_ID='manual__2025-10-23T09:05:33.887076+00:00'
[2025-10-23T09:10:41.764+0000] {taskinstance.py:430} INFO - ::endgroup::
[2025-10-23T09:10:41.771+0000] {baseoperator.py:400} WARNING - ExternalTaskSensor.execute cannot be called outside TaskInstance!
[2025-10-23T09:10:41.777+0000] {external_task.py:258} INFO - Poking for tasks ['export_gold_csv'] in dag ingest_kg on 2025-10-23T09:05:33.887076+00:00 ... 
[2025-10-23T09:10:41.778+0000] {logging_mixin.py:188} WARNING - /home/***/.local/lib/python3.12/site-packages/***/utils/session.py:79 DeprecationWarning: This method is deprecated and will be removed in future.
[2025-10-23T09:10:41.786+0000] {taskinstance.py:441} INFO - ::group::Post task execution logs
[2025-10-23T09:10:41.797+0000] {taskinstance.py:2865} INFO - Rescheduling task, marking task as UP_FOR_RESCHEDULE
[2025-10-23T09:10:41.801+0000] {local_task_job_runner.py:243} INFO - Task exited with return code 0
[2025-10-23T09:10:41.814+0000] {taskinstance.py:3503} INFO - 0 downstream tasks scheduled from follow-on schedule check
[2025-10-23T09:10:41.815+0000] {local_task_job_runner.py:222} INFO - ::endgroup::
[2025-10-23T09:11:13.009+0000] {local_task_job_runner.py:120} INFO - ::group::Pre task execution logs
[2025-10-23T09:11:13.033+0000] {taskinstance.py:2076} INFO - Dependencies all met for dep_context=non-requeueable deps ti=<TaskInstance: load_neo4j_from_gold.wait_for_export_gold manual__2025-10-23T09:05:33.887076+00:00 [queued]>
[2025-10-23T09:11:13.037+0000] {taskinstance.py:2076} INFO - Dependencies all met for dep_context=requeueable deps ti=<TaskInstance: load_neo4j_from_gold.wait_for_export_gold manual__2025-10-23T09:05:33.887076+00:00 [queued]>
[2025-10-23T09:11:13.037+0000] {taskinstance.py:2306} INFO - Starting attempt 1 of 1
[2025-10-23T09:11:13.044+0000] {taskinstance.py:2330} INFO - Executing <Task(ExternalTaskSensor): wait_for_export_gold> on 2025-10-23 09:05:33.887076+00:00
[2025-10-23T09:11:13.059+0000] {logging_mixin.py:188} WARNING - /home/***/.local/lib/python3.12/site-packages/***/task/task_runner/standard_task_runner.py:62 DeprecationWarning: This process (pid=2441) is multi-threaded, use of fork() may lead to deadlocks in the child.
[2025-10-23T09:11:13.060+0000] {standard_task_runner.py:64} INFO - Started process 2447 to run task
[2025-10-23T09:11:13.059+0000] {standard_task_runner.py:90} INFO - Running: ['***', 'tasks', 'run', 'load_neo4j_from_gold', 'wait_for_export_gold', 'manual__2025-10-23T09:05:33.887076+00:00', '--job-id', '205', '--raw', '--subdir', 'DAGS_FOLDER/load_neo4j_from_gold.py', '--cfg-path', '/tmp/tmpnc3ynvgf']
[2025-10-23T09:11:13.061+0000] {standard_task_runner.py:91} INFO - Job 205: Subtask wait_for_export_gold
[2025-10-23T09:11:13.093+0000] {task_command.py:426} INFO - Running <TaskInstance: load_neo4j_from_gold.wait_for_export_gold manual__2025-10-23T09:05:33.887076+00:00 [running]> on host c48d41bd1c66
[2025-10-23T09:11:13.135+0000] {taskinstance.py:2648} INFO - Exporting env vars: AIRFLOW_CTX_DAG_OWNER='***' AIRFLOW_CTX_DAG_ID='load_neo4j_from_gold' AIRFLOW_CTX_TASK_ID='wait_for_export_gold' AIRFLOW_CTX_EXECUTION_DATE='2025-10-23T09:05:33.887076+00:00' AIRFLOW_CTX_TRY_NUMBER='1' AIRFLOW_CTX_DAG_RUN_ID='manual__2025-10-23T09:05:33.887076+00:00'
[2025-10-23T09:11:13.136+0000] {taskinstance.py:430} INFO - ::endgroup::
[2025-10-23T09:11:13.143+0000] {baseoperator.py:400} WARNING - ExternalTaskSensor.execute cannot be called outside TaskInstance!
[2025-10-23T09:11:13.153+0000] {external_task.py:258} INFO - Poking for tasks ['export_gold_csv'] in dag ingest_kg on 2025-10-23T09:05:33.887076+00:00 ... 
[2025-10-23T09:11:13.157+0000] {logging_mixin.py:188} WARNING - /home/***/.local/lib/python3.12/site-packages/***/utils/session.py:79 DeprecationWarning: This method is deprecated and will be removed in future.
[2025-10-23T09:11:13.173+0000] {taskinstance.py:441} INFO - ::group::Post task execution logs
[2025-10-23T09:11:13.185+0000] {taskinstance.py:2865} INFO - Rescheduling task, marking task as UP_FOR_RESCHEDULE
[2025-10-23T09:11:13.201+0000] {local_task_job_runner.py:243} INFO - Task exited with return code 0
[2025-10-23T09:11:13.215+0000] {taskinstance.py:3503} INFO - 0 downstream tasks scheduled from follow-on schedule check
[2025-10-23T09:11:13.216+0000] {local_task_job_runner.py:222} INFO - ::endgroup::
[2025-10-23T09:11:44.094+0000] {local_task_job_runner.py:120} INFO - ::group::Pre task execution logs
[2025-10-23T09:11:44.114+0000] {taskinstance.py:2076} INFO - Dependencies all met for dep_context=non-requeueable deps ti=<TaskInstance: load_neo4j_from_gold.wait_for_export_gold manual__2025-10-23T09:05:33.887076+00:00 [queued]>
[2025-10-23T09:11:44.117+0000] {taskinstance.py:2076} INFO - Dependencies all met for dep_context=requeueable deps ti=<TaskInstance: load_neo4j_from_gold.wait_for_export_gold manual__2025-10-23T09:05:33.887076+00:00 [queued]>
[2025-10-23T09:11:44.117+0000] {taskinstance.py:2306} INFO - Starting attempt 1 of 1
[2025-10-23T09:11:44.123+0000] {taskinstance.py:2330} INFO - Executing <Task(ExternalTaskSensor): wait_for_export_gold> on 2025-10-23 09:05:33.887076+00:00
[2025-10-23T09:11:44.127+0000] {logging_mixin.py:188} WARNING - /home/***/.local/lib/python3.12/site-packages/***/task/task_runner/standard_task_runner.py:62 DeprecationWarning: This process (pid=2476) is multi-threaded, use of fork() may lead to deadlocks in the child.
[2025-10-23T09:11:44.128+0000] {standard_task_runner.py:64} INFO - Started process 2477 to run task
[2025-10-23T09:11:44.128+0000] {standard_task_runner.py:90} INFO - Running: ['***', 'tasks', 'run', 'load_neo4j_from_gold', 'wait_for_export_gold', 'manual__2025-10-23T09:05:33.887076+00:00', '--job-id', '215', '--raw', '--subdir', 'DAGS_FOLDER/load_neo4j_from_gold.py', '--cfg-path', '/tmp/tmpfbp0e3wq']
[2025-10-23T09:11:44.130+0000] {standard_task_runner.py:91} INFO - Job 215: Subtask wait_for_export_gold
[2025-10-23T09:11:44.163+0000] {task_command.py:426} INFO - Running <TaskInstance: load_neo4j_from_gold.wait_for_export_gold manual__2025-10-23T09:05:33.887076+00:00 [running]> on host c48d41bd1c66
[2025-10-23T09:11:44.207+0000] {taskinstance.py:2648} INFO - Exporting env vars: AIRFLOW_CTX_DAG_OWNER='***' AIRFLOW_CTX_DAG_ID='load_neo4j_from_gold' AIRFLOW_CTX_TASK_ID='wait_for_export_gold' AIRFLOW_CTX_EXECUTION_DATE='2025-10-23T09:05:33.887076+00:00' AIRFLOW_CTX_TRY_NUMBER='1' AIRFLOW_CTX_DAG_RUN_ID='manual__2025-10-23T09:05:33.887076+00:00'
[2025-10-23T09:11:44.208+0000] {taskinstance.py:430} INFO - ::endgroup::
[2025-10-23T09:11:44.215+0000] {baseoperator.py:400} WARNING - ExternalTaskSensor.execute cannot be called outside TaskInstance!
[2025-10-23T09:11:44.220+0000] {external_task.py:258} INFO - Poking for tasks ['export_gold_csv'] in dag ingest_kg on 2025-10-23T09:05:33.887076+00:00 ... 
[2025-10-23T09:11:44.221+0000] {logging_mixin.py:188} WARNING - /home/***/.local/lib/python3.12/site-packages/***/utils/session.py:79 DeprecationWarning: This method is deprecated and will be removed in future.
[2025-10-23T09:11:44.228+0000] {taskinstance.py:441} INFO - ::group::Post task execution logs
[2025-10-23T09:11:44.238+0000] {taskinstance.py:2865} INFO - Rescheduling task, marking task as UP_FOR_RESCHEDULE
[2025-10-23T09:11:44.270+0000] {local_task_job_runner.py:243} INFO - Task exited with return code 0
[2025-10-23T09:11:44.283+0000] {taskinstance.py:3503} INFO - 0 downstream tasks scheduled from follow-on schedule check
[2025-10-23T09:11:44.283+0000] {local_task_job_runner.py:222} INFO - ::endgroup::
[2025-10-23T09:12:15.253+0000] {local_task_job_runner.py:120} INFO - ::group::Pre task execution logs
[2025-10-23T09:12:15.271+0000] {taskinstance.py:2076} INFO - Dependencies all met for dep_context=non-requeueable deps ti=<TaskInstance: load_neo4j_from_gold.wait_for_export_gold manual__2025-10-23T09:05:33.887076+00:00 [queued]>
[2025-10-23T09:12:15.276+0000] {taskinstance.py:2076} INFO - Dependencies all met for dep_context=requeueable deps ti=<TaskInstance: load_neo4j_from_gold.wait_for_export_gold manual__2025-10-23T09:05:33.887076+00:00 [queued]>
[2025-10-23T09:12:15.277+0000] {taskinstance.py:2306} INFO - Starting attempt 1 of 1
[2025-10-23T09:12:15.287+0000] {taskinstance.py:2330} INFO - Executing <Task(ExternalTaskSensor): wait_for_export_gold> on 2025-10-23 09:05:33.887076+00:00
[2025-10-23T09:12:15.303+0000] {logging_mixin.py:188} WARNING - /home/***/.local/lib/python3.12/site-packages/***/task/task_runner/standard_task_runner.py:62 DeprecationWarning: This process (pid=2506) is multi-threaded, use of fork() may lead to deadlocks in the child.
[2025-10-23T09:12:15.299+0000] {standard_task_runner.py:90} INFO - Running: ['***', 'tasks', 'run', 'load_neo4j_from_gold', 'wait_for_export_gold', 'manual__2025-10-23T09:05:33.887076+00:00', '--job-id', '226', '--raw', '--subdir', 'DAGS_FOLDER/load_neo4j_from_gold.py', '--cfg-path', '/tmp/tmpaz9m3rsn']
[2025-10-23T09:12:15.304+0000] {standard_task_runner.py:64} INFO - Started process 2509 to run task
[2025-10-23T09:12:15.304+0000] {standard_task_runner.py:91} INFO - Job 226: Subtask wait_for_export_gold
[2025-10-23T09:12:15.343+0000] {task_command.py:426} INFO - Running <TaskInstance: load_neo4j_from_gold.wait_for_export_gold manual__2025-10-23T09:05:33.887076+00:00 [running]> on host c48d41bd1c66
[2025-10-23T09:12:15.400+0000] {taskinstance.py:2648} INFO - Exporting env vars: AIRFLOW_CTX_DAG_OWNER='***' AIRFLOW_CTX_DAG_ID='load_neo4j_from_gold' AIRFLOW_CTX_TASK_ID='wait_for_export_gold' AIRFLOW_CTX_EXECUTION_DATE='2025-10-23T09:05:33.887076+00:00' AIRFLOW_CTX_TRY_NUMBER='1' AIRFLOW_CTX_DAG_RUN_ID='manual__2025-10-23T09:05:33.887076+00:00'
[2025-10-23T09:12:15.401+0000] {taskinstance.py:430} INFO - ::endgroup::
[2025-10-23T09:12:15.409+0000] {baseoperator.py:400} WARNING - ExternalTaskSensor.execute cannot be called outside TaskInstance!
[2025-10-23T09:12:15.416+0000] {external_task.py:258} INFO - Poking for tasks ['export_gold_csv'] in dag ingest_kg on 2025-10-23T09:05:33.887076+00:00 ... 
[2025-10-23T09:12:15.417+0000] {logging_mixin.py:188} WARNING - /home/***/.local/lib/python3.12/site-packages/***/utils/session.py:79 DeprecationWarning: This method is deprecated and will be removed in future.
[2025-10-23T09:12:15.426+0000] {taskinstance.py:441} INFO - ::group::Post task execution logs
[2025-10-23T09:12:15.440+0000] {taskinstance.py:2865} INFO - Rescheduling task, marking task as UP_FOR_RESCHEDULE
[2025-10-23T09:12:15.447+0000] {local_task_job_runner.py:243} INFO - Task exited with return code 0
[2025-10-23T09:12:15.461+0000] {taskinstance.py:3503} INFO - 0 downstream tasks scheduled from follow-on schedule check
[2025-10-23T09:12:15.462+0000] {local_task_job_runner.py:222} INFO - ::endgroup::
[2025-10-23T09:12:45.756+0000] {local_task_job_runner.py:120} INFO - ::group::Pre task execution logs
[2025-10-23T09:12:45.780+0000] {taskinstance.py:2076} INFO - Dependencies all met for dep_context=non-requeueable deps ti=<TaskInstance: load_neo4j_from_gold.wait_for_export_gold manual__2025-10-23T09:05:33.887076+00:00 [queued]>
[2025-10-23T09:12:45.785+0000] {taskinstance.py:2076} INFO - Dependencies all met for dep_context=requeueable deps ti=<TaskInstance: load_neo4j_from_gold.wait_for_export_gold manual__2025-10-23T09:05:33.887076+00:00 [queued]>
[2025-10-23T09:12:45.785+0000] {taskinstance.py:2306} INFO - Starting attempt 1 of 1
[2025-10-23T09:12:45.797+0000] {taskinstance.py:2330} INFO - Executing <Task(ExternalTaskSensor): wait_for_export_gold> on 2025-10-23 09:05:33.887076+00:00
[2025-10-23T09:12:45.818+0000] {logging_mixin.py:188} WARNING - /home/***/.local/lib/python3.12/site-packages/***/task/task_runner/standard_task_runner.py:62 DeprecationWarning: This process (pid=2537) is multi-threaded, use of fork() may lead to deadlocks in the child.
[2025-10-23T09:12:45.811+0000] {standard_task_runner.py:90} INFO - Running: ['***', 'tasks', 'run', 'load_neo4j_from_gold', 'wait_for_export_gold', 'manual__2025-10-23T09:05:33.887076+00:00', '--job-id', '236', '--raw', '--subdir', 'DAGS_FOLDER/load_neo4j_from_gold.py', '--cfg-path', '/tmp/tmp_94uhy5l']
[2025-10-23T09:12:45.818+0000] {standard_task_runner.py:64} INFO - Started process 2539 to run task
[2025-10-23T09:12:45.819+0000] {standard_task_runner.py:91} INFO - Job 236: Subtask wait_for_export_gold
[2025-10-23T09:12:45.860+0000] {task_command.py:426} INFO - Running <TaskInstance: load_neo4j_from_gold.wait_for_export_gold manual__2025-10-23T09:05:33.887076+00:00 [running]> on host c48d41bd1c66
[2025-10-23T09:12:45.940+0000] {taskinstance.py:2648} INFO - Exporting env vars: AIRFLOW_CTX_DAG_OWNER='***' AIRFLOW_CTX_DAG_ID='load_neo4j_from_gold' AIRFLOW_CTX_TASK_ID='wait_for_export_gold' AIRFLOW_CTX_EXECUTION_DATE='2025-10-23T09:05:33.887076+00:00' AIRFLOW_CTX_TRY_NUMBER='1' AIRFLOW_CTX_DAG_RUN_ID='manual__2025-10-23T09:05:33.887076+00:00'
[2025-10-23T09:12:45.943+0000] {taskinstance.py:430} INFO - ::endgroup::
[2025-10-23T09:12:45.953+0000] {baseoperator.py:400} WARNING - ExternalTaskSensor.execute cannot be called outside TaskInstance!
[2025-10-23T09:12:45.960+0000] {external_task.py:258} INFO - Poking for tasks ['export_gold_csv'] in dag ingest_kg on 2025-10-23T09:05:33.887076+00:00 ... 
[2025-10-23T09:12:45.962+0000] {logging_mixin.py:188} WARNING - /home/***/.local/lib/python3.12/site-packages/***/utils/session.py:79 DeprecationWarning: This method is deprecated and will be removed in future.
[2025-10-23T09:12:45.970+0000] {taskinstance.py:441} INFO - ::group::Post task execution logs
[2025-10-23T09:12:45.984+0000] {taskinstance.py:2865} INFO - Rescheduling task, marking task as UP_FOR_RESCHEDULE
[2025-10-23T09:12:45.999+0000] {local_task_job_runner.py:243} INFO - Task exited with return code 0
[2025-10-23T09:12:46.013+0000] {taskinstance.py:3503} INFO - 0 downstream tasks scheduled from follow-on schedule check
[2025-10-23T09:12:46.013+0000] {local_task_job_runner.py:222} INFO - ::endgroup::
[2025-10-23T09:13:16.831+0000] {local_task_job_runner.py:120} INFO - ::group::Pre task execution logs
[2025-10-23T09:13:16.855+0000] {taskinstance.py:2076} INFO - Dependencies all met for dep_context=non-requeueable deps ti=<TaskInstance: load_neo4j_from_gold.wait_for_export_gold manual__2025-10-23T09:05:33.887076+00:00 [queued]>
[2025-10-23T09:13:16.859+0000] {taskinstance.py:2076} INFO - Dependencies all met for dep_context=requeueable deps ti=<TaskInstance: load_neo4j_from_gold.wait_for_export_gold manual__2025-10-23T09:05:33.887076+00:00 [queued]>
[2025-10-23T09:13:16.859+0000] {taskinstance.py:2306} INFO - Starting attempt 1 of 1
[2025-10-23T09:13:16.865+0000] {taskinstance.py:2330} INFO - Executing <Task(ExternalTaskSensor): wait_for_export_gold> on 2025-10-23 09:05:33.887076+00:00
[2025-10-23T09:13:16.871+0000] {logging_mixin.py:188} WARNING - /home/***/.local/lib/python3.12/site-packages/***/task/task_runner/standard_task_runner.py:62 DeprecationWarning: This process (pid=2566) is multi-threaded, use of fork() may lead to deadlocks in the child.
[2025-10-23T09:13:16.873+0000] {standard_task_runner.py:64} INFO - Started process 2568 to run task
[2025-10-23T09:13:16.871+0000] {standard_task_runner.py:90} INFO - Running: ['***', 'tasks', 'run', 'load_neo4j_from_gold', 'wait_for_export_gold', 'manual__2025-10-23T09:05:33.887076+00:00', '--job-id', '245', '--raw', '--subdir', 'DAGS_FOLDER/load_neo4j_from_gold.py', '--cfg-path', '/tmp/tmpm299wd9o']
[2025-10-23T09:13:16.876+0000] {standard_task_runner.py:91} INFO - Job 245: Subtask wait_for_export_gold
[2025-10-23T09:13:16.918+0000] {task_command.py:426} INFO - Running <TaskInstance: load_neo4j_from_gold.wait_for_export_gold manual__2025-10-23T09:05:33.887076+00:00 [running]> on host c48d41bd1c66
[2025-10-23T09:13:16.974+0000] {taskinstance.py:2648} INFO - Exporting env vars: AIRFLOW_CTX_DAG_OWNER='***' AIRFLOW_CTX_DAG_ID='load_neo4j_from_gold' AIRFLOW_CTX_TASK_ID='wait_for_export_gold' AIRFLOW_CTX_EXECUTION_DATE='2025-10-23T09:05:33.887076+00:00' AIRFLOW_CTX_TRY_NUMBER='1' AIRFLOW_CTX_DAG_RUN_ID='manual__2025-10-23T09:05:33.887076+00:00'
[2025-10-23T09:13:16.975+0000] {taskinstance.py:430} INFO - ::endgroup::
[2025-10-23T09:13:16.984+0000] {baseoperator.py:400} WARNING - ExternalTaskSensor.execute cannot be called outside TaskInstance!
[2025-10-23T09:13:16.990+0000] {external_task.py:258} INFO - Poking for tasks ['export_gold_csv'] in dag ingest_kg on 2025-10-23T09:05:33.887076+00:00 ... 
[2025-10-23T09:13:16.991+0000] {logging_mixin.py:188} WARNING - /home/***/.local/lib/python3.12/site-packages/***/utils/session.py:79 DeprecationWarning: This method is deprecated and will be removed in future.
[2025-10-23T09:13:17.001+0000] {taskinstance.py:441} INFO - ::group::Post task execution logs
[2025-10-23T09:13:17.015+0000] {taskinstance.py:2865} INFO - Rescheduling task, marking task as UP_FOR_RESCHEDULE
[2025-10-23T09:13:17.054+0000] {local_task_job_runner.py:243} INFO - Task exited with return code 0
[2025-10-23T09:13:17.066+0000] {taskinstance.py:3503} INFO - 0 downstream tasks scheduled from follow-on schedule check
[2025-10-23T09:13:17.067+0000] {local_task_job_runner.py:222} INFO - ::endgroup::
[2025-10-23T09:13:47.637+0000] {local_task_job_runner.py:120} INFO - ::group::Pre task execution logs
[2025-10-23T09:13:47.660+0000] {taskinstance.py:2076} INFO - Dependencies all met for dep_context=non-requeueable deps ti=<TaskInstance: load_neo4j_from_gold.wait_for_export_gold manual__2025-10-23T09:05:33.887076+00:00 [queued]>
[2025-10-23T09:13:47.664+0000] {taskinstance.py:2076} INFO - Dependencies all met for dep_context=requeueable deps ti=<TaskInstance: load_neo4j_from_gold.wait_for_export_gold manual__2025-10-23T09:05:33.887076+00:00 [queued]>
[2025-10-23T09:13:47.664+0000] {taskinstance.py:2306} INFO - Starting attempt 1 of 1
[2025-10-23T09:13:47.670+0000] {taskinstance.py:2330} INFO - Executing <Task(ExternalTaskSensor): wait_for_export_gold> on 2025-10-23 09:05:33.887076+00:00
[2025-10-23T09:13:47.676+0000] {logging_mixin.py:188} WARNING - /home/***/.local/lib/python3.12/site-packages/***/task/task_runner/standard_task_runner.py:62 DeprecationWarning: This process (pid=2596) is multi-threaded, use of fork() may lead to deadlocks in the child.
[2025-10-23T09:13:47.675+0000] {standard_task_runner.py:90} INFO - Running: ['***', 'tasks', 'run', 'load_neo4j_from_gold', 'wait_for_export_gold', 'manual__2025-10-23T09:05:33.887076+00:00', '--job-id', '255', '--raw', '--subdir', 'DAGS_FOLDER/load_neo4j_from_gold.py', '--cfg-path', '/tmp/tmpejb75o8_']
[2025-10-23T09:13:47.677+0000] {standard_task_runner.py:64} INFO - Started process 2598 to run task
[2025-10-23T09:13:47.678+0000] {standard_task_runner.py:91} INFO - Job 255: Subtask wait_for_export_gold
[2025-10-23T09:13:47.739+0000] {task_command.py:426} INFO - Running <TaskInstance: load_neo4j_from_gold.wait_for_export_gold manual__2025-10-23T09:05:33.887076+00:00 [running]> on host c48d41bd1c66
[2025-10-23T09:13:47.808+0000] {taskinstance.py:2648} INFO - Exporting env vars: AIRFLOW_CTX_DAG_OWNER='***' AIRFLOW_CTX_DAG_ID='load_neo4j_from_gold' AIRFLOW_CTX_TASK_ID='wait_for_export_gold' AIRFLOW_CTX_EXECUTION_DATE='2025-10-23T09:05:33.887076+00:00' AIRFLOW_CTX_TRY_NUMBER='1' AIRFLOW_CTX_DAG_RUN_ID='manual__2025-10-23T09:05:33.887076+00:00'
[2025-10-23T09:13:47.808+0000] {taskinstance.py:430} INFO - ::endgroup::
[2025-10-23T09:13:47.817+0000] {baseoperator.py:400} WARNING - ExternalTaskSensor.execute cannot be called outside TaskInstance!
[2025-10-23T09:13:47.825+0000] {external_task.py:258} INFO - Poking for tasks ['export_gold_csv'] in dag ingest_kg on 2025-10-23T09:05:33.887076+00:00 ... 
[2025-10-23T09:13:47.826+0000] {logging_mixin.py:188} WARNING - /home/***/.local/lib/python3.12/site-packages/***/utils/session.py:79 DeprecationWarning: This method is deprecated and will be removed in future.
[2025-10-23T09:13:47.835+0000] {taskinstance.py:441} INFO - ::group::Post task execution logs
[2025-10-23T09:13:47.850+0000] {taskinstance.py:2865} INFO - Rescheduling task, marking task as UP_FOR_RESCHEDULE
[2025-10-23T09:13:47.858+0000] {local_task_job_runner.py:243} INFO - Task exited with return code 0
[2025-10-23T09:13:47.873+0000] {taskinstance.py:3503} INFO - 0 downstream tasks scheduled from follow-on schedule check
[2025-10-23T09:13:47.874+0000] {local_task_job_runner.py:222} INFO - ::endgroup::
[2025-10-23T09:14:18.135+0000] {local_task_job_runner.py:120} INFO - ::group::Pre task execution logs
[2025-10-23T09:14:18.164+0000] {taskinstance.py:2076} INFO - Dependencies all met for dep_context=non-requeueable deps ti=<TaskInstance: load_neo4j_from_gold.wait_for_export_gold manual__2025-10-23T09:05:33.887076+00:00 [queued]>
[2025-10-23T09:14:18.168+0000] {taskinstance.py:2076} INFO - Dependencies all met for dep_context=requeueable deps ti=<TaskInstance: load_neo4j_from_gold.wait_for_export_gold manual__2025-10-23T09:05:33.887076+00:00 [queued]>
[2025-10-23T09:14:18.168+0000] {taskinstance.py:2306} INFO - Starting attempt 1 of 1
[2025-10-23T09:14:18.176+0000] {taskinstance.py:2330} INFO - Executing <Task(ExternalTaskSensor): wait_for_export_gold> on 2025-10-23 09:05:33.887076+00:00
[2025-10-23T09:14:18.184+0000] {logging_mixin.py:188} WARNING - /home/***/.local/lib/python3.12/site-packages/***/task/task_runner/standard_task_runner.py:62 DeprecationWarning: This process (pid=2626) is multi-threaded, use of fork() may lead to deadlocks in the child.
[2025-10-23T09:14:18.181+0000] {standard_task_runner.py:90} INFO - Running: ['***', 'tasks', 'run', 'load_neo4j_from_gold', 'wait_for_export_gold', 'manual__2025-10-23T09:05:33.887076+00:00', '--job-id', '266', '--raw', '--subdir', 'DAGS_FOLDER/load_neo4j_from_gold.py', '--cfg-path', '/tmp/tmpofdpb2sd']
[2025-10-23T09:14:18.184+0000] {standard_task_runner.py:64} INFO - Started process 2629 to run task
[2025-10-23T09:14:18.184+0000] {standard_task_runner.py:91} INFO - Job 266: Subtask wait_for_export_gold
[2025-10-23T09:14:18.238+0000] {task_command.py:426} INFO - Running <TaskInstance: load_neo4j_from_gold.wait_for_export_gold manual__2025-10-23T09:05:33.887076+00:00 [running]> on host c48d41bd1c66
[2025-10-23T09:14:18.299+0000] {taskinstance.py:2648} INFO - Exporting env vars: AIRFLOW_CTX_DAG_OWNER='***' AIRFLOW_CTX_DAG_ID='load_neo4j_from_gold' AIRFLOW_CTX_TASK_ID='wait_for_export_gold' AIRFLOW_CTX_EXECUTION_DATE='2025-10-23T09:05:33.887076+00:00' AIRFLOW_CTX_TRY_NUMBER='1' AIRFLOW_CTX_DAG_RUN_ID='manual__2025-10-23T09:05:33.887076+00:00'
[2025-10-23T09:14:18.300+0000] {taskinstance.py:430} INFO - ::endgroup::
[2025-10-23T09:14:18.314+0000] {baseoperator.py:400} WARNING - ExternalTaskSensor.execute cannot be called outside TaskInstance!
[2025-10-23T09:14:18.322+0000] {external_task.py:258} INFO - Poking for tasks ['export_gold_csv'] in dag ingest_kg on 2025-10-23T09:05:33.887076+00:00 ... 
[2025-10-23T09:14:18.324+0000] {logging_mixin.py:188} WARNING - /home/***/.local/lib/python3.12/site-packages/***/utils/session.py:79 DeprecationWarning: This method is deprecated and will be removed in future.
[2025-10-23T09:14:18.332+0000] {taskinstance.py:441} INFO - ::group::Post task execution logs
[2025-10-23T09:14:18.345+0000] {taskinstance.py:2865} INFO - Rescheduling task, marking task as UP_FOR_RESCHEDULE
[2025-10-23T09:14:18.363+0000] {local_task_job_runner.py:243} INFO - Task exited with return code 0
[2025-10-23T09:14:18.377+0000] {taskinstance.py:3503} INFO - 0 downstream tasks scheduled from follow-on schedule check
[2025-10-23T09:14:18.377+0000] {local_task_job_runner.py:222} INFO - ::endgroup::
[2025-10-23T09:14:48.623+0000] {local_task_job_runner.py:120} INFO - ::group::Pre task execution logs
[2025-10-23T09:14:48.648+0000] {taskinstance.py:2076} INFO - Dependencies all met for dep_context=non-requeueable deps ti=<TaskInstance: load_neo4j_from_gold.wait_for_export_gold manual__2025-10-23T09:05:33.887076+00:00 [queued]>
[2025-10-23T09:14:48.652+0000] {taskinstance.py:2076} INFO - Dependencies all met for dep_context=requeueable deps ti=<TaskInstance: load_neo4j_from_gold.wait_for_export_gold manual__2025-10-23T09:05:33.887076+00:00 [queued]>
[2025-10-23T09:14:48.652+0000] {taskinstance.py:2306} INFO - Starting attempt 1 of 1
[2025-10-23T09:14:48.658+0000] {taskinstance.py:2330} INFO - Executing <Task(ExternalTaskSensor): wait_for_export_gold> on 2025-10-23 09:05:33.887076+00:00
[2025-10-23T09:14:48.663+0000] {logging_mixin.py:188} WARNING - /home/***/.local/lib/python3.12/site-packages/***/task/task_runner/standard_task_runner.py:62 DeprecationWarning: This process (pid=2656) is multi-threaded, use of fork() may lead to deadlocks in the child.
[2025-10-23T09:14:48.664+0000] {standard_task_runner.py:64} INFO - Started process 2658 to run task
[2025-10-23T09:14:48.663+0000] {standard_task_runner.py:90} INFO - Running: ['***', 'tasks', 'run', 'load_neo4j_from_gold', 'wait_for_export_gold', 'manual__2025-10-23T09:05:33.887076+00:00', '--job-id', '275', '--raw', '--subdir', 'DAGS_FOLDER/load_neo4j_from_gold.py', '--cfg-path', '/tmp/tmpjgp7tkgq']
[2025-10-23T09:14:48.666+0000] {standard_task_runner.py:91} INFO - Job 275: Subtask wait_for_export_gold
[2025-10-23T09:14:48.719+0000] {task_command.py:426} INFO - Running <TaskInstance: load_neo4j_from_gold.wait_for_export_gold manual__2025-10-23T09:05:33.887076+00:00 [running]> on host c48d41bd1c66
[2025-10-23T09:14:48.794+0000] {taskinstance.py:2648} INFO - Exporting env vars: AIRFLOW_CTX_DAG_OWNER='***' AIRFLOW_CTX_DAG_ID='load_neo4j_from_gold' AIRFLOW_CTX_TASK_ID='wait_for_export_gold' AIRFLOW_CTX_EXECUTION_DATE='2025-10-23T09:05:33.887076+00:00' AIRFLOW_CTX_TRY_NUMBER='1' AIRFLOW_CTX_DAG_RUN_ID='manual__2025-10-23T09:05:33.887076+00:00'
[2025-10-23T09:14:48.794+0000] {taskinstance.py:430} INFO - ::endgroup::
[2025-10-23T09:14:48.804+0000] {baseoperator.py:400} WARNING - ExternalTaskSensor.execute cannot be called outside TaskInstance!
[2025-10-23T09:14:48.811+0000] {external_task.py:258} INFO - Poking for tasks ['export_gold_csv'] in dag ingest_kg on 2025-10-23T09:05:33.887076+00:00 ... 
[2025-10-23T09:14:48.814+0000] {logging_mixin.py:188} WARNING - /home/***/.local/lib/python3.12/site-packages/***/utils/session.py:79 DeprecationWarning: This method is deprecated and will be removed in future.
[2025-10-23T09:14:48.823+0000] {taskinstance.py:441} INFO - ::group::Post task execution logs
[2025-10-23T09:14:48.833+0000] {taskinstance.py:2865} INFO - Rescheduling task, marking task as UP_FOR_RESCHEDULE
[2025-10-23T09:14:48.845+0000] {local_task_job_runner.py:243} INFO - Task exited with return code 0
[2025-10-23T09:14:48.857+0000] {taskinstance.py:3503} INFO - 0 downstream tasks scheduled from follow-on schedule check
[2025-10-23T09:14:48.858+0000] {local_task_job_runner.py:222} INFO - ::endgroup::
[2025-10-23T09:15:19.253+0000] {local_task_job_runner.py:120} INFO - ::group::Pre task execution logs
[2025-10-23T09:15:19.276+0000] {taskinstance.py:2076} INFO - Dependencies all met for dep_context=non-requeueable deps ti=<TaskInstance: load_neo4j_from_gold.wait_for_export_gold manual__2025-10-23T09:05:33.887076+00:00 [queued]>
[2025-10-23T09:15:19.281+0000] {taskinstance.py:2076} INFO - Dependencies all met for dep_context=requeueable deps ti=<TaskInstance: load_neo4j_from_gold.wait_for_export_gold manual__2025-10-23T09:05:33.887076+00:00 [queued]>
[2025-10-23T09:15:19.285+0000] {taskinstance.py:2306} INFO - Starting attempt 1 of 1
[2025-10-23T09:15:19.293+0000] {taskinstance.py:2330} INFO - Executing <Task(ExternalTaskSensor): wait_for_export_gold> on 2025-10-23 09:05:33.887076+00:00
[2025-10-23T09:15:19.304+0000] {logging_mixin.py:188} WARNING - /home/***/.local/lib/python3.12/site-packages/***/task/task_runner/standard_task_runner.py:62 DeprecationWarning: This process (pid=2687) is multi-threaded, use of fork() may lead to deadlocks in the child.
[2025-10-23T09:15:19.308+0000] {standard_task_runner.py:64} INFO - Started process 2689 to run task
[2025-10-23T09:15:19.312+0000] {standard_task_runner.py:90} INFO - Running: ['***', 'tasks', 'run', 'load_neo4j_from_gold', 'wait_for_export_gold', 'manual__2025-10-23T09:05:33.887076+00:00', '--job-id', '286', '--raw', '--subdir', 'DAGS_FOLDER/load_neo4j_from_gold.py', '--cfg-path', '/tmp/tmplf3qkzut']
[2025-10-23T09:15:19.317+0000] {standard_task_runner.py:91} INFO - Job 286: Subtask wait_for_export_gold
[2025-10-23T09:15:19.353+0000] {task_command.py:426} INFO - Running <TaskInstance: load_neo4j_from_gold.wait_for_export_gold manual__2025-10-23T09:05:33.887076+00:00 [running]> on host c48d41bd1c66
[2025-10-23T09:15:19.521+0000] {taskinstance.py:2648} INFO - Exporting env vars: AIRFLOW_CTX_DAG_OWNER='***' AIRFLOW_CTX_DAG_ID='load_neo4j_from_gold' AIRFLOW_CTX_TASK_ID='wait_for_export_gold' AIRFLOW_CTX_EXECUTION_DATE='2025-10-23T09:05:33.887076+00:00' AIRFLOW_CTX_TRY_NUMBER='1' AIRFLOW_CTX_DAG_RUN_ID='manual__2025-10-23T09:05:33.887076+00:00'
[2025-10-23T09:15:19.527+0000] {taskinstance.py:430} INFO - ::endgroup::
[2025-10-23T09:15:19.559+0000] {baseoperator.py:400} WARNING - ExternalTaskSensor.execute cannot be called outside TaskInstance!
[2025-10-23T09:15:19.577+0000] {external_task.py:258} INFO - Poking for tasks ['export_gold_csv'] in dag ingest_kg on 2025-10-23T09:05:33.887076+00:00 ... 
[2025-10-23T09:15:19.579+0000] {logging_mixin.py:188} WARNING - /home/***/.local/lib/python3.12/site-packages/***/utils/session.py:79 DeprecationWarning: This method is deprecated and will be removed in future.
[2025-10-23T09:15:19.604+0000] {taskinstance.py:441} INFO - ::group::Post task execution logs
[2025-10-23T09:15:19.616+0000] {taskinstance.py:2865} INFO - Rescheduling task, marking task as UP_FOR_RESCHEDULE
[2025-10-23T09:15:19.659+0000] {local_task_job_runner.py:243} INFO - Task exited with return code 0
[2025-10-23T09:15:19.676+0000] {taskinstance.py:3503} INFO - 0 downstream tasks scheduled from follow-on schedule check
[2025-10-23T09:15:19.677+0000] {local_task_job_runner.py:222} INFO - ::endgroup::
