[2025-10-26T10:30:23.349+0000] {local_task_job_runner.py:120} INFO - ::group::Pre task execution logs
[2025-10-26T10:30:23.385+0000] {taskinstance.py:2076} INFO - Dependencies all met for dep_context=non-requeueable deps ti=<TaskInstance: ingest_kg.gx_checkpoint manual__2025-10-26T10:30:10.864588+00:00 [queued]>
[2025-10-26T10:30:23.389+0000] {taskinstance.py:2076} INFO - Dependencies all met for dep_context=requeueable deps ti=<TaskInstance: ingest_kg.gx_checkpoint manual__2025-10-26T10:30:10.864588+00:00 [queued]>
[2025-10-26T10:30:23.389+0000] {taskinstance.py:2306} INFO - Starting attempt 1 of 1
[2025-10-26T10:30:23.394+0000] {taskinstance.py:2330} INFO - Executing <Task(BashOperator): gx_checkpoint> on 2025-10-26 10:30:10.864588+00:00
[2025-10-26T10:30:23.400+0000] {logging_mixin.py:188} WARNING - /home/***/.local/lib/python3.12/site-packages/***/task/task_runner/standard_task_runner.py:62 DeprecationWarning: This process (pid=6542) is multi-threaded, use of fork() may lead to deadlocks in the child.
[2025-10-26T10:30:23.399+0000] {standard_task_runner.py:90} INFO - Running: ['***', 'tasks', 'run', 'ingest_kg', 'gx_checkpoint', 'manual__2025-10-26T10:30:10.864588+00:00', '--job-id', '339', '--raw', '--subdir', 'DAGS_FOLDER/ingest_kg.py', '--cfg-path', '/tmp/tmpvpfp59co']
[2025-10-26T10:30:23.400+0000] {standard_task_runner.py:64} INFO - Started process 6543 to run task
[2025-10-26T10:30:23.400+0000] {standard_task_runner.py:91} INFO - Job 339: Subtask gx_checkpoint
[2025-10-26T10:30:23.426+0000] {task_command.py:426} INFO - Running <TaskInstance: ingest_kg.gx_checkpoint manual__2025-10-26T10:30:10.864588+00:00 [running]> on host 686d193542d0
[2025-10-26T10:30:23.472+0000] {taskinstance.py:2648} INFO - Exporting env vars: AIRFLOW_CTX_DAG_OWNER='***' AIRFLOW_CTX_DAG_ID='ingest_kg' AIRFLOW_CTX_TASK_ID='gx_checkpoint' AIRFLOW_CTX_EXECUTION_DATE='2025-10-26T10:30:10.864588+00:00' AIRFLOW_CTX_TRY_NUMBER='1' AIRFLOW_CTX_DAG_RUN_ID='manual__2025-10-26T10:30:10.864588+00:00'
[2025-10-26T10:30:23.472+0000] {taskinstance.py:430} INFO - ::endgroup::
[2025-10-26T10:30:23.480+0000] {subprocess.py:63} INFO - Tmp dir root location: /tmp
[2025-10-26T10:30:23.482+0000] {subprocess.py:75} INFO - Running command: ['/usr/bin/bash', '-c', 'python /opt/***/quality/gx_checkpoint.py']
[2025-10-26T10:30:23.487+0000] {subprocess.py:86} INFO - Output:
[2025-10-26T10:30:27.059+0000] {subprocess.py:93} INFO - /home/***/.local/lib/python3.12/site-packages/great_expectations/datasource/data_connector/util.py:8: DeprecationWarning: module 'sre_parse' is deprecated
[2025-10-26T10:30:27.068+0000] {subprocess.py:93} INFO -   import sre_parse
[2025-10-26T10:30:30.364+0000] {subprocess.py:93} INFO - [GX] nodes : id unique OK
[2025-10-26T10:30:30.366+0000] {subprocess.py:93} INFO - [GX] edges : src/dst non nuls OK
[2025-10-26T10:30:30.367+0000] {subprocess.py:93} INFO - [GX] checkpoint OK !
[2025-10-26T10:30:30.812+0000] {subprocess.py:97} INFO - Command exited with return code 0
[2025-10-26T10:30:30.814+0000] {taskinstance.py:441} INFO - ::group::Post task execution logs
[2025-10-26T10:30:30.863+0000] {taskinstance.py:1206} INFO - Marking task as SUCCESS. dag_id=ingest_kg, task_id=gx_checkpoint, run_id=manual__2025-10-26T10:30:10.864588+00:00, execution_date=20251026T103010, start_date=20251026T103023, end_date=20251026T103030
[2025-10-26T10:30:30.877+0000] {local_task_job_runner.py:243} INFO - Task exited with return code 0
[2025-10-26T10:30:30.904+0000] {taskinstance.py:3503} INFO - 1 downstream tasks scheduled from follow-on schedule check
[2025-10-26T10:30:30.905+0000] {local_task_job_runner.py:222} INFO - ::endgroup::
