[2025-10-23T09:07:12.331+0000] {local_task_job_runner.py:120} INFO - ::group::Pre task execution logs
[2025-10-23T09:07:12.360+0000] {taskinstance.py:2076} INFO - Dependencies all met for dep_context=non-requeueable deps ti=<TaskInstance: load_neo4j_from_gold.wait_for_export_gold manual__2025-10-23T09:07:10.016790+00:00 [queued]>
[2025-10-23T09:07:12.363+0000] {taskinstance.py:2076} INFO - Dependencies all met for dep_context=requeueable deps ti=<TaskInstance: load_neo4j_from_gold.wait_for_export_gold manual__2025-10-23T09:07:10.016790+00:00 [queued]>
[2025-10-23T09:07:12.363+0000] {taskinstance.py:2306} INFO - Starting attempt 1 of 1
[2025-10-23T09:07:12.370+0000] {taskinstance.py:2330} INFO - Executing <Task(ExternalTaskSensor): wait_for_export_gold> on 2025-10-23 09:07:10.016790+00:00
[2025-10-23T09:07:12.375+0000] {logging_mixin.py:188} WARNING - /home/***/.local/lib/python3.12/site-packages/***/task/task_runner/standard_task_runner.py:62 DeprecationWarning: This process (pid=2113) is multi-threaded, use of fork() may lead to deadlocks in the child.
[2025-10-23T09:07:12.375+0000] {standard_task_runner.py:64} INFO - Started process 2116 to run task
[2025-10-23T09:07:12.374+0000] {standard_task_runner.py:90} INFO - Running: ['***', 'tasks', 'run', 'load_neo4j_from_gold', 'wait_for_export_gold', 'manual__2025-10-23T09:07:10.016790+00:00', '--job-id', '122', '--raw', '--subdir', 'DAGS_FOLDER/load_neo4j_from_gold.py', '--cfg-path', '/tmp/tmp1p59romv']
[2025-10-23T09:07:12.376+0000] {standard_task_runner.py:91} INFO - Job 122: Subtask wait_for_export_gold
[2025-10-23T09:07:12.419+0000] {task_command.py:426} INFO - Running <TaskInstance: load_neo4j_from_gold.wait_for_export_gold manual__2025-10-23T09:07:10.016790+00:00 [running]> on host c48d41bd1c66
[2025-10-23T09:07:12.485+0000] {taskinstance.py:2648} INFO - Exporting env vars: AIRFLOW_CTX_DAG_OWNER='***' AIRFLOW_CTX_DAG_ID='load_neo4j_from_gold' AIRFLOW_CTX_TASK_ID='wait_for_export_gold' AIRFLOW_CTX_EXECUTION_DATE='2025-10-23T09:07:10.016790+00:00' AIRFLOW_CTX_TRY_NUMBER='1' AIRFLOW_CTX_DAG_RUN_ID='manual__2025-10-23T09:07:10.016790+00:00'
[2025-10-23T09:07:12.486+0000] {taskinstance.py:430} INFO - ::endgroup::
[2025-10-23T09:07:12.506+0000] {baseoperator.py:400} WARNING - ExternalTaskSensor.execute cannot be called outside TaskInstance!
[2025-10-23T09:07:12.513+0000] {external_task.py:258} INFO - Poking for tasks ['export_gold_csv'] in dag ingest_kg on 2025-10-23T09:07:10.016790+00:00 ... 
[2025-10-23T09:07:12.515+0000] {logging_mixin.py:188} WARNING - /home/***/.local/lib/python3.12/site-packages/***/utils/session.py:79 DeprecationWarning: This method is deprecated and will be removed in future.
[2025-10-23T09:07:12.524+0000] {taskinstance.py:441} INFO - ::group::Post task execution logs
[2025-10-23T09:07:12.536+0000] {taskinstance.py:2865} INFO - Rescheduling task, marking task as UP_FOR_RESCHEDULE
[2025-10-23T09:07:12.556+0000] {local_task_job_runner.py:243} INFO - Task exited with return code 0
[2025-10-23T09:07:12.572+0000] {taskinstance.py:3503} INFO - 0 downstream tasks scheduled from follow-on schedule check
[2025-10-23T09:07:12.572+0000] {local_task_job_runner.py:222} INFO - ::endgroup::
[2025-10-23T09:07:43.024+0000] {local_task_job_runner.py:120} INFO - ::group::Pre task execution logs
[2025-10-23T09:07:43.046+0000] {taskinstance.py:2076} INFO - Dependencies all met for dep_context=non-requeueable deps ti=<TaskInstance: load_neo4j_from_gold.wait_for_export_gold manual__2025-10-23T09:07:10.016790+00:00 [queued]>
[2025-10-23T09:07:43.049+0000] {taskinstance.py:2076} INFO - Dependencies all met for dep_context=requeueable deps ti=<TaskInstance: load_neo4j_from_gold.wait_for_export_gold manual__2025-10-23T09:07:10.016790+00:00 [queued]>
[2025-10-23T09:07:43.049+0000] {taskinstance.py:2306} INFO - Starting attempt 1 of 1
[2025-10-23T09:07:43.055+0000] {taskinstance.py:2330} INFO - Executing <Task(ExternalTaskSensor): wait_for_export_gold> on 2025-10-23 09:07:10.016790+00:00
[2025-10-23T09:07:43.059+0000] {logging_mixin.py:188} WARNING - /home/***/.local/lib/python3.12/site-packages/***/task/task_runner/standard_task_runner.py:62 DeprecationWarning: This process (pid=2240) is multi-threaded, use of fork() may lead to deadlocks in the child.
[2025-10-23T09:07:43.059+0000] {standard_task_runner.py:90} INFO - Running: ['***', 'tasks', 'run', 'load_neo4j_from_gold', 'wait_for_export_gold', 'manual__2025-10-23T09:07:10.016790+00:00', '--job-id', '137', '--raw', '--subdir', 'DAGS_FOLDER/load_neo4j_from_gold.py', '--cfg-path', '/tmp/tmpn5rpbdnv']
[2025-10-23T09:07:43.060+0000] {standard_task_runner.py:64} INFO - Started process 2241 to run task
[2025-10-23T09:07:43.060+0000] {standard_task_runner.py:91} INFO - Job 137: Subtask wait_for_export_gold
[2025-10-23T09:07:43.087+0000] {task_command.py:426} INFO - Running <TaskInstance: load_neo4j_from_gold.wait_for_export_gold manual__2025-10-23T09:07:10.016790+00:00 [running]> on host c48d41bd1c66
[2025-10-23T09:07:43.135+0000] {taskinstance.py:2648} INFO - Exporting env vars: AIRFLOW_CTX_DAG_OWNER='***' AIRFLOW_CTX_DAG_ID='load_neo4j_from_gold' AIRFLOW_CTX_TASK_ID='wait_for_export_gold' AIRFLOW_CTX_EXECUTION_DATE='2025-10-23T09:07:10.016790+00:00' AIRFLOW_CTX_TRY_NUMBER='1' AIRFLOW_CTX_DAG_RUN_ID='manual__2025-10-23T09:07:10.016790+00:00'
[2025-10-23T09:07:43.135+0000] {taskinstance.py:430} INFO - ::endgroup::
[2025-10-23T09:07:43.143+0000] {baseoperator.py:400} WARNING - ExternalTaskSensor.execute cannot be called outside TaskInstance!
[2025-10-23T09:07:43.148+0000] {external_task.py:258} INFO - Poking for tasks ['export_gold_csv'] in dag ingest_kg on 2025-10-23T09:07:10.016790+00:00 ... 
[2025-10-23T09:07:43.150+0000] {logging_mixin.py:188} WARNING - /home/***/.local/lib/python3.12/site-packages/***/utils/session.py:79 DeprecationWarning: This method is deprecated and will be removed in future.
[2025-10-23T09:07:43.157+0000] {taskinstance.py:441} INFO - ::group::Post task execution logs
[2025-10-23T09:07:43.168+0000] {taskinstance.py:2865} INFO - Rescheduling task, marking task as UP_FOR_RESCHEDULE
[2025-10-23T09:07:43.205+0000] {local_task_job_runner.py:243} INFO - Task exited with return code 0
[2025-10-23T09:07:43.218+0000] {taskinstance.py:3503} INFO - 0 downstream tasks scheduled from follow-on schedule check
[2025-10-23T09:07:43.219+0000] {local_task_job_runner.py:222} INFO - ::endgroup::
[2025-10-23T09:08:13.641+0000] {local_task_job_runner.py:120} INFO - ::group::Pre task execution logs
[2025-10-23T09:08:13.665+0000] {taskinstance.py:2076} INFO - Dependencies all met for dep_context=non-requeueable deps ti=<TaskInstance: load_neo4j_from_gold.wait_for_export_gold manual__2025-10-23T09:07:10.016790+00:00 [queued]>
[2025-10-23T09:08:13.668+0000] {taskinstance.py:2076} INFO - Dependencies all met for dep_context=requeueable deps ti=<TaskInstance: load_neo4j_from_gold.wait_for_export_gold manual__2025-10-23T09:07:10.016790+00:00 [queued]>
[2025-10-23T09:08:13.669+0000] {taskinstance.py:2306} INFO - Starting attempt 1 of 1
[2025-10-23T09:08:13.675+0000] {taskinstance.py:2330} INFO - Executing <Task(ExternalTaskSensor): wait_for_export_gold> on 2025-10-23 09:07:10.016790+00:00
[2025-10-23T09:08:13.682+0000] {logging_mixin.py:188} WARNING - /home/***/.local/lib/python3.12/site-packages/***/task/task_runner/standard_task_runner.py:62 DeprecationWarning: This process (pid=2270) is multi-threaded, use of fork() may lead to deadlocks in the child.
[2025-10-23T09:08:13.681+0000] {standard_task_runner.py:90} INFO - Running: ['***', 'tasks', 'run', 'load_neo4j_from_gold', 'wait_for_export_gold', 'manual__2025-10-23T09:07:10.016790+00:00', '--job-id', '147', '--raw', '--subdir', 'DAGS_FOLDER/load_neo4j_from_gold.py', '--cfg-path', '/tmp/tmpx09vu63i']
[2025-10-23T09:08:13.683+0000] {standard_task_runner.py:64} INFO - Started process 2271 to run task
[2025-10-23T09:08:13.684+0000] {standard_task_runner.py:91} INFO - Job 147: Subtask wait_for_export_gold
[2025-10-23T09:08:13.731+0000] {task_command.py:426} INFO - Running <TaskInstance: load_neo4j_from_gold.wait_for_export_gold manual__2025-10-23T09:07:10.016790+00:00 [running]> on host c48d41bd1c66
[2025-10-23T09:08:13.793+0000] {taskinstance.py:2648} INFO - Exporting env vars: AIRFLOW_CTX_DAG_OWNER='***' AIRFLOW_CTX_DAG_ID='load_neo4j_from_gold' AIRFLOW_CTX_TASK_ID='wait_for_export_gold' AIRFLOW_CTX_EXECUTION_DATE='2025-10-23T09:07:10.016790+00:00' AIRFLOW_CTX_TRY_NUMBER='1' AIRFLOW_CTX_DAG_RUN_ID='manual__2025-10-23T09:07:10.016790+00:00'
[2025-10-23T09:08:13.794+0000] {taskinstance.py:430} INFO - ::endgroup::
[2025-10-23T09:08:13.804+0000] {baseoperator.py:400} WARNING - ExternalTaskSensor.execute cannot be called outside TaskInstance!
[2025-10-23T09:08:13.811+0000] {external_task.py:258} INFO - Poking for tasks ['export_gold_csv'] in dag ingest_kg on 2025-10-23T09:07:10.016790+00:00 ... 
[2025-10-23T09:08:13.812+0000] {logging_mixin.py:188} WARNING - /home/***/.local/lib/python3.12/site-packages/***/utils/session.py:79 DeprecationWarning: This method is deprecated and will be removed in future.
[2025-10-23T09:08:13.821+0000] {taskinstance.py:441} INFO - ::group::Post task execution logs
[2025-10-23T09:08:13.834+0000] {taskinstance.py:2865} INFO - Rescheduling task, marking task as UP_FOR_RESCHEDULE
[2025-10-23T09:08:13.867+0000] {local_task_job_runner.py:243} INFO - Task exited with return code 0
[2025-10-23T09:08:13.881+0000] {taskinstance.py:3503} INFO - 0 downstream tasks scheduled from follow-on schedule check
[2025-10-23T09:08:13.882+0000] {local_task_job_runner.py:222} INFO - ::endgroup::
[2025-10-23T09:08:45.122+0000] {local_task_job_runner.py:120} INFO - ::group::Pre task execution logs
[2025-10-23T09:08:45.149+0000] {taskinstance.py:2076} INFO - Dependencies all met for dep_context=non-requeueable deps ti=<TaskInstance: load_neo4j_from_gold.wait_for_export_gold manual__2025-10-23T09:07:10.016790+00:00 [queued]>
[2025-10-23T09:08:45.152+0000] {taskinstance.py:2076} INFO - Dependencies all met for dep_context=requeueable deps ti=<TaskInstance: load_neo4j_from_gold.wait_for_export_gold manual__2025-10-23T09:07:10.016790+00:00 [queued]>
[2025-10-23T09:08:45.153+0000] {taskinstance.py:2306} INFO - Starting attempt 1 of 1
[2025-10-23T09:08:45.159+0000] {taskinstance.py:2330} INFO - Executing <Task(ExternalTaskSensor): wait_for_export_gold> on 2025-10-23 09:07:10.016790+00:00
[2025-10-23T09:08:45.164+0000] {logging_mixin.py:188} WARNING - /home/***/.local/lib/python3.12/site-packages/***/task/task_runner/standard_task_runner.py:62 DeprecationWarning: This process (pid=2300) is multi-threaded, use of fork() may lead to deadlocks in the child.
[2025-10-23T09:08:45.163+0000] {standard_task_runner.py:90} INFO - Running: ['***', 'tasks', 'run', 'load_neo4j_from_gold', 'wait_for_export_gold', 'manual__2025-10-23T09:07:10.016790+00:00', '--job-id', '157', '--raw', '--subdir', 'DAGS_FOLDER/load_neo4j_from_gold.py', '--cfg-path', '/tmp/tmpdurehf4r']
[2025-10-23T09:08:45.166+0000] {standard_task_runner.py:91} INFO - Job 157: Subtask wait_for_export_gold
[2025-10-23T09:08:45.166+0000] {standard_task_runner.py:64} INFO - Started process 2301 to run task
[2025-10-23T09:08:45.217+0000] {task_command.py:426} INFO - Running <TaskInstance: load_neo4j_from_gold.wait_for_export_gold manual__2025-10-23T09:07:10.016790+00:00 [running]> on host c48d41bd1c66
[2025-10-23T09:08:45.267+0000] {taskinstance.py:2648} INFO - Exporting env vars: AIRFLOW_CTX_DAG_OWNER='***' AIRFLOW_CTX_DAG_ID='load_neo4j_from_gold' AIRFLOW_CTX_TASK_ID='wait_for_export_gold' AIRFLOW_CTX_EXECUTION_DATE='2025-10-23T09:07:10.016790+00:00' AIRFLOW_CTX_TRY_NUMBER='1' AIRFLOW_CTX_DAG_RUN_ID='manual__2025-10-23T09:07:10.016790+00:00'
[2025-10-23T09:08:45.268+0000] {taskinstance.py:430} INFO - ::endgroup::
[2025-10-23T09:08:45.275+0000] {baseoperator.py:400} WARNING - ExternalTaskSensor.execute cannot be called outside TaskInstance!
[2025-10-23T09:08:45.281+0000] {external_task.py:258} INFO - Poking for tasks ['export_gold_csv'] in dag ingest_kg on 2025-10-23T09:07:10.016790+00:00 ... 
[2025-10-23T09:08:45.282+0000] {logging_mixin.py:188} WARNING - /home/***/.local/lib/python3.12/site-packages/***/utils/session.py:79 DeprecationWarning: This method is deprecated and will be removed in future.
[2025-10-23T09:08:45.290+0000] {taskinstance.py:441} INFO - ::group::Post task execution logs
[2025-10-23T09:08:45.300+0000] {taskinstance.py:2865} INFO - Rescheduling task, marking task as UP_FOR_RESCHEDULE
[2025-10-23T09:08:45.312+0000] {local_task_job_runner.py:243} INFO - Task exited with return code 0
[2025-10-23T09:08:45.326+0000] {taskinstance.py:3503} INFO - 0 downstream tasks scheduled from follow-on schedule check
[2025-10-23T09:08:45.327+0000] {local_task_job_runner.py:222} INFO - ::endgroup::
[2025-10-23T09:09:15.831+0000] {local_task_job_runner.py:120} INFO - ::group::Pre task execution logs
[2025-10-23T09:09:15.853+0000] {taskinstance.py:2076} INFO - Dependencies all met for dep_context=non-requeueable deps ti=<TaskInstance: load_neo4j_from_gold.wait_for_export_gold manual__2025-10-23T09:07:10.016790+00:00 [queued]>
[2025-10-23T09:09:15.858+0000] {taskinstance.py:2076} INFO - Dependencies all met for dep_context=requeueable deps ti=<TaskInstance: load_neo4j_from_gold.wait_for_export_gold manual__2025-10-23T09:07:10.016790+00:00 [queued]>
[2025-10-23T09:09:15.858+0000] {taskinstance.py:2306} INFO - Starting attempt 1 of 1
[2025-10-23T09:09:15.866+0000] {taskinstance.py:2330} INFO - Executing <Task(ExternalTaskSensor): wait_for_export_gold> on 2025-10-23 09:07:10.016790+00:00
[2025-10-23T09:09:15.873+0000] {logging_mixin.py:188} WARNING - /home/***/.local/lib/python3.12/site-packages/***/task/task_runner/standard_task_runner.py:62 DeprecationWarning: This process (pid=2330) is multi-threaded, use of fork() may lead to deadlocks in the child.
[2025-10-23T09:09:15.874+0000] {standard_task_runner.py:64} INFO - Started process 2331 to run task
[2025-10-23T09:09:15.873+0000] {standard_task_runner.py:90} INFO - Running: ['***', 'tasks', 'run', 'load_neo4j_from_gold', 'wait_for_export_gold', 'manual__2025-10-23T09:07:10.016790+00:00', '--job-id', '167', '--raw', '--subdir', 'DAGS_FOLDER/load_neo4j_from_gold.py', '--cfg-path', '/tmp/tmprn7atboh']
[2025-10-23T09:09:15.876+0000] {standard_task_runner.py:91} INFO - Job 167: Subtask wait_for_export_gold
[2025-10-23T09:09:15.928+0000] {task_command.py:426} INFO - Running <TaskInstance: load_neo4j_from_gold.wait_for_export_gold manual__2025-10-23T09:07:10.016790+00:00 [running]> on host c48d41bd1c66
[2025-10-23T09:09:15.976+0000] {taskinstance.py:2648} INFO - Exporting env vars: AIRFLOW_CTX_DAG_OWNER='***' AIRFLOW_CTX_DAG_ID='load_neo4j_from_gold' AIRFLOW_CTX_TASK_ID='wait_for_export_gold' AIRFLOW_CTX_EXECUTION_DATE='2025-10-23T09:07:10.016790+00:00' AIRFLOW_CTX_TRY_NUMBER='1' AIRFLOW_CTX_DAG_RUN_ID='manual__2025-10-23T09:07:10.016790+00:00'
[2025-10-23T09:09:15.977+0000] {taskinstance.py:430} INFO - ::endgroup::
[2025-10-23T09:09:15.985+0000] {baseoperator.py:400} WARNING - ExternalTaskSensor.execute cannot be called outside TaskInstance!
[2025-10-23T09:09:15.991+0000] {external_task.py:258} INFO - Poking for tasks ['export_gold_csv'] in dag ingest_kg on 2025-10-23T09:07:10.016790+00:00 ... 
[2025-10-23T09:09:15.996+0000] {logging_mixin.py:188} WARNING - /home/***/.local/lib/python3.12/site-packages/***/utils/session.py:79 DeprecationWarning: This method is deprecated and will be removed in future.
[2025-10-23T09:09:16.007+0000] {taskinstance.py:441} INFO - ::group::Post task execution logs
[2025-10-23T09:09:16.019+0000] {taskinstance.py:2865} INFO - Rescheduling task, marking task as UP_FOR_RESCHEDULE
[2025-10-23T09:09:16.056+0000] {local_task_job_runner.py:243} INFO - Task exited with return code 0
[2025-10-23T09:09:16.070+0000] {taskinstance.py:3503} INFO - 0 downstream tasks scheduled from follow-on schedule check
[2025-10-23T09:09:16.070+0000] {local_task_job_runner.py:222} INFO - ::endgroup::
[2025-10-23T09:09:47.296+0000] {local_task_job_runner.py:120} INFO - ::group::Pre task execution logs
[2025-10-23T09:09:47.320+0000] {taskinstance.py:2076} INFO - Dependencies all met for dep_context=non-requeueable deps ti=<TaskInstance: load_neo4j_from_gold.wait_for_export_gold manual__2025-10-23T09:07:10.016790+00:00 [queued]>
[2025-10-23T09:09:47.324+0000] {taskinstance.py:2076} INFO - Dependencies all met for dep_context=requeueable deps ti=<TaskInstance: load_neo4j_from_gold.wait_for_export_gold manual__2025-10-23T09:07:10.016790+00:00 [queued]>
[2025-10-23T09:09:47.324+0000] {taskinstance.py:2306} INFO - Starting attempt 1 of 1
[2025-10-23T09:09:47.331+0000] {taskinstance.py:2330} INFO - Executing <Task(ExternalTaskSensor): wait_for_export_gold> on 2025-10-23 09:07:10.016790+00:00
[2025-10-23T09:09:47.338+0000] {logging_mixin.py:188} WARNING - /home/***/.local/lib/python3.12/site-packages/***/task/task_runner/standard_task_runner.py:62 DeprecationWarning: This process (pid=2360) is multi-threaded, use of fork() may lead to deadlocks in the child.
[2025-10-23T09:09:47.340+0000] {standard_task_runner.py:64} INFO - Started process 2361 to run task
[2025-10-23T09:09:47.338+0000] {standard_task_runner.py:90} INFO - Running: ['***', 'tasks', 'run', 'load_neo4j_from_gold', 'wait_for_export_gold', 'manual__2025-10-23T09:07:10.016790+00:00', '--job-id', '177', '--raw', '--subdir', 'DAGS_FOLDER/load_neo4j_from_gold.py', '--cfg-path', '/tmp/tmpifwrk3l_']
[2025-10-23T09:09:47.341+0000] {standard_task_runner.py:91} INFO - Job 177: Subtask wait_for_export_gold
[2025-10-23T09:09:47.398+0000] {task_command.py:426} INFO - Running <TaskInstance: load_neo4j_from_gold.wait_for_export_gold manual__2025-10-23T09:07:10.016790+00:00 [running]> on host c48d41bd1c66
[2025-10-23T09:09:47.457+0000] {taskinstance.py:2648} INFO - Exporting env vars: AIRFLOW_CTX_DAG_OWNER='***' AIRFLOW_CTX_DAG_ID='load_neo4j_from_gold' AIRFLOW_CTX_TASK_ID='wait_for_export_gold' AIRFLOW_CTX_EXECUTION_DATE='2025-10-23T09:07:10.016790+00:00' AIRFLOW_CTX_TRY_NUMBER='1' AIRFLOW_CTX_DAG_RUN_ID='manual__2025-10-23T09:07:10.016790+00:00'
[2025-10-23T09:09:47.458+0000] {taskinstance.py:430} INFO - ::endgroup::
[2025-10-23T09:09:47.467+0000] {baseoperator.py:400} WARNING - ExternalTaskSensor.execute cannot be called outside TaskInstance!
[2025-10-23T09:09:47.474+0000] {external_task.py:258} INFO - Poking for tasks ['export_gold_csv'] in dag ingest_kg on 2025-10-23T09:07:10.016790+00:00 ... 
[2025-10-23T09:09:47.476+0000] {logging_mixin.py:188} WARNING - /home/***/.local/lib/python3.12/site-packages/***/utils/session.py:79 DeprecationWarning: This method is deprecated and will be removed in future.
[2025-10-23T09:09:47.484+0000] {taskinstance.py:441} INFO - ::group::Post task execution logs
[2025-10-23T09:09:47.506+0000] {taskinstance.py:2865} INFO - Rescheduling task, marking task as UP_FOR_RESCHEDULE
[2025-10-23T09:09:47.522+0000] {local_task_job_runner.py:243} INFO - Task exited with return code 0
[2025-10-23T09:09:47.538+0000] {taskinstance.py:3503} INFO - 0 downstream tasks scheduled from follow-on schedule check
[2025-10-23T09:09:47.539+0000] {local_task_job_runner.py:222} INFO - ::endgroup::
[2025-10-23T09:10:17.677+0000] {local_task_job_runner.py:120} INFO - ::group::Pre task execution logs
[2025-10-23T09:10:17.700+0000] {taskinstance.py:2076} INFO - Dependencies all met for dep_context=non-requeueable deps ti=<TaskInstance: load_neo4j_from_gold.wait_for_export_gold manual__2025-10-23T09:07:10.016790+00:00 [queued]>
[2025-10-23T09:10:17.704+0000] {taskinstance.py:2076} INFO - Dependencies all met for dep_context=requeueable deps ti=<TaskInstance: load_neo4j_from_gold.wait_for_export_gold manual__2025-10-23T09:07:10.016790+00:00 [queued]>
[2025-10-23T09:10:17.704+0000] {taskinstance.py:2306} INFO - Starting attempt 1 of 1
[2025-10-23T09:10:17.711+0000] {taskinstance.py:2330} INFO - Executing <Task(ExternalTaskSensor): wait_for_export_gold> on 2025-10-23 09:07:10.016790+00:00
[2025-10-23T09:10:17.716+0000] {logging_mixin.py:188} WARNING - /home/***/.local/lib/python3.12/site-packages/***/task/task_runner/standard_task_runner.py:62 DeprecationWarning: This process (pid=2390) is multi-threaded, use of fork() may lead to deadlocks in the child.
[2025-10-23T09:10:17.717+0000] {standard_task_runner.py:64} INFO - Started process 2391 to run task
[2025-10-23T09:10:17.716+0000] {standard_task_runner.py:90} INFO - Running: ['***', 'tasks', 'run', 'load_neo4j_from_gold', 'wait_for_export_gold', 'manual__2025-10-23T09:07:10.016790+00:00', '--job-id', '187', '--raw', '--subdir', 'DAGS_FOLDER/load_neo4j_from_gold.py', '--cfg-path', '/tmp/tmpczl82g1n']
[2025-10-23T09:10:17.718+0000] {standard_task_runner.py:91} INFO - Job 187: Subtask wait_for_export_gold
[2025-10-23T09:10:17.767+0000] {task_command.py:426} INFO - Running <TaskInstance: load_neo4j_from_gold.wait_for_export_gold manual__2025-10-23T09:07:10.016790+00:00 [running]> on host c48d41bd1c66
[2025-10-23T09:10:17.831+0000] {taskinstance.py:2648} INFO - Exporting env vars: AIRFLOW_CTX_DAG_OWNER='***' AIRFLOW_CTX_DAG_ID='load_neo4j_from_gold' AIRFLOW_CTX_TASK_ID='wait_for_export_gold' AIRFLOW_CTX_EXECUTION_DATE='2025-10-23T09:07:10.016790+00:00' AIRFLOW_CTX_TRY_NUMBER='1' AIRFLOW_CTX_DAG_RUN_ID='manual__2025-10-23T09:07:10.016790+00:00'
[2025-10-23T09:10:17.833+0000] {taskinstance.py:430} INFO - ::endgroup::
[2025-10-23T09:10:17.842+0000] {baseoperator.py:400} WARNING - ExternalTaskSensor.execute cannot be called outside TaskInstance!
[2025-10-23T09:10:17.880+0000] {external_task.py:258} INFO - Poking for tasks ['export_gold_csv'] in dag ingest_kg on 2025-10-23T09:07:10.016790+00:00 ... 
[2025-10-23T09:10:17.886+0000] {logging_mixin.py:188} WARNING - /home/***/.local/lib/python3.12/site-packages/***/utils/session.py:79 DeprecationWarning: This method is deprecated and will be removed in future.
[2025-10-23T09:10:17.904+0000] {taskinstance.py:441} INFO - ::group::Post task execution logs
[2025-10-23T09:10:17.917+0000] {taskinstance.py:2865} INFO - Rescheduling task, marking task as UP_FOR_RESCHEDULE
[2025-10-23T09:10:17.962+0000] {local_task_job_runner.py:243} INFO - Task exited with return code 0
[2025-10-23T09:10:17.978+0000] {taskinstance.py:3503} INFO - 0 downstream tasks scheduled from follow-on schedule check
[2025-10-23T09:10:17.979+0000] {local_task_job_runner.py:222} INFO - ::endgroup::
[2025-10-23T09:10:48.059+0000] {local_task_job_runner.py:120} INFO - ::group::Pre task execution logs
[2025-10-23T09:10:48.083+0000] {taskinstance.py:2076} INFO - Dependencies all met for dep_context=non-requeueable deps ti=<TaskInstance: load_neo4j_from_gold.wait_for_export_gold manual__2025-10-23T09:07:10.016790+00:00 [queued]>
[2025-10-23T09:10:48.088+0000] {taskinstance.py:2076} INFO - Dependencies all met for dep_context=requeueable deps ti=<TaskInstance: load_neo4j_from_gold.wait_for_export_gold manual__2025-10-23T09:07:10.016790+00:00 [queued]>
[2025-10-23T09:10:48.088+0000] {taskinstance.py:2306} INFO - Starting attempt 1 of 1
[2025-10-23T09:10:48.099+0000] {taskinstance.py:2330} INFO - Executing <Task(ExternalTaskSensor): wait_for_export_gold> on 2025-10-23 09:07:10.016790+00:00
[2025-10-23T09:10:48.105+0000] {logging_mixin.py:188} WARNING - /home/***/.local/lib/python3.12/site-packages/***/task/task_runner/standard_task_runner.py:62 DeprecationWarning: This process (pid=2420) is multi-threaded, use of fork() may lead to deadlocks in the child.
[2025-10-23T09:10:48.106+0000] {standard_task_runner.py:64} INFO - Started process 2421 to run task
[2025-10-23T09:10:48.105+0000] {standard_task_runner.py:90} INFO - Running: ['***', 'tasks', 'run', 'load_neo4j_from_gold', 'wait_for_export_gold', 'manual__2025-10-23T09:07:10.016790+00:00', '--job-id', '197', '--raw', '--subdir', 'DAGS_FOLDER/load_neo4j_from_gold.py', '--cfg-path', '/tmp/tmpjuv_zufc']
[2025-10-23T09:10:48.107+0000] {standard_task_runner.py:91} INFO - Job 197: Subtask wait_for_export_gold
[2025-10-23T09:10:48.143+0000] {task_command.py:426} INFO - Running <TaskInstance: load_neo4j_from_gold.wait_for_export_gold manual__2025-10-23T09:07:10.016790+00:00 [running]> on host c48d41bd1c66
[2025-10-23T09:10:48.187+0000] {taskinstance.py:2648} INFO - Exporting env vars: AIRFLOW_CTX_DAG_OWNER='***' AIRFLOW_CTX_DAG_ID='load_neo4j_from_gold' AIRFLOW_CTX_TASK_ID='wait_for_export_gold' AIRFLOW_CTX_EXECUTION_DATE='2025-10-23T09:07:10.016790+00:00' AIRFLOW_CTX_TRY_NUMBER='1' AIRFLOW_CTX_DAG_RUN_ID='manual__2025-10-23T09:07:10.016790+00:00'
[2025-10-23T09:10:48.188+0000] {taskinstance.py:430} INFO - ::endgroup::
[2025-10-23T09:10:48.194+0000] {baseoperator.py:400} WARNING - ExternalTaskSensor.execute cannot be called outside TaskInstance!
[2025-10-23T09:10:48.200+0000] {external_task.py:258} INFO - Poking for tasks ['export_gold_csv'] in dag ingest_kg on 2025-10-23T09:07:10.016790+00:00 ... 
[2025-10-23T09:10:48.202+0000] {logging_mixin.py:188} WARNING - /home/***/.local/lib/python3.12/site-packages/***/utils/session.py:79 DeprecationWarning: This method is deprecated and will be removed in future.
[2025-10-23T09:10:48.210+0000] {taskinstance.py:441} INFO - ::group::Post task execution logs
[2025-10-23T09:10:48.221+0000] {taskinstance.py:2865} INFO - Rescheduling task, marking task as UP_FOR_RESCHEDULE
[2025-10-23T09:10:48.245+0000] {local_task_job_runner.py:243} INFO - Task exited with return code 0
[2025-10-23T09:10:48.258+0000] {taskinstance.py:3503} INFO - 0 downstream tasks scheduled from follow-on schedule check
[2025-10-23T09:10:48.259+0000] {local_task_job_runner.py:222} INFO - ::endgroup::
[2025-10-23T09:11:18.776+0000] {local_task_job_runner.py:120} INFO - ::group::Pre task execution logs
[2025-10-23T09:11:18.791+0000] {taskinstance.py:2076} INFO - Dependencies all met for dep_context=non-requeueable deps ti=<TaskInstance: load_neo4j_from_gold.wait_for_export_gold manual__2025-10-23T09:07:10.016790+00:00 [queued]>
[2025-10-23T09:11:18.794+0000] {taskinstance.py:2076} INFO - Dependencies all met for dep_context=requeueable deps ti=<TaskInstance: load_neo4j_from_gold.wait_for_export_gold manual__2025-10-23T09:07:10.016790+00:00 [queued]>
[2025-10-23T09:11:18.794+0000] {taskinstance.py:2306} INFO - Starting attempt 1 of 1
[2025-10-23T09:11:18.800+0000] {taskinstance.py:2330} INFO - Executing <Task(ExternalTaskSensor): wait_for_export_gold> on 2025-10-23 09:07:10.016790+00:00
[2025-10-23T09:11:18.804+0000] {logging_mixin.py:188} WARNING - /home/***/.local/lib/python3.12/site-packages/***/task/task_runner/standard_task_runner.py:62 DeprecationWarning: This process (pid=2450) is multi-threaded, use of fork() may lead to deadlocks in the child.
[2025-10-23T09:11:18.805+0000] {standard_task_runner.py:64} INFO - Started process 2451 to run task
[2025-10-23T09:11:18.805+0000] {standard_task_runner.py:90} INFO - Running: ['***', 'tasks', 'run', 'load_neo4j_from_gold', 'wait_for_export_gold', 'manual__2025-10-23T09:07:10.016790+00:00', '--job-id', '207', '--raw', '--subdir', 'DAGS_FOLDER/load_neo4j_from_gold.py', '--cfg-path', '/tmp/tmp3xh8ywt5']
[2025-10-23T09:11:18.809+0000] {standard_task_runner.py:91} INFO - Job 207: Subtask wait_for_export_gold
[2025-10-23T09:11:18.843+0000] {task_command.py:426} INFO - Running <TaskInstance: load_neo4j_from_gold.wait_for_export_gold manual__2025-10-23T09:07:10.016790+00:00 [running]> on host c48d41bd1c66
[2025-10-23T09:11:18.884+0000] {taskinstance.py:2648} INFO - Exporting env vars: AIRFLOW_CTX_DAG_OWNER='***' AIRFLOW_CTX_DAG_ID='load_neo4j_from_gold' AIRFLOW_CTX_TASK_ID='wait_for_export_gold' AIRFLOW_CTX_EXECUTION_DATE='2025-10-23T09:07:10.016790+00:00' AIRFLOW_CTX_TRY_NUMBER='1' AIRFLOW_CTX_DAG_RUN_ID='manual__2025-10-23T09:07:10.016790+00:00'
[2025-10-23T09:11:18.885+0000] {taskinstance.py:430} INFO - ::endgroup::
[2025-10-23T09:11:18.891+0000] {baseoperator.py:400} WARNING - ExternalTaskSensor.execute cannot be called outside TaskInstance!
[2025-10-23T09:11:18.896+0000] {external_task.py:258} INFO - Poking for tasks ['export_gold_csv'] in dag ingest_kg on 2025-10-23T09:07:10.016790+00:00 ... 
[2025-10-23T09:11:18.898+0000] {logging_mixin.py:188} WARNING - /home/***/.local/lib/python3.12/site-packages/***/utils/session.py:79 DeprecationWarning: This method is deprecated and will be removed in future.
[2025-10-23T09:11:18.904+0000] {taskinstance.py:441} INFO - ::group::Post task execution logs
[2025-10-23T09:11:18.914+0000] {taskinstance.py:2865} INFO - Rescheduling task, marking task as UP_FOR_RESCHEDULE
[2025-10-23T09:11:18.945+0000] {local_task_job_runner.py:243} INFO - Task exited with return code 0
[2025-10-23T09:11:18.958+0000] {taskinstance.py:3503} INFO - 0 downstream tasks scheduled from follow-on schedule check
[2025-10-23T09:11:18.958+0000] {local_task_job_runner.py:222} INFO - ::endgroup::
[2025-10-23T09:11:49.860+0000] {local_task_job_runner.py:120} INFO - ::group::Pre task execution logs
[2025-10-23T09:11:49.886+0000] {taskinstance.py:2076} INFO - Dependencies all met for dep_context=non-requeueable deps ti=<TaskInstance: load_neo4j_from_gold.wait_for_export_gold manual__2025-10-23T09:07:10.016790+00:00 [queued]>
[2025-10-23T09:11:49.890+0000] {taskinstance.py:2076} INFO - Dependencies all met for dep_context=requeueable deps ti=<TaskInstance: load_neo4j_from_gold.wait_for_export_gold manual__2025-10-23T09:07:10.016790+00:00 [queued]>
[2025-10-23T09:11:49.890+0000] {taskinstance.py:2306} INFO - Starting attempt 1 of 1
[2025-10-23T09:11:49.897+0000] {taskinstance.py:2330} INFO - Executing <Task(ExternalTaskSensor): wait_for_export_gold> on 2025-10-23 09:07:10.016790+00:00
[2025-10-23T09:11:49.910+0000] {logging_mixin.py:188} WARNING - /home/***/.local/lib/python3.12/site-packages/***/task/task_runner/standard_task_runner.py:62 DeprecationWarning: This process (pid=2480) is multi-threaded, use of fork() may lead to deadlocks in the child.
[2025-10-23T09:11:49.914+0000] {standard_task_runner.py:64} INFO - Started process 2481 to run task
[2025-10-23T09:11:49.910+0000] {standard_task_runner.py:90} INFO - Running: ['***', 'tasks', 'run', 'load_neo4j_from_gold', 'wait_for_export_gold', 'manual__2025-10-23T09:07:10.016790+00:00', '--job-id', '217', '--raw', '--subdir', 'DAGS_FOLDER/load_neo4j_from_gold.py', '--cfg-path', '/tmp/tmpte2durxr']
[2025-10-23T09:11:49.917+0000] {standard_task_runner.py:91} INFO - Job 217: Subtask wait_for_export_gold
[2025-10-23T09:11:49.957+0000] {task_command.py:426} INFO - Running <TaskInstance: load_neo4j_from_gold.wait_for_export_gold manual__2025-10-23T09:07:10.016790+00:00 [running]> on host c48d41bd1c66
[2025-10-23T09:11:50.021+0000] {taskinstance.py:2648} INFO - Exporting env vars: AIRFLOW_CTX_DAG_OWNER='***' AIRFLOW_CTX_DAG_ID='load_neo4j_from_gold' AIRFLOW_CTX_TASK_ID='wait_for_export_gold' AIRFLOW_CTX_EXECUTION_DATE='2025-10-23T09:07:10.016790+00:00' AIRFLOW_CTX_TRY_NUMBER='1' AIRFLOW_CTX_DAG_RUN_ID='manual__2025-10-23T09:07:10.016790+00:00'
[2025-10-23T09:11:50.022+0000] {taskinstance.py:430} INFO - ::endgroup::
[2025-10-23T09:11:50.031+0000] {baseoperator.py:400} WARNING - ExternalTaskSensor.execute cannot be called outside TaskInstance!
[2025-10-23T09:11:50.037+0000] {external_task.py:258} INFO - Poking for tasks ['export_gold_csv'] in dag ingest_kg on 2025-10-23T09:07:10.016790+00:00 ... 
[2025-10-23T09:11:50.039+0000] {logging_mixin.py:188} WARNING - /home/***/.local/lib/python3.12/site-packages/***/utils/session.py:79 DeprecationWarning: This method is deprecated and will be removed in future.
[2025-10-23T09:11:50.046+0000] {taskinstance.py:441} INFO - ::group::Post task execution logs
[2025-10-23T09:11:50.058+0000] {taskinstance.py:2865} INFO - Rescheduling task, marking task as UP_FOR_RESCHEDULE
[2025-10-23T09:11:50.098+0000] {local_task_job_runner.py:243} INFO - Task exited with return code 0
[2025-10-23T09:11:50.115+0000] {taskinstance.py:3503} INFO - 0 downstream tasks scheduled from follow-on schedule check
[2025-10-23T09:11:50.116+0000] {local_task_job_runner.py:222} INFO - ::endgroup::
[2025-10-23T09:12:20.450+0000] {local_task_job_runner.py:120} INFO - ::group::Pre task execution logs
[2025-10-23T09:12:20.482+0000] {taskinstance.py:2076} INFO - Dependencies all met for dep_context=non-requeueable deps ti=<TaskInstance: load_neo4j_from_gold.wait_for_export_gold manual__2025-10-23T09:07:10.016790+00:00 [queued]>
[2025-10-23T09:12:20.487+0000] {taskinstance.py:2076} INFO - Dependencies all met for dep_context=requeueable deps ti=<TaskInstance: load_neo4j_from_gold.wait_for_export_gold manual__2025-10-23T09:07:10.016790+00:00 [queued]>
[2025-10-23T09:12:20.487+0000] {taskinstance.py:2306} INFO - Starting attempt 1 of 1
[2025-10-23T09:12:20.495+0000] {taskinstance.py:2330} INFO - Executing <Task(ExternalTaskSensor): wait_for_export_gold> on 2025-10-23 09:07:10.016790+00:00
[2025-10-23T09:12:20.501+0000] {logging_mixin.py:188} WARNING - /home/***/.local/lib/python3.12/site-packages/***/task/task_runner/standard_task_runner.py:62 DeprecationWarning: This process (pid=2510) is multi-threaded, use of fork() may lead to deadlocks in the child.
[2025-10-23T09:12:20.502+0000] {standard_task_runner.py:64} INFO - Started process 2511 to run task
[2025-10-23T09:12:20.501+0000] {standard_task_runner.py:90} INFO - Running: ['***', 'tasks', 'run', 'load_neo4j_from_gold', 'wait_for_export_gold', 'manual__2025-10-23T09:07:10.016790+00:00', '--job-id', '227', '--raw', '--subdir', 'DAGS_FOLDER/load_neo4j_from_gold.py', '--cfg-path', '/tmp/tmp8ntaeyxn']
[2025-10-23T09:12:20.503+0000] {standard_task_runner.py:91} INFO - Job 227: Subtask wait_for_export_gold
[2025-10-23T09:12:20.537+0000] {task_command.py:426} INFO - Running <TaskInstance: load_neo4j_from_gold.wait_for_export_gold manual__2025-10-23T09:07:10.016790+00:00 [running]> on host c48d41bd1c66
[2025-10-23T09:12:20.599+0000] {taskinstance.py:2648} INFO - Exporting env vars: AIRFLOW_CTX_DAG_OWNER='***' AIRFLOW_CTX_DAG_ID='load_neo4j_from_gold' AIRFLOW_CTX_TASK_ID='wait_for_export_gold' AIRFLOW_CTX_EXECUTION_DATE='2025-10-23T09:07:10.016790+00:00' AIRFLOW_CTX_TRY_NUMBER='1' AIRFLOW_CTX_DAG_RUN_ID='manual__2025-10-23T09:07:10.016790+00:00'
[2025-10-23T09:12:20.600+0000] {taskinstance.py:430} INFO - ::endgroup::
[2025-10-23T09:12:20.607+0000] {baseoperator.py:400} WARNING - ExternalTaskSensor.execute cannot be called outside TaskInstance!
[2025-10-23T09:12:20.613+0000] {external_task.py:258} INFO - Poking for tasks ['export_gold_csv'] in dag ingest_kg on 2025-10-23T09:07:10.016790+00:00 ... 
[2025-10-23T09:12:20.615+0000] {logging_mixin.py:188} WARNING - /home/***/.local/lib/python3.12/site-packages/***/utils/session.py:79 DeprecationWarning: This method is deprecated and will be removed in future.
[2025-10-23T09:12:20.622+0000] {taskinstance.py:441} INFO - ::group::Post task execution logs
[2025-10-23T09:12:20.633+0000] {taskinstance.py:2865} INFO - Rescheduling task, marking task as UP_FOR_RESCHEDULE
[2025-10-23T09:12:20.642+0000] {local_task_job_runner.py:243} INFO - Task exited with return code 0
[2025-10-23T09:12:20.656+0000] {taskinstance.py:3503} INFO - 0 downstream tasks scheduled from follow-on schedule check
[2025-10-23T09:12:20.657+0000] {local_task_job_runner.py:222} INFO - ::endgroup::
[2025-10-23T09:12:51.788+0000] {local_task_job_runner.py:120} INFO - ::group::Pre task execution logs
[2025-10-23T09:12:51.807+0000] {taskinstance.py:2076} INFO - Dependencies all met for dep_context=non-requeueable deps ti=<TaskInstance: load_neo4j_from_gold.wait_for_export_gold manual__2025-10-23T09:07:10.016790+00:00 [queued]>
[2025-10-23T09:12:51.811+0000] {taskinstance.py:2076} INFO - Dependencies all met for dep_context=requeueable deps ti=<TaskInstance: load_neo4j_from_gold.wait_for_export_gold manual__2025-10-23T09:07:10.016790+00:00 [queued]>
[2025-10-23T09:12:51.811+0000] {taskinstance.py:2306} INFO - Starting attempt 1 of 1
[2025-10-23T09:12:51.819+0000] {taskinstance.py:2330} INFO - Executing <Task(ExternalTaskSensor): wait_for_export_gold> on 2025-10-23 09:07:10.016790+00:00
[2025-10-23T09:12:51.823+0000] {logging_mixin.py:188} WARNING - /home/***/.local/lib/python3.12/site-packages/***/task/task_runner/standard_task_runner.py:62 DeprecationWarning: This process (pid=2540) is multi-threaded, use of fork() may lead to deadlocks in the child.
[2025-10-23T09:12:51.824+0000] {standard_task_runner.py:64} INFO - Started process 2542 to run task
[2025-10-23T09:12:51.823+0000] {standard_task_runner.py:90} INFO - Running: ['***', 'tasks', 'run', 'load_neo4j_from_gold', 'wait_for_export_gold', 'manual__2025-10-23T09:07:10.016790+00:00', '--job-id', '237', '--raw', '--subdir', 'DAGS_FOLDER/load_neo4j_from_gold.py', '--cfg-path', '/tmp/tmp18zug9ly']
[2025-10-23T09:12:51.825+0000] {standard_task_runner.py:91} INFO - Job 237: Subtask wait_for_export_gold
[2025-10-23T09:12:51.856+0000] {task_command.py:426} INFO - Running <TaskInstance: load_neo4j_from_gold.wait_for_export_gold manual__2025-10-23T09:07:10.016790+00:00 [running]> on host c48d41bd1c66
[2025-10-23T09:12:51.909+0000] {taskinstance.py:2648} INFO - Exporting env vars: AIRFLOW_CTX_DAG_OWNER='***' AIRFLOW_CTX_DAG_ID='load_neo4j_from_gold' AIRFLOW_CTX_TASK_ID='wait_for_export_gold' AIRFLOW_CTX_EXECUTION_DATE='2025-10-23T09:07:10.016790+00:00' AIRFLOW_CTX_TRY_NUMBER='1' AIRFLOW_CTX_DAG_RUN_ID='manual__2025-10-23T09:07:10.016790+00:00'
[2025-10-23T09:12:51.910+0000] {taskinstance.py:430} INFO - ::endgroup::
[2025-10-23T09:12:51.918+0000] {baseoperator.py:400} WARNING - ExternalTaskSensor.execute cannot be called outside TaskInstance!
[2025-10-23T09:12:51.924+0000] {external_task.py:258} INFO - Poking for tasks ['export_gold_csv'] in dag ingest_kg on 2025-10-23T09:07:10.016790+00:00 ... 
[2025-10-23T09:12:51.925+0000] {logging_mixin.py:188} WARNING - /home/***/.local/lib/python3.12/site-packages/***/utils/session.py:79 DeprecationWarning: This method is deprecated and will be removed in future.
[2025-10-23T09:12:51.933+0000] {taskinstance.py:441} INFO - ::group::Post task execution logs
[2025-10-23T09:12:51.942+0000] {taskinstance.py:2865} INFO - Rescheduling task, marking task as UP_FOR_RESCHEDULE
[2025-10-23T09:12:51.962+0000] {local_task_job_runner.py:243} INFO - Task exited with return code 0
[2025-10-23T09:12:51.979+0000] {taskinstance.py:3503} INFO - 0 downstream tasks scheduled from follow-on schedule check
[2025-10-23T09:12:51.980+0000] {local_task_job_runner.py:222} INFO - ::endgroup::
[2025-10-23T09:13:22.221+0000] {local_task_job_runner.py:120} INFO - ::group::Pre task execution logs
[2025-10-23T09:13:22.242+0000] {taskinstance.py:2076} INFO - Dependencies all met for dep_context=non-requeueable deps ti=<TaskInstance: load_neo4j_from_gold.wait_for_export_gold manual__2025-10-23T09:07:10.016790+00:00 [queued]>
[2025-10-23T09:13:22.245+0000] {taskinstance.py:2076} INFO - Dependencies all met for dep_context=requeueable deps ti=<TaskInstance: load_neo4j_from_gold.wait_for_export_gold manual__2025-10-23T09:07:10.016790+00:00 [queued]>
[2025-10-23T09:13:22.245+0000] {taskinstance.py:2306} INFO - Starting attempt 1 of 1
[2025-10-23T09:13:22.252+0000] {taskinstance.py:2330} INFO - Executing <Task(ExternalTaskSensor): wait_for_export_gold> on 2025-10-23 09:07:10.016790+00:00
[2025-10-23T09:13:22.257+0000] {logging_mixin.py:188} WARNING - /home/***/.local/lib/python3.12/site-packages/***/task/task_runner/standard_task_runner.py:62 DeprecationWarning: This process (pid=2571) is multi-threaded, use of fork() may lead to deadlocks in the child.
[2025-10-23T09:13:22.258+0000] {standard_task_runner.py:64} INFO - Started process 2572 to run task
[2025-10-23T09:13:22.257+0000] {standard_task_runner.py:90} INFO - Running: ['***', 'tasks', 'run', 'load_neo4j_from_gold', 'wait_for_export_gold', 'manual__2025-10-23T09:07:10.016790+00:00', '--job-id', '247', '--raw', '--subdir', 'DAGS_FOLDER/load_neo4j_from_gold.py', '--cfg-path', '/tmp/tmpeq6a5pzj']
[2025-10-23T09:13:22.259+0000] {standard_task_runner.py:91} INFO - Job 247: Subtask wait_for_export_gold
[2025-10-23T09:13:22.293+0000] {task_command.py:426} INFO - Running <TaskInstance: load_neo4j_from_gold.wait_for_export_gold manual__2025-10-23T09:07:10.016790+00:00 [running]> on host c48d41bd1c66
[2025-10-23T09:13:22.346+0000] {taskinstance.py:2648} INFO - Exporting env vars: AIRFLOW_CTX_DAG_OWNER='***' AIRFLOW_CTX_DAG_ID='load_neo4j_from_gold' AIRFLOW_CTX_TASK_ID='wait_for_export_gold' AIRFLOW_CTX_EXECUTION_DATE='2025-10-23T09:07:10.016790+00:00' AIRFLOW_CTX_TRY_NUMBER='1' AIRFLOW_CTX_DAG_RUN_ID='manual__2025-10-23T09:07:10.016790+00:00'
[2025-10-23T09:13:22.347+0000] {taskinstance.py:430} INFO - ::endgroup::
[2025-10-23T09:13:22.354+0000] {baseoperator.py:400} WARNING - ExternalTaskSensor.execute cannot be called outside TaskInstance!
[2025-10-23T09:13:22.362+0000] {external_task.py:258} INFO - Poking for tasks ['export_gold_csv'] in dag ingest_kg on 2025-10-23T09:07:10.016790+00:00 ... 
[2025-10-23T09:13:22.363+0000] {logging_mixin.py:188} WARNING - /home/***/.local/lib/python3.12/site-packages/***/utils/session.py:79 DeprecationWarning: This method is deprecated and will be removed in future.
[2025-10-23T09:13:22.373+0000] {taskinstance.py:441} INFO - ::group::Post task execution logs
[2025-10-23T09:13:22.384+0000] {taskinstance.py:2865} INFO - Rescheduling task, marking task as UP_FOR_RESCHEDULE
[2025-10-23T09:13:22.397+0000] {local_task_job_runner.py:243} INFO - Task exited with return code 0
[2025-10-23T09:13:22.412+0000] {taskinstance.py:3503} INFO - 0 downstream tasks scheduled from follow-on schedule check
[2025-10-23T09:13:22.412+0000] {local_task_job_runner.py:222} INFO - ::endgroup::
[2025-10-23T09:13:52.771+0000] {local_task_job_runner.py:120} INFO - ::group::Pre task execution logs
[2025-10-23T09:13:52.796+0000] {taskinstance.py:2076} INFO - Dependencies all met for dep_context=non-requeueable deps ti=<TaskInstance: load_neo4j_from_gold.wait_for_export_gold manual__2025-10-23T09:07:10.016790+00:00 [queued]>
[2025-10-23T09:13:52.800+0000] {taskinstance.py:2076} INFO - Dependencies all met for dep_context=requeueable deps ti=<TaskInstance: load_neo4j_from_gold.wait_for_export_gold manual__2025-10-23T09:07:10.016790+00:00 [queued]>
[2025-10-23T09:13:52.800+0000] {taskinstance.py:2306} INFO - Starting attempt 1 of 1
[2025-10-23T09:13:52.807+0000] {taskinstance.py:2330} INFO - Executing <Task(ExternalTaskSensor): wait_for_export_gold> on 2025-10-23 09:07:10.016790+00:00
[2025-10-23T09:13:52.814+0000] {logging_mixin.py:188} WARNING - /home/***/.local/lib/python3.12/site-packages/***/task/task_runner/standard_task_runner.py:62 DeprecationWarning: This process (pid=2601) is multi-threaded, use of fork() may lead to deadlocks in the child.
[2025-10-23T09:13:52.814+0000] {standard_task_runner.py:64} INFO - Started process 2602 to run task
[2025-10-23T09:13:52.813+0000] {standard_task_runner.py:90} INFO - Running: ['***', 'tasks', 'run', 'load_neo4j_from_gold', 'wait_for_export_gold', 'manual__2025-10-23T09:07:10.016790+00:00', '--job-id', '258', '--raw', '--subdir', 'DAGS_FOLDER/load_neo4j_from_gold.py', '--cfg-path', '/tmp/tmpxjj9ig3f']
[2025-10-23T09:13:52.815+0000] {standard_task_runner.py:91} INFO - Job 258: Subtask wait_for_export_gold
[2025-10-23T09:13:52.867+0000] {task_command.py:426} INFO - Running <TaskInstance: load_neo4j_from_gold.wait_for_export_gold manual__2025-10-23T09:07:10.016790+00:00 [running]> on host c48d41bd1c66
[2025-10-23T09:13:52.927+0000] {taskinstance.py:2648} INFO - Exporting env vars: AIRFLOW_CTX_DAG_OWNER='***' AIRFLOW_CTX_DAG_ID='load_neo4j_from_gold' AIRFLOW_CTX_TASK_ID='wait_for_export_gold' AIRFLOW_CTX_EXECUTION_DATE='2025-10-23T09:07:10.016790+00:00' AIRFLOW_CTX_TRY_NUMBER='1' AIRFLOW_CTX_DAG_RUN_ID='manual__2025-10-23T09:07:10.016790+00:00'
[2025-10-23T09:13:52.927+0000] {taskinstance.py:430} INFO - ::endgroup::
[2025-10-23T09:13:52.936+0000] {baseoperator.py:400} WARNING - ExternalTaskSensor.execute cannot be called outside TaskInstance!
[2025-10-23T09:13:52.945+0000] {external_task.py:258} INFO - Poking for tasks ['export_gold_csv'] in dag ingest_kg on 2025-10-23T09:07:10.016790+00:00 ... 
[2025-10-23T09:13:52.946+0000] {logging_mixin.py:188} WARNING - /home/***/.local/lib/python3.12/site-packages/***/utils/session.py:79 DeprecationWarning: This method is deprecated and will be removed in future.
[2025-10-23T09:13:52.957+0000] {taskinstance.py:441} INFO - ::group::Post task execution logs
[2025-10-23T09:13:52.980+0000] {taskinstance.py:2865} INFO - Rescheduling task, marking task as UP_FOR_RESCHEDULE
[2025-10-23T09:13:52.994+0000] {local_task_job_runner.py:243} INFO - Task exited with return code 0
[2025-10-23T09:13:53.011+0000] {taskinstance.py:3503} INFO - 0 downstream tasks scheduled from follow-on schedule check
[2025-10-23T09:13:53.011+0000] {local_task_job_runner.py:222} INFO - ::endgroup::
[2025-10-23T09:14:23.241+0000] {local_task_job_runner.py:120} INFO - ::group::Pre task execution logs
[2025-10-23T09:14:23.262+0000] {taskinstance.py:2076} INFO - Dependencies all met for dep_context=non-requeueable deps ti=<TaskInstance: load_neo4j_from_gold.wait_for_export_gold manual__2025-10-23T09:07:10.016790+00:00 [queued]>
[2025-10-23T09:14:23.268+0000] {taskinstance.py:2076} INFO - Dependencies all met for dep_context=requeueable deps ti=<TaskInstance: load_neo4j_from_gold.wait_for_export_gold manual__2025-10-23T09:07:10.016790+00:00 [queued]>
[2025-10-23T09:14:23.268+0000] {taskinstance.py:2306} INFO - Starting attempt 1 of 1
[2025-10-23T09:14:23.277+0000] {taskinstance.py:2330} INFO - Executing <Task(ExternalTaskSensor): wait_for_export_gold> on 2025-10-23 09:07:10.016790+00:00
[2025-10-23T09:14:23.282+0000] {logging_mixin.py:188} WARNING - /home/***/.local/lib/python3.12/site-packages/***/task/task_runner/standard_task_runner.py:62 DeprecationWarning: This process (pid=2631) is multi-threaded, use of fork() may lead to deadlocks in the child.
[2025-10-23T09:14:23.282+0000] {standard_task_runner.py:64} INFO - Started process 2633 to run task
[2025-10-23T09:14:23.281+0000] {standard_task_runner.py:90} INFO - Running: ['***', 'tasks', 'run', 'load_neo4j_from_gold', 'wait_for_export_gold', 'manual__2025-10-23T09:07:10.016790+00:00', '--job-id', '268', '--raw', '--subdir', 'DAGS_FOLDER/load_neo4j_from_gold.py', '--cfg-path', '/tmp/tmpoys2m6rs']
[2025-10-23T09:14:23.283+0000] {standard_task_runner.py:91} INFO - Job 268: Subtask wait_for_export_gold
[2025-10-23T09:14:23.314+0000] {task_command.py:426} INFO - Running <TaskInstance: load_neo4j_from_gold.wait_for_export_gold manual__2025-10-23T09:07:10.016790+00:00 [running]> on host c48d41bd1c66
[2025-10-23T09:14:23.363+0000] {taskinstance.py:2648} INFO - Exporting env vars: AIRFLOW_CTX_DAG_OWNER='***' AIRFLOW_CTX_DAG_ID='load_neo4j_from_gold' AIRFLOW_CTX_TASK_ID='wait_for_export_gold' AIRFLOW_CTX_EXECUTION_DATE='2025-10-23T09:07:10.016790+00:00' AIRFLOW_CTX_TRY_NUMBER='1' AIRFLOW_CTX_DAG_RUN_ID='manual__2025-10-23T09:07:10.016790+00:00'
[2025-10-23T09:14:23.364+0000] {taskinstance.py:430} INFO - ::endgroup::
[2025-10-23T09:14:23.372+0000] {baseoperator.py:400} WARNING - ExternalTaskSensor.execute cannot be called outside TaskInstance!
[2025-10-23T09:14:23.378+0000] {external_task.py:258} INFO - Poking for tasks ['export_gold_csv'] in dag ingest_kg on 2025-10-23T09:07:10.016790+00:00 ... 
[2025-10-23T09:14:23.380+0000] {logging_mixin.py:188} WARNING - /home/***/.local/lib/python3.12/site-packages/***/utils/session.py:79 DeprecationWarning: This method is deprecated and will be removed in future.
[2025-10-23T09:14:23.388+0000] {taskinstance.py:441} INFO - ::group::Post task execution logs
[2025-10-23T09:14:23.401+0000] {taskinstance.py:2865} INFO - Rescheduling task, marking task as UP_FOR_RESCHEDULE
[2025-10-23T09:14:23.421+0000] {local_task_job_runner.py:243} INFO - Task exited with return code 0
[2025-10-23T09:14:23.435+0000] {taskinstance.py:3503} INFO - 0 downstream tasks scheduled from follow-on schedule check
[2025-10-23T09:14:23.436+0000] {local_task_job_runner.py:222} INFO - ::endgroup::
[2025-10-23T09:14:54.570+0000] {local_task_job_runner.py:120} INFO - ::group::Pre task execution logs
[2025-10-23T09:14:54.588+0000] {taskinstance.py:2076} INFO - Dependencies all met for dep_context=non-requeueable deps ti=<TaskInstance: load_neo4j_from_gold.wait_for_export_gold manual__2025-10-23T09:07:10.016790+00:00 [queued]>
[2025-10-23T09:14:54.592+0000] {taskinstance.py:2076} INFO - Dependencies all met for dep_context=requeueable deps ti=<TaskInstance: load_neo4j_from_gold.wait_for_export_gold manual__2025-10-23T09:07:10.016790+00:00 [queued]>
[2025-10-23T09:14:54.592+0000] {taskinstance.py:2306} INFO - Starting attempt 1 of 1
[2025-10-23T09:14:54.598+0000] {taskinstance.py:2330} INFO - Executing <Task(ExternalTaskSensor): wait_for_export_gold> on 2025-10-23 09:07:10.016790+00:00
[2025-10-23T09:14:54.603+0000] {logging_mixin.py:188} WARNING - /home/***/.local/lib/python3.12/site-packages/***/task/task_runner/standard_task_runner.py:62 DeprecationWarning: This process (pid=2660) is multi-threaded, use of fork() may lead to deadlocks in the child.
[2025-10-23T09:14:54.604+0000] {standard_task_runner.py:64} INFO - Started process 2663 to run task
[2025-10-23T09:14:54.603+0000] {standard_task_runner.py:90} INFO - Running: ['***', 'tasks', 'run', 'load_neo4j_from_gold', 'wait_for_export_gold', 'manual__2025-10-23T09:07:10.016790+00:00', '--job-id', '277', '--raw', '--subdir', 'DAGS_FOLDER/load_neo4j_from_gold.py', '--cfg-path', '/tmp/tmps1cm1ddm']
[2025-10-23T09:14:54.605+0000] {standard_task_runner.py:91} INFO - Job 277: Subtask wait_for_export_gold
[2025-10-23T09:14:54.634+0000] {task_command.py:426} INFO - Running <TaskInstance: load_neo4j_from_gold.wait_for_export_gold manual__2025-10-23T09:07:10.016790+00:00 [running]> on host c48d41bd1c66
[2025-10-23T09:14:54.690+0000] {taskinstance.py:2648} INFO - Exporting env vars: AIRFLOW_CTX_DAG_OWNER='***' AIRFLOW_CTX_DAG_ID='load_neo4j_from_gold' AIRFLOW_CTX_TASK_ID='wait_for_export_gold' AIRFLOW_CTX_EXECUTION_DATE='2025-10-23T09:07:10.016790+00:00' AIRFLOW_CTX_TRY_NUMBER='1' AIRFLOW_CTX_DAG_RUN_ID='manual__2025-10-23T09:07:10.016790+00:00'
[2025-10-23T09:14:54.690+0000] {taskinstance.py:430} INFO - ::endgroup::
[2025-10-23T09:14:54.697+0000] {baseoperator.py:400} WARNING - ExternalTaskSensor.execute cannot be called outside TaskInstance!
[2025-10-23T09:14:54.703+0000] {external_task.py:258} INFO - Poking for tasks ['export_gold_csv'] in dag ingest_kg on 2025-10-23T09:07:10.016790+00:00 ... 
[2025-10-23T09:14:54.704+0000] {logging_mixin.py:188} WARNING - /home/***/.local/lib/python3.12/site-packages/***/utils/session.py:79 DeprecationWarning: This method is deprecated and will be removed in future.
[2025-10-23T09:14:54.712+0000] {taskinstance.py:441} INFO - ::group::Post task execution logs
[2025-10-23T09:14:54.725+0000] {taskinstance.py:2865} INFO - Rescheduling task, marking task as UP_FOR_RESCHEDULE
[2025-10-23T09:14:54.743+0000] {local_task_job_runner.py:243} INFO - Task exited with return code 0
[2025-10-23T09:14:54.757+0000] {taskinstance.py:3503} INFO - 0 downstream tasks scheduled from follow-on schedule check
[2025-10-23T09:14:54.758+0000] {local_task_job_runner.py:222} INFO - ::endgroup::
[2025-10-23T09:15:25.959+0000] {local_task_job_runner.py:120} INFO - ::group::Pre task execution logs
[2025-10-23T09:15:25.986+0000] {taskinstance.py:2076} INFO - Dependencies all met for dep_context=non-requeueable deps ti=<TaskInstance: load_neo4j_from_gold.wait_for_export_gold manual__2025-10-23T09:07:10.016790+00:00 [queued]>
[2025-10-23T09:15:25.993+0000] {taskinstance.py:2076} INFO - Dependencies all met for dep_context=requeueable deps ti=<TaskInstance: load_neo4j_from_gold.wait_for_export_gold manual__2025-10-23T09:07:10.016790+00:00 [queued]>
[2025-10-23T09:15:25.997+0000] {taskinstance.py:2306} INFO - Starting attempt 1 of 1
[2025-10-23T09:15:26.017+0000] {taskinstance.py:2330} INFO - Executing <Task(ExternalTaskSensor): wait_for_export_gold> on 2025-10-23 09:07:10.016790+00:00
[2025-10-23T09:15:26.037+0000] {logging_mixin.py:188} WARNING - /home/***/.local/lib/python3.12/site-packages/***/task/task_runner/standard_task_runner.py:62 DeprecationWarning: This process (pid=2691) is multi-threaded, use of fork() may lead to deadlocks in the child.
[2025-10-23T09:15:26.038+0000] {standard_task_runner.py:64} INFO - Started process 2693 to run task
[2025-10-23T09:15:26.037+0000] {standard_task_runner.py:90} INFO - Running: ['***', 'tasks', 'run', 'load_neo4j_from_gold', 'wait_for_export_gold', 'manual__2025-10-23T09:07:10.016790+00:00', '--job-id', '288', '--raw', '--subdir', 'DAGS_FOLDER/load_neo4j_from_gold.py', '--cfg-path', '/tmp/tmpwoj15tcv']
[2025-10-23T09:15:26.039+0000] {standard_task_runner.py:91} INFO - Job 288: Subtask wait_for_export_gold
[2025-10-23T09:15:26.082+0000] {task_command.py:426} INFO - Running <TaskInstance: load_neo4j_from_gold.wait_for_export_gold manual__2025-10-23T09:07:10.016790+00:00 [running]> on host c48d41bd1c66
[2025-10-23T09:15:26.161+0000] {taskinstance.py:2648} INFO - Exporting env vars: AIRFLOW_CTX_DAG_OWNER='***' AIRFLOW_CTX_DAG_ID='load_neo4j_from_gold' AIRFLOW_CTX_TASK_ID='wait_for_export_gold' AIRFLOW_CTX_EXECUTION_DATE='2025-10-23T09:07:10.016790+00:00' AIRFLOW_CTX_TRY_NUMBER='1' AIRFLOW_CTX_DAG_RUN_ID='manual__2025-10-23T09:07:10.016790+00:00'
[2025-10-23T09:15:26.162+0000] {taskinstance.py:430} INFO - ::endgroup::
[2025-10-23T09:15:26.171+0000] {baseoperator.py:400} WARNING - ExternalTaskSensor.execute cannot be called outside TaskInstance!
[2025-10-23T09:15:26.177+0000] {external_task.py:258} INFO - Poking for tasks ['export_gold_csv'] in dag ingest_kg on 2025-10-23T09:07:10.016790+00:00 ... 
[2025-10-23T09:15:26.179+0000] {logging_mixin.py:188} WARNING - /home/***/.local/lib/python3.12/site-packages/***/utils/session.py:79 DeprecationWarning: This method is deprecated and will be removed in future.
[2025-10-23T09:15:26.187+0000] {taskinstance.py:441} INFO - ::group::Post task execution logs
[2025-10-23T09:15:26.200+0000] {taskinstance.py:2865} INFO - Rescheduling task, marking task as UP_FOR_RESCHEDULE
[2025-10-23T09:15:26.219+0000] {local_task_job_runner.py:243} INFO - Task exited with return code 0
[2025-10-23T09:15:26.235+0000] {taskinstance.py:3503} INFO - 0 downstream tasks scheduled from follow-on schedule check
[2025-10-23T09:15:26.236+0000] {local_task_job_runner.py:222} INFO - ::endgroup::
