[2025-10-23T09:04:09.767+0000] {local_task_job_runner.py:120} INFO - ::group::Pre task execution logs
[2025-10-23T09:04:09.783+0000] {taskinstance.py:2076} INFO - Dependencies all met for dep_context=non-requeueable deps ti=<TaskInstance: load_neo4j_from_gold.wait_for_export_gold manual__2025-10-23T09:04:07.912090+00:00 [queued]>
[2025-10-23T09:04:09.786+0000] {taskinstance.py:2076} INFO - Dependencies all met for dep_context=requeueable deps ti=<TaskInstance: load_neo4j_from_gold.wait_for_export_gold manual__2025-10-23T09:04:07.912090+00:00 [queued]>
[2025-10-23T09:04:09.787+0000] {taskinstance.py:2306} INFO - Starting attempt 1 of 1
[2025-10-23T09:04:09.793+0000] {taskinstance.py:2330} INFO - Executing <Task(ExternalTaskSensor): wait_for_export_gold> on 2025-10-23 09:04:07.912090+00:00
[2025-10-23T09:04:09.797+0000] {logging_mixin.py:188} WARNING - /home/***/.local/lib/python3.12/site-packages/***/task/task_runner/standard_task_runner.py:62 DeprecationWarning: This process (pid=1750) is multi-threaded, use of fork() may lead to deadlocks in the child.
[2025-10-23T09:04:09.798+0000] {standard_task_runner.py:64} INFO - Started process 1751 to run task
[2025-10-23T09:04:09.798+0000] {standard_task_runner.py:90} INFO - Running: ['***', 'tasks', 'run', 'load_neo4j_from_gold', 'wait_for_export_gold', 'manual__2025-10-23T09:04:07.912090+00:00', '--job-id', '67', '--raw', '--subdir', 'DAGS_FOLDER/load_neo4j_from_gold.py', '--cfg-path', '/tmp/tmpmax4wn8r']
[2025-10-23T09:04:09.799+0000] {standard_task_runner.py:91} INFO - Job 67: Subtask wait_for_export_gold
[2025-10-23T09:04:09.825+0000] {task_command.py:426} INFO - Running <TaskInstance: load_neo4j_from_gold.wait_for_export_gold manual__2025-10-23T09:04:07.912090+00:00 [running]> on host c48d41bd1c66
[2025-10-23T09:04:09.867+0000] {taskinstance.py:2648} INFO - Exporting env vars: AIRFLOW_CTX_DAG_OWNER='***' AIRFLOW_CTX_DAG_ID='load_neo4j_from_gold' AIRFLOW_CTX_TASK_ID='wait_for_export_gold' AIRFLOW_CTX_EXECUTION_DATE='2025-10-23T09:04:07.912090+00:00' AIRFLOW_CTX_TRY_NUMBER='1' AIRFLOW_CTX_DAG_RUN_ID='manual__2025-10-23T09:04:07.912090+00:00'
[2025-10-23T09:04:09.867+0000] {taskinstance.py:430} INFO - ::endgroup::
[2025-10-23T09:04:09.874+0000] {baseoperator.py:400} WARNING - ExternalTaskSensor.execute cannot be called outside TaskInstance!
[2025-10-23T09:04:09.880+0000] {external_task.py:258} INFO - Poking for tasks ['export_gold_csv'] in dag ingest_kg on 2025-10-23T09:04:07.912090+00:00 ... 
[2025-10-23T09:04:09.881+0000] {logging_mixin.py:188} WARNING - /home/***/.local/lib/python3.12/site-packages/***/utils/session.py:79 DeprecationWarning: This method is deprecated and will be removed in future.
[2025-10-23T09:04:09.888+0000] {taskinstance.py:441} INFO - ::group::Post task execution logs
[2025-10-23T09:04:09.898+0000] {taskinstance.py:2865} INFO - Rescheduling task, marking task as UP_FOR_RESCHEDULE
[2025-10-23T09:04:09.939+0000] {local_task_job_runner.py:243} INFO - Task exited with return code 0
[2025-10-23T09:04:09.953+0000] {taskinstance.py:3503} INFO - 0 downstream tasks scheduled from follow-on schedule check
[2025-10-23T09:04:09.953+0000] {local_task_job_runner.py:222} INFO - ::endgroup::
[2025-10-23T09:04:40.143+0000] {local_task_job_runner.py:120} INFO - ::group::Pre task execution logs
[2025-10-23T09:04:40.164+0000] {taskinstance.py:2076} INFO - Dependencies all met for dep_context=non-requeueable deps ti=<TaskInstance: load_neo4j_from_gold.wait_for_export_gold manual__2025-10-23T09:04:07.912090+00:00 [queued]>
[2025-10-23T09:04:40.167+0000] {taskinstance.py:2076} INFO - Dependencies all met for dep_context=requeueable deps ti=<TaskInstance: load_neo4j_from_gold.wait_for_export_gold manual__2025-10-23T09:04:07.912090+00:00 [queued]>
[2025-10-23T09:04:40.168+0000] {taskinstance.py:2306} INFO - Starting attempt 1 of 1
[2025-10-23T09:04:40.174+0000] {taskinstance.py:2330} INFO - Executing <Task(ExternalTaskSensor): wait_for_export_gold> on 2025-10-23 09:04:07.912090+00:00
[2025-10-23T09:04:40.179+0000] {logging_mixin.py:188} WARNING - /home/***/.local/lib/python3.12/site-packages/***/task/task_runner/standard_task_runner.py:62 DeprecationWarning: This process (pid=1774) is multi-threaded, use of fork() may lead to deadlocks in the child.
[2025-10-23T09:04:40.179+0000] {standard_task_runner.py:90} INFO - Running: ['***', 'tasks', 'run', 'load_neo4j_from_gold', 'wait_for_export_gold', 'manual__2025-10-23T09:04:07.912090+00:00', '--job-id', '74', '--raw', '--subdir', 'DAGS_FOLDER/load_neo4j_from_gold.py', '--cfg-path', '/tmp/tmp6tufa7us']
[2025-10-23T09:04:40.180+0000] {standard_task_runner.py:64} INFO - Started process 1775 to run task
[2025-10-23T09:04:40.180+0000] {standard_task_runner.py:91} INFO - Job 74: Subtask wait_for_export_gold
[2025-10-23T09:04:40.217+0000] {task_command.py:426} INFO - Running <TaskInstance: load_neo4j_from_gold.wait_for_export_gold manual__2025-10-23T09:04:07.912090+00:00 [running]> on host c48d41bd1c66
[2025-10-23T09:04:40.277+0000] {taskinstance.py:2648} INFO - Exporting env vars: AIRFLOW_CTX_DAG_OWNER='***' AIRFLOW_CTX_DAG_ID='load_neo4j_from_gold' AIRFLOW_CTX_TASK_ID='wait_for_export_gold' AIRFLOW_CTX_EXECUTION_DATE='2025-10-23T09:04:07.912090+00:00' AIRFLOW_CTX_TRY_NUMBER='1' AIRFLOW_CTX_DAG_RUN_ID='manual__2025-10-23T09:04:07.912090+00:00'
[2025-10-23T09:04:40.278+0000] {taskinstance.py:430} INFO - ::endgroup::
[2025-10-23T09:04:40.286+0000] {baseoperator.py:400} WARNING - ExternalTaskSensor.execute cannot be called outside TaskInstance!
[2025-10-23T09:04:40.292+0000] {external_task.py:258} INFO - Poking for tasks ['export_gold_csv'] in dag ingest_kg on 2025-10-23T09:04:07.912090+00:00 ... 
[2025-10-23T09:04:40.293+0000] {logging_mixin.py:188} WARNING - /home/***/.local/lib/python3.12/site-packages/***/utils/session.py:79 DeprecationWarning: This method is deprecated and will be removed in future.
[2025-10-23T09:04:40.300+0000] {taskinstance.py:441} INFO - ::group::Post task execution logs
[2025-10-23T09:04:40.312+0000] {taskinstance.py:2865} INFO - Rescheduling task, marking task as UP_FOR_RESCHEDULE
[2025-10-23T09:04:40.320+0000] {local_task_job_runner.py:243} INFO - Task exited with return code 0
[2025-10-23T09:04:40.334+0000] {taskinstance.py:3503} INFO - 0 downstream tasks scheduled from follow-on schedule check
[2025-10-23T09:04:40.334+0000] {local_task_job_runner.py:222} INFO - ::endgroup::
[2025-10-23T09:05:11.301+0000] {local_task_job_runner.py:120} INFO - ::group::Pre task execution logs
[2025-10-23T09:05:11.318+0000] {taskinstance.py:2076} INFO - Dependencies all met for dep_context=non-requeueable deps ti=<TaskInstance: load_neo4j_from_gold.wait_for_export_gold manual__2025-10-23T09:04:07.912090+00:00 [queued]>
[2025-10-23T09:05:11.322+0000] {taskinstance.py:2076} INFO - Dependencies all met for dep_context=requeueable deps ti=<TaskInstance: load_neo4j_from_gold.wait_for_export_gold manual__2025-10-23T09:04:07.912090+00:00 [queued]>
[2025-10-23T09:05:11.322+0000] {taskinstance.py:2306} INFO - Starting attempt 1 of 1
[2025-10-23T09:05:11.328+0000] {taskinstance.py:2330} INFO - Executing <Task(ExternalTaskSensor): wait_for_export_gold> on 2025-10-23 09:04:07.912090+00:00
[2025-10-23T09:05:11.332+0000] {logging_mixin.py:188} WARNING - /home/***/.local/lib/python3.12/site-packages/***/task/task_runner/standard_task_runner.py:62 DeprecationWarning: This process (pid=1798) is multi-threaded, use of fork() may lead to deadlocks in the child.
[2025-10-23T09:05:11.331+0000] {standard_task_runner.py:90} INFO - Running: ['***', 'tasks', 'run', 'load_neo4j_from_gold', 'wait_for_export_gold', 'manual__2025-10-23T09:04:07.912090+00:00', '--job-id', '81', '--raw', '--subdir', 'DAGS_FOLDER/load_neo4j_from_gold.py', '--cfg-path', '/tmp/tmp6gzcu1cy']
[2025-10-23T09:05:11.333+0000] {standard_task_runner.py:64} INFO - Started process 1799 to run task
[2025-10-23T09:05:11.333+0000] {standard_task_runner.py:91} INFO - Job 81: Subtask wait_for_export_gold
[2025-10-23T09:05:11.359+0000] {task_command.py:426} INFO - Running <TaskInstance: load_neo4j_from_gold.wait_for_export_gold manual__2025-10-23T09:04:07.912090+00:00 [running]> on host c48d41bd1c66
[2025-10-23T09:05:11.400+0000] {taskinstance.py:2648} INFO - Exporting env vars: AIRFLOW_CTX_DAG_OWNER='***' AIRFLOW_CTX_DAG_ID='load_neo4j_from_gold' AIRFLOW_CTX_TASK_ID='wait_for_export_gold' AIRFLOW_CTX_EXECUTION_DATE='2025-10-23T09:04:07.912090+00:00' AIRFLOW_CTX_TRY_NUMBER='1' AIRFLOW_CTX_DAG_RUN_ID='manual__2025-10-23T09:04:07.912090+00:00'
[2025-10-23T09:05:11.401+0000] {taskinstance.py:430} INFO - ::endgroup::
[2025-10-23T09:05:11.407+0000] {baseoperator.py:400} WARNING - ExternalTaskSensor.execute cannot be called outside TaskInstance!
[2025-10-23T09:05:11.413+0000] {external_task.py:258} INFO - Poking for tasks ['export_gold_csv'] in dag ingest_kg on 2025-10-23T09:04:07.912090+00:00 ... 
[2025-10-23T09:05:11.413+0000] {logging_mixin.py:188} WARNING - /home/***/.local/lib/python3.12/site-packages/***/utils/session.py:79 DeprecationWarning: This method is deprecated and will be removed in future.
[2025-10-23T09:05:11.420+0000] {taskinstance.py:441} INFO - ::group::Post task execution logs
[2025-10-23T09:05:11.430+0000] {taskinstance.py:2865} INFO - Rescheduling task, marking task as UP_FOR_RESCHEDULE
[2025-10-23T09:05:11.434+0000] {local_task_job_runner.py:243} INFO - Task exited with return code 0
[2025-10-23T09:05:11.447+0000] {taskinstance.py:3503} INFO - 0 downstream tasks scheduled from follow-on schedule check
[2025-10-23T09:05:11.448+0000] {local_task_job_runner.py:222} INFO - ::endgroup::
[2025-10-23T09:05:42.563+0000] {local_task_job_runner.py:120} INFO - ::group::Pre task execution logs
[2025-10-23T09:05:42.580+0000] {taskinstance.py:2076} INFO - Dependencies all met for dep_context=non-requeueable deps ti=<TaskInstance: load_neo4j_from_gold.wait_for_export_gold manual__2025-10-23T09:04:07.912090+00:00 [queued]>
[2025-10-23T09:05:42.583+0000] {taskinstance.py:2076} INFO - Dependencies all met for dep_context=requeueable deps ti=<TaskInstance: load_neo4j_from_gold.wait_for_export_gold manual__2025-10-23T09:04:07.912090+00:00 [queued]>
[2025-10-23T09:05:42.583+0000] {taskinstance.py:2306} INFO - Starting attempt 1 of 1
[2025-10-23T09:05:42.589+0000] {taskinstance.py:2330} INFO - Executing <Task(ExternalTaskSensor): wait_for_export_gold> on 2025-10-23 09:04:07.912090+00:00
[2025-10-23T09:05:42.592+0000] {logging_mixin.py:188} WARNING - /home/***/.local/lib/python3.12/site-packages/***/task/task_runner/standard_task_runner.py:62 DeprecationWarning: This process (pid=1824) is multi-threaded, use of fork() may lead to deadlocks in the child.
[2025-10-23T09:05:42.593+0000] {standard_task_runner.py:64} INFO - Started process 1825 to run task
[2025-10-23T09:05:42.592+0000] {standard_task_runner.py:90} INFO - Running: ['***', 'tasks', 'run', 'load_neo4j_from_gold', 'wait_for_export_gold', 'manual__2025-10-23T09:04:07.912090+00:00', '--job-id', '89', '--raw', '--subdir', 'DAGS_FOLDER/load_neo4j_from_gold.py', '--cfg-path', '/tmp/tmpmfyacyme']
[2025-10-23T09:05:42.594+0000] {standard_task_runner.py:91} INFO - Job 89: Subtask wait_for_export_gold
[2025-10-23T09:05:42.622+0000] {task_command.py:426} INFO - Running <TaskInstance: load_neo4j_from_gold.wait_for_export_gold manual__2025-10-23T09:04:07.912090+00:00 [running]> on host c48d41bd1c66
[2025-10-23T09:05:42.665+0000] {taskinstance.py:2648} INFO - Exporting env vars: AIRFLOW_CTX_DAG_OWNER='***' AIRFLOW_CTX_DAG_ID='load_neo4j_from_gold' AIRFLOW_CTX_TASK_ID='wait_for_export_gold' AIRFLOW_CTX_EXECUTION_DATE='2025-10-23T09:04:07.912090+00:00' AIRFLOW_CTX_TRY_NUMBER='1' AIRFLOW_CTX_DAG_RUN_ID='manual__2025-10-23T09:04:07.912090+00:00'
[2025-10-23T09:05:42.665+0000] {taskinstance.py:430} INFO - ::endgroup::
[2025-10-23T09:05:42.672+0000] {baseoperator.py:400} WARNING - ExternalTaskSensor.execute cannot be called outside TaskInstance!
[2025-10-23T09:05:42.678+0000] {external_task.py:258} INFO - Poking for tasks ['export_gold_csv'] in dag ingest_kg on 2025-10-23T09:04:07.912090+00:00 ... 
[2025-10-23T09:05:42.679+0000] {logging_mixin.py:188} WARNING - /home/***/.local/lib/python3.12/site-packages/***/utils/session.py:79 DeprecationWarning: This method is deprecated and will be removed in future.
[2025-10-23T09:05:42.686+0000] {taskinstance.py:441} INFO - ::group::Post task execution logs
[2025-10-23T09:05:42.696+0000] {taskinstance.py:2865} INFO - Rescheduling task, marking task as UP_FOR_RESCHEDULE
[2025-10-23T09:05:42.732+0000] {local_task_job_runner.py:243} INFO - Task exited with return code 0
[2025-10-23T09:05:42.745+0000] {taskinstance.py:3503} INFO - 0 downstream tasks scheduled from follow-on schedule check
[2025-10-23T09:05:42.746+0000] {local_task_job_runner.py:222} INFO - ::endgroup::
[2025-10-23T09:06:14.026+0000] {local_task_job_runner.py:120} INFO - ::group::Pre task execution logs
[2025-10-23T09:06:14.065+0000] {taskinstance.py:2076} INFO - Dependencies all met for dep_context=non-requeueable deps ti=<TaskInstance: load_neo4j_from_gold.wait_for_export_gold manual__2025-10-23T09:04:07.912090+00:00 [queued]>
[2025-10-23T09:06:14.070+0000] {taskinstance.py:2076} INFO - Dependencies all met for dep_context=requeueable deps ti=<TaskInstance: load_neo4j_from_gold.wait_for_export_gold manual__2025-10-23T09:04:07.912090+00:00 [queued]>
[2025-10-23T09:06:14.070+0000] {taskinstance.py:2306} INFO - Starting attempt 1 of 1
[2025-10-23T09:06:14.077+0000] {taskinstance.py:2330} INFO - Executing <Task(ExternalTaskSensor): wait_for_export_gold> on 2025-10-23 09:04:07.912090+00:00
[2025-10-23T09:06:14.085+0000] {logging_mixin.py:188} WARNING - /home/***/.local/lib/python3.12/site-packages/***/task/task_runner/standard_task_runner.py:62 DeprecationWarning: This process (pid=1850) is multi-threaded, use of fork() may lead to deadlocks in the child.
[2025-10-23T09:06:14.082+0000] {standard_task_runner.py:90} INFO - Running: ['***', 'tasks', 'run', 'load_neo4j_from_gold', 'wait_for_export_gold', 'manual__2025-10-23T09:04:07.912090+00:00', '--job-id', '97', '--raw', '--subdir', 'DAGS_FOLDER/load_neo4j_from_gold.py', '--cfg-path', '/tmp/tmp_7olwuh3']
[2025-10-23T09:06:14.086+0000] {standard_task_runner.py:64} INFO - Started process 1851 to run task
[2025-10-23T09:06:14.086+0000] {standard_task_runner.py:91} INFO - Job 97: Subtask wait_for_export_gold
[2025-10-23T09:06:14.126+0000] {task_command.py:426} INFO - Running <TaskInstance: load_neo4j_from_gold.wait_for_export_gold manual__2025-10-23T09:04:07.912090+00:00 [running]> on host c48d41bd1c66
[2025-10-23T09:06:14.175+0000] {taskinstance.py:2648} INFO - Exporting env vars: AIRFLOW_CTX_DAG_OWNER='***' AIRFLOW_CTX_DAG_ID='load_neo4j_from_gold' AIRFLOW_CTX_TASK_ID='wait_for_export_gold' AIRFLOW_CTX_EXECUTION_DATE='2025-10-23T09:04:07.912090+00:00' AIRFLOW_CTX_TRY_NUMBER='1' AIRFLOW_CTX_DAG_RUN_ID='manual__2025-10-23T09:04:07.912090+00:00'
[2025-10-23T09:06:14.176+0000] {taskinstance.py:430} INFO - ::endgroup::
[2025-10-23T09:06:14.185+0000] {baseoperator.py:400} WARNING - ExternalTaskSensor.execute cannot be called outside TaskInstance!
[2025-10-23T09:06:14.193+0000] {external_task.py:258} INFO - Poking for tasks ['export_gold_csv'] in dag ingest_kg on 2025-10-23T09:04:07.912090+00:00 ... 
[2025-10-23T09:06:14.194+0000] {logging_mixin.py:188} WARNING - /home/***/.local/lib/python3.12/site-packages/***/utils/session.py:79 DeprecationWarning: This method is deprecated and will be removed in future.
[2025-10-23T09:06:14.203+0000] {taskinstance.py:441} INFO - ::group::Post task execution logs
[2025-10-23T09:06:14.228+0000] {taskinstance.py:2865} INFO - Rescheduling task, marking task as UP_FOR_RESCHEDULE
[2025-10-23T09:06:14.270+0000] {local_task_job_runner.py:243} INFO - Task exited with return code 0
[2025-10-23T09:06:14.285+0000] {taskinstance.py:3503} INFO - 0 downstream tasks scheduled from follow-on schedule check
[2025-10-23T09:06:14.285+0000] {local_task_job_runner.py:222} INFO - ::endgroup::
[2025-10-23T09:06:44.860+0000] {local_task_job_runner.py:120} INFO - ::group::Pre task execution logs
[2025-10-23T09:06:44.884+0000] {taskinstance.py:2076} INFO - Dependencies all met for dep_context=non-requeueable deps ti=<TaskInstance: load_neo4j_from_gold.wait_for_export_gold manual__2025-10-23T09:04:07.912090+00:00 [queued]>
[2025-10-23T09:06:44.888+0000] {taskinstance.py:2076} INFO - Dependencies all met for dep_context=requeueable deps ti=<TaskInstance: load_neo4j_from_gold.wait_for_export_gold manual__2025-10-23T09:04:07.912090+00:00 [queued]>
[2025-10-23T09:06:44.888+0000] {taskinstance.py:2306} INFO - Starting attempt 1 of 1
[2025-10-23T09:06:44.895+0000] {taskinstance.py:2330} INFO - Executing <Task(ExternalTaskSensor): wait_for_export_gold> on 2025-10-23 09:04:07.912090+00:00
[2025-10-23T09:06:44.901+0000] {logging_mixin.py:188} WARNING - /home/***/.local/lib/python3.12/site-packages/***/task/task_runner/standard_task_runner.py:62 DeprecationWarning: This process (pid=1876) is multi-threaded, use of fork() may lead to deadlocks in the child.
[2025-10-23T09:06:44.899+0000] {standard_task_runner.py:90} INFO - Running: ['***', 'tasks', 'run', 'load_neo4j_from_gold', 'wait_for_export_gold', 'manual__2025-10-23T09:04:07.912090+00:00', '--job-id', '105', '--raw', '--subdir', 'DAGS_FOLDER/load_neo4j_from_gold.py', '--cfg-path', '/tmp/tmp4b5b32dw']
[2025-10-23T09:06:44.903+0000] {standard_task_runner.py:64} INFO - Started process 1877 to run task
[2025-10-23T09:06:44.903+0000] {standard_task_runner.py:91} INFO - Job 105: Subtask wait_for_export_gold
[2025-10-23T09:06:44.946+0000] {task_command.py:426} INFO - Running <TaskInstance: load_neo4j_from_gold.wait_for_export_gold manual__2025-10-23T09:04:07.912090+00:00 [running]> on host c48d41bd1c66
[2025-10-23T09:06:45.004+0000] {taskinstance.py:2648} INFO - Exporting env vars: AIRFLOW_CTX_DAG_OWNER='***' AIRFLOW_CTX_DAG_ID='load_neo4j_from_gold' AIRFLOW_CTX_TASK_ID='wait_for_export_gold' AIRFLOW_CTX_EXECUTION_DATE='2025-10-23T09:04:07.912090+00:00' AIRFLOW_CTX_TRY_NUMBER='1' AIRFLOW_CTX_DAG_RUN_ID='manual__2025-10-23T09:04:07.912090+00:00'
[2025-10-23T09:06:45.005+0000] {taskinstance.py:430} INFO - ::endgroup::
[2025-10-23T09:06:45.014+0000] {baseoperator.py:400} WARNING - ExternalTaskSensor.execute cannot be called outside TaskInstance!
[2025-10-23T09:06:45.020+0000] {external_task.py:258} INFO - Poking for tasks ['export_gold_csv'] in dag ingest_kg on 2025-10-23T09:04:07.912090+00:00 ... 
[2025-10-23T09:06:45.020+0000] {logging_mixin.py:188} WARNING - /home/***/.local/lib/python3.12/site-packages/***/utils/session.py:79 DeprecationWarning: This method is deprecated and will be removed in future.
[2025-10-23T09:06:45.027+0000] {taskinstance.py:441} INFO - ::group::Post task execution logs
[2025-10-23T09:06:45.040+0000] {taskinstance.py:2865} INFO - Rescheduling task, marking task as UP_FOR_RESCHEDULE
[2025-10-23T09:06:45.044+0000] {local_task_job_runner.py:243} INFO - Task exited with return code 0
[2025-10-23T09:06:45.058+0000] {taskinstance.py:3503} INFO - 0 downstream tasks scheduled from follow-on schedule check
[2025-10-23T09:06:45.059+0000] {local_task_job_runner.py:222} INFO - ::endgroup::
[2025-10-23T09:07:15.378+0000] {local_task_job_runner.py:120} INFO - ::group::Pre task execution logs
[2025-10-23T09:07:15.399+0000] {taskinstance.py:2076} INFO - Dependencies all met for dep_context=non-requeueable deps ti=<TaskInstance: load_neo4j_from_gold.wait_for_export_gold manual__2025-10-23T09:04:07.912090+00:00 [queued]>
[2025-10-23T09:07:15.405+0000] {taskinstance.py:2076} INFO - Dependencies all met for dep_context=requeueable deps ti=<TaskInstance: load_neo4j_from_gold.wait_for_export_gold manual__2025-10-23T09:04:07.912090+00:00 [queued]>
[2025-10-23T09:07:15.405+0000] {taskinstance.py:2306} INFO - Starting attempt 1 of 1
[2025-10-23T09:07:15.417+0000] {taskinstance.py:2330} INFO - Executing <Task(ExternalTaskSensor): wait_for_export_gold> on 2025-10-23 09:04:07.912090+00:00
[2025-10-23T09:07:15.424+0000] {logging_mixin.py:188} WARNING - /home/***/.local/lib/python3.12/site-packages/***/task/task_runner/standard_task_runner.py:62 DeprecationWarning: This process (pid=2123) is multi-threaded, use of fork() may lead to deadlocks in the child.
[2025-10-23T09:07:15.425+0000] {standard_task_runner.py:90} INFO - Running: ['***', 'tasks', 'run', 'load_neo4j_from_gold', 'wait_for_export_gold', 'manual__2025-10-23T09:04:07.912090+00:00', '--job-id', '124', '--raw', '--subdir', 'DAGS_FOLDER/load_neo4j_from_gold.py', '--cfg-path', '/tmp/tmp5gzs8uc5']
[2025-10-23T09:07:15.427+0000] {standard_task_runner.py:64} INFO - Started process 2131 to run task
[2025-10-23T09:07:15.427+0000] {standard_task_runner.py:91} INFO - Job 124: Subtask wait_for_export_gold
[2025-10-23T09:07:15.505+0000] {task_command.py:426} INFO - Running <TaskInstance: load_neo4j_from_gold.wait_for_export_gold manual__2025-10-23T09:04:07.912090+00:00 [running]> on host c48d41bd1c66
[2025-10-23T09:07:15.571+0000] {taskinstance.py:2648} INFO - Exporting env vars: AIRFLOW_CTX_DAG_OWNER='***' AIRFLOW_CTX_DAG_ID='load_neo4j_from_gold' AIRFLOW_CTX_TASK_ID='wait_for_export_gold' AIRFLOW_CTX_EXECUTION_DATE='2025-10-23T09:04:07.912090+00:00' AIRFLOW_CTX_TRY_NUMBER='1' AIRFLOW_CTX_DAG_RUN_ID='manual__2025-10-23T09:04:07.912090+00:00'
[2025-10-23T09:07:15.572+0000] {taskinstance.py:430} INFO - ::endgroup::
[2025-10-23T09:07:15.586+0000] {baseoperator.py:400} WARNING - ExternalTaskSensor.execute cannot be called outside TaskInstance!
[2025-10-23T09:07:15.596+0000] {external_task.py:258} INFO - Poking for tasks ['export_gold_csv'] in dag ingest_kg on 2025-10-23T09:04:07.912090+00:00 ... 
[2025-10-23T09:07:15.598+0000] {logging_mixin.py:188} WARNING - /home/***/.local/lib/python3.12/site-packages/***/utils/session.py:79 DeprecationWarning: This method is deprecated and will be removed in future.
[2025-10-23T09:07:15.609+0000] {taskinstance.py:441} INFO - ::group::Post task execution logs
[2025-10-23T09:07:15.622+0000] {taskinstance.py:2865} INFO - Rescheduling task, marking task as UP_FOR_RESCHEDULE
[2025-10-23T09:07:15.653+0000] {local_task_job_runner.py:243} INFO - Task exited with return code 0
[2025-10-23T09:07:15.675+0000] {taskinstance.py:3503} INFO - 0 downstream tasks scheduled from follow-on schedule check
[2025-10-23T09:07:15.676+0000] {local_task_job_runner.py:222} INFO - ::endgroup::
[2025-10-23T09:07:45.867+0000] {local_task_job_runner.py:120} INFO - ::group::Pre task execution logs
[2025-10-23T09:07:45.886+0000] {taskinstance.py:2076} INFO - Dependencies all met for dep_context=non-requeueable deps ti=<TaskInstance: load_neo4j_from_gold.wait_for_export_gold manual__2025-10-23T09:04:07.912090+00:00 [queued]>
[2025-10-23T09:07:45.889+0000] {taskinstance.py:2076} INFO - Dependencies all met for dep_context=requeueable deps ti=<TaskInstance: load_neo4j_from_gold.wait_for_export_gold manual__2025-10-23T09:04:07.912090+00:00 [queued]>
[2025-10-23T09:07:45.890+0000] {taskinstance.py:2306} INFO - Starting attempt 1 of 1
[2025-10-23T09:07:45.896+0000] {taskinstance.py:2330} INFO - Executing <Task(ExternalTaskSensor): wait_for_export_gold> on 2025-10-23 09:04:07.912090+00:00
[2025-10-23T09:07:45.901+0000] {logging_mixin.py:188} WARNING - /home/***/.local/lib/python3.12/site-packages/***/task/task_runner/standard_task_runner.py:62 DeprecationWarning: This process (pid=2242) is multi-threaded, use of fork() may lead to deadlocks in the child.
[2025-10-23T09:07:45.902+0000] {standard_task_runner.py:64} INFO - Started process 2243 to run task
[2025-10-23T09:07:45.901+0000] {standard_task_runner.py:90} INFO - Running: ['***', 'tasks', 'run', 'load_neo4j_from_gold', 'wait_for_export_gold', 'manual__2025-10-23T09:04:07.912090+00:00', '--job-id', '138', '--raw', '--subdir', 'DAGS_FOLDER/load_neo4j_from_gold.py', '--cfg-path', '/tmp/tmp6ridx224']
[2025-10-23T09:07:45.903+0000] {standard_task_runner.py:91} INFO - Job 138: Subtask wait_for_export_gold
[2025-10-23T09:07:45.944+0000] {task_command.py:426} INFO - Running <TaskInstance: load_neo4j_from_gold.wait_for_export_gold manual__2025-10-23T09:04:07.912090+00:00 [running]> on host c48d41bd1c66
[2025-10-23T09:07:45.998+0000] {taskinstance.py:2648} INFO - Exporting env vars: AIRFLOW_CTX_DAG_OWNER='***' AIRFLOW_CTX_DAG_ID='load_neo4j_from_gold' AIRFLOW_CTX_TASK_ID='wait_for_export_gold' AIRFLOW_CTX_EXECUTION_DATE='2025-10-23T09:04:07.912090+00:00' AIRFLOW_CTX_TRY_NUMBER='1' AIRFLOW_CTX_DAG_RUN_ID='manual__2025-10-23T09:04:07.912090+00:00'
[2025-10-23T09:07:45.999+0000] {taskinstance.py:430} INFO - ::endgroup::
[2025-10-23T09:07:46.007+0000] {baseoperator.py:400} WARNING - ExternalTaskSensor.execute cannot be called outside TaskInstance!
[2025-10-23T09:07:46.012+0000] {external_task.py:258} INFO - Poking for tasks ['export_gold_csv'] in dag ingest_kg on 2025-10-23T09:04:07.912090+00:00 ... 
[2025-10-23T09:07:46.013+0000] {logging_mixin.py:188} WARNING - /home/***/.local/lib/python3.12/site-packages/***/utils/session.py:79 DeprecationWarning: This method is deprecated and will be removed in future.
[2025-10-23T09:07:46.020+0000] {taskinstance.py:441} INFO - ::group::Post task execution logs
[2025-10-23T09:07:46.030+0000] {taskinstance.py:2865} INFO - Rescheduling task, marking task as UP_FOR_RESCHEDULE
[2025-10-23T09:07:46.043+0000] {local_task_job_runner.py:243} INFO - Task exited with return code 0
[2025-10-23T09:07:46.059+0000] {taskinstance.py:3503} INFO - 0 downstream tasks scheduled from follow-on schedule check
[2025-10-23T09:07:46.059+0000] {local_task_job_runner.py:222} INFO - ::endgroup::
[2025-10-23T09:08:16.377+0000] {local_task_job_runner.py:120} INFO - ::group::Pre task execution logs
[2025-10-23T09:08:16.396+0000] {taskinstance.py:2076} INFO - Dependencies all met for dep_context=non-requeueable deps ti=<TaskInstance: load_neo4j_from_gold.wait_for_export_gold manual__2025-10-23T09:04:07.912090+00:00 [queued]>
[2025-10-23T09:08:16.400+0000] {taskinstance.py:2076} INFO - Dependencies all met for dep_context=requeueable deps ti=<TaskInstance: load_neo4j_from_gold.wait_for_export_gold manual__2025-10-23T09:04:07.912090+00:00 [queued]>
[2025-10-23T09:08:16.400+0000] {taskinstance.py:2306} INFO - Starting attempt 1 of 1
[2025-10-23T09:08:16.406+0000] {taskinstance.py:2330} INFO - Executing <Task(ExternalTaskSensor): wait_for_export_gold> on 2025-10-23 09:04:07.912090+00:00
[2025-10-23T09:08:16.409+0000] {standard_task_runner.py:90} INFO - Running: ['***', 'tasks', 'run', 'load_neo4j_from_gold', 'wait_for_export_gold', 'manual__2025-10-23T09:04:07.912090+00:00', '--job-id', '148', '--raw', '--subdir', 'DAGS_FOLDER/load_neo4j_from_gold.py', '--cfg-path', '/tmp/tmpm81ibs2s']
[2025-10-23T09:08:16.410+0000] {logging_mixin.py:188} WARNING - /home/***/.local/lib/python3.12/site-packages/***/task/task_runner/standard_task_runner.py:62 DeprecationWarning: This process (pid=2272) is multi-threaded, use of fork() may lead to deadlocks in the child.
[2025-10-23T09:08:16.411+0000] {standard_task_runner.py:91} INFO - Job 148: Subtask wait_for_export_gold
[2025-10-23T09:08:16.411+0000] {standard_task_runner.py:64} INFO - Started process 2273 to run task
[2025-10-23T09:08:16.440+0000] {task_command.py:426} INFO - Running <TaskInstance: load_neo4j_from_gold.wait_for_export_gold manual__2025-10-23T09:04:07.912090+00:00 [running]> on host c48d41bd1c66
[2025-10-23T09:08:16.491+0000] {taskinstance.py:2648} INFO - Exporting env vars: AIRFLOW_CTX_DAG_OWNER='***' AIRFLOW_CTX_DAG_ID='load_neo4j_from_gold' AIRFLOW_CTX_TASK_ID='wait_for_export_gold' AIRFLOW_CTX_EXECUTION_DATE='2025-10-23T09:04:07.912090+00:00' AIRFLOW_CTX_TRY_NUMBER='1' AIRFLOW_CTX_DAG_RUN_ID='manual__2025-10-23T09:04:07.912090+00:00'
[2025-10-23T09:08:16.492+0000] {taskinstance.py:430} INFO - ::endgroup::
[2025-10-23T09:08:16.500+0000] {baseoperator.py:400} WARNING - ExternalTaskSensor.execute cannot be called outside TaskInstance!
[2025-10-23T09:08:16.506+0000] {external_task.py:258} INFO - Poking for tasks ['export_gold_csv'] in dag ingest_kg on 2025-10-23T09:04:07.912090+00:00 ... 
[2025-10-23T09:08:16.508+0000] {logging_mixin.py:188} WARNING - /home/***/.local/lib/python3.12/site-packages/***/utils/session.py:79 DeprecationWarning: This method is deprecated and will be removed in future.
[2025-10-23T09:08:16.515+0000] {taskinstance.py:441} INFO - ::group::Post task execution logs
[2025-10-23T09:08:16.525+0000] {taskinstance.py:2865} INFO - Rescheduling task, marking task as UP_FOR_RESCHEDULE
[2025-10-23T09:08:16.554+0000] {local_task_job_runner.py:243} INFO - Task exited with return code 0
[2025-10-23T09:08:16.570+0000] {taskinstance.py:3503} INFO - 0 downstream tasks scheduled from follow-on schedule check
[2025-10-23T09:08:16.571+0000] {local_task_job_runner.py:222} INFO - ::endgroup::
[2025-10-23T09:08:46.858+0000] {local_task_job_runner.py:120} INFO - ::group::Pre task execution logs
[2025-10-23T09:08:46.876+0000] {taskinstance.py:2076} INFO - Dependencies all met for dep_context=non-requeueable deps ti=<TaskInstance: load_neo4j_from_gold.wait_for_export_gold manual__2025-10-23T09:04:07.912090+00:00 [queued]>
[2025-10-23T09:08:46.879+0000] {taskinstance.py:2076} INFO - Dependencies all met for dep_context=requeueable deps ti=<TaskInstance: load_neo4j_from_gold.wait_for_export_gold manual__2025-10-23T09:04:07.912090+00:00 [queued]>
[2025-10-23T09:08:46.880+0000] {taskinstance.py:2306} INFO - Starting attempt 1 of 1
[2025-10-23T09:08:46.885+0000] {taskinstance.py:2330} INFO - Executing <Task(ExternalTaskSensor): wait_for_export_gold> on 2025-10-23 09:04:07.912090+00:00
[2025-10-23T09:08:46.890+0000] {logging_mixin.py:188} WARNING - /home/***/.local/lib/python3.12/site-packages/***/task/task_runner/standard_task_runner.py:62 DeprecationWarning: This process (pid=2302) is multi-threaded, use of fork() may lead to deadlocks in the child.
[2025-10-23T09:08:46.890+0000] {standard_task_runner.py:64} INFO - Started process 2303 to run task
[2025-10-23T09:08:46.890+0000] {standard_task_runner.py:90} INFO - Running: ['***', 'tasks', 'run', 'load_neo4j_from_gold', 'wait_for_export_gold', 'manual__2025-10-23T09:04:07.912090+00:00', '--job-id', '158', '--raw', '--subdir', 'DAGS_FOLDER/load_neo4j_from_gold.py', '--cfg-path', '/tmp/tmpm41vl78s']
[2025-10-23T09:08:46.891+0000] {standard_task_runner.py:91} INFO - Job 158: Subtask wait_for_export_gold
[2025-10-23T09:08:46.932+0000] {task_command.py:426} INFO - Running <TaskInstance: load_neo4j_from_gold.wait_for_export_gold manual__2025-10-23T09:04:07.912090+00:00 [running]> on host c48d41bd1c66
[2025-10-23T09:08:46.986+0000] {taskinstance.py:2648} INFO - Exporting env vars: AIRFLOW_CTX_DAG_OWNER='***' AIRFLOW_CTX_DAG_ID='load_neo4j_from_gold' AIRFLOW_CTX_TASK_ID='wait_for_export_gold' AIRFLOW_CTX_EXECUTION_DATE='2025-10-23T09:04:07.912090+00:00' AIRFLOW_CTX_TRY_NUMBER='1' AIRFLOW_CTX_DAG_RUN_ID='manual__2025-10-23T09:04:07.912090+00:00'
[2025-10-23T09:08:46.986+0000] {taskinstance.py:430} INFO - ::endgroup::
[2025-10-23T09:08:46.994+0000] {baseoperator.py:400} WARNING - ExternalTaskSensor.execute cannot be called outside TaskInstance!
[2025-10-23T09:08:47.000+0000] {external_task.py:258} INFO - Poking for tasks ['export_gold_csv'] in dag ingest_kg on 2025-10-23T09:04:07.912090+00:00 ... 
[2025-10-23T09:08:47.001+0000] {logging_mixin.py:188} WARNING - /home/***/.local/lib/python3.12/site-packages/***/utils/session.py:79 DeprecationWarning: This method is deprecated and will be removed in future.
[2025-10-23T09:08:47.009+0000] {taskinstance.py:441} INFO - ::group::Post task execution logs
[2025-10-23T09:08:47.019+0000] {taskinstance.py:2865} INFO - Rescheduling task, marking task as UP_FOR_RESCHEDULE
[2025-10-23T09:08:47.034+0000] {local_task_job_runner.py:243} INFO - Task exited with return code 0
[2025-10-23T09:08:47.048+0000] {taskinstance.py:3503} INFO - 0 downstream tasks scheduled from follow-on schedule check
[2025-10-23T09:08:47.049+0000] {local_task_job_runner.py:222} INFO - ::endgroup::
[2025-10-23T09:09:17.271+0000] {local_task_job_runner.py:120} INFO - ::group::Pre task execution logs
[2025-10-23T09:09:17.287+0000] {taskinstance.py:2076} INFO - Dependencies all met for dep_context=non-requeueable deps ti=<TaskInstance: load_neo4j_from_gold.wait_for_export_gold manual__2025-10-23T09:04:07.912090+00:00 [queued]>
[2025-10-23T09:09:17.291+0000] {taskinstance.py:2076} INFO - Dependencies all met for dep_context=requeueable deps ti=<TaskInstance: load_neo4j_from_gold.wait_for_export_gold manual__2025-10-23T09:04:07.912090+00:00 [queued]>
[2025-10-23T09:09:17.291+0000] {taskinstance.py:2306} INFO - Starting attempt 1 of 1
[2025-10-23T09:09:17.297+0000] {taskinstance.py:2330} INFO - Executing <Task(ExternalTaskSensor): wait_for_export_gold> on 2025-10-23 09:04:07.912090+00:00
[2025-10-23T09:09:17.301+0000] {logging_mixin.py:188} WARNING - /home/***/.local/lib/python3.12/site-packages/***/task/task_runner/standard_task_runner.py:62 DeprecationWarning: This process (pid=2332) is multi-threaded, use of fork() may lead to deadlocks in the child.
[2025-10-23T09:09:17.301+0000] {standard_task_runner.py:64} INFO - Started process 2333 to run task
[2025-10-23T09:09:17.301+0000] {standard_task_runner.py:90} INFO - Running: ['***', 'tasks', 'run', 'load_neo4j_from_gold', 'wait_for_export_gold', 'manual__2025-10-23T09:04:07.912090+00:00', '--job-id', '168', '--raw', '--subdir', 'DAGS_FOLDER/load_neo4j_from_gold.py', '--cfg-path', '/tmp/tmpbcvtiudg']
[2025-10-23T09:09:17.302+0000] {standard_task_runner.py:91} INFO - Job 168: Subtask wait_for_export_gold
[2025-10-23T09:09:17.335+0000] {task_command.py:426} INFO - Running <TaskInstance: load_neo4j_from_gold.wait_for_export_gold manual__2025-10-23T09:04:07.912090+00:00 [running]> on host c48d41bd1c66
[2025-10-23T09:09:17.378+0000] {taskinstance.py:2648} INFO - Exporting env vars: AIRFLOW_CTX_DAG_OWNER='***' AIRFLOW_CTX_DAG_ID='load_neo4j_from_gold' AIRFLOW_CTX_TASK_ID='wait_for_export_gold' AIRFLOW_CTX_EXECUTION_DATE='2025-10-23T09:04:07.912090+00:00' AIRFLOW_CTX_TRY_NUMBER='1' AIRFLOW_CTX_DAG_RUN_ID='manual__2025-10-23T09:04:07.912090+00:00'
[2025-10-23T09:09:17.378+0000] {taskinstance.py:430} INFO - ::endgroup::
[2025-10-23T09:09:17.385+0000] {baseoperator.py:400} WARNING - ExternalTaskSensor.execute cannot be called outside TaskInstance!
[2025-10-23T09:09:17.390+0000] {external_task.py:258} INFO - Poking for tasks ['export_gold_csv'] in dag ingest_kg on 2025-10-23T09:04:07.912090+00:00 ... 
[2025-10-23T09:09:17.391+0000] {logging_mixin.py:188} WARNING - /home/***/.local/lib/python3.12/site-packages/***/utils/session.py:79 DeprecationWarning: This method is deprecated and will be removed in future.
[2025-10-23T09:09:17.398+0000] {taskinstance.py:441} INFO - ::group::Post task execution logs
[2025-10-23T09:09:17.408+0000] {taskinstance.py:2865} INFO - Rescheduling task, marking task as UP_FOR_RESCHEDULE
[2025-10-23T09:09:17.440+0000] {local_task_job_runner.py:243} INFO - Task exited with return code 0
[2025-10-23T09:09:17.454+0000] {taskinstance.py:3503} INFO - 0 downstream tasks scheduled from follow-on schedule check
[2025-10-23T09:09:17.454+0000] {local_task_job_runner.py:222} INFO - ::endgroup::
[2025-10-23T09:09:47.788+0000] {local_task_job_runner.py:120} INFO - ::group::Pre task execution logs
[2025-10-23T09:09:47.805+0000] {taskinstance.py:2076} INFO - Dependencies all met for dep_context=non-requeueable deps ti=<TaskInstance: load_neo4j_from_gold.wait_for_export_gold manual__2025-10-23T09:04:07.912090+00:00 [queued]>
[2025-10-23T09:09:47.808+0000] {taskinstance.py:2076} INFO - Dependencies all met for dep_context=requeueable deps ti=<TaskInstance: load_neo4j_from_gold.wait_for_export_gold manual__2025-10-23T09:04:07.912090+00:00 [queued]>
[2025-10-23T09:09:47.808+0000] {taskinstance.py:2306} INFO - Starting attempt 1 of 1
[2025-10-23T09:09:47.815+0000] {taskinstance.py:2330} INFO - Executing <Task(ExternalTaskSensor): wait_for_export_gold> on 2025-10-23 09:04:07.912090+00:00
[2025-10-23T09:09:47.822+0000] {logging_mixin.py:188} WARNING - /home/***/.local/lib/python3.12/site-packages/***/task/task_runner/standard_task_runner.py:62 DeprecationWarning: This process (pid=2362) is multi-threaded, use of fork() may lead to deadlocks in the child.
[2025-10-23T09:09:47.823+0000] {standard_task_runner.py:64} INFO - Started process 2363 to run task
[2025-10-23T09:09:47.821+0000] {standard_task_runner.py:90} INFO - Running: ['***', 'tasks', 'run', 'load_neo4j_from_gold', 'wait_for_export_gold', 'manual__2025-10-23T09:04:07.912090+00:00', '--job-id', '178', '--raw', '--subdir', 'DAGS_FOLDER/load_neo4j_from_gold.py', '--cfg-path', '/tmp/tmp73pdhlx3']
[2025-10-23T09:09:47.824+0000] {standard_task_runner.py:91} INFO - Job 178: Subtask wait_for_export_gold
[2025-10-23T09:09:47.862+0000] {task_command.py:426} INFO - Running <TaskInstance: load_neo4j_from_gold.wait_for_export_gold manual__2025-10-23T09:04:07.912090+00:00 [running]> on host c48d41bd1c66
[2025-10-23T09:09:47.905+0000] {taskinstance.py:2648} INFO - Exporting env vars: AIRFLOW_CTX_DAG_OWNER='***' AIRFLOW_CTX_DAG_ID='load_neo4j_from_gold' AIRFLOW_CTX_TASK_ID='wait_for_export_gold' AIRFLOW_CTX_EXECUTION_DATE='2025-10-23T09:04:07.912090+00:00' AIRFLOW_CTX_TRY_NUMBER='1' AIRFLOW_CTX_DAG_RUN_ID='manual__2025-10-23T09:04:07.912090+00:00'
[2025-10-23T09:09:47.906+0000] {taskinstance.py:430} INFO - ::endgroup::
[2025-10-23T09:09:47.912+0000] {baseoperator.py:400} WARNING - ExternalTaskSensor.execute cannot be called outside TaskInstance!
[2025-10-23T09:09:47.918+0000] {external_task.py:258} INFO - Poking for tasks ['export_gold_csv'] in dag ingest_kg on 2025-10-23T09:04:07.912090+00:00 ... 
[2025-10-23T09:09:47.919+0000] {logging_mixin.py:188} WARNING - /home/***/.local/lib/python3.12/site-packages/***/utils/session.py:79 DeprecationWarning: This method is deprecated and will be removed in future.
[2025-10-23T09:09:47.926+0000] {taskinstance.py:441} INFO - ::group::Post task execution logs
[2025-10-23T09:09:47.937+0000] {taskinstance.py:2865} INFO - Rescheduling task, marking task as UP_FOR_RESCHEDULE
[2025-10-23T09:09:47.967+0000] {local_task_job_runner.py:243} INFO - Task exited with return code 0
[2025-10-23T09:09:47.979+0000] {taskinstance.py:3503} INFO - 0 downstream tasks scheduled from follow-on schedule check
[2025-10-23T09:09:47.979+0000] {local_task_job_runner.py:222} INFO - ::endgroup::
[2025-10-23T09:10:18.272+0000] {local_task_job_runner.py:120} INFO - ::group::Pre task execution logs
[2025-10-23T09:10:18.292+0000] {taskinstance.py:2076} INFO - Dependencies all met for dep_context=non-requeueable deps ti=<TaskInstance: load_neo4j_from_gold.wait_for_export_gold manual__2025-10-23T09:04:07.912090+00:00 [queued]>
[2025-10-23T09:10:18.296+0000] {taskinstance.py:2076} INFO - Dependencies all met for dep_context=requeueable deps ti=<TaskInstance: load_neo4j_from_gold.wait_for_export_gold manual__2025-10-23T09:04:07.912090+00:00 [queued]>
[2025-10-23T09:10:18.296+0000] {taskinstance.py:2306} INFO - Starting attempt 1 of 1
[2025-10-23T09:10:18.303+0000] {taskinstance.py:2330} INFO - Executing <Task(ExternalTaskSensor): wait_for_export_gold> on 2025-10-23 09:04:07.912090+00:00
[2025-10-23T09:10:18.306+0000] {logging_mixin.py:188} WARNING - /home/***/.local/lib/python3.12/site-packages/***/task/task_runner/standard_task_runner.py:62 DeprecationWarning: This process (pid=2392) is multi-threaded, use of fork() may lead to deadlocks in the child.
[2025-10-23T09:10:18.307+0000] {standard_task_runner.py:64} INFO - Started process 2393 to run task
[2025-10-23T09:10:18.306+0000] {standard_task_runner.py:90} INFO - Running: ['***', 'tasks', 'run', 'load_neo4j_from_gold', 'wait_for_export_gold', 'manual__2025-10-23T09:04:07.912090+00:00', '--job-id', '188', '--raw', '--subdir', 'DAGS_FOLDER/load_neo4j_from_gold.py', '--cfg-path', '/tmp/tmpjiomzou3']
[2025-10-23T09:10:18.308+0000] {standard_task_runner.py:91} INFO - Job 188: Subtask wait_for_export_gold
[2025-10-23T09:10:18.343+0000] {task_command.py:426} INFO - Running <TaskInstance: load_neo4j_from_gold.wait_for_export_gold manual__2025-10-23T09:04:07.912090+00:00 [running]> on host c48d41bd1c66
[2025-10-23T09:10:18.394+0000] {taskinstance.py:2648} INFO - Exporting env vars: AIRFLOW_CTX_DAG_OWNER='***' AIRFLOW_CTX_DAG_ID='load_neo4j_from_gold' AIRFLOW_CTX_TASK_ID='wait_for_export_gold' AIRFLOW_CTX_EXECUTION_DATE='2025-10-23T09:04:07.912090+00:00' AIRFLOW_CTX_TRY_NUMBER='1' AIRFLOW_CTX_DAG_RUN_ID='manual__2025-10-23T09:04:07.912090+00:00'
[2025-10-23T09:10:18.394+0000] {taskinstance.py:430} INFO - ::endgroup::
[2025-10-23T09:10:18.401+0000] {baseoperator.py:400} WARNING - ExternalTaskSensor.execute cannot be called outside TaskInstance!
[2025-10-23T09:10:18.407+0000] {external_task.py:258} INFO - Poking for tasks ['export_gold_csv'] in dag ingest_kg on 2025-10-23T09:04:07.912090+00:00 ... 
[2025-10-23T09:10:18.408+0000] {logging_mixin.py:188} WARNING - /home/***/.local/lib/python3.12/site-packages/***/utils/session.py:79 DeprecationWarning: This method is deprecated and will be removed in future.
[2025-10-23T09:10:18.416+0000] {taskinstance.py:441} INFO - ::group::Post task execution logs
[2025-10-23T09:10:18.427+0000] {taskinstance.py:2865} INFO - Rescheduling task, marking task as UP_FOR_RESCHEDULE
[2025-10-23T09:10:18.447+0000] {local_task_job_runner.py:243} INFO - Task exited with return code 0
[2025-10-23T09:10:18.462+0000] {taskinstance.py:3503} INFO - 0 downstream tasks scheduled from follow-on schedule check
[2025-10-23T09:10:18.464+0000] {local_task_job_runner.py:222} INFO - ::endgroup::
[2025-10-23T09:10:48.944+0000] {local_task_job_runner.py:120} INFO - ::group::Pre task execution logs
[2025-10-23T09:10:48.970+0000] {taskinstance.py:2076} INFO - Dependencies all met for dep_context=non-requeueable deps ti=<TaskInstance: load_neo4j_from_gold.wait_for_export_gold manual__2025-10-23T09:04:07.912090+00:00 [queued]>
[2025-10-23T09:10:48.974+0000] {taskinstance.py:2076} INFO - Dependencies all met for dep_context=requeueable deps ti=<TaskInstance: load_neo4j_from_gold.wait_for_export_gold manual__2025-10-23T09:04:07.912090+00:00 [queued]>
[2025-10-23T09:10:48.975+0000] {taskinstance.py:2306} INFO - Starting attempt 1 of 1
[2025-10-23T09:10:48.982+0000] {taskinstance.py:2330} INFO - Executing <Task(ExternalTaskSensor): wait_for_export_gold> on 2025-10-23 09:04:07.912090+00:00
[2025-10-23T09:10:48.990+0000] {logging_mixin.py:188} WARNING - /home/***/.local/lib/python3.12/site-packages/***/task/task_runner/standard_task_runner.py:62 DeprecationWarning: This process (pid=2422) is multi-threaded, use of fork() may lead to deadlocks in the child.
[2025-10-23T09:10:48.989+0000] {standard_task_runner.py:90} INFO - Running: ['***', 'tasks', 'run', 'load_neo4j_from_gold', 'wait_for_export_gold', 'manual__2025-10-23T09:04:07.912090+00:00', '--job-id', '198', '--raw', '--subdir', 'DAGS_FOLDER/load_neo4j_from_gold.py', '--cfg-path', '/tmp/tmpk07daro6']
[2025-10-23T09:10:48.991+0000] {standard_task_runner.py:64} INFO - Started process 2423 to run task
[2025-10-23T09:10:48.991+0000] {standard_task_runner.py:91} INFO - Job 198: Subtask wait_for_export_gold
[2025-10-23T09:10:49.039+0000] {task_command.py:426} INFO - Running <TaskInstance: load_neo4j_from_gold.wait_for_export_gold manual__2025-10-23T09:04:07.912090+00:00 [running]> on host c48d41bd1c66
[2025-10-23T09:10:49.090+0000] {taskinstance.py:2648} INFO - Exporting env vars: AIRFLOW_CTX_DAG_OWNER='***' AIRFLOW_CTX_DAG_ID='load_neo4j_from_gold' AIRFLOW_CTX_TASK_ID='wait_for_export_gold' AIRFLOW_CTX_EXECUTION_DATE='2025-10-23T09:04:07.912090+00:00' AIRFLOW_CTX_TRY_NUMBER='1' AIRFLOW_CTX_DAG_RUN_ID='manual__2025-10-23T09:04:07.912090+00:00'
[2025-10-23T09:10:49.091+0000] {taskinstance.py:430} INFO - ::endgroup::
[2025-10-23T09:10:49.099+0000] {baseoperator.py:400} WARNING - ExternalTaskSensor.execute cannot be called outside TaskInstance!
[2025-10-23T09:10:49.104+0000] {external_task.py:258} INFO - Poking for tasks ['export_gold_csv'] in dag ingest_kg on 2025-10-23T09:04:07.912090+00:00 ... 
[2025-10-23T09:10:49.106+0000] {logging_mixin.py:188} WARNING - /home/***/.local/lib/python3.12/site-packages/***/utils/session.py:79 DeprecationWarning: This method is deprecated and will be removed in future.
[2025-10-23T09:10:49.113+0000] {taskinstance.py:441} INFO - ::group::Post task execution logs
[2025-10-23T09:10:49.131+0000] {taskinstance.py:2865} INFO - Rescheduling task, marking task as UP_FOR_RESCHEDULE
[2025-10-23T09:10:49.177+0000] {local_task_job_runner.py:243} INFO - Task exited with return code 0
[2025-10-23T09:10:49.191+0000] {taskinstance.py:3503} INFO - 0 downstream tasks scheduled from follow-on schedule check
[2025-10-23T09:10:49.192+0000] {local_task_job_runner.py:222} INFO - ::endgroup::
[2025-10-23T09:11:20.168+0000] {local_task_job_runner.py:120} INFO - ::group::Pre task execution logs
[2025-10-23T09:11:20.185+0000] {taskinstance.py:2076} INFO - Dependencies all met for dep_context=non-requeueable deps ti=<TaskInstance: load_neo4j_from_gold.wait_for_export_gold manual__2025-10-23T09:04:07.912090+00:00 [queued]>
[2025-10-23T09:11:20.188+0000] {taskinstance.py:2076} INFO - Dependencies all met for dep_context=requeueable deps ti=<TaskInstance: load_neo4j_from_gold.wait_for_export_gold manual__2025-10-23T09:04:07.912090+00:00 [queued]>
[2025-10-23T09:11:20.188+0000] {taskinstance.py:2306} INFO - Starting attempt 1 of 1
[2025-10-23T09:11:20.193+0000] {taskinstance.py:2330} INFO - Executing <Task(ExternalTaskSensor): wait_for_export_gold> on 2025-10-23 09:04:07.912090+00:00
[2025-10-23T09:11:20.197+0000] {logging_mixin.py:188} WARNING - /home/***/.local/lib/python3.12/site-packages/***/task/task_runner/standard_task_runner.py:62 DeprecationWarning: This process (pid=2452) is multi-threaded, use of fork() may lead to deadlocks in the child.
[2025-10-23T09:11:20.198+0000] {standard_task_runner.py:64} INFO - Started process 2453 to run task
[2025-10-23T09:11:20.197+0000] {standard_task_runner.py:90} INFO - Running: ['***', 'tasks', 'run', 'load_neo4j_from_gold', 'wait_for_export_gold', 'manual__2025-10-23T09:04:07.912090+00:00', '--job-id', '208', '--raw', '--subdir', 'DAGS_FOLDER/load_neo4j_from_gold.py', '--cfg-path', '/tmp/tmpe8itvcxw']
[2025-10-23T09:11:20.199+0000] {standard_task_runner.py:91} INFO - Job 208: Subtask wait_for_export_gold
[2025-10-23T09:11:20.289+0000] {task_command.py:426} INFO - Running <TaskInstance: load_neo4j_from_gold.wait_for_export_gold manual__2025-10-23T09:04:07.912090+00:00 [running]> on host c48d41bd1c66
[2025-10-23T09:11:20.334+0000] {taskinstance.py:2648} INFO - Exporting env vars: AIRFLOW_CTX_DAG_OWNER='***' AIRFLOW_CTX_DAG_ID='load_neo4j_from_gold' AIRFLOW_CTX_TASK_ID='wait_for_export_gold' AIRFLOW_CTX_EXECUTION_DATE='2025-10-23T09:04:07.912090+00:00' AIRFLOW_CTX_TRY_NUMBER='1' AIRFLOW_CTX_DAG_RUN_ID='manual__2025-10-23T09:04:07.912090+00:00'
[2025-10-23T09:11:20.335+0000] {taskinstance.py:430} INFO - ::endgroup::
[2025-10-23T09:11:20.341+0000] {baseoperator.py:400} WARNING - ExternalTaskSensor.execute cannot be called outside TaskInstance!
[2025-10-23T09:11:20.347+0000] {external_task.py:258} INFO - Poking for tasks ['export_gold_csv'] in dag ingest_kg on 2025-10-23T09:04:07.912090+00:00 ... 
[2025-10-23T09:11:20.348+0000] {logging_mixin.py:188} WARNING - /home/***/.local/lib/python3.12/site-packages/***/utils/session.py:79 DeprecationWarning: This method is deprecated and will be removed in future.
[2025-10-23T09:11:20.355+0000] {taskinstance.py:441} INFO - ::group::Post task execution logs
[2025-10-23T09:11:20.365+0000] {taskinstance.py:2865} INFO - Rescheduling task, marking task as UP_FOR_RESCHEDULE
[2025-10-23T09:11:20.383+0000] {local_task_job_runner.py:243} INFO - Task exited with return code 0
[2025-10-23T09:11:20.396+0000] {taskinstance.py:3503} INFO - 0 downstream tasks scheduled from follow-on schedule check
[2025-10-23T09:11:20.397+0000] {local_task_job_runner.py:222} INFO - ::endgroup::
[2025-10-23T09:11:50.909+0000] {local_task_job_runner.py:120} INFO - ::group::Pre task execution logs
[2025-10-23T09:11:50.925+0000] {taskinstance.py:2076} INFO - Dependencies all met for dep_context=non-requeueable deps ti=<TaskInstance: load_neo4j_from_gold.wait_for_export_gold manual__2025-10-23T09:04:07.912090+00:00 [queued]>
[2025-10-23T09:11:50.928+0000] {taskinstance.py:2076} INFO - Dependencies all met for dep_context=requeueable deps ti=<TaskInstance: load_neo4j_from_gold.wait_for_export_gold manual__2025-10-23T09:04:07.912090+00:00 [queued]>
[2025-10-23T09:11:50.928+0000] {taskinstance.py:2306} INFO - Starting attempt 1 of 1
[2025-10-23T09:11:50.934+0000] {taskinstance.py:2330} INFO - Executing <Task(ExternalTaskSensor): wait_for_export_gold> on 2025-10-23 09:04:07.912090+00:00
[2025-10-23T09:11:50.938+0000] {logging_mixin.py:188} WARNING - /home/***/.local/lib/python3.12/site-packages/***/task/task_runner/standard_task_runner.py:62 DeprecationWarning: This process (pid=2482) is multi-threaded, use of fork() may lead to deadlocks in the child.
[2025-10-23T09:11:50.938+0000] {standard_task_runner.py:64} INFO - Started process 2483 to run task
[2025-10-23T09:11:50.938+0000] {standard_task_runner.py:90} INFO - Running: ['***', 'tasks', 'run', 'load_neo4j_from_gold', 'wait_for_export_gold', 'manual__2025-10-23T09:04:07.912090+00:00', '--job-id', '218', '--raw', '--subdir', 'DAGS_FOLDER/load_neo4j_from_gold.py', '--cfg-path', '/tmp/tmpm6qru_on']
[2025-10-23T09:11:50.939+0000] {standard_task_runner.py:91} INFO - Job 218: Subtask wait_for_export_gold
[2025-10-23T09:11:50.967+0000] {task_command.py:426} INFO - Running <TaskInstance: load_neo4j_from_gold.wait_for_export_gold manual__2025-10-23T09:04:07.912090+00:00 [running]> on host c48d41bd1c66
[2025-10-23T09:11:51.020+0000] {taskinstance.py:2648} INFO - Exporting env vars: AIRFLOW_CTX_DAG_OWNER='***' AIRFLOW_CTX_DAG_ID='load_neo4j_from_gold' AIRFLOW_CTX_TASK_ID='wait_for_export_gold' AIRFLOW_CTX_EXECUTION_DATE='2025-10-23T09:04:07.912090+00:00' AIRFLOW_CTX_TRY_NUMBER='1' AIRFLOW_CTX_DAG_RUN_ID='manual__2025-10-23T09:04:07.912090+00:00'
[2025-10-23T09:11:51.022+0000] {taskinstance.py:430} INFO - ::endgroup::
[2025-10-23T09:11:51.029+0000] {baseoperator.py:400} WARNING - ExternalTaskSensor.execute cannot be called outside TaskInstance!
[2025-10-23T09:11:51.035+0000] {external_task.py:258} INFO - Poking for tasks ['export_gold_csv'] in dag ingest_kg on 2025-10-23T09:04:07.912090+00:00 ... 
[2025-10-23T09:11:51.037+0000] {logging_mixin.py:188} WARNING - /home/***/.local/lib/python3.12/site-packages/***/utils/session.py:79 DeprecationWarning: This method is deprecated and will be removed in future.
[2025-10-23T09:11:51.044+0000] {taskinstance.py:441} INFO - ::group::Post task execution logs
[2025-10-23T09:11:51.055+0000] {taskinstance.py:2865} INFO - Rescheduling task, marking task as UP_FOR_RESCHEDULE
[2025-10-23T09:11:51.077+0000] {local_task_job_runner.py:243} INFO - Task exited with return code 0
[2025-10-23T09:11:51.089+0000] {taskinstance.py:3503} INFO - 0 downstream tasks scheduled from follow-on schedule check
[2025-10-23T09:11:51.090+0000] {local_task_job_runner.py:222} INFO - ::endgroup::
[2025-10-23T09:12:21.530+0000] {local_task_job_runner.py:120} INFO - ::group::Pre task execution logs
[2025-10-23T09:12:21.549+0000] {taskinstance.py:2076} INFO - Dependencies all met for dep_context=non-requeueable deps ti=<TaskInstance: load_neo4j_from_gold.wait_for_export_gold manual__2025-10-23T09:04:07.912090+00:00 [queued]>
[2025-10-23T09:12:21.553+0000] {taskinstance.py:2076} INFO - Dependencies all met for dep_context=requeueable deps ti=<TaskInstance: load_neo4j_from_gold.wait_for_export_gold manual__2025-10-23T09:04:07.912090+00:00 [queued]>
[2025-10-23T09:12:21.553+0000] {taskinstance.py:2306} INFO - Starting attempt 1 of 1
[2025-10-23T09:12:21.560+0000] {taskinstance.py:2330} INFO - Executing <Task(ExternalTaskSensor): wait_for_export_gold> on 2025-10-23 09:04:07.912090+00:00
[2025-10-23T09:12:21.564+0000] {logging_mixin.py:188} WARNING - /home/***/.local/lib/python3.12/site-packages/***/task/task_runner/standard_task_runner.py:62 DeprecationWarning: This process (pid=2512) is multi-threaded, use of fork() may lead to deadlocks in the child.
[2025-10-23T09:12:21.565+0000] {standard_task_runner.py:64} INFO - Started process 2513 to run task
[2025-10-23T09:12:21.565+0000] {standard_task_runner.py:90} INFO - Running: ['***', 'tasks', 'run', 'load_neo4j_from_gold', 'wait_for_export_gold', 'manual__2025-10-23T09:04:07.912090+00:00', '--job-id', '228', '--raw', '--subdir', 'DAGS_FOLDER/load_neo4j_from_gold.py', '--cfg-path', '/tmp/tmppmh0wg4a']
[2025-10-23T09:12:21.567+0000] {standard_task_runner.py:91} INFO - Job 228: Subtask wait_for_export_gold
[2025-10-23T09:12:21.603+0000] {task_command.py:426} INFO - Running <TaskInstance: load_neo4j_from_gold.wait_for_export_gold manual__2025-10-23T09:04:07.912090+00:00 [running]> on host c48d41bd1c66
[2025-10-23T09:12:21.665+0000] {taskinstance.py:2648} INFO - Exporting env vars: AIRFLOW_CTX_DAG_OWNER='***' AIRFLOW_CTX_DAG_ID='load_neo4j_from_gold' AIRFLOW_CTX_TASK_ID='wait_for_export_gold' AIRFLOW_CTX_EXECUTION_DATE='2025-10-23T09:04:07.912090+00:00' AIRFLOW_CTX_TRY_NUMBER='1' AIRFLOW_CTX_DAG_RUN_ID='manual__2025-10-23T09:04:07.912090+00:00'
[2025-10-23T09:12:21.666+0000] {taskinstance.py:430} INFO - ::endgroup::
[2025-10-23T09:12:21.674+0000] {baseoperator.py:400} WARNING - ExternalTaskSensor.execute cannot be called outside TaskInstance!
[2025-10-23T09:12:21.680+0000] {external_task.py:258} INFO - Poking for tasks ['export_gold_csv'] in dag ingest_kg on 2025-10-23T09:04:07.912090+00:00 ... 
[2025-10-23T09:12:21.682+0000] {logging_mixin.py:188} WARNING - /home/***/.local/lib/python3.12/site-packages/***/utils/session.py:79 DeprecationWarning: This method is deprecated and will be removed in future.
[2025-10-23T09:12:21.688+0000] {taskinstance.py:441} INFO - ::group::Post task execution logs
[2025-10-23T09:12:21.699+0000] {taskinstance.py:2865} INFO - Rescheduling task, marking task as UP_FOR_RESCHEDULE
[2025-10-23T09:12:21.744+0000] {local_task_job_runner.py:243} INFO - Task exited with return code 0
[2025-10-23T09:12:21.761+0000] {taskinstance.py:3503} INFO - 0 downstream tasks scheduled from follow-on schedule check
[2025-10-23T09:12:21.762+0000] {local_task_job_runner.py:222} INFO - ::endgroup::
[2025-10-23T09:12:51.848+0000] {local_task_job_runner.py:120} INFO - ::group::Pre task execution logs
[2025-10-23T09:12:51.867+0000] {taskinstance.py:2076} INFO - Dependencies all met for dep_context=non-requeueable deps ti=<TaskInstance: load_neo4j_from_gold.wait_for_export_gold manual__2025-10-23T09:04:07.912090+00:00 [queued]>
[2025-10-23T09:12:51.871+0000] {taskinstance.py:2076} INFO - Dependencies all met for dep_context=requeueable deps ti=<TaskInstance: load_neo4j_from_gold.wait_for_export_gold manual__2025-10-23T09:04:07.912090+00:00 [queued]>
[2025-10-23T09:12:51.871+0000] {taskinstance.py:2306} INFO - Starting attempt 1 of 1
[2025-10-23T09:12:51.878+0000] {taskinstance.py:2330} INFO - Executing <Task(ExternalTaskSensor): wait_for_export_gold> on 2025-10-23 09:04:07.912090+00:00
[2025-10-23T09:12:51.882+0000] {logging_mixin.py:188} WARNING - /home/***/.local/lib/python3.12/site-packages/***/task/task_runner/standard_task_runner.py:62 DeprecationWarning: This process (pid=2541) is multi-threaded, use of fork() may lead to deadlocks in the child.
[2025-10-23T09:12:51.883+0000] {standard_task_runner.py:64} INFO - Started process 2543 to run task
[2025-10-23T09:12:51.882+0000] {standard_task_runner.py:90} INFO - Running: ['***', 'tasks', 'run', 'load_neo4j_from_gold', 'wait_for_export_gold', 'manual__2025-10-23T09:04:07.912090+00:00', '--job-id', '238', '--raw', '--subdir', 'DAGS_FOLDER/load_neo4j_from_gold.py', '--cfg-path', '/tmp/tmpe98thyer']
[2025-10-23T09:12:51.883+0000] {standard_task_runner.py:91} INFO - Job 238: Subtask wait_for_export_gold
[2025-10-23T09:12:51.912+0000] {task_command.py:426} INFO - Running <TaskInstance: load_neo4j_from_gold.wait_for_export_gold manual__2025-10-23T09:04:07.912090+00:00 [running]> on host c48d41bd1c66
[2025-10-23T09:12:51.960+0000] {taskinstance.py:2648} INFO - Exporting env vars: AIRFLOW_CTX_DAG_OWNER='***' AIRFLOW_CTX_DAG_ID='load_neo4j_from_gold' AIRFLOW_CTX_TASK_ID='wait_for_export_gold' AIRFLOW_CTX_EXECUTION_DATE='2025-10-23T09:04:07.912090+00:00' AIRFLOW_CTX_TRY_NUMBER='1' AIRFLOW_CTX_DAG_RUN_ID='manual__2025-10-23T09:04:07.912090+00:00'
[2025-10-23T09:12:51.961+0000] {taskinstance.py:430} INFO - ::endgroup::
[2025-10-23T09:12:51.968+0000] {baseoperator.py:400} WARNING - ExternalTaskSensor.execute cannot be called outside TaskInstance!
[2025-10-23T09:12:51.973+0000] {external_task.py:258} INFO - Poking for tasks ['export_gold_csv'] in dag ingest_kg on 2025-10-23T09:04:07.912090+00:00 ... 
[2025-10-23T09:12:51.975+0000] {logging_mixin.py:188} WARNING - /home/***/.local/lib/python3.12/site-packages/***/utils/session.py:79 DeprecationWarning: This method is deprecated and will be removed in future.
[2025-10-23T09:12:51.984+0000] {taskinstance.py:441} INFO - ::group::Post task execution logs
[2025-10-23T09:12:51.995+0000] {taskinstance.py:2865} INFO - Rescheduling task, marking task as UP_FOR_RESCHEDULE
[2025-10-23T09:12:52.022+0000] {local_task_job_runner.py:243} INFO - Task exited with return code 0
[2025-10-23T09:12:52.035+0000] {taskinstance.py:3503} INFO - 0 downstream tasks scheduled from follow-on schedule check
[2025-10-23T09:12:52.035+0000] {local_task_job_runner.py:222} INFO - ::endgroup::
[2025-10-23T09:13:22.221+0000] {local_task_job_runner.py:120} INFO - ::group::Pre task execution logs
[2025-10-23T09:13:22.242+0000] {taskinstance.py:2076} INFO - Dependencies all met for dep_context=non-requeueable deps ti=<TaskInstance: load_neo4j_from_gold.wait_for_export_gold manual__2025-10-23T09:04:07.912090+00:00 [queued]>
[2025-10-23T09:13:22.245+0000] {taskinstance.py:2076} INFO - Dependencies all met for dep_context=requeueable deps ti=<TaskInstance: load_neo4j_from_gold.wait_for_export_gold manual__2025-10-23T09:04:07.912090+00:00 [queued]>
[2025-10-23T09:13:22.245+0000] {taskinstance.py:2306} INFO - Starting attempt 1 of 1
[2025-10-23T09:13:22.256+0000] {taskinstance.py:2330} INFO - Executing <Task(ExternalTaskSensor): wait_for_export_gold> on 2025-10-23 09:04:07.912090+00:00
[2025-10-23T09:13:22.261+0000] {logging_mixin.py:188} WARNING - /home/***/.local/lib/python3.12/site-packages/***/task/task_runner/standard_task_runner.py:62 DeprecationWarning: This process (pid=2570) is multi-threaded, use of fork() may lead to deadlocks in the child.
[2025-10-23T09:13:22.260+0000] {standard_task_runner.py:90} INFO - Running: ['***', 'tasks', 'run', 'load_neo4j_from_gold', 'wait_for_export_gold', 'manual__2025-10-23T09:04:07.912090+00:00', '--job-id', '248', '--raw', '--subdir', 'DAGS_FOLDER/load_neo4j_from_gold.py', '--cfg-path', '/tmp/tmpyrtx9iiq']
[2025-10-23T09:13:22.261+0000] {standard_task_runner.py:64} INFO - Started process 2573 to run task
[2025-10-23T09:13:22.261+0000] {standard_task_runner.py:91} INFO - Job 248: Subtask wait_for_export_gold
[2025-10-23T09:13:22.293+0000] {task_command.py:426} INFO - Running <TaskInstance: load_neo4j_from_gold.wait_for_export_gold manual__2025-10-23T09:04:07.912090+00:00 [running]> on host c48d41bd1c66
[2025-10-23T09:13:22.340+0000] {taskinstance.py:2648} INFO - Exporting env vars: AIRFLOW_CTX_DAG_OWNER='***' AIRFLOW_CTX_DAG_ID='load_neo4j_from_gold' AIRFLOW_CTX_TASK_ID='wait_for_export_gold' AIRFLOW_CTX_EXECUTION_DATE='2025-10-23T09:04:07.912090+00:00' AIRFLOW_CTX_TRY_NUMBER='1' AIRFLOW_CTX_DAG_RUN_ID='manual__2025-10-23T09:04:07.912090+00:00'
[2025-10-23T09:13:22.341+0000] {taskinstance.py:430} INFO - ::endgroup::
[2025-10-23T09:13:22.349+0000] {baseoperator.py:400} WARNING - ExternalTaskSensor.execute cannot be called outside TaskInstance!
[2025-10-23T09:13:22.356+0000] {external_task.py:258} INFO - Poking for tasks ['export_gold_csv'] in dag ingest_kg on 2025-10-23T09:04:07.912090+00:00 ... 
[2025-10-23T09:13:22.357+0000] {logging_mixin.py:188} WARNING - /home/***/.local/lib/python3.12/site-packages/***/utils/session.py:79 DeprecationWarning: This method is deprecated and will be removed in future.
[2025-10-23T09:13:22.371+0000] {taskinstance.py:441} INFO - ::group::Post task execution logs
[2025-10-23T09:13:22.382+0000] {taskinstance.py:2865} INFO - Rescheduling task, marking task as UP_FOR_RESCHEDULE
[2025-10-23T09:13:22.402+0000] {local_task_job_runner.py:243} INFO - Task exited with return code 0
[2025-10-23T09:13:22.417+0000] {taskinstance.py:3503} INFO - 0 downstream tasks scheduled from follow-on schedule check
[2025-10-23T09:13:22.417+0000] {local_task_job_runner.py:222} INFO - ::endgroup::
[2025-10-23T09:13:52.771+0000] {local_task_job_runner.py:120} INFO - ::group::Pre task execution logs
[2025-10-23T09:13:52.796+0000] {taskinstance.py:2076} INFO - Dependencies all met for dep_context=non-requeueable deps ti=<TaskInstance: load_neo4j_from_gold.wait_for_export_gold manual__2025-10-23T09:04:07.912090+00:00 [queued]>
[2025-10-23T09:13:52.801+0000] {taskinstance.py:2076} INFO - Dependencies all met for dep_context=requeueable deps ti=<TaskInstance: load_neo4j_from_gold.wait_for_export_gold manual__2025-10-23T09:04:07.912090+00:00 [queued]>
[2025-10-23T09:13:52.801+0000] {taskinstance.py:2306} INFO - Starting attempt 1 of 1
[2025-10-23T09:13:52.811+0000] {taskinstance.py:2330} INFO - Executing <Task(ExternalTaskSensor): wait_for_export_gold> on 2025-10-23 09:04:07.912090+00:00
[2025-10-23T09:13:52.817+0000] {logging_mixin.py:188} WARNING - /home/***/.local/lib/python3.12/site-packages/***/task/task_runner/standard_task_runner.py:62 DeprecationWarning: This process (pid=2600) is multi-threaded, use of fork() may lead to deadlocks in the child.
[2025-10-23T09:13:52.816+0000] {standard_task_runner.py:90} INFO - Running: ['***', 'tasks', 'run', 'load_neo4j_from_gold', 'wait_for_export_gold', 'manual__2025-10-23T09:04:07.912090+00:00', '--job-id', '257', '--raw', '--subdir', 'DAGS_FOLDER/load_neo4j_from_gold.py', '--cfg-path', '/tmp/tmpdeuitmpm']
[2025-10-23T09:13:52.817+0000] {standard_task_runner.py:64} INFO - Started process 2603 to run task
[2025-10-23T09:13:52.817+0000] {standard_task_runner.py:91} INFO - Job 257: Subtask wait_for_export_gold
[2025-10-23T09:13:52.867+0000] {task_command.py:426} INFO - Running <TaskInstance: load_neo4j_from_gold.wait_for_export_gold manual__2025-10-23T09:04:07.912090+00:00 [running]> on host c48d41bd1c66
[2025-10-23T09:13:52.922+0000] {taskinstance.py:2648} INFO - Exporting env vars: AIRFLOW_CTX_DAG_OWNER='***' AIRFLOW_CTX_DAG_ID='load_neo4j_from_gold' AIRFLOW_CTX_TASK_ID='wait_for_export_gold' AIRFLOW_CTX_EXECUTION_DATE='2025-10-23T09:04:07.912090+00:00' AIRFLOW_CTX_TRY_NUMBER='1' AIRFLOW_CTX_DAG_RUN_ID='manual__2025-10-23T09:04:07.912090+00:00'
[2025-10-23T09:13:52.923+0000] {taskinstance.py:430} INFO - ::endgroup::
[2025-10-23T09:13:52.933+0000] {baseoperator.py:400} WARNING - ExternalTaskSensor.execute cannot be called outside TaskInstance!
[2025-10-23T09:13:52.940+0000] {external_task.py:258} INFO - Poking for tasks ['export_gold_csv'] in dag ingest_kg on 2025-10-23T09:04:07.912090+00:00 ... 
[2025-10-23T09:13:52.941+0000] {logging_mixin.py:188} WARNING - /home/***/.local/lib/python3.12/site-packages/***/utils/session.py:79 DeprecationWarning: This method is deprecated and will be removed in future.
[2025-10-23T09:13:52.953+0000] {taskinstance.py:441} INFO - ::group::Post task execution logs
[2025-10-23T09:13:52.978+0000] {taskinstance.py:2865} INFO - Rescheduling task, marking task as UP_FOR_RESCHEDULE
[2025-10-23T09:13:52.998+0000] {local_task_job_runner.py:243} INFO - Task exited with return code 0
[2025-10-23T09:13:53.013+0000] {taskinstance.py:3503} INFO - 0 downstream tasks scheduled from follow-on schedule check
[2025-10-23T09:13:53.013+0000] {local_task_job_runner.py:222} INFO - ::endgroup::
[2025-10-23T09:14:23.239+0000] {local_task_job_runner.py:120} INFO - ::group::Pre task execution logs
[2025-10-23T09:14:23.258+0000] {taskinstance.py:2076} INFO - Dependencies all met for dep_context=non-requeueable deps ti=<TaskInstance: load_neo4j_from_gold.wait_for_export_gold manual__2025-10-23T09:04:07.912090+00:00 [queued]>
[2025-10-23T09:14:23.262+0000] {taskinstance.py:2076} INFO - Dependencies all met for dep_context=requeueable deps ti=<TaskInstance: load_neo4j_from_gold.wait_for_export_gold manual__2025-10-23T09:04:07.912090+00:00 [queued]>
[2025-10-23T09:14:23.262+0000] {taskinstance.py:2306} INFO - Starting attempt 1 of 1
[2025-10-23T09:14:23.269+0000] {taskinstance.py:2330} INFO - Executing <Task(ExternalTaskSensor): wait_for_export_gold> on 2025-10-23 09:04:07.912090+00:00
[2025-10-23T09:14:23.274+0000] {logging_mixin.py:188} WARNING - /home/***/.local/lib/python3.12/site-packages/***/task/task_runner/standard_task_runner.py:62 DeprecationWarning: This process (pid=2630) is multi-threaded, use of fork() may lead to deadlocks in the child.
[2025-10-23T09:14:23.273+0000] {standard_task_runner.py:90} INFO - Running: ['***', 'tasks', 'run', 'load_neo4j_from_gold', 'wait_for_export_gold', 'manual__2025-10-23T09:04:07.912090+00:00', '--job-id', '267', '--raw', '--subdir', 'DAGS_FOLDER/load_neo4j_from_gold.py', '--cfg-path', '/tmp/tmpg690_p61']
[2025-10-23T09:14:23.275+0000] {standard_task_runner.py:64} INFO - Started process 2632 to run task
[2025-10-23T09:14:23.276+0000] {standard_task_runner.py:91} INFO - Job 267: Subtask wait_for_export_gold
[2025-10-23T09:14:23.310+0000] {task_command.py:426} INFO - Running <TaskInstance: load_neo4j_from_gold.wait_for_export_gold manual__2025-10-23T09:04:07.912090+00:00 [running]> on host c48d41bd1c66
[2025-10-23T09:14:23.363+0000] {taskinstance.py:2648} INFO - Exporting env vars: AIRFLOW_CTX_DAG_OWNER='***' AIRFLOW_CTX_DAG_ID='load_neo4j_from_gold' AIRFLOW_CTX_TASK_ID='wait_for_export_gold' AIRFLOW_CTX_EXECUTION_DATE='2025-10-23T09:04:07.912090+00:00' AIRFLOW_CTX_TRY_NUMBER='1' AIRFLOW_CTX_DAG_RUN_ID='manual__2025-10-23T09:04:07.912090+00:00'
[2025-10-23T09:14:23.364+0000] {taskinstance.py:430} INFO - ::endgroup::
[2025-10-23T09:14:23.372+0000] {baseoperator.py:400} WARNING - ExternalTaskSensor.execute cannot be called outside TaskInstance!
[2025-10-23T09:14:23.378+0000] {external_task.py:258} INFO - Poking for tasks ['export_gold_csv'] in dag ingest_kg on 2025-10-23T09:04:07.912090+00:00 ... 
[2025-10-23T09:14:23.380+0000] {logging_mixin.py:188} WARNING - /home/***/.local/lib/python3.12/site-packages/***/utils/session.py:79 DeprecationWarning: This method is deprecated and will be removed in future.
[2025-10-23T09:14:23.389+0000] {taskinstance.py:441} INFO - ::group::Post task execution logs
[2025-10-23T09:14:23.400+0000] {taskinstance.py:2865} INFO - Rescheduling task, marking task as UP_FOR_RESCHEDULE
[2025-10-23T09:14:23.414+0000] {local_task_job_runner.py:243} INFO - Task exited with return code 0
[2025-10-23T09:14:23.429+0000] {taskinstance.py:3503} INFO - 0 downstream tasks scheduled from follow-on schedule check
[2025-10-23T09:14:23.430+0000] {local_task_job_runner.py:222} INFO - ::endgroup::
[2025-10-23T09:14:54.570+0000] {local_task_job_runner.py:120} INFO - ::group::Pre task execution logs
[2025-10-23T09:14:54.588+0000] {taskinstance.py:2076} INFO - Dependencies all met for dep_context=non-requeueable deps ti=<TaskInstance: load_neo4j_from_gold.wait_for_export_gold manual__2025-10-23T09:04:07.912090+00:00 [queued]>
[2025-10-23T09:14:54.592+0000] {taskinstance.py:2076} INFO - Dependencies all met for dep_context=requeueable deps ti=<TaskInstance: load_neo4j_from_gold.wait_for_export_gold manual__2025-10-23T09:04:07.912090+00:00 [queued]>
[2025-10-23T09:14:54.592+0000] {taskinstance.py:2306} INFO - Starting attempt 1 of 1
[2025-10-23T09:14:54.599+0000] {taskinstance.py:2330} INFO - Executing <Task(ExternalTaskSensor): wait_for_export_gold> on 2025-10-23 09:04:07.912090+00:00
[2025-10-23T09:14:54.603+0000] {logging_mixin.py:188} WARNING - /home/***/.local/lib/python3.12/site-packages/***/task/task_runner/standard_task_runner.py:62 DeprecationWarning: This process (pid=2661) is multi-threaded, use of fork() may lead to deadlocks in the child.
[2025-10-23T09:14:54.604+0000] {standard_task_runner.py:64} INFO - Started process 2662 to run task
[2025-10-23T09:14:54.603+0000] {standard_task_runner.py:90} INFO - Running: ['***', 'tasks', 'run', 'load_neo4j_from_gold', 'wait_for_export_gold', 'manual__2025-10-23T09:04:07.912090+00:00', '--job-id', '278', '--raw', '--subdir', 'DAGS_FOLDER/load_neo4j_from_gold.py', '--cfg-path', '/tmp/tmprrx7lyz5']
[2025-10-23T09:14:54.605+0000] {standard_task_runner.py:91} INFO - Job 278: Subtask wait_for_export_gold
[2025-10-23T09:14:54.634+0000] {task_command.py:426} INFO - Running <TaskInstance: load_neo4j_from_gold.wait_for_export_gold manual__2025-10-23T09:04:07.912090+00:00 [running]> on host c48d41bd1c66
[2025-10-23T09:14:54.690+0000] {taskinstance.py:2648} INFO - Exporting env vars: AIRFLOW_CTX_DAG_OWNER='***' AIRFLOW_CTX_DAG_ID='load_neo4j_from_gold' AIRFLOW_CTX_TASK_ID='wait_for_export_gold' AIRFLOW_CTX_EXECUTION_DATE='2025-10-23T09:04:07.912090+00:00' AIRFLOW_CTX_TRY_NUMBER='1' AIRFLOW_CTX_DAG_RUN_ID='manual__2025-10-23T09:04:07.912090+00:00'
[2025-10-23T09:14:54.691+0000] {taskinstance.py:430} INFO - ::endgroup::
[2025-10-23T09:14:54.701+0000] {baseoperator.py:400} WARNING - ExternalTaskSensor.execute cannot be called outside TaskInstance!
[2025-10-23T09:14:54.708+0000] {external_task.py:258} INFO - Poking for tasks ['export_gold_csv'] in dag ingest_kg on 2025-10-23T09:04:07.912090+00:00 ... 
[2025-10-23T09:14:54.709+0000] {logging_mixin.py:188} WARNING - /home/***/.local/lib/python3.12/site-packages/***/utils/session.py:79 DeprecationWarning: This method is deprecated and will be removed in future.
[2025-10-23T09:14:54.717+0000] {taskinstance.py:441} INFO - ::group::Post task execution logs
[2025-10-23T09:14:54.728+0000] {taskinstance.py:2865} INFO - Rescheduling task, marking task as UP_FOR_RESCHEDULE
[2025-10-23T09:14:54.744+0000] {local_task_job_runner.py:243} INFO - Task exited with return code 0
[2025-10-23T09:14:54.757+0000] {taskinstance.py:3503} INFO - 0 downstream tasks scheduled from follow-on schedule check
[2025-10-23T09:14:54.757+0000] {local_task_job_runner.py:222} INFO - ::endgroup::
[2025-10-23T09:15:25.959+0000] {local_task_job_runner.py:120} INFO - ::group::Pre task execution logs
[2025-10-23T09:15:25.982+0000] {taskinstance.py:2076} INFO - Dependencies all met for dep_context=non-requeueable deps ti=<TaskInstance: load_neo4j_from_gold.wait_for_export_gold manual__2025-10-23T09:04:07.912090+00:00 [queued]>
[2025-10-23T09:15:25.986+0000] {taskinstance.py:2076} INFO - Dependencies all met for dep_context=requeueable deps ti=<TaskInstance: load_neo4j_from_gold.wait_for_export_gold manual__2025-10-23T09:04:07.912090+00:00 [queued]>
[2025-10-23T09:15:25.986+0000] {taskinstance.py:2306} INFO - Starting attempt 1 of 1
[2025-10-23T09:15:25.993+0000] {taskinstance.py:2330} INFO - Executing <Task(ExternalTaskSensor): wait_for_export_gold> on 2025-10-23 09:04:07.912090+00:00
[2025-10-23T09:15:26.000+0000] {logging_mixin.py:188} WARNING - /home/***/.local/lib/python3.12/site-packages/***/task/task_runner/standard_task_runner.py:62 DeprecationWarning: This process (pid=2690) is multi-threaded, use of fork() may lead to deadlocks in the child.
[2025-10-23T09:15:25.998+0000] {standard_task_runner.py:90} INFO - Running: ['***', 'tasks', 'run', 'load_neo4j_from_gold', 'wait_for_export_gold', 'manual__2025-10-23T09:04:07.912090+00:00', '--job-id', '287', '--raw', '--subdir', 'DAGS_FOLDER/load_neo4j_from_gold.py', '--cfg-path', '/tmp/tmprk8sci5d']
[2025-10-23T09:15:26.001+0000] {standard_task_runner.py:64} INFO - Started process 2692 to run task
[2025-10-23T09:15:26.001+0000] {standard_task_runner.py:91} INFO - Job 287: Subtask wait_for_export_gold
[2025-10-23T09:15:26.071+0000] {task_command.py:426} INFO - Running <TaskInstance: load_neo4j_from_gold.wait_for_export_gold manual__2025-10-23T09:04:07.912090+00:00 [running]> on host c48d41bd1c66
[2025-10-23T09:15:26.143+0000] {taskinstance.py:2648} INFO - Exporting env vars: AIRFLOW_CTX_DAG_OWNER='***' AIRFLOW_CTX_DAG_ID='load_neo4j_from_gold' AIRFLOW_CTX_TASK_ID='wait_for_export_gold' AIRFLOW_CTX_EXECUTION_DATE='2025-10-23T09:04:07.912090+00:00' AIRFLOW_CTX_TRY_NUMBER='1' AIRFLOW_CTX_DAG_RUN_ID='manual__2025-10-23T09:04:07.912090+00:00'
[2025-10-23T09:15:26.143+0000] {taskinstance.py:430} INFO - ::endgroup::
[2025-10-23T09:15:26.155+0000] {baseoperator.py:400} WARNING - ExternalTaskSensor.execute cannot be called outside TaskInstance!
[2025-10-23T09:15:26.166+0000] {external_task.py:258} INFO - Poking for tasks ['export_gold_csv'] in dag ingest_kg on 2025-10-23T09:04:07.912090+00:00 ... 
[2025-10-23T09:15:26.167+0000] {logging_mixin.py:188} WARNING - /home/***/.local/lib/python3.12/site-packages/***/utils/session.py:79 DeprecationWarning: This method is deprecated and will be removed in future.
[2025-10-23T09:15:26.177+0000] {taskinstance.py:441} INFO - ::group::Post task execution logs
[2025-10-23T09:15:26.191+0000] {taskinstance.py:2865} INFO - Rescheduling task, marking task as UP_FOR_RESCHEDULE
[2025-10-23T09:15:26.223+0000] {local_task_job_runner.py:243} INFO - Task exited with return code 0
[2025-10-23T09:15:26.238+0000] {taskinstance.py:3503} INFO - 0 downstream tasks scheduled from follow-on schedule check
[2025-10-23T09:15:26.239+0000] {local_task_job_runner.py:222} INFO - ::endgroup::
