[2025-10-23T09:07:29.009+0000] {local_task_job_runner.py:120} INFO - ::group::Pre task execution logs
[2025-10-23T09:07:29.035+0000] {taskinstance.py:2076} INFO - Dependencies all met for dep_context=non-requeueable deps ti=<TaskInstance: load_neo4j_from_gold.wait_for_export_gold manual__2025-10-23T09:07:26.732289+00:00 [queued]>
[2025-10-23T09:07:29.039+0000] {taskinstance.py:2076} INFO - Dependencies all met for dep_context=requeueable deps ti=<TaskInstance: load_neo4j_from_gold.wait_for_export_gold manual__2025-10-23T09:07:26.732289+00:00 [queued]>
[2025-10-23T09:07:29.039+0000] {taskinstance.py:2306} INFO - Starting attempt 1 of 1
[2025-10-23T09:07:29.046+0000] {taskinstance.py:2330} INFO - Executing <Task(ExternalTaskSensor): wait_for_export_gold> on 2025-10-23 09:07:26.732289+00:00
[2025-10-23T09:07:29.051+0000] {logging_mixin.py:188} WARNING - /home/***/.local/lib/python3.12/site-packages/***/task/task_runner/standard_task_runner.py:62 DeprecationWarning: This process (pid=2227) is multi-threaded, use of fork() may lead to deadlocks in the child.
[2025-10-23T09:07:29.052+0000] {standard_task_runner.py:64} INFO - Started process 2228 to run task
[2025-10-23T09:07:29.051+0000] {standard_task_runner.py:90} INFO - Running: ['***', 'tasks', 'run', 'load_neo4j_from_gold', 'wait_for_export_gold', 'manual__2025-10-23T09:07:26.732289+00:00', '--job-id', '133', '--raw', '--subdir', 'DAGS_FOLDER/load_neo4j_from_gold.py', '--cfg-path', '/tmp/tmp94s1gl58']
[2025-10-23T09:07:29.052+0000] {standard_task_runner.py:91} INFO - Job 133: Subtask wait_for_export_gold
[2025-10-23T09:07:29.083+0000] {task_command.py:426} INFO - Running <TaskInstance: load_neo4j_from_gold.wait_for_export_gold manual__2025-10-23T09:07:26.732289+00:00 [running]> on host c48d41bd1c66
[2025-10-23T09:07:29.138+0000] {taskinstance.py:2648} INFO - Exporting env vars: AIRFLOW_CTX_DAG_OWNER='***' AIRFLOW_CTX_DAG_ID='load_neo4j_from_gold' AIRFLOW_CTX_TASK_ID='wait_for_export_gold' AIRFLOW_CTX_EXECUTION_DATE='2025-10-23T09:07:26.732289+00:00' AIRFLOW_CTX_TRY_NUMBER='1' AIRFLOW_CTX_DAG_RUN_ID='manual__2025-10-23T09:07:26.732289+00:00'
[2025-10-23T09:07:29.139+0000] {taskinstance.py:430} INFO - ::endgroup::
[2025-10-23T09:07:29.148+0000] {baseoperator.py:400} WARNING - ExternalTaskSensor.execute cannot be called outside TaskInstance!
[2025-10-23T09:07:29.153+0000] {external_task.py:258} INFO - Poking for tasks ['export_gold_csv'] in dag ingest_kg on 2025-10-23T09:07:26.732289+00:00 ... 
[2025-10-23T09:07:29.154+0000] {logging_mixin.py:188} WARNING - /home/***/.local/lib/python3.12/site-packages/***/utils/session.py:79 DeprecationWarning: This method is deprecated and will be removed in future.
[2025-10-23T09:07:29.162+0000] {taskinstance.py:441} INFO - ::group::Post task execution logs
[2025-10-23T09:07:29.173+0000] {taskinstance.py:2865} INFO - Rescheduling task, marking task as UP_FOR_RESCHEDULE
[2025-10-23T09:07:29.194+0000] {local_task_job_runner.py:243} INFO - Task exited with return code 0
[2025-10-23T09:07:29.226+0000] {taskinstance.py:3503} INFO - 0 downstream tasks scheduled from follow-on schedule check
[2025-10-23T09:07:29.228+0000] {local_task_job_runner.py:222} INFO - ::endgroup::
[2025-10-23T09:07:59.384+0000] {local_task_job_runner.py:120} INFO - ::group::Pre task execution logs
[2025-10-23T09:07:59.404+0000] {taskinstance.py:2076} INFO - Dependencies all met for dep_context=non-requeueable deps ti=<TaskInstance: load_neo4j_from_gold.wait_for_export_gold manual__2025-10-23T09:07:26.732289+00:00 [queued]>
[2025-10-23T09:07:59.410+0000] {taskinstance.py:2076} INFO - Dependencies all met for dep_context=requeueable deps ti=<TaskInstance: load_neo4j_from_gold.wait_for_export_gold manual__2025-10-23T09:07:26.732289+00:00 [queued]>
[2025-10-23T09:07:59.415+0000] {taskinstance.py:2306} INFO - Starting attempt 1 of 1
[2025-10-23T09:07:59.421+0000] {taskinstance.py:2330} INFO - Executing <Task(ExternalTaskSensor): wait_for_export_gold> on 2025-10-23 09:07:26.732289+00:00
[2025-10-23T09:07:59.427+0000] {logging_mixin.py:188} WARNING - /home/***/.local/lib/python3.12/site-packages/***/task/task_runner/standard_task_runner.py:62 DeprecationWarning: This process (pid=2257) is multi-threaded, use of fork() may lead to deadlocks in the child.
[2025-10-23T09:07:59.427+0000] {standard_task_runner.py:90} INFO - Running: ['***', 'tasks', 'run', 'load_neo4j_from_gold', 'wait_for_export_gold', 'manual__2025-10-23T09:07:26.732289+00:00', '--job-id', '143', '--raw', '--subdir', 'DAGS_FOLDER/load_neo4j_from_gold.py', '--cfg-path', '/tmp/tmpls0xu_yo']
[2025-10-23T09:07:59.428+0000] {standard_task_runner.py:64} INFO - Started process 2258 to run task
[2025-10-23T09:07:59.428+0000] {standard_task_runner.py:91} INFO - Job 143: Subtask wait_for_export_gold
[2025-10-23T09:07:59.505+0000] {task_command.py:426} INFO - Running <TaskInstance: load_neo4j_from_gold.wait_for_export_gold manual__2025-10-23T09:07:26.732289+00:00 [running]> on host c48d41bd1c66
[2025-10-23T09:07:59.583+0000] {taskinstance.py:2648} INFO - Exporting env vars: AIRFLOW_CTX_DAG_OWNER='***' AIRFLOW_CTX_DAG_ID='load_neo4j_from_gold' AIRFLOW_CTX_TASK_ID='wait_for_export_gold' AIRFLOW_CTX_EXECUTION_DATE='2025-10-23T09:07:26.732289+00:00' AIRFLOW_CTX_TRY_NUMBER='1' AIRFLOW_CTX_DAG_RUN_ID='manual__2025-10-23T09:07:26.732289+00:00'
[2025-10-23T09:07:59.584+0000] {taskinstance.py:430} INFO - ::endgroup::
[2025-10-23T09:07:59.600+0000] {baseoperator.py:400} WARNING - ExternalTaskSensor.execute cannot be called outside TaskInstance!
[2025-10-23T09:07:59.609+0000] {external_task.py:258} INFO - Poking for tasks ['export_gold_csv'] in dag ingest_kg on 2025-10-23T09:07:26.732289+00:00 ... 
[2025-10-23T09:07:59.612+0000] {logging_mixin.py:188} WARNING - /home/***/.local/lib/python3.12/site-packages/***/utils/session.py:79 DeprecationWarning: This method is deprecated and will be removed in future.
[2025-10-23T09:07:59.624+0000] {taskinstance.py:441} INFO - ::group::Post task execution logs
[2025-10-23T09:07:59.648+0000] {taskinstance.py:2865} INFO - Rescheduling task, marking task as UP_FOR_RESCHEDULE
[2025-10-23T09:07:59.696+0000] {local_task_job_runner.py:243} INFO - Task exited with return code 0
[2025-10-23T09:07:59.727+0000] {taskinstance.py:3503} INFO - 0 downstream tasks scheduled from follow-on schedule check
[2025-10-23T09:07:59.727+0000] {local_task_job_runner.py:222} INFO - ::endgroup::
[2025-10-23T09:08:29.937+0000] {local_task_job_runner.py:120} INFO - ::group::Pre task execution logs
[2025-10-23T09:08:29.956+0000] {taskinstance.py:2076} INFO - Dependencies all met for dep_context=non-requeueable deps ti=<TaskInstance: load_neo4j_from_gold.wait_for_export_gold manual__2025-10-23T09:07:26.732289+00:00 [queued]>
[2025-10-23T09:08:29.959+0000] {taskinstance.py:2076} INFO - Dependencies all met for dep_context=requeueable deps ti=<TaskInstance: load_neo4j_from_gold.wait_for_export_gold manual__2025-10-23T09:07:26.732289+00:00 [queued]>
[2025-10-23T09:08:29.959+0000] {taskinstance.py:2306} INFO - Starting attempt 1 of 1
[2025-10-23T09:08:29.965+0000] {taskinstance.py:2330} INFO - Executing <Task(ExternalTaskSensor): wait_for_export_gold> on 2025-10-23 09:07:26.732289+00:00
[2025-10-23T09:08:29.971+0000] {logging_mixin.py:188} WARNING - /home/***/.local/lib/python3.12/site-packages/***/task/task_runner/standard_task_runner.py:62 DeprecationWarning: This process (pid=2287) is multi-threaded, use of fork() may lead to deadlocks in the child.
[2025-10-23T09:08:29.972+0000] {standard_task_runner.py:64} INFO - Started process 2288 to run task
[2025-10-23T09:08:29.970+0000] {standard_task_runner.py:90} INFO - Running: ['***', 'tasks', 'run', 'load_neo4j_from_gold', 'wait_for_export_gold', 'manual__2025-10-23T09:07:26.732289+00:00', '--job-id', '153', '--raw', '--subdir', 'DAGS_FOLDER/load_neo4j_from_gold.py', '--cfg-path', '/tmp/tmp_ds1w7px']
[2025-10-23T09:08:29.973+0000] {standard_task_runner.py:91} INFO - Job 153: Subtask wait_for_export_gold
[2025-10-23T09:08:30.005+0000] {task_command.py:426} INFO - Running <TaskInstance: load_neo4j_from_gold.wait_for_export_gold manual__2025-10-23T09:07:26.732289+00:00 [running]> on host c48d41bd1c66
[2025-10-23T09:08:30.051+0000] {taskinstance.py:2648} INFO - Exporting env vars: AIRFLOW_CTX_DAG_OWNER='***' AIRFLOW_CTX_DAG_ID='load_neo4j_from_gold' AIRFLOW_CTX_TASK_ID='wait_for_export_gold' AIRFLOW_CTX_EXECUTION_DATE='2025-10-23T09:07:26.732289+00:00' AIRFLOW_CTX_TRY_NUMBER='1' AIRFLOW_CTX_DAG_RUN_ID='manual__2025-10-23T09:07:26.732289+00:00'
[2025-10-23T09:08:30.052+0000] {taskinstance.py:430} INFO - ::endgroup::
[2025-10-23T09:08:30.058+0000] {baseoperator.py:400} WARNING - ExternalTaskSensor.execute cannot be called outside TaskInstance!
[2025-10-23T09:08:30.063+0000] {external_task.py:258} INFO - Poking for tasks ['export_gold_csv'] in dag ingest_kg on 2025-10-23T09:07:26.732289+00:00 ... 
[2025-10-23T09:08:30.064+0000] {logging_mixin.py:188} WARNING - /home/***/.local/lib/python3.12/site-packages/***/utils/session.py:79 DeprecationWarning: This method is deprecated and will be removed in future.
[2025-10-23T09:08:30.072+0000] {taskinstance.py:441} INFO - ::group::Post task execution logs
[2025-10-23T09:08:30.082+0000] {taskinstance.py:2865} INFO - Rescheduling task, marking task as UP_FOR_RESCHEDULE
[2025-10-23T09:08:30.116+0000] {local_task_job_runner.py:243} INFO - Task exited with return code 0
[2025-10-23T09:08:30.131+0000] {taskinstance.py:3503} INFO - 0 downstream tasks scheduled from follow-on schedule check
[2025-10-23T09:08:30.132+0000] {local_task_job_runner.py:222} INFO - ::endgroup::
[2025-10-23T09:09:00.460+0000] {local_task_job_runner.py:120} INFO - ::group::Pre task execution logs
[2025-10-23T09:09:00.479+0000] {taskinstance.py:2076} INFO - Dependencies all met for dep_context=non-requeueable deps ti=<TaskInstance: load_neo4j_from_gold.wait_for_export_gold manual__2025-10-23T09:07:26.732289+00:00 [queued]>
[2025-10-23T09:09:00.482+0000] {taskinstance.py:2076} INFO - Dependencies all met for dep_context=requeueable deps ti=<TaskInstance: load_neo4j_from_gold.wait_for_export_gold manual__2025-10-23T09:07:26.732289+00:00 [queued]>
[2025-10-23T09:09:00.482+0000] {taskinstance.py:2306} INFO - Starting attempt 1 of 1
[2025-10-23T09:09:00.493+0000] {taskinstance.py:2330} INFO - Executing <Task(ExternalTaskSensor): wait_for_export_gold> on 2025-10-23 09:07:26.732289+00:00
[2025-10-23T09:09:00.500+0000] {logging_mixin.py:188} WARNING - /home/***/.local/lib/python3.12/site-packages/***/task/task_runner/standard_task_runner.py:62 DeprecationWarning: This process (pid=2317) is multi-threaded, use of fork() may lead to deadlocks in the child.
[2025-10-23T09:09:00.501+0000] {standard_task_runner.py:64} INFO - Started process 2318 to run task
[2025-10-23T09:09:00.500+0000] {standard_task_runner.py:90} INFO - Running: ['***', 'tasks', 'run', 'load_neo4j_from_gold', 'wait_for_export_gold', 'manual__2025-10-23T09:07:26.732289+00:00', '--job-id', '163', '--raw', '--subdir', 'DAGS_FOLDER/load_neo4j_from_gold.py', '--cfg-path', '/tmp/tmp1eu3asry']
[2025-10-23T09:09:00.502+0000] {standard_task_runner.py:91} INFO - Job 163: Subtask wait_for_export_gold
[2025-10-23T09:09:00.538+0000] {task_command.py:426} INFO - Running <TaskInstance: load_neo4j_from_gold.wait_for_export_gold manual__2025-10-23T09:07:26.732289+00:00 [running]> on host c48d41bd1c66
[2025-10-23T09:09:00.586+0000] {taskinstance.py:2648} INFO - Exporting env vars: AIRFLOW_CTX_DAG_OWNER='***' AIRFLOW_CTX_DAG_ID='load_neo4j_from_gold' AIRFLOW_CTX_TASK_ID='wait_for_export_gold' AIRFLOW_CTX_EXECUTION_DATE='2025-10-23T09:07:26.732289+00:00' AIRFLOW_CTX_TRY_NUMBER='1' AIRFLOW_CTX_DAG_RUN_ID='manual__2025-10-23T09:07:26.732289+00:00'
[2025-10-23T09:09:00.586+0000] {taskinstance.py:430} INFO - ::endgroup::
[2025-10-23T09:09:00.595+0000] {baseoperator.py:400} WARNING - ExternalTaskSensor.execute cannot be called outside TaskInstance!
[2025-10-23T09:09:00.601+0000] {external_task.py:258} INFO - Poking for tasks ['export_gold_csv'] in dag ingest_kg on 2025-10-23T09:07:26.732289+00:00 ... 
[2025-10-23T09:09:00.602+0000] {logging_mixin.py:188} WARNING - /home/***/.local/lib/python3.12/site-packages/***/utils/session.py:79 DeprecationWarning: This method is deprecated and will be removed in future.
[2025-10-23T09:09:00.611+0000] {taskinstance.py:441} INFO - ::group::Post task execution logs
[2025-10-23T09:09:00.632+0000] {taskinstance.py:2865} INFO - Rescheduling task, marking task as UP_FOR_RESCHEDULE
[2025-10-23T09:09:00.641+0000] {local_task_job_runner.py:243} INFO - Task exited with return code 0
[2025-10-23T09:09:00.654+0000] {taskinstance.py:3503} INFO - 0 downstream tasks scheduled from follow-on schedule check
[2025-10-23T09:09:00.655+0000] {local_task_job_runner.py:222} INFO - ::endgroup::
[2025-10-23T09:09:31.116+0000] {local_task_job_runner.py:120} INFO - ::group::Pre task execution logs
[2025-10-23T09:09:31.138+0000] {taskinstance.py:2076} INFO - Dependencies all met for dep_context=non-requeueable deps ti=<TaskInstance: load_neo4j_from_gold.wait_for_export_gold manual__2025-10-23T09:07:26.732289+00:00 [queued]>
[2025-10-23T09:09:31.143+0000] {taskinstance.py:2076} INFO - Dependencies all met for dep_context=requeueable deps ti=<TaskInstance: load_neo4j_from_gold.wait_for_export_gold manual__2025-10-23T09:07:26.732289+00:00 [queued]>
[2025-10-23T09:09:31.143+0000] {taskinstance.py:2306} INFO - Starting attempt 1 of 1
[2025-10-23T09:09:31.150+0000] {taskinstance.py:2330} INFO - Executing <Task(ExternalTaskSensor): wait_for_export_gold> on 2025-10-23 09:07:26.732289+00:00
[2025-10-23T09:09:31.158+0000] {logging_mixin.py:188} WARNING - /home/***/.local/lib/python3.12/site-packages/***/task/task_runner/standard_task_runner.py:62 DeprecationWarning: This process (pid=2347) is multi-threaded, use of fork() may lead to deadlocks in the child.
[2025-10-23T09:09:31.164+0000] {standard_task_runner.py:64} INFO - Started process 2348 to run task
[2025-10-23T09:09:31.157+0000] {standard_task_runner.py:90} INFO - Running: ['***', 'tasks', 'run', 'load_neo4j_from_gold', 'wait_for_export_gold', 'manual__2025-10-23T09:07:26.732289+00:00', '--job-id', '173', '--raw', '--subdir', 'DAGS_FOLDER/load_neo4j_from_gold.py', '--cfg-path', '/tmp/tmpge17h8zc']
[2025-10-23T09:09:31.168+0000] {standard_task_runner.py:91} INFO - Job 173: Subtask wait_for_export_gold
[2025-10-23T09:09:31.217+0000] {task_command.py:426} INFO - Running <TaskInstance: load_neo4j_from_gold.wait_for_export_gold manual__2025-10-23T09:07:26.732289+00:00 [running]> on host c48d41bd1c66
[2025-10-23T09:09:31.288+0000] {taskinstance.py:2648} INFO - Exporting env vars: AIRFLOW_CTX_DAG_OWNER='***' AIRFLOW_CTX_DAG_ID='load_neo4j_from_gold' AIRFLOW_CTX_TASK_ID='wait_for_export_gold' AIRFLOW_CTX_EXECUTION_DATE='2025-10-23T09:07:26.732289+00:00' AIRFLOW_CTX_TRY_NUMBER='1' AIRFLOW_CTX_DAG_RUN_ID='manual__2025-10-23T09:07:26.732289+00:00'
[2025-10-23T09:09:31.290+0000] {taskinstance.py:430} INFO - ::endgroup::
[2025-10-23T09:09:31.297+0000] {baseoperator.py:400} WARNING - ExternalTaskSensor.execute cannot be called outside TaskInstance!
[2025-10-23T09:09:31.303+0000] {external_task.py:258} INFO - Poking for tasks ['export_gold_csv'] in dag ingest_kg on 2025-10-23T09:07:26.732289+00:00 ... 
[2025-10-23T09:09:31.305+0000] {logging_mixin.py:188} WARNING - /home/***/.local/lib/python3.12/site-packages/***/utils/session.py:79 DeprecationWarning: This method is deprecated and will be removed in future.
[2025-10-23T09:09:31.312+0000] {taskinstance.py:441} INFO - ::group::Post task execution logs
[2025-10-23T09:09:31.324+0000] {taskinstance.py:2865} INFO - Rescheduling task, marking task as UP_FOR_RESCHEDULE
[2025-10-23T09:09:31.352+0000] {local_task_job_runner.py:243} INFO - Task exited with return code 0
[2025-10-23T09:09:31.364+0000] {taskinstance.py:3503} INFO - 0 downstream tasks scheduled from follow-on schedule check
[2025-10-23T09:09:31.365+0000] {local_task_job_runner.py:222} INFO - ::endgroup::
[2025-10-23T09:10:02.290+0000] {local_task_job_runner.py:120} INFO - ::group::Pre task execution logs
[2025-10-23T09:10:02.310+0000] {taskinstance.py:2076} INFO - Dependencies all met for dep_context=non-requeueable deps ti=<TaskInstance: load_neo4j_from_gold.wait_for_export_gold manual__2025-10-23T09:07:26.732289+00:00 [queued]>
[2025-10-23T09:10:02.313+0000] {taskinstance.py:2076} INFO - Dependencies all met for dep_context=requeueable deps ti=<TaskInstance: load_neo4j_from_gold.wait_for_export_gold manual__2025-10-23T09:07:26.732289+00:00 [queued]>
[2025-10-23T09:10:02.314+0000] {taskinstance.py:2306} INFO - Starting attempt 1 of 1
[2025-10-23T09:10:02.321+0000] {taskinstance.py:2330} INFO - Executing <Task(ExternalTaskSensor): wait_for_export_gold> on 2025-10-23 09:07:26.732289+00:00
[2025-10-23T09:10:02.325+0000] {logging_mixin.py:188} WARNING - /home/***/.local/lib/python3.12/site-packages/***/task/task_runner/standard_task_runner.py:62 DeprecationWarning: This process (pid=2377) is multi-threaded, use of fork() may lead to deadlocks in the child.
[2025-10-23T09:10:02.326+0000] {standard_task_runner.py:64} INFO - Started process 2378 to run task
[2025-10-23T09:10:02.327+0000] {standard_task_runner.py:90} INFO - Running: ['***', 'tasks', 'run', 'load_neo4j_from_gold', 'wait_for_export_gold', 'manual__2025-10-23T09:07:26.732289+00:00', '--job-id', '183', '--raw', '--subdir', 'DAGS_FOLDER/load_neo4j_from_gold.py', '--cfg-path', '/tmp/tmpp28gpd1w']
[2025-10-23T09:10:02.329+0000] {standard_task_runner.py:91} INFO - Job 183: Subtask wait_for_export_gold
[2025-10-23T09:10:02.387+0000] {task_command.py:426} INFO - Running <TaskInstance: load_neo4j_from_gold.wait_for_export_gold manual__2025-10-23T09:07:26.732289+00:00 [running]> on host c48d41bd1c66
[2025-10-23T09:10:02.438+0000] {taskinstance.py:2648} INFO - Exporting env vars: AIRFLOW_CTX_DAG_OWNER='***' AIRFLOW_CTX_DAG_ID='load_neo4j_from_gold' AIRFLOW_CTX_TASK_ID='wait_for_export_gold' AIRFLOW_CTX_EXECUTION_DATE='2025-10-23T09:07:26.732289+00:00' AIRFLOW_CTX_TRY_NUMBER='1' AIRFLOW_CTX_DAG_RUN_ID='manual__2025-10-23T09:07:26.732289+00:00'
[2025-10-23T09:10:02.439+0000] {taskinstance.py:430} INFO - ::endgroup::
[2025-10-23T09:10:02.446+0000] {baseoperator.py:400} WARNING - ExternalTaskSensor.execute cannot be called outside TaskInstance!
[2025-10-23T09:10:02.452+0000] {external_task.py:258} INFO - Poking for tasks ['export_gold_csv'] in dag ingest_kg on 2025-10-23T09:07:26.732289+00:00 ... 
[2025-10-23T09:10:02.453+0000] {logging_mixin.py:188} WARNING - /home/***/.local/lib/python3.12/site-packages/***/utils/session.py:79 DeprecationWarning: This method is deprecated and will be removed in future.
[2025-10-23T09:10:02.461+0000] {taskinstance.py:441} INFO - ::group::Post task execution logs
[2025-10-23T09:10:02.472+0000] {taskinstance.py:2865} INFO - Rescheduling task, marking task as UP_FOR_RESCHEDULE
[2025-10-23T09:10:02.511+0000] {local_task_job_runner.py:243} INFO - Task exited with return code 0
[2025-10-23T09:10:02.525+0000] {taskinstance.py:3503} INFO - 0 downstream tasks scheduled from follow-on schedule check
[2025-10-23T09:10:02.525+0000] {local_task_job_runner.py:222} INFO - ::endgroup::
[2025-10-23T09:10:33.533+0000] {local_task_job_runner.py:120} INFO - ::group::Pre task execution logs
[2025-10-23T09:10:33.550+0000] {taskinstance.py:2076} INFO - Dependencies all met for dep_context=non-requeueable deps ti=<TaskInstance: load_neo4j_from_gold.wait_for_export_gold manual__2025-10-23T09:07:26.732289+00:00 [queued]>
[2025-10-23T09:10:33.554+0000] {taskinstance.py:2076} INFO - Dependencies all met for dep_context=requeueable deps ti=<TaskInstance: load_neo4j_from_gold.wait_for_export_gold manual__2025-10-23T09:07:26.732289+00:00 [queued]>
[2025-10-23T09:10:33.554+0000] {taskinstance.py:2306} INFO - Starting attempt 1 of 1
[2025-10-23T09:10:33.560+0000] {taskinstance.py:2330} INFO - Executing <Task(ExternalTaskSensor): wait_for_export_gold> on 2025-10-23 09:07:26.732289+00:00
[2025-10-23T09:10:33.566+0000] {logging_mixin.py:188} WARNING - /home/***/.local/lib/python3.12/site-packages/***/task/task_runner/standard_task_runner.py:62 DeprecationWarning: This process (pid=2407) is multi-threaded, use of fork() may lead to deadlocks in the child.
[2025-10-23T09:10:33.567+0000] {standard_task_runner.py:64} INFO - Started process 2408 to run task
[2025-10-23T09:10:33.565+0000] {standard_task_runner.py:90} INFO - Running: ['***', 'tasks', 'run', 'load_neo4j_from_gold', 'wait_for_export_gold', 'manual__2025-10-23T09:07:26.732289+00:00', '--job-id', '193', '--raw', '--subdir', 'DAGS_FOLDER/load_neo4j_from_gold.py', '--cfg-path', '/tmp/tmpatnafvwa']
[2025-10-23T09:10:33.567+0000] {standard_task_runner.py:91} INFO - Job 193: Subtask wait_for_export_gold
[2025-10-23T09:10:33.608+0000] {task_command.py:426} INFO - Running <TaskInstance: load_neo4j_from_gold.wait_for_export_gold manual__2025-10-23T09:07:26.732289+00:00 [running]> on host c48d41bd1c66
[2025-10-23T09:10:33.654+0000] {taskinstance.py:2648} INFO - Exporting env vars: AIRFLOW_CTX_DAG_OWNER='***' AIRFLOW_CTX_DAG_ID='load_neo4j_from_gold' AIRFLOW_CTX_TASK_ID='wait_for_export_gold' AIRFLOW_CTX_EXECUTION_DATE='2025-10-23T09:07:26.732289+00:00' AIRFLOW_CTX_TRY_NUMBER='1' AIRFLOW_CTX_DAG_RUN_ID='manual__2025-10-23T09:07:26.732289+00:00'
[2025-10-23T09:10:33.655+0000] {taskinstance.py:430} INFO - ::endgroup::
[2025-10-23T09:10:33.662+0000] {baseoperator.py:400} WARNING - ExternalTaskSensor.execute cannot be called outside TaskInstance!
[2025-10-23T09:10:33.667+0000] {external_task.py:258} INFO - Poking for tasks ['export_gold_csv'] in dag ingest_kg on 2025-10-23T09:07:26.732289+00:00 ... 
[2025-10-23T09:10:33.669+0000] {logging_mixin.py:188} WARNING - /home/***/.local/lib/python3.12/site-packages/***/utils/session.py:79 DeprecationWarning: This method is deprecated and will be removed in future.
[2025-10-23T09:10:33.675+0000] {taskinstance.py:441} INFO - ::group::Post task execution logs
[2025-10-23T09:10:33.686+0000] {taskinstance.py:2865} INFO - Rescheduling task, marking task as UP_FOR_RESCHEDULE
[2025-10-23T09:10:33.706+0000] {local_task_job_runner.py:243} INFO - Task exited with return code 0
[2025-10-23T09:10:33.719+0000] {taskinstance.py:3503} INFO - 0 downstream tasks scheduled from follow-on schedule check
[2025-10-23T09:10:33.719+0000] {local_task_job_runner.py:222} INFO - ::endgroup::
[2025-10-23T09:11:03.863+0000] {local_task_job_runner.py:120} INFO - ::group::Pre task execution logs
[2025-10-23T09:11:03.880+0000] {taskinstance.py:2076} INFO - Dependencies all met for dep_context=non-requeueable deps ti=<TaskInstance: load_neo4j_from_gold.wait_for_export_gold manual__2025-10-23T09:07:26.732289+00:00 [queued]>
[2025-10-23T09:11:03.883+0000] {taskinstance.py:2076} INFO - Dependencies all met for dep_context=requeueable deps ti=<TaskInstance: load_neo4j_from_gold.wait_for_export_gold manual__2025-10-23T09:07:26.732289+00:00 [queued]>
[2025-10-23T09:11:03.883+0000] {taskinstance.py:2306} INFO - Starting attempt 1 of 1
[2025-10-23T09:11:03.889+0000] {taskinstance.py:2330} INFO - Executing <Task(ExternalTaskSensor): wait_for_export_gold> on 2025-10-23 09:07:26.732289+00:00
[2025-10-23T09:11:03.894+0000] {logging_mixin.py:188} WARNING - /home/***/.local/lib/python3.12/site-packages/***/task/task_runner/standard_task_runner.py:62 DeprecationWarning: This process (pid=2437) is multi-threaded, use of fork() may lead to deadlocks in the child.
[2025-10-23T09:11:03.895+0000] {standard_task_runner.py:64} INFO - Started process 2438 to run task
[2025-10-23T09:11:03.895+0000] {standard_task_runner.py:90} INFO - Running: ['***', 'tasks', 'run', 'load_neo4j_from_gold', 'wait_for_export_gold', 'manual__2025-10-23T09:07:26.732289+00:00', '--job-id', '203', '--raw', '--subdir', 'DAGS_FOLDER/load_neo4j_from_gold.py', '--cfg-path', '/tmp/tmpt2s1xhku']
[2025-10-23T09:11:03.896+0000] {standard_task_runner.py:91} INFO - Job 203: Subtask wait_for_export_gold
[2025-10-23T09:11:03.938+0000] {task_command.py:426} INFO - Running <TaskInstance: load_neo4j_from_gold.wait_for_export_gold manual__2025-10-23T09:07:26.732289+00:00 [running]> on host c48d41bd1c66
[2025-10-23T09:11:03.991+0000] {taskinstance.py:2648} INFO - Exporting env vars: AIRFLOW_CTX_DAG_OWNER='***' AIRFLOW_CTX_DAG_ID='load_neo4j_from_gold' AIRFLOW_CTX_TASK_ID='wait_for_export_gold' AIRFLOW_CTX_EXECUTION_DATE='2025-10-23T09:07:26.732289+00:00' AIRFLOW_CTX_TRY_NUMBER='1' AIRFLOW_CTX_DAG_RUN_ID='manual__2025-10-23T09:07:26.732289+00:00'
[2025-10-23T09:11:03.992+0000] {taskinstance.py:430} INFO - ::endgroup::
[2025-10-23T09:11:03.999+0000] {baseoperator.py:400} WARNING - ExternalTaskSensor.execute cannot be called outside TaskInstance!
[2025-10-23T09:11:04.004+0000] {external_task.py:258} INFO - Poking for tasks ['export_gold_csv'] in dag ingest_kg on 2025-10-23T09:07:26.732289+00:00 ... 
[2025-10-23T09:11:04.006+0000] {logging_mixin.py:188} WARNING - /home/***/.local/lib/python3.12/site-packages/***/utils/session.py:79 DeprecationWarning: This method is deprecated and will be removed in future.
[2025-10-23T09:11:04.013+0000] {taskinstance.py:441} INFO - ::group::Post task execution logs
[2025-10-23T09:11:04.023+0000] {taskinstance.py:2865} INFO - Rescheduling task, marking task as UP_FOR_RESCHEDULE
[2025-10-23T09:11:04.035+0000] {local_task_job_runner.py:243} INFO - Task exited with return code 0
[2025-10-23T09:11:04.048+0000] {taskinstance.py:3503} INFO - 0 downstream tasks scheduled from follow-on schedule check
[2025-10-23T09:11:04.049+0000] {local_task_job_runner.py:222} INFO - ::endgroup::
[2025-10-23T09:11:34.569+0000] {local_task_job_runner.py:120} INFO - ::group::Pre task execution logs
[2025-10-23T09:11:34.644+0000] {taskinstance.py:2076} INFO - Dependencies all met for dep_context=non-requeueable deps ti=<TaskInstance: load_neo4j_from_gold.wait_for_export_gold manual__2025-10-23T09:07:26.732289+00:00 [queued]>
[2025-10-23T09:11:34.650+0000] {taskinstance.py:2076} INFO - Dependencies all met for dep_context=requeueable deps ti=<TaskInstance: load_neo4j_from_gold.wait_for_export_gold manual__2025-10-23T09:07:26.732289+00:00 [queued]>
[2025-10-23T09:11:34.651+0000] {taskinstance.py:2306} INFO - Starting attempt 1 of 1
[2025-10-23T09:11:34.659+0000] {taskinstance.py:2330} INFO - Executing <Task(ExternalTaskSensor): wait_for_export_gold> on 2025-10-23 09:07:26.732289+00:00
[2025-10-23T09:11:34.669+0000] {logging_mixin.py:188} WARNING - /home/***/.local/lib/python3.12/site-packages/***/task/task_runner/standard_task_runner.py:62 DeprecationWarning: This process (pid=2467) is multi-threaded, use of fork() may lead to deadlocks in the child.
[2025-10-23T09:11:34.671+0000] {standard_task_runner.py:64} INFO - Started process 2468 to run task
[2025-10-23T09:11:34.670+0000] {standard_task_runner.py:90} INFO - Running: ['***', 'tasks', 'run', 'load_neo4j_from_gold', 'wait_for_export_gold', 'manual__2025-10-23T09:07:26.732289+00:00', '--job-id', '213', '--raw', '--subdir', 'DAGS_FOLDER/load_neo4j_from_gold.py', '--cfg-path', '/tmp/tmp0ss19bmg']
[2025-10-23T09:11:34.673+0000] {standard_task_runner.py:91} INFO - Job 213: Subtask wait_for_export_gold
[2025-10-23T09:11:34.728+0000] {task_command.py:426} INFO - Running <TaskInstance: load_neo4j_from_gold.wait_for_export_gold manual__2025-10-23T09:07:26.732289+00:00 [running]> on host c48d41bd1c66
[2025-10-23T09:11:34.795+0000] {taskinstance.py:2648} INFO - Exporting env vars: AIRFLOW_CTX_DAG_OWNER='***' AIRFLOW_CTX_DAG_ID='load_neo4j_from_gold' AIRFLOW_CTX_TASK_ID='wait_for_export_gold' AIRFLOW_CTX_EXECUTION_DATE='2025-10-23T09:07:26.732289+00:00' AIRFLOW_CTX_TRY_NUMBER='1' AIRFLOW_CTX_DAG_RUN_ID='manual__2025-10-23T09:07:26.732289+00:00'
[2025-10-23T09:11:34.796+0000] {taskinstance.py:430} INFO - ::endgroup::
[2025-10-23T09:11:34.806+0000] {baseoperator.py:400} WARNING - ExternalTaskSensor.execute cannot be called outside TaskInstance!
[2025-10-23T09:11:34.814+0000] {external_task.py:258} INFO - Poking for tasks ['export_gold_csv'] in dag ingest_kg on 2025-10-23T09:07:26.732289+00:00 ... 
[2025-10-23T09:11:34.816+0000] {logging_mixin.py:188} WARNING - /home/***/.local/lib/python3.12/site-packages/***/utils/session.py:79 DeprecationWarning: This method is deprecated and will be removed in future.
[2025-10-23T09:11:34.824+0000] {taskinstance.py:441} INFO - ::group::Post task execution logs
[2025-10-23T09:11:34.836+0000] {taskinstance.py:2865} INFO - Rescheduling task, marking task as UP_FOR_RESCHEDULE
[2025-10-23T09:11:34.852+0000] {local_task_job_runner.py:243} INFO - Task exited with return code 0
[2025-10-23T09:11:34.865+0000] {taskinstance.py:3503} INFO - 0 downstream tasks scheduled from follow-on schedule check
[2025-10-23T09:11:34.866+0000] {local_task_job_runner.py:222} INFO - ::endgroup::
[2025-10-23T09:12:05.033+0000] {local_task_job_runner.py:120} INFO - ::group::Pre task execution logs
[2025-10-23T09:12:05.049+0000] {taskinstance.py:2076} INFO - Dependencies all met for dep_context=non-requeueable deps ti=<TaskInstance: load_neo4j_from_gold.wait_for_export_gold manual__2025-10-23T09:07:26.732289+00:00 [queued]>
[2025-10-23T09:12:05.052+0000] {taskinstance.py:2076} INFO - Dependencies all met for dep_context=requeueable deps ti=<TaskInstance: load_neo4j_from_gold.wait_for_export_gold manual__2025-10-23T09:07:26.732289+00:00 [queued]>
[2025-10-23T09:12:05.053+0000] {taskinstance.py:2306} INFO - Starting attempt 1 of 1
[2025-10-23T09:12:05.059+0000] {taskinstance.py:2330} INFO - Executing <Task(ExternalTaskSensor): wait_for_export_gold> on 2025-10-23 09:07:26.732289+00:00
[2025-10-23T09:12:05.063+0000] {standard_task_runner.py:90} INFO - Running: ['***', 'tasks', 'run', 'load_neo4j_from_gold', 'wait_for_export_gold', 'manual__2025-10-23T09:07:26.732289+00:00', '--job-id', '223', '--raw', '--subdir', 'DAGS_FOLDER/load_neo4j_from_gold.py', '--cfg-path', '/tmp/tmp4bd7rptv']
[2025-10-23T09:12:05.064+0000] {logging_mixin.py:188} WARNING - /home/***/.local/lib/python3.12/site-packages/***/task/task_runner/standard_task_runner.py:62 DeprecationWarning: This process (pid=2497) is multi-threaded, use of fork() may lead to deadlocks in the child.
[2025-10-23T09:12:05.064+0000] {standard_task_runner.py:91} INFO - Job 223: Subtask wait_for_export_gold
[2025-10-23T09:12:05.064+0000] {standard_task_runner.py:64} INFO - Started process 2498 to run task
[2025-10-23T09:12:05.099+0000] {task_command.py:426} INFO - Running <TaskInstance: load_neo4j_from_gold.wait_for_export_gold manual__2025-10-23T09:07:26.732289+00:00 [running]> on host c48d41bd1c66
[2025-10-23T09:12:05.149+0000] {taskinstance.py:2648} INFO - Exporting env vars: AIRFLOW_CTX_DAG_OWNER='***' AIRFLOW_CTX_DAG_ID='load_neo4j_from_gold' AIRFLOW_CTX_TASK_ID='wait_for_export_gold' AIRFLOW_CTX_EXECUTION_DATE='2025-10-23T09:07:26.732289+00:00' AIRFLOW_CTX_TRY_NUMBER='1' AIRFLOW_CTX_DAG_RUN_ID='manual__2025-10-23T09:07:26.732289+00:00'
[2025-10-23T09:12:05.150+0000] {taskinstance.py:430} INFO - ::endgroup::
[2025-10-23T09:12:05.156+0000] {baseoperator.py:400} WARNING - ExternalTaskSensor.execute cannot be called outside TaskInstance!
[2025-10-23T09:12:05.162+0000] {external_task.py:258} INFO - Poking for tasks ['export_gold_csv'] in dag ingest_kg on 2025-10-23T09:07:26.732289+00:00 ... 
[2025-10-23T09:12:05.163+0000] {logging_mixin.py:188} WARNING - /home/***/.local/lib/python3.12/site-packages/***/utils/session.py:79 DeprecationWarning: This method is deprecated and will be removed in future.
[2025-10-23T09:12:05.171+0000] {taskinstance.py:441} INFO - ::group::Post task execution logs
[2025-10-23T09:12:05.194+0000] {taskinstance.py:2865} INFO - Rescheduling task, marking task as UP_FOR_RESCHEDULE
[2025-10-23T09:12:05.206+0000] {local_task_job_runner.py:243} INFO - Task exited with return code 0
[2025-10-23T09:12:05.225+0000] {taskinstance.py:3503} INFO - 0 downstream tasks scheduled from follow-on schedule check
[2025-10-23T09:12:05.225+0000] {local_task_job_runner.py:222} INFO - ::endgroup::
[2025-10-23T09:12:35.509+0000] {local_task_job_runner.py:120} INFO - ::group::Pre task execution logs
[2025-10-23T09:12:35.533+0000] {taskinstance.py:2076} INFO - Dependencies all met for dep_context=non-requeueable deps ti=<TaskInstance: load_neo4j_from_gold.wait_for_export_gold manual__2025-10-23T09:07:26.732289+00:00 [queued]>
[2025-10-23T09:12:35.537+0000] {taskinstance.py:2076} INFO - Dependencies all met for dep_context=requeueable deps ti=<TaskInstance: load_neo4j_from_gold.wait_for_export_gold manual__2025-10-23T09:07:26.732289+00:00 [queued]>
[2025-10-23T09:12:35.537+0000] {taskinstance.py:2306} INFO - Starting attempt 1 of 1
[2025-10-23T09:12:35.544+0000] {taskinstance.py:2330} INFO - Executing <Task(ExternalTaskSensor): wait_for_export_gold> on 2025-10-23 09:07:26.732289+00:00
[2025-10-23T09:12:35.550+0000] {logging_mixin.py:188} WARNING - /home/***/.local/lib/python3.12/site-packages/***/task/task_runner/standard_task_runner.py:62 DeprecationWarning: This process (pid=2527) is multi-threaded, use of fork() may lead to deadlocks in the child.
[2025-10-23T09:12:35.552+0000] {standard_task_runner.py:64} INFO - Started process 2528 to run task
[2025-10-23T09:12:35.550+0000] {standard_task_runner.py:90} INFO - Running: ['***', 'tasks', 'run', 'load_neo4j_from_gold', 'wait_for_export_gold', 'manual__2025-10-23T09:07:26.732289+00:00', '--job-id', '233', '--raw', '--subdir', 'DAGS_FOLDER/load_neo4j_from_gold.py', '--cfg-path', '/tmp/tmp9iltthsm']
[2025-10-23T09:12:35.553+0000] {standard_task_runner.py:91} INFO - Job 233: Subtask wait_for_export_gold
[2025-10-23T09:12:35.590+0000] {task_command.py:426} INFO - Running <TaskInstance: load_neo4j_from_gold.wait_for_export_gold manual__2025-10-23T09:07:26.732289+00:00 [running]> on host c48d41bd1c66
[2025-10-23T09:12:35.637+0000] {taskinstance.py:2648} INFO - Exporting env vars: AIRFLOW_CTX_DAG_OWNER='***' AIRFLOW_CTX_DAG_ID='load_neo4j_from_gold' AIRFLOW_CTX_TASK_ID='wait_for_export_gold' AIRFLOW_CTX_EXECUTION_DATE='2025-10-23T09:07:26.732289+00:00' AIRFLOW_CTX_TRY_NUMBER='1' AIRFLOW_CTX_DAG_RUN_ID='manual__2025-10-23T09:07:26.732289+00:00'
[2025-10-23T09:12:35.638+0000] {taskinstance.py:430} INFO - ::endgroup::
[2025-10-23T09:12:35.644+0000] {baseoperator.py:400} WARNING - ExternalTaskSensor.execute cannot be called outside TaskInstance!
[2025-10-23T09:12:35.649+0000] {external_task.py:258} INFO - Poking for tasks ['export_gold_csv'] in dag ingest_kg on 2025-10-23T09:07:26.732289+00:00 ... 
[2025-10-23T09:12:35.651+0000] {logging_mixin.py:188} WARNING - /home/***/.local/lib/python3.12/site-packages/***/utils/session.py:79 DeprecationWarning: This method is deprecated and will be removed in future.
[2025-10-23T09:12:35.658+0000] {taskinstance.py:441} INFO - ::group::Post task execution logs
[2025-10-23T09:12:35.669+0000] {taskinstance.py:2865} INFO - Rescheduling task, marking task as UP_FOR_RESCHEDULE
[2025-10-23T09:12:35.694+0000] {local_task_job_runner.py:243} INFO - Task exited with return code 0
[2025-10-23T09:12:35.707+0000] {taskinstance.py:3503} INFO - 0 downstream tasks scheduled from follow-on schedule check
[2025-10-23T09:12:35.707+0000] {local_task_job_runner.py:222} INFO - ::endgroup::
[2025-10-23T09:13:05.894+0000] {local_task_job_runner.py:120} INFO - ::group::Pre task execution logs
[2025-10-23T09:13:05.911+0000] {taskinstance.py:2076} INFO - Dependencies all met for dep_context=non-requeueable deps ti=<TaskInstance: load_neo4j_from_gold.wait_for_export_gold manual__2025-10-23T09:07:26.732289+00:00 [queued]>
[2025-10-23T09:13:05.915+0000] {taskinstance.py:2076} INFO - Dependencies all met for dep_context=requeueable deps ti=<TaskInstance: load_neo4j_from_gold.wait_for_export_gold manual__2025-10-23T09:07:26.732289+00:00 [queued]>
[2025-10-23T09:13:05.915+0000] {taskinstance.py:2306} INFO - Starting attempt 1 of 1
[2025-10-23T09:13:05.921+0000] {taskinstance.py:2330} INFO - Executing <Task(ExternalTaskSensor): wait_for_export_gold> on 2025-10-23 09:07:26.732289+00:00
[2025-10-23T09:13:05.926+0000] {logging_mixin.py:188} WARNING - /home/***/.local/lib/python3.12/site-packages/***/task/task_runner/standard_task_runner.py:62 DeprecationWarning: This process (pid=2557) is multi-threaded, use of fork() may lead to deadlocks in the child.
[2025-10-23T09:13:05.927+0000] {standard_task_runner.py:64} INFO - Started process 2558 to run task
[2025-10-23T09:13:05.926+0000] {standard_task_runner.py:90} INFO - Running: ['***', 'tasks', 'run', 'load_neo4j_from_gold', 'wait_for_export_gold', 'manual__2025-10-23T09:07:26.732289+00:00', '--job-id', '243', '--raw', '--subdir', 'DAGS_FOLDER/load_neo4j_from_gold.py', '--cfg-path', '/tmp/tmpg5c6c_a4']
[2025-10-23T09:13:05.928+0000] {standard_task_runner.py:91} INFO - Job 243: Subtask wait_for_export_gold
[2025-10-23T09:13:05.960+0000] {task_command.py:426} INFO - Running <TaskInstance: load_neo4j_from_gold.wait_for_export_gold manual__2025-10-23T09:07:26.732289+00:00 [running]> on host c48d41bd1c66
[2025-10-23T09:13:06.031+0000] {taskinstance.py:2648} INFO - Exporting env vars: AIRFLOW_CTX_DAG_OWNER='***' AIRFLOW_CTX_DAG_ID='load_neo4j_from_gold' AIRFLOW_CTX_TASK_ID='wait_for_export_gold' AIRFLOW_CTX_EXECUTION_DATE='2025-10-23T09:07:26.732289+00:00' AIRFLOW_CTX_TRY_NUMBER='1' AIRFLOW_CTX_DAG_RUN_ID='manual__2025-10-23T09:07:26.732289+00:00'
[2025-10-23T09:13:06.032+0000] {taskinstance.py:430} INFO - ::endgroup::
[2025-10-23T09:13:06.039+0000] {baseoperator.py:400} WARNING - ExternalTaskSensor.execute cannot be called outside TaskInstance!
[2025-10-23T09:13:06.044+0000] {external_task.py:258} INFO - Poking for tasks ['export_gold_csv'] in dag ingest_kg on 2025-10-23T09:07:26.732289+00:00 ... 
[2025-10-23T09:13:06.046+0000] {logging_mixin.py:188} WARNING - /home/***/.local/lib/python3.12/site-packages/***/utils/session.py:79 DeprecationWarning: This method is deprecated and will be removed in future.
[2025-10-23T09:13:06.052+0000] {taskinstance.py:441} INFO - ::group::Post task execution logs
[2025-10-23T09:13:06.063+0000] {taskinstance.py:2865} INFO - Rescheduling task, marking task as UP_FOR_RESCHEDULE
[2025-10-23T09:13:06.068+0000] {local_task_job_runner.py:243} INFO - Task exited with return code 0
[2025-10-23T09:13:06.081+0000] {taskinstance.py:3503} INFO - 0 downstream tasks scheduled from follow-on schedule check
[2025-10-23T09:13:06.081+0000] {local_task_job_runner.py:222} INFO - ::endgroup::
[2025-10-23T09:13:36.350+0000] {local_task_job_runner.py:120} INFO - ::group::Pre task execution logs
[2025-10-23T09:13:36.367+0000] {taskinstance.py:2076} INFO - Dependencies all met for dep_context=non-requeueable deps ti=<TaskInstance: load_neo4j_from_gold.wait_for_export_gold manual__2025-10-23T09:07:26.732289+00:00 [queued]>
[2025-10-23T09:13:36.370+0000] {taskinstance.py:2076} INFO - Dependencies all met for dep_context=requeueable deps ti=<TaskInstance: load_neo4j_from_gold.wait_for_export_gold manual__2025-10-23T09:07:26.732289+00:00 [queued]>
[2025-10-23T09:13:36.370+0000] {taskinstance.py:2306} INFO - Starting attempt 1 of 1
[2025-10-23T09:13:36.376+0000] {taskinstance.py:2330} INFO - Executing <Task(ExternalTaskSensor): wait_for_export_gold> on 2025-10-23 09:07:26.732289+00:00
[2025-10-23T09:13:36.381+0000] {logging_mixin.py:188} WARNING - /home/***/.local/lib/python3.12/site-packages/***/task/task_runner/standard_task_runner.py:62 DeprecationWarning: This process (pid=2587) is multi-threaded, use of fork() may lead to deadlocks in the child.
[2025-10-23T09:13:36.381+0000] {standard_task_runner.py:90} INFO - Running: ['***', 'tasks', 'run', 'load_neo4j_from_gold', 'wait_for_export_gold', 'manual__2025-10-23T09:07:26.732289+00:00', '--job-id', '253', '--raw', '--subdir', 'DAGS_FOLDER/load_neo4j_from_gold.py', '--cfg-path', '/tmp/tmp3o1os5b1']
[2025-10-23T09:13:36.382+0000] {standard_task_runner.py:64} INFO - Started process 2588 to run task
[2025-10-23T09:13:36.383+0000] {standard_task_runner.py:91} INFO - Job 253: Subtask wait_for_export_gold
[2025-10-23T09:13:36.413+0000] {task_command.py:426} INFO - Running <TaskInstance: load_neo4j_from_gold.wait_for_export_gold manual__2025-10-23T09:07:26.732289+00:00 [running]> on host c48d41bd1c66
[2025-10-23T09:13:36.454+0000] {taskinstance.py:2648} INFO - Exporting env vars: AIRFLOW_CTX_DAG_OWNER='***' AIRFLOW_CTX_DAG_ID='load_neo4j_from_gold' AIRFLOW_CTX_TASK_ID='wait_for_export_gold' AIRFLOW_CTX_EXECUTION_DATE='2025-10-23T09:07:26.732289+00:00' AIRFLOW_CTX_TRY_NUMBER='1' AIRFLOW_CTX_DAG_RUN_ID='manual__2025-10-23T09:07:26.732289+00:00'
[2025-10-23T09:13:36.455+0000] {taskinstance.py:430} INFO - ::endgroup::
[2025-10-23T09:13:36.462+0000] {baseoperator.py:400} WARNING - ExternalTaskSensor.execute cannot be called outside TaskInstance!
[2025-10-23T09:13:36.467+0000] {external_task.py:258} INFO - Poking for tasks ['export_gold_csv'] in dag ingest_kg on 2025-10-23T09:07:26.732289+00:00 ... 
[2025-10-23T09:13:36.469+0000] {logging_mixin.py:188} WARNING - /home/***/.local/lib/python3.12/site-packages/***/utils/session.py:79 DeprecationWarning: This method is deprecated and will be removed in future.
[2025-10-23T09:13:36.475+0000] {taskinstance.py:441} INFO - ::group::Post task execution logs
[2025-10-23T09:13:36.485+0000] {taskinstance.py:2865} INFO - Rescheduling task, marking task as UP_FOR_RESCHEDULE
[2025-10-23T09:13:36.524+0000] {local_task_job_runner.py:243} INFO - Task exited with return code 0
[2025-10-23T09:13:36.538+0000] {taskinstance.py:3503} INFO - 0 downstream tasks scheduled from follow-on schedule check
[2025-10-23T09:13:36.539+0000] {local_task_job_runner.py:222} INFO - ::endgroup::
[2025-10-23T09:14:06.927+0000] {local_task_job_runner.py:120} INFO - ::group::Pre task execution logs
[2025-10-23T09:14:06.951+0000] {taskinstance.py:2076} INFO - Dependencies all met for dep_context=non-requeueable deps ti=<TaskInstance: load_neo4j_from_gold.wait_for_export_gold manual__2025-10-23T09:07:26.732289+00:00 [queued]>
[2025-10-23T09:14:06.955+0000] {taskinstance.py:2076} INFO - Dependencies all met for dep_context=requeueable deps ti=<TaskInstance: load_neo4j_from_gold.wait_for_export_gold manual__2025-10-23T09:07:26.732289+00:00 [queued]>
[2025-10-23T09:14:06.955+0000] {taskinstance.py:2306} INFO - Starting attempt 1 of 1
[2025-10-23T09:14:06.962+0000] {taskinstance.py:2330} INFO - Executing <Task(ExternalTaskSensor): wait_for_export_gold> on 2025-10-23 09:07:26.732289+00:00
[2025-10-23T09:14:06.968+0000] {logging_mixin.py:188} WARNING - /home/***/.local/lib/python3.12/site-packages/***/task/task_runner/standard_task_runner.py:62 DeprecationWarning: This process (pid=2616) is multi-threaded, use of fork() may lead to deadlocks in the child.
[2025-10-23T09:14:06.970+0000] {standard_task_runner.py:64} INFO - Started process 2617 to run task
[2025-10-23T09:14:06.968+0000] {standard_task_runner.py:90} INFO - Running: ['***', 'tasks', 'run', 'load_neo4j_from_gold', 'wait_for_export_gold', 'manual__2025-10-23T09:07:26.732289+00:00', '--job-id', '263', '--raw', '--subdir', 'DAGS_FOLDER/load_neo4j_from_gold.py', '--cfg-path', '/tmp/tmpk3_xfcm4']
[2025-10-23T09:14:06.970+0000] {standard_task_runner.py:91} INFO - Job 263: Subtask wait_for_export_gold
[2025-10-23T09:14:07.025+0000] {task_command.py:426} INFO - Running <TaskInstance: load_neo4j_from_gold.wait_for_export_gold manual__2025-10-23T09:07:26.732289+00:00 [running]> on host c48d41bd1c66
[2025-10-23T09:14:07.082+0000] {taskinstance.py:2648} INFO - Exporting env vars: AIRFLOW_CTX_DAG_OWNER='***' AIRFLOW_CTX_DAG_ID='load_neo4j_from_gold' AIRFLOW_CTX_TASK_ID='wait_for_export_gold' AIRFLOW_CTX_EXECUTION_DATE='2025-10-23T09:07:26.732289+00:00' AIRFLOW_CTX_TRY_NUMBER='1' AIRFLOW_CTX_DAG_RUN_ID='manual__2025-10-23T09:07:26.732289+00:00'
[2025-10-23T09:14:07.083+0000] {taskinstance.py:430} INFO - ::endgroup::
[2025-10-23T09:14:07.090+0000] {baseoperator.py:400} WARNING - ExternalTaskSensor.execute cannot be called outside TaskInstance!
[2025-10-23T09:14:07.098+0000] {external_task.py:258} INFO - Poking for tasks ['export_gold_csv'] in dag ingest_kg on 2025-10-23T09:07:26.732289+00:00 ... 
[2025-10-23T09:14:07.099+0000] {logging_mixin.py:188} WARNING - /home/***/.local/lib/python3.12/site-packages/***/utils/session.py:79 DeprecationWarning: This method is deprecated and will be removed in future.
[2025-10-23T09:14:07.109+0000] {taskinstance.py:441} INFO - ::group::Post task execution logs
[2025-10-23T09:14:07.121+0000] {taskinstance.py:2865} INFO - Rescheduling task, marking task as UP_FOR_RESCHEDULE
[2025-10-23T09:14:07.152+0000] {local_task_job_runner.py:243} INFO - Task exited with return code 0
[2025-10-23T09:14:07.166+0000] {taskinstance.py:3503} INFO - 0 downstream tasks scheduled from follow-on schedule check
[2025-10-23T09:14:07.167+0000] {local_task_job_runner.py:222} INFO - ::endgroup::
[2025-10-23T09:14:37.388+0000] {local_task_job_runner.py:120} INFO - ::group::Pre task execution logs
[2025-10-23T09:14:37.411+0000] {taskinstance.py:2076} INFO - Dependencies all met for dep_context=non-requeueable deps ti=<TaskInstance: load_neo4j_from_gold.wait_for_export_gold manual__2025-10-23T09:07:26.732289+00:00 [queued]>
[2025-10-23T09:14:37.415+0000] {taskinstance.py:2076} INFO - Dependencies all met for dep_context=requeueable deps ti=<TaskInstance: load_neo4j_from_gold.wait_for_export_gold manual__2025-10-23T09:07:26.732289+00:00 [queued]>
[2025-10-23T09:14:37.415+0000] {taskinstance.py:2306} INFO - Starting attempt 1 of 1
[2025-10-23T09:14:37.422+0000] {taskinstance.py:2330} INFO - Executing <Task(ExternalTaskSensor): wait_for_export_gold> on 2025-10-23 09:07:26.732289+00:00
[2025-10-23T09:14:37.430+0000] {logging_mixin.py:188} WARNING - /home/***/.local/lib/python3.12/site-packages/***/task/task_runner/standard_task_runner.py:62 DeprecationWarning: This process (pid=2646) is multi-threaded, use of fork() may lead to deadlocks in the child.
[2025-10-23T09:14:37.428+0000] {standard_task_runner.py:90} INFO - Running: ['***', 'tasks', 'run', 'load_neo4j_from_gold', 'wait_for_export_gold', 'manual__2025-10-23T09:07:26.732289+00:00', '--job-id', '273', '--raw', '--subdir', 'DAGS_FOLDER/load_neo4j_from_gold.py', '--cfg-path', '/tmp/tmprdkk_w8h']
[2025-10-23T09:14:37.431+0000] {standard_task_runner.py:64} INFO - Started process 2647 to run task
[2025-10-23T09:14:37.431+0000] {standard_task_runner.py:91} INFO - Job 273: Subtask wait_for_export_gold
[2025-10-23T09:14:37.486+0000] {task_command.py:426} INFO - Running <TaskInstance: load_neo4j_from_gold.wait_for_export_gold manual__2025-10-23T09:07:26.732289+00:00 [running]> on host c48d41bd1c66
[2025-10-23T09:14:37.560+0000] {taskinstance.py:2648} INFO - Exporting env vars: AIRFLOW_CTX_DAG_OWNER='***' AIRFLOW_CTX_DAG_ID='load_neo4j_from_gold' AIRFLOW_CTX_TASK_ID='wait_for_export_gold' AIRFLOW_CTX_EXECUTION_DATE='2025-10-23T09:07:26.732289+00:00' AIRFLOW_CTX_TRY_NUMBER='1' AIRFLOW_CTX_DAG_RUN_ID='manual__2025-10-23T09:07:26.732289+00:00'
[2025-10-23T09:14:37.561+0000] {taskinstance.py:430} INFO - ::endgroup::
[2025-10-23T09:14:37.571+0000] {baseoperator.py:400} WARNING - ExternalTaskSensor.execute cannot be called outside TaskInstance!
[2025-10-23T09:14:37.579+0000] {external_task.py:258} INFO - Poking for tasks ['export_gold_csv'] in dag ingest_kg on 2025-10-23T09:07:26.732289+00:00 ... 
[2025-10-23T09:14:37.581+0000] {logging_mixin.py:188} WARNING - /home/***/.local/lib/python3.12/site-packages/***/utils/session.py:79 DeprecationWarning: This method is deprecated and will be removed in future.
[2025-10-23T09:14:37.591+0000] {taskinstance.py:441} INFO - ::group::Post task execution logs
[2025-10-23T09:14:37.607+0000] {taskinstance.py:2865} INFO - Rescheduling task, marking task as UP_FOR_RESCHEDULE
[2025-10-23T09:14:37.612+0000] {local_task_job_runner.py:243} INFO - Task exited with return code 0
[2025-10-23T09:14:37.627+0000] {taskinstance.py:3503} INFO - 0 downstream tasks scheduled from follow-on schedule check
[2025-10-23T09:14:37.628+0000] {local_task_job_runner.py:222} INFO - ::endgroup::
[2025-10-23T09:15:07.889+0000] {local_task_job_runner.py:120} INFO - ::group::Pre task execution logs
[2025-10-23T09:15:07.913+0000] {taskinstance.py:2076} INFO - Dependencies all met for dep_context=non-requeueable deps ti=<TaskInstance: load_neo4j_from_gold.wait_for_export_gold manual__2025-10-23T09:07:26.732289+00:00 [queued]>
[2025-10-23T09:15:07.917+0000] {taskinstance.py:2076} INFO - Dependencies all met for dep_context=requeueable deps ti=<TaskInstance: load_neo4j_from_gold.wait_for_export_gold manual__2025-10-23T09:07:26.732289+00:00 [queued]>
[2025-10-23T09:15:07.917+0000] {taskinstance.py:2306} INFO - Starting attempt 1 of 1
[2025-10-23T09:15:07.924+0000] {taskinstance.py:2330} INFO - Executing <Task(ExternalTaskSensor): wait_for_export_gold> on 2025-10-23 09:07:26.732289+00:00
[2025-10-23T09:15:07.930+0000] {logging_mixin.py:188} WARNING - /home/***/.local/lib/python3.12/site-packages/***/task/task_runner/standard_task_runner.py:62 DeprecationWarning: This process (pid=2676) is multi-threaded, use of fork() may lead to deadlocks in the child.
[2025-10-23T09:15:07.931+0000] {standard_task_runner.py:64} INFO - Started process 2677 to run task
[2025-10-23T09:15:07.931+0000] {standard_task_runner.py:90} INFO - Running: ['***', 'tasks', 'run', 'load_neo4j_from_gold', 'wait_for_export_gold', 'manual__2025-10-23T09:07:26.732289+00:00', '--job-id', '282', '--raw', '--subdir', 'DAGS_FOLDER/load_neo4j_from_gold.py', '--cfg-path', '/tmp/tmpbj5i73x7']
[2025-10-23T09:15:07.933+0000] {standard_task_runner.py:91} INFO - Job 282: Subtask wait_for_export_gold
[2025-10-23T09:15:07.971+0000] {task_command.py:426} INFO - Running <TaskInstance: load_neo4j_from_gold.wait_for_export_gold manual__2025-10-23T09:07:26.732289+00:00 [running]> on host c48d41bd1c66
[2025-10-23T09:15:08.031+0000] {taskinstance.py:2648} INFO - Exporting env vars: AIRFLOW_CTX_DAG_OWNER='***' AIRFLOW_CTX_DAG_ID='load_neo4j_from_gold' AIRFLOW_CTX_TASK_ID='wait_for_export_gold' AIRFLOW_CTX_EXECUTION_DATE='2025-10-23T09:07:26.732289+00:00' AIRFLOW_CTX_TRY_NUMBER='1' AIRFLOW_CTX_DAG_RUN_ID='manual__2025-10-23T09:07:26.732289+00:00'
[2025-10-23T09:15:08.031+0000] {taskinstance.py:430} INFO - ::endgroup::
[2025-10-23T09:15:08.040+0000] {baseoperator.py:400} WARNING - ExternalTaskSensor.execute cannot be called outside TaskInstance!
[2025-10-23T09:15:08.047+0000] {external_task.py:258} INFO - Poking for tasks ['export_gold_csv'] in dag ingest_kg on 2025-10-23T09:07:26.732289+00:00 ... 
[2025-10-23T09:15:08.048+0000] {logging_mixin.py:188} WARNING - /home/***/.local/lib/python3.12/site-packages/***/utils/session.py:79 DeprecationWarning: This method is deprecated and will be removed in future.
[2025-10-23T09:15:08.068+0000] {taskinstance.py:441} INFO - ::group::Post task execution logs
[2025-10-23T09:15:08.082+0000] {taskinstance.py:2865} INFO - Rescheduling task, marking task as UP_FOR_RESCHEDULE
[2025-10-23T09:15:08.112+0000] {local_task_job_runner.py:243} INFO - Task exited with return code 0
[2025-10-23T09:15:08.127+0000] {taskinstance.py:3503} INFO - 0 downstream tasks scheduled from follow-on schedule check
[2025-10-23T09:15:08.127+0000] {local_task_job_runner.py:222} INFO - ::endgroup::
