[2025-10-23T09:03:55.831+0000] {local_task_job_runner.py:120} INFO - ::group::Pre task execution logs
[2025-10-23T09:03:55.870+0000] {taskinstance.py:2076} INFO - Dependencies all met for dep_context=non-requeueable deps ti=<TaskInstance: ingest_kg.gx_checkpoint manual__2025-10-23T09:03:51.592730+00:00 [queued]>
[2025-10-23T09:03:55.874+0000] {taskinstance.py:2076} INFO - Dependencies all met for dep_context=requeueable deps ti=<TaskInstance: ingest_kg.gx_checkpoint manual__2025-10-23T09:03:51.592730+00:00 [queued]>
[2025-10-23T09:03:55.875+0000] {taskinstance.py:2306} INFO - Starting attempt 1 of 1
[2025-10-23T09:03:55.888+0000] {taskinstance.py:2330} INFO - Executing <Task(BashOperator): gx_checkpoint> on 2025-10-23 09:03:51.592730+00:00
[2025-10-23T09:03:55.903+0000] {logging_mixin.py:188} WARNING - /home/***/.local/lib/python3.12/site-packages/***/task/task_runner/standard_task_runner.py:62 DeprecationWarning: This process (pid=1653) is multi-threaded, use of fork() may lead to deadlocks in the child.
[2025-10-23T09:03:55.904+0000] {standard_task_runner.py:64} INFO - Started process 1654 to run task
[2025-10-23T09:03:55.902+0000] {standard_task_runner.py:90} INFO - Running: ['***', 'tasks', 'run', 'ingest_kg', 'gx_checkpoint', 'manual__2025-10-23T09:03:51.592730+00:00', '--job-id', '61', '--raw', '--subdir', 'DAGS_FOLDER/ingest_kg.py', '--cfg-path', '/tmp/tmpdm00vtsh']
[2025-10-23T09:03:55.904+0000] {standard_task_runner.py:91} INFO - Job 61: Subtask gx_checkpoint
[2025-10-23T09:03:55.947+0000] {task_command.py:426} INFO - Running <TaskInstance: ingest_kg.gx_checkpoint manual__2025-10-23T09:03:51.592730+00:00 [running]> on host c48d41bd1c66
[2025-10-23T09:03:56.010+0000] {taskinstance.py:2648} INFO - Exporting env vars: AIRFLOW_CTX_DAG_OWNER='***' AIRFLOW_CTX_DAG_ID='ingest_kg' AIRFLOW_CTX_TASK_ID='gx_checkpoint' AIRFLOW_CTX_EXECUTION_DATE='2025-10-23T09:03:51.592730+00:00' AIRFLOW_CTX_TRY_NUMBER='1' AIRFLOW_CTX_DAG_RUN_ID='manual__2025-10-23T09:03:51.592730+00:00'
[2025-10-23T09:03:56.010+0000] {taskinstance.py:430} INFO - ::endgroup::
[2025-10-23T09:03:56.019+0000] {subprocess.py:63} INFO - Tmp dir root location: /tmp
[2025-10-23T09:03:56.019+0000] {subprocess.py:75} INFO - Running command: ['/usr/bin/bash', '-c', 'python /opt/***/quality/gx_checkpoint.py --nodes /opt/***/data/bronze/nodes.parquet --edges /opt/***/data/bronze/edges.parquet']
[2025-10-23T09:03:56.024+0000] {subprocess.py:86} INFO - Output:
[2025-10-23T09:03:58.074+0000] {subprocess.py:93} INFO - /home/***/.local/lib/python3.12/site-packages/great_expectations/datasource/data_connector/util.py:8: DeprecationWarning: module 'sre_parse' is deprecated
[2025-10-23T09:03:58.074+0000] {subprocess.py:93} INFO -   import sre_parse
[2025-10-23T09:03:58.677+0000] {subprocess.py:93} INFO - [GX] nodes: id unique OK
[2025-10-23T09:03:58.678+0000] {subprocess.py:93} INFO - [GX] edges: src/dst non nuls OK
[2025-10-23T09:03:58.678+0000] {subprocess.py:93} INFO - [GX] checkpoint OK
[2025-10-23T09:03:58.996+0000] {subprocess.py:97} INFO - Command exited with return code 0
[2025-10-23T09:03:58.997+0000] {taskinstance.py:441} INFO - ::group::Post task execution logs
[2025-10-23T09:03:59.018+0000] {taskinstance.py:1206} INFO - Marking task as SUCCESS. dag_id=ingest_kg, task_id=gx_checkpoint, run_id=manual__2025-10-23T09:03:51.592730+00:00, execution_date=20251023T090351, start_date=20251023T090355, end_date=20251023T090359
[2025-10-23T09:03:59.047+0000] {local_task_job_runner.py:243} INFO - Task exited with return code 0
[2025-10-23T09:03:59.063+0000] {taskinstance.py:3503} INFO - 1 downstream tasks scheduled from follow-on schedule check
[2025-10-23T09:03:59.064+0000] {local_task_job_runner.py:222} INFO - ::endgroup::
