[2025-10-23T09:07:11.196+0000] {local_task_job_runner.py:120} INFO - ::group::Pre task execution logs
[2025-10-23T09:07:11.228+0000] {taskinstance.py:2076} INFO - Dependencies all met for dep_context=non-requeueable deps ti=<TaskInstance: ingest_kg.bronze_to_parquet manual__2025-10-23T09:07:10.323632+00:00 [queued]>
[2025-10-23T09:07:11.232+0000] {taskinstance.py:2076} INFO - Dependencies all met for dep_context=requeueable deps ti=<TaskInstance: ingest_kg.bronze_to_parquet manual__2025-10-23T09:07:10.323632+00:00 [queued]>
[2025-10-23T09:07:11.232+0000] {taskinstance.py:2306} INFO - Starting attempt 1 of 1
[2025-10-23T09:07:11.238+0000] {taskinstance.py:2330} INFO - Executing <Task(BashOperator): bronze_to_parquet> on 2025-10-23 09:07:10.323632+00:00
[2025-10-23T09:07:11.243+0000] {logging_mixin.py:188} WARNING - /home/***/.local/lib/python3.12/site-packages/***/task/task_runner/standard_task_runner.py:62 DeprecationWarning: This process (pid=2101) is multi-threaded, use of fork() may lead to deadlocks in the child.
[2025-10-23T09:07:11.244+0000] {standard_task_runner.py:64} INFO - Started process 2103 to run task
[2025-10-23T09:07:11.243+0000] {standard_task_runner.py:90} INFO - Running: ['***', 'tasks', 'run', 'ingest_kg', 'bronze_to_parquet', 'manual__2025-10-23T09:07:10.323632+00:00', '--job-id', '121', '--raw', '--subdir', 'DAGS_FOLDER/ingest_kg.py', '--cfg-path', '/tmp/tmpi6eqknuw']
[2025-10-23T09:07:11.245+0000] {standard_task_runner.py:91} INFO - Job 121: Subtask bronze_to_parquet
[2025-10-23T09:07:11.287+0000] {task_command.py:426} INFO - Running <TaskInstance: ingest_kg.bronze_to_parquet manual__2025-10-23T09:07:10.323632+00:00 [running]> on host c48d41bd1c66
[2025-10-23T09:07:11.340+0000] {taskinstance.py:2648} INFO - Exporting env vars: AIRFLOW_CTX_DAG_OWNER='***' AIRFLOW_CTX_DAG_ID='ingest_kg' AIRFLOW_CTX_TASK_ID='bronze_to_parquet' AIRFLOW_CTX_EXECUTION_DATE='2025-10-23T09:07:10.323632+00:00' AIRFLOW_CTX_TRY_NUMBER='1' AIRFLOW_CTX_DAG_RUN_ID='manual__2025-10-23T09:07:10.323632+00:00'
[2025-10-23T09:07:11.341+0000] {taskinstance.py:430} INFO - ::endgroup::
[2025-10-23T09:07:11.350+0000] {subprocess.py:63} INFO - Tmp dir root location: /tmp
[2025-10-23T09:07:11.352+0000] {subprocess.py:75} INFO - Running command: ['/usr/bin/bash', '-c', 'python /opt/***/scripts/to_parquet.py --in /opt/***/data/raw --out /opt/***/data/bronze']
[2025-10-23T09:07:11.358+0000] {subprocess.py:86} INFO - Output:
[2025-10-23T09:07:13.787+0000] {subprocess.py:93} INFO - [bronze] /opt/***/data/raw/nodes.csv -> /opt/***/data/bronze/nodes.parquet (1000000 lignes)
[2025-10-23T09:07:13.788+0000] {subprocess.py:93} INFO - [bronze] /opt/***/data/raw/edges.csv -> /opt/***/data/bronze/edges.parquet (5000000 lignes)
[2025-10-23T09:07:13.789+0000] {subprocess.py:93} INFO - [bronze] conversion terminée
[2025-10-23T09:07:13.858+0000] {subprocess.py:97} INFO - Command exited with return code 0
[2025-10-23T09:07:13.858+0000] {taskinstance.py:441} INFO - ::group::Post task execution logs
[2025-10-23T09:07:13.879+0000] {taskinstance.py:1206} INFO - Marking task as SUCCESS. dag_id=ingest_kg, task_id=bronze_to_parquet, run_id=manual__2025-10-23T09:07:10.323632+00:00, execution_date=20251023T090710, start_date=20251023T090711, end_date=20251023T090713
[2025-10-23T09:07:13.890+0000] {local_task_job_runner.py:243} INFO - Task exited with return code 0
[2025-10-23T09:07:13.916+0000] {taskinstance.py:3503} INFO - 1 downstream tasks scheduled from follow-on schedule check
[2025-10-23T09:07:13.917+0000] {local_task_job_runner.py:222} INFO - ::endgroup::
