[2025-10-24T19:03:42.493+0000] {local_task_job_runner.py:120} INFO - ::group::Pre task execution logs
[2025-10-24T19:03:42.511+0000] {taskinstance.py:2076} INFO - Dependencies all met for dep_context=non-requeueable deps ti=<TaskInstance: ingest_kg.export_gold_csv manual__2025-10-24T19:03:25.269478+00:00 [queued]>
[2025-10-24T19:03:42.514+0000] {taskinstance.py:2076} INFO - Dependencies all met for dep_context=requeueable deps ti=<TaskInstance: ingest_kg.export_gold_csv manual__2025-10-24T19:03:25.269478+00:00 [queued]>
[2025-10-24T19:03:42.514+0000] {taskinstance.py:2306} INFO - Starting attempt 1 of 1
[2025-10-24T19:03:42.519+0000] {taskinstance.py:2330} INFO - Executing <Task(BashOperator): export_gold_csv> on 2025-10-24 19:03:25.269478+00:00
[2025-10-24T19:03:42.527+0000] {logging_mixin.py:188} WARNING - /home/***/.local/lib/python3.12/site-packages/***/task/task_runner/standard_task_runner.py:62 DeprecationWarning: This process (pid=1072) is multi-threaded, use of fork() may lead to deadlocks in the child.
[2025-10-24T19:03:42.526+0000] {standard_task_runner.py:90} INFO - Running: ['***', 'tasks', 'run', 'ingest_kg', 'export_gold_csv', 'manual__2025-10-24T19:03:25.269478+00:00', '--job-id', '335', '--raw', '--subdir', 'DAGS_FOLDER/ingest_kg.py', '--cfg-path', '/tmp/tmppye_kqyb']
[2025-10-24T19:03:42.527+0000] {standard_task_runner.py:64} INFO - Started process 1073 to run task
[2025-10-24T19:03:42.527+0000] {standard_task_runner.py:91} INFO - Job 335: Subtask export_gold_csv
[2025-10-24T19:03:42.556+0000] {task_command.py:426} INFO - Running <TaskInstance: ingest_kg.export_gold_csv manual__2025-10-24T19:03:25.269478+00:00 [running]> on host 686d193542d0
[2025-10-24T19:03:42.605+0000] {taskinstance.py:2648} INFO - Exporting env vars: AIRFLOW_CTX_DAG_OWNER='***' AIRFLOW_CTX_DAG_ID='ingest_kg' AIRFLOW_CTX_TASK_ID='export_gold_csv' AIRFLOW_CTX_EXECUTION_DATE='2025-10-24T19:03:25.269478+00:00' AIRFLOW_CTX_TRY_NUMBER='1' AIRFLOW_CTX_DAG_RUN_ID='manual__2025-10-24T19:03:25.269478+00:00'
[2025-10-24T19:03:42.606+0000] {taskinstance.py:430} INFO - ::endgroup::
[2025-10-24T19:03:42.612+0000] {subprocess.py:63} INFO - Tmp dir root location: /tmp
[2025-10-24T19:03:42.613+0000] {subprocess.py:75} INFO - Running command: ['/usr/bin/bash', '-c', 'python /opt/***/scripts/export_gold_csv.py']
[2025-10-24T19:03:42.618+0000] {subprocess.py:86} INFO - Output:
[2025-10-24T19:03:47.146+0000] {subprocess.py:93} INFO - [gold] nodes : /opt/***/data/silver/nodes.parquet -> /opt/***/data/gold/nodes.csv (1,000,000 lignes)
[2025-10-24T19:03:47.147+0000] {subprocess.py:93} INFO - [gold] shard 0 -> /opt/***/data/gold/edges.csv (624,591 lignes)
[2025-10-24T19:03:47.147+0000] {subprocess.py:93} INFO - [gold] shard 1 -> /opt/***/data/gold/edges.csv (625,548 lignes)
[2025-10-24T19:03:47.147+0000] {subprocess.py:93} INFO - [gold] shard 2 -> /opt/***/data/gold/edges.csv (624,992 lignes)
[2025-10-24T19:03:47.147+0000] {subprocess.py:93} INFO - [gold] shard 3 -> /opt/***/data/gold/edges.csv (625,910 lignes)
[2025-10-24T19:03:47.148+0000] {subprocess.py:93} INFO - [gold] shard 4 -> /opt/***/data/gold/edges.csv (624,992 lignes)
[2025-10-24T19:03:47.148+0000] {subprocess.py:93} INFO - [gold] shard 5 -> /opt/***/data/gold/edges.csv (625,339 lignes)
[2025-10-24T19:03:47.148+0000] {subprocess.py:93} INFO - [gold] shard 6 -> /opt/***/data/gold/edges.csv (624,113 lignes)
[2025-10-24T19:03:47.148+0000] {subprocess.py:93} INFO - [gold] shard 7 -> /opt/***/data/gold/edges.csv (624,515 lignes)
[2025-10-24T19:03:47.148+0000] {subprocess.py:93} INFO - [gold] total edges écrits : 5,000,000
[2025-10-24T19:03:47.148+0000] {subprocess.py:93} INFO - [gold] export terminé
[2025-10-24T19:03:47.184+0000] {subprocess.py:97} INFO - Command exited with return code 0
[2025-10-24T19:03:47.185+0000] {taskinstance.py:441} INFO - ::group::Post task execution logs
[2025-10-24T19:03:47.205+0000] {taskinstance.py:1206} INFO - Marking task as SUCCESS. dag_id=ingest_kg, task_id=export_gold_csv, run_id=manual__2025-10-24T19:03:25.269478+00:00, execution_date=20251024T190325, start_date=20251024T190342, end_date=20251024T190347
[2025-10-24T19:03:47.249+0000] {local_task_job_runner.py:243} INFO - Task exited with return code 0
[2025-10-24T19:03:47.267+0000] {taskinstance.py:3503} INFO - 1 downstream tasks scheduled from follow-on schedule check
[2025-10-24T19:03:47.267+0000] {local_task_job_runner.py:222} INFO - ::endgroup::
