[2025-10-24T15:17:21.641+0000] {local_task_job_runner.py:120} INFO - ::group::Pre task execution logs
[2025-10-24T15:17:21.699+0000] {taskinstance.py:2076} INFO - Dependencies all met for dep_context=non-requeueable deps ti=<TaskInstance: ingest_kg.gx_checkpoint manual__2025-10-24T15:17:13.994018+00:00 [queued]>
[2025-10-24T15:17:21.704+0000] {taskinstance.py:2076} INFO - Dependencies all met for dep_context=requeueable deps ti=<TaskInstance: ingest_kg.gx_checkpoint manual__2025-10-24T15:17:13.994018+00:00 [queued]>
[2025-10-24T15:17:21.704+0000] {taskinstance.py:2306} INFO - Starting attempt 1 of 1
[2025-10-24T15:17:21.713+0000] {taskinstance.py:2330} INFO - Executing <Task(BashOperator): gx_checkpoint> on 2025-10-24 15:17:13.994018+00:00
[2025-10-24T15:17:21.721+0000] {logging_mixin.py:188} WARNING - /home/***/.local/lib/python3.12/site-packages/***/task/task_runner/standard_task_runner.py:62 DeprecationWarning: This process (pid=224) is multi-threaded, use of fork() may lead to deadlocks in the child.
[2025-10-24T15:17:21.722+0000] {standard_task_runner.py:64} INFO - Started process 225 to run task
[2025-10-24T15:17:21.720+0000] {standard_task_runner.py:90} INFO - Running: ['***', 'tasks', 'run', 'ingest_kg', 'gx_checkpoint', 'manual__2025-10-24T15:17:13.994018+00:00', '--job-id', '320', '--raw', '--subdir', 'DAGS_FOLDER/ingest_kg.py', '--cfg-path', '/tmp/tmpvs75ibpv']
[2025-10-24T15:17:21.723+0000] {standard_task_runner.py:91} INFO - Job 320: Subtask gx_checkpoint
[2025-10-24T15:17:21.795+0000] {task_command.py:426} INFO - Running <TaskInstance: ingest_kg.gx_checkpoint manual__2025-10-24T15:17:13.994018+00:00 [running]> on host 686d193542d0
[2025-10-24T15:17:21.842+0000] {taskinstance.py:2648} INFO - Exporting env vars: AIRFLOW_CTX_DAG_OWNER='***' AIRFLOW_CTX_DAG_ID='ingest_kg' AIRFLOW_CTX_TASK_ID='gx_checkpoint' AIRFLOW_CTX_EXECUTION_DATE='2025-10-24T15:17:13.994018+00:00' AIRFLOW_CTX_TRY_NUMBER='1' AIRFLOW_CTX_DAG_RUN_ID='manual__2025-10-24T15:17:13.994018+00:00'
[2025-10-24T15:17:21.842+0000] {taskinstance.py:430} INFO - ::endgroup::
[2025-10-24T15:17:21.855+0000] {subprocess.py:63} INFO - Tmp dir root location: /tmp
[2025-10-24T15:17:21.858+0000] {subprocess.py:75} INFO - Running command: ['/usr/bin/bash', '-c', 'python /opt/***/quality/gx_checkpoint.py']
[2025-10-24T15:17:21.868+0000] {subprocess.py:86} INFO - Output:
[2025-10-24T15:17:24.945+0000] {subprocess.py:93} INFO - /home/***/.local/lib/python3.12/site-packages/great_expectations/datasource/data_connector/util.py:8: DeprecationWarning: module 'sre_parse' is deprecated
[2025-10-24T15:17:24.946+0000] {subprocess.py:93} INFO -   import sre_parse
[2025-10-24T15:17:26.137+0000] {subprocess.py:93} INFO - [GX] nodes : id unique OK
[2025-10-24T15:17:26.138+0000] {subprocess.py:93} INFO - [GX] edges : src/dst non nuls OK
[2025-10-24T15:17:26.138+0000] {subprocess.py:93} INFO - [GX] checkpoint OK !
[2025-10-24T15:17:26.583+0000] {subprocess.py:97} INFO - Command exited with return code 0
[2025-10-24T15:17:26.585+0000] {taskinstance.py:441} INFO - ::group::Post task execution logs
[2025-10-24T15:17:26.633+0000] {taskinstance.py:1206} INFO - Marking task as SUCCESS. dag_id=ingest_kg, task_id=gx_checkpoint, run_id=manual__2025-10-24T15:17:13.994018+00:00, execution_date=20251024T151713, start_date=20251024T151721, end_date=20251024T151726
[2025-10-24T15:17:26.672+0000] {local_task_job_runner.py:243} INFO - Task exited with return code 0
[2025-10-24T15:17:26.698+0000] {taskinstance.py:3503} INFO - 1 downstream tasks scheduled from follow-on schedule check
[2025-10-24T15:17:26.699+0000] {local_task_job_runner.py:222} INFO - ::endgroup::
