[2025-10-26T10:30:37.127+0000] {local_task_job_runner.py:120} INFO - ::group::Pre task execution logs
[2025-10-26T10:30:37.154+0000] {taskinstance.py:2076} INFO - Dependencies all met for dep_context=non-requeueable deps ti=<TaskInstance: ingest_kg.export_gold_csv manual__2025-10-26T10:30:10.864588+00:00 [queued]>
[2025-10-26T10:30:37.164+0000] {taskinstance.py:2076} INFO - Dependencies all met for dep_context=requeueable deps ti=<TaskInstance: ingest_kg.export_gold_csv manual__2025-10-26T10:30:10.864588+00:00 [queued]>
[2025-10-26T10:30:37.165+0000] {taskinstance.py:2306} INFO - Starting attempt 1 of 1
[2025-10-26T10:30:37.171+0000] {taskinstance.py:2330} INFO - Executing <Task(BashOperator): export_gold_csv> on 2025-10-26 10:30:10.864588+00:00
[2025-10-26T10:30:37.179+0000] {logging_mixin.py:188} WARNING - /home/***/.local/lib/python3.12/site-packages/***/task/task_runner/standard_task_runner.py:62 DeprecationWarning: This process (pid=6604) is multi-threaded, use of fork() may lead to deadlocks in the child.
[2025-10-26T10:30:37.178+0000] {standard_task_runner.py:90} INFO - Running: ['***', 'tasks', 'run', 'ingest_kg', 'export_gold_csv', 'manual__2025-10-26T10:30:10.864588+00:00', '--job-id', '341', '--raw', '--subdir', 'DAGS_FOLDER/ingest_kg.py', '--cfg-path', '/tmp/tmpqc1q3q5x']
[2025-10-26T10:30:37.180+0000] {standard_task_runner.py:64} INFO - Started process 6605 to run task
[2025-10-26T10:30:37.180+0000] {standard_task_runner.py:91} INFO - Job 341: Subtask export_gold_csv
[2025-10-26T10:30:37.214+0000] {task_command.py:426} INFO - Running <TaskInstance: ingest_kg.export_gold_csv manual__2025-10-26T10:30:10.864588+00:00 [running]> on host 686d193542d0
[2025-10-26T10:30:37.270+0000] {taskinstance.py:2648} INFO - Exporting env vars: AIRFLOW_CTX_DAG_OWNER='***' AIRFLOW_CTX_DAG_ID='ingest_kg' AIRFLOW_CTX_TASK_ID='export_gold_csv' AIRFLOW_CTX_EXECUTION_DATE='2025-10-26T10:30:10.864588+00:00' AIRFLOW_CTX_TRY_NUMBER='1' AIRFLOW_CTX_DAG_RUN_ID='manual__2025-10-26T10:30:10.864588+00:00'
[2025-10-26T10:30:37.271+0000] {taskinstance.py:430} INFO - ::endgroup::
[2025-10-26T10:30:37.279+0000] {subprocess.py:63} INFO - Tmp dir root location: /tmp
[2025-10-26T10:30:37.280+0000] {subprocess.py:75} INFO - Running command: ['/usr/bin/bash', '-c', 'python /opt/***/scripts/export_gold_csv.py']
[2025-10-26T10:30:37.285+0000] {subprocess.py:86} INFO - Output:
[2025-10-26T10:30:43.625+0000] {subprocess.py:93} INFO - [gold] nodes : /opt/***/data/silver/nodes.parquet -> /opt/***/data/gold/nodes.csv (1,000,000 lignes)
[2025-10-26T10:30:43.631+0000] {subprocess.py:93} INFO - [gold] shard 0 -> /opt/***/data/gold/edges.csv (624,591 lignes)
[2025-10-26T10:30:43.632+0000] {subprocess.py:93} INFO - [gold] shard 1 -> /opt/***/data/gold/edges.csv (625,548 lignes)
[2025-10-26T10:30:43.634+0000] {subprocess.py:93} INFO - [gold] shard 2 -> /opt/***/data/gold/edges.csv (624,992 lignes)
[2025-10-26T10:30:43.634+0000] {subprocess.py:93} INFO - [gold] shard 3 -> /opt/***/data/gold/edges.csv (625,910 lignes)
[2025-10-26T10:30:43.634+0000] {subprocess.py:93} INFO - [gold] shard 4 -> /opt/***/data/gold/edges.csv (624,992 lignes)
[2025-10-26T10:30:43.634+0000] {subprocess.py:93} INFO - [gold] shard 5 -> /opt/***/data/gold/edges.csv (625,339 lignes)
[2025-10-26T10:30:43.634+0000] {subprocess.py:93} INFO - [gold] shard 6 -> /opt/***/data/gold/edges.csv (624,113 lignes)
[2025-10-26T10:30:43.635+0000] {subprocess.py:93} INFO - [gold] shard 7 -> /opt/***/data/gold/edges.csv (624,515 lignes)
[2025-10-26T10:30:43.635+0000] {subprocess.py:93} INFO - [gold] total edges écrits : 5,000,000
[2025-10-26T10:30:43.635+0000] {subprocess.py:93} INFO - [gold] export terminé
[2025-10-26T10:30:43.722+0000] {subprocess.py:97} INFO - Command exited with return code 0
[2025-10-26T10:30:43.724+0000] {taskinstance.py:441} INFO - ::group::Post task execution logs
[2025-10-26T10:30:43.760+0000] {taskinstance.py:1206} INFO - Marking task as SUCCESS. dag_id=ingest_kg, task_id=export_gold_csv, run_id=manual__2025-10-26T10:30:10.864588+00:00, execution_date=20251026T103010, start_date=20251026T103037, end_date=20251026T103043
[2025-10-26T10:30:43.786+0000] {local_task_job_runner.py:243} INFO - Task exited with return code 0
[2025-10-26T10:30:43.815+0000] {taskinstance.py:3503} INFO - 1 downstream tasks scheduled from follow-on schedule check
[2025-10-26T10:30:43.818+0000] {local_task_job_runner.py:222} INFO - ::endgroup::
