[2025-10-23T09:03:11.699+0000] {local_task_job_runner.py:120} INFO - ::group::Pre task execution logs
[2025-10-23T09:03:11.722+0000] {taskinstance.py:2076} INFO - Dependencies all met for dep_context=non-requeueable deps ti=<TaskInstance: load_neo4j_from_gold.wait_for_export_gold manual__2025-10-23T09:03:09.739639+00:00 [queued]>
[2025-10-23T09:03:11.726+0000] {taskinstance.py:2076} INFO - Dependencies all met for dep_context=requeueable deps ti=<TaskInstance: load_neo4j_from_gold.wait_for_export_gold manual__2025-10-23T09:03:09.739639+00:00 [queued]>
[2025-10-23T09:03:11.727+0000] {taskinstance.py:2306} INFO - Starting attempt 1 of 1
[2025-10-23T09:03:11.734+0000] {taskinstance.py:2330} INFO - Executing <Task(ExternalTaskSensor): wait_for_export_gold> on 2025-10-23 09:03:09.739639+00:00
[2025-10-23T09:03:11.739+0000] {logging_mixin.py:188} WARNING - /home/***/.local/lib/python3.12/site-packages/***/task/task_runner/standard_task_runner.py:62 DeprecationWarning: This process (pid=1609) is multi-threaded, use of fork() may lead to deadlocks in the child.
[2025-10-23T09:03:11.739+0000] {standard_task_runner.py:64} INFO - Started process 1610 to run task
[2025-10-23T09:03:11.740+0000] {standard_task_runner.py:90} INFO - Running: ['***', 'tasks', 'run', 'load_neo4j_from_gold', 'wait_for_export_gold', 'manual__2025-10-23T09:03:09.739639+00:00', '--job-id', '53', '--raw', '--subdir', 'DAGS_FOLDER/load_neo4j_from_gold.py', '--cfg-path', '/tmp/tmp8hdvtf01']
[2025-10-23T09:03:11.743+0000] {standard_task_runner.py:91} INFO - Job 53: Subtask wait_for_export_gold
[2025-10-23T09:03:11.805+0000] {task_command.py:426} INFO - Running <TaskInstance: load_neo4j_from_gold.wait_for_export_gold manual__2025-10-23T09:03:09.739639+00:00 [running]> on host c48d41bd1c66
[2025-10-23T09:03:11.872+0000] {taskinstance.py:2648} INFO - Exporting env vars: AIRFLOW_CTX_DAG_OWNER='***' AIRFLOW_CTX_DAG_ID='load_neo4j_from_gold' AIRFLOW_CTX_TASK_ID='wait_for_export_gold' AIRFLOW_CTX_EXECUTION_DATE='2025-10-23T09:03:09.739639+00:00' AIRFLOW_CTX_TRY_NUMBER='1' AIRFLOW_CTX_DAG_RUN_ID='manual__2025-10-23T09:03:09.739639+00:00'
[2025-10-23T09:03:11.873+0000] {taskinstance.py:430} INFO - ::endgroup::
[2025-10-23T09:03:11.883+0000] {baseoperator.py:400} WARNING - ExternalTaskSensor.execute cannot be called outside TaskInstance!
[2025-10-23T09:03:11.890+0000] {external_task.py:258} INFO - Poking for tasks ['export_gold_csv'] in dag ingest_kg on 2025-10-23T09:03:09.739639+00:00 ... 
[2025-10-23T09:03:11.892+0000] {logging_mixin.py:188} WARNING - /home/***/.local/lib/python3.12/site-packages/***/utils/session.py:79 DeprecationWarning: This method is deprecated and will be removed in future.
[2025-10-23T09:03:11.903+0000] {taskinstance.py:441} INFO - ::group::Post task execution logs
[2025-10-23T09:03:11.922+0000] {taskinstance.py:2865} INFO - Rescheduling task, marking task as UP_FOR_RESCHEDULE
[2025-10-23T09:03:11.963+0000] {local_task_job_runner.py:243} INFO - Task exited with return code 0
[2025-10-23T09:03:11.970+0000] {local_task_job_runner.py:222} INFO - ::endgroup::
[2025-10-23T09:03:42.619+0000] {local_task_job_runner.py:120} INFO - ::group::Pre task execution logs
[2025-10-23T09:03:42.649+0000] {taskinstance.py:2076} INFO - Dependencies all met for dep_context=non-requeueable deps ti=<TaskInstance: load_neo4j_from_gold.wait_for_export_gold manual__2025-10-23T09:03:09.739639+00:00 [queued]>
[2025-10-23T09:03:42.653+0000] {taskinstance.py:2076} INFO - Dependencies all met for dep_context=requeueable deps ti=<TaskInstance: load_neo4j_from_gold.wait_for_export_gold manual__2025-10-23T09:03:09.739639+00:00 [queued]>
[2025-10-23T09:03:42.653+0000] {taskinstance.py:2306} INFO - Starting attempt 1 of 1
[2025-10-23T09:03:42.661+0000] {taskinstance.py:2330} INFO - Executing <Task(ExternalTaskSensor): wait_for_export_gold> on 2025-10-23 09:03:09.739639+00:00
[2025-10-23T09:03:42.674+0000] {logging_mixin.py:188} WARNING - /home/***/.local/lib/python3.12/site-packages/***/task/task_runner/standard_task_runner.py:62 DeprecationWarning: This process (pid=1628) is multi-threaded, use of fork() may lead to deadlocks in the child.
[2025-10-23T09:03:42.675+0000] {standard_task_runner.py:64} INFO - Started process 1630 to run task
[2025-10-23T09:03:42.675+0000] {standard_task_runner.py:90} INFO - Running: ['***', 'tasks', 'run', 'load_neo4j_from_gold', 'wait_for_export_gold', 'manual__2025-10-23T09:03:09.739639+00:00', '--job-id', '57', '--raw', '--subdir', 'DAGS_FOLDER/load_neo4j_from_gold.py', '--cfg-path', '/tmp/tmpghnuias7']
[2025-10-23T09:03:42.677+0000] {standard_task_runner.py:91} INFO - Job 57: Subtask wait_for_export_gold
[2025-10-23T09:03:42.756+0000] {task_command.py:426} INFO - Running <TaskInstance: load_neo4j_from_gold.wait_for_export_gold manual__2025-10-23T09:03:09.739639+00:00 [running]> on host c48d41bd1c66
[2025-10-23T09:03:42.996+0000] {taskinstance.py:2648} INFO - Exporting env vars: AIRFLOW_CTX_DAG_OWNER='***' AIRFLOW_CTX_DAG_ID='load_neo4j_from_gold' AIRFLOW_CTX_TASK_ID='wait_for_export_gold' AIRFLOW_CTX_EXECUTION_DATE='2025-10-23T09:03:09.739639+00:00' AIRFLOW_CTX_TRY_NUMBER='1' AIRFLOW_CTX_DAG_RUN_ID='manual__2025-10-23T09:03:09.739639+00:00'
[2025-10-23T09:03:42.997+0000] {taskinstance.py:430} INFO - ::endgroup::
[2025-10-23T09:03:43.012+0000] {baseoperator.py:400} WARNING - ExternalTaskSensor.execute cannot be called outside TaskInstance!
[2025-10-23T09:03:43.024+0000] {external_task.py:258} INFO - Poking for tasks ['export_gold_csv'] in dag ingest_kg on 2025-10-23T09:03:09.739639+00:00 ... 
[2025-10-23T09:03:43.027+0000] {logging_mixin.py:188} WARNING - /home/***/.local/lib/python3.12/site-packages/***/utils/session.py:79 DeprecationWarning: This method is deprecated and will be removed in future.
[2025-10-23T09:03:43.052+0000] {taskinstance.py:441} INFO - ::group::Post task execution logs
[2025-10-23T09:03:43.071+0000] {taskinstance.py:2865} INFO - Rescheduling task, marking task as UP_FOR_RESCHEDULE
[2025-10-23T09:03:43.110+0000] {local_task_job_runner.py:243} INFO - Task exited with return code 0
[2025-10-23T09:03:43.130+0000] {taskinstance.py:3503} INFO - 0 downstream tasks scheduled from follow-on schedule check
[2025-10-23T09:03:43.131+0000] {local_task_job_runner.py:222} INFO - ::endgroup::
[2025-10-23T09:04:13.921+0000] {local_task_job_runner.py:120} INFO - ::group::Pre task execution logs
[2025-10-23T09:04:13.942+0000] {taskinstance.py:2076} INFO - Dependencies all met for dep_context=non-requeueable deps ti=<TaskInstance: load_neo4j_from_gold.wait_for_export_gold manual__2025-10-23T09:03:09.739639+00:00 [queued]>
[2025-10-23T09:04:13.945+0000] {taskinstance.py:2076} INFO - Dependencies all met for dep_context=requeueable deps ti=<TaskInstance: load_neo4j_from_gold.wait_for_export_gold manual__2025-10-23T09:03:09.739639+00:00 [queued]>
[2025-10-23T09:04:13.945+0000] {taskinstance.py:2306} INFO - Starting attempt 1 of 1
[2025-10-23T09:04:13.954+0000] {taskinstance.py:2330} INFO - Executing <Task(ExternalTaskSensor): wait_for_export_gold> on 2025-10-23 09:03:09.739639+00:00
[2025-10-23T09:04:13.958+0000] {logging_mixin.py:188} WARNING - /home/***/.local/lib/python3.12/site-packages/***/task/task_runner/standard_task_runner.py:62 DeprecationWarning: This process (pid=1754) is multi-threaded, use of fork() may lead to deadlocks in the child.
[2025-10-23T09:04:13.959+0000] {standard_task_runner.py:90} INFO - Running: ['***', 'tasks', 'run', 'load_neo4j_from_gold', 'wait_for_export_gold', 'manual__2025-10-23T09:03:09.739639+00:00', '--job-id', '69', '--raw', '--subdir', 'DAGS_FOLDER/load_neo4j_from_gold.py', '--cfg-path', '/tmp/tmphnz2zj2x']
[2025-10-23T09:04:13.960+0000] {standard_task_runner.py:64} INFO - Started process 1757 to run task
[2025-10-23T09:04:13.960+0000] {standard_task_runner.py:91} INFO - Job 69: Subtask wait_for_export_gold
[2025-10-23T09:04:13.998+0000] {task_command.py:426} INFO - Running <TaskInstance: load_neo4j_from_gold.wait_for_export_gold manual__2025-10-23T09:03:09.739639+00:00 [running]> on host c48d41bd1c66
[2025-10-23T09:04:14.049+0000] {taskinstance.py:2648} INFO - Exporting env vars: AIRFLOW_CTX_DAG_OWNER='***' AIRFLOW_CTX_DAG_ID='load_neo4j_from_gold' AIRFLOW_CTX_TASK_ID='wait_for_export_gold' AIRFLOW_CTX_EXECUTION_DATE='2025-10-23T09:03:09.739639+00:00' AIRFLOW_CTX_TRY_NUMBER='1' AIRFLOW_CTX_DAG_RUN_ID='manual__2025-10-23T09:03:09.739639+00:00'
[2025-10-23T09:04:14.050+0000] {taskinstance.py:430} INFO - ::endgroup::
[2025-10-23T09:04:14.058+0000] {baseoperator.py:400} WARNING - ExternalTaskSensor.execute cannot be called outside TaskInstance!
[2025-10-23T09:04:14.065+0000] {external_task.py:258} INFO - Poking for tasks ['export_gold_csv'] in dag ingest_kg on 2025-10-23T09:03:09.739639+00:00 ... 
[2025-10-23T09:04:14.066+0000] {logging_mixin.py:188} WARNING - /home/***/.local/lib/python3.12/site-packages/***/utils/session.py:79 DeprecationWarning: This method is deprecated and will be removed in future.
[2025-10-23T09:04:14.075+0000] {taskinstance.py:441} INFO - ::group::Post task execution logs
[2025-10-23T09:04:14.088+0000] {taskinstance.py:2865} INFO - Rescheduling task, marking task as UP_FOR_RESCHEDULE
[2025-10-23T09:04:14.100+0000] {local_task_job_runner.py:243} INFO - Task exited with return code 0
[2025-10-23T09:04:14.114+0000] {taskinstance.py:3503} INFO - 0 downstream tasks scheduled from follow-on schedule check
[2025-10-23T09:04:14.115+0000] {local_task_job_runner.py:222} INFO - ::endgroup::
[2025-10-23T09:04:44.361+0000] {local_task_job_runner.py:120} INFO - ::group::Pre task execution logs
[2025-10-23T09:04:44.378+0000] {taskinstance.py:2076} INFO - Dependencies all met for dep_context=non-requeueable deps ti=<TaskInstance: load_neo4j_from_gold.wait_for_export_gold manual__2025-10-23T09:03:09.739639+00:00 [queued]>
[2025-10-23T09:04:44.385+0000] {taskinstance.py:2076} INFO - Dependencies all met for dep_context=requeueable deps ti=<TaskInstance: load_neo4j_from_gold.wait_for_export_gold manual__2025-10-23T09:03:09.739639+00:00 [queued]>
[2025-10-23T09:04:44.386+0000] {taskinstance.py:2306} INFO - Starting attempt 1 of 1
[2025-10-23T09:04:44.397+0000] {taskinstance.py:2330} INFO - Executing <Task(ExternalTaskSensor): wait_for_export_gold> on 2025-10-23 09:03:09.739639+00:00
[2025-10-23T09:04:44.403+0000] {logging_mixin.py:188} WARNING - /home/***/.local/lib/python3.12/site-packages/***/task/task_runner/standard_task_runner.py:62 DeprecationWarning: This process (pid=1776) is multi-threaded, use of fork() may lead to deadlocks in the child.
[2025-10-23T09:04:44.404+0000] {standard_task_runner.py:64} INFO - Started process 1781 to run task
[2025-10-23T09:04:44.403+0000] {standard_task_runner.py:90} INFO - Running: ['***', 'tasks', 'run', 'load_neo4j_from_gold', 'wait_for_export_gold', 'manual__2025-10-23T09:03:09.739639+00:00', '--job-id', '77', '--raw', '--subdir', 'DAGS_FOLDER/load_neo4j_from_gold.py', '--cfg-path', '/tmp/tmpx1kbxbw2']
[2025-10-23T09:04:44.405+0000] {standard_task_runner.py:91} INFO - Job 77: Subtask wait_for_export_gold
[2025-10-23T09:04:44.447+0000] {task_command.py:426} INFO - Running <TaskInstance: load_neo4j_from_gold.wait_for_export_gold manual__2025-10-23T09:03:09.739639+00:00 [running]> on host c48d41bd1c66
[2025-10-23T09:04:44.506+0000] {taskinstance.py:2648} INFO - Exporting env vars: AIRFLOW_CTX_DAG_OWNER='***' AIRFLOW_CTX_DAG_ID='load_neo4j_from_gold' AIRFLOW_CTX_TASK_ID='wait_for_export_gold' AIRFLOW_CTX_EXECUTION_DATE='2025-10-23T09:03:09.739639+00:00' AIRFLOW_CTX_TRY_NUMBER='1' AIRFLOW_CTX_DAG_RUN_ID='manual__2025-10-23T09:03:09.739639+00:00'
[2025-10-23T09:04:44.506+0000] {taskinstance.py:430} INFO - ::endgroup::
[2025-10-23T09:04:44.514+0000] {baseoperator.py:400} WARNING - ExternalTaskSensor.execute cannot be called outside TaskInstance!
[2025-10-23T09:04:44.520+0000] {external_task.py:258} INFO - Poking for tasks ['export_gold_csv'] in dag ingest_kg on 2025-10-23T09:03:09.739639+00:00 ... 
[2025-10-23T09:04:44.521+0000] {logging_mixin.py:188} WARNING - /home/***/.local/lib/python3.12/site-packages/***/utils/session.py:79 DeprecationWarning: This method is deprecated and will be removed in future.
[2025-10-23T09:04:44.529+0000] {taskinstance.py:441} INFO - ::group::Post task execution logs
[2025-10-23T09:04:44.542+0000] {taskinstance.py:2865} INFO - Rescheduling task, marking task as UP_FOR_RESCHEDULE
[2025-10-23T09:04:44.585+0000] {local_task_job_runner.py:243} INFO - Task exited with return code 0
[2025-10-23T09:04:44.598+0000] {taskinstance.py:3503} INFO - 0 downstream tasks scheduled from follow-on schedule check
[2025-10-23T09:04:44.599+0000] {local_task_job_runner.py:222} INFO - ::endgroup::
[2025-10-23T09:05:15.811+0000] {local_task_job_runner.py:120} INFO - ::group::Pre task execution logs
[2025-10-23T09:05:15.843+0000] {taskinstance.py:2076} INFO - Dependencies all met for dep_context=non-requeueable deps ti=<TaskInstance: load_neo4j_from_gold.wait_for_export_gold manual__2025-10-23T09:03:09.739639+00:00 [queued]>
[2025-10-23T09:05:15.847+0000] {taskinstance.py:2076} INFO - Dependencies all met for dep_context=requeueable deps ti=<TaskInstance: load_neo4j_from_gold.wait_for_export_gold manual__2025-10-23T09:03:09.739639+00:00 [queued]>
[2025-10-23T09:05:15.848+0000] {taskinstance.py:2306} INFO - Starting attempt 1 of 1
[2025-10-23T09:05:15.856+0000] {taskinstance.py:2330} INFO - Executing <Task(ExternalTaskSensor): wait_for_export_gold> on 2025-10-23 09:03:09.739639+00:00
[2025-10-23T09:05:15.862+0000] {standard_task_runner.py:90} INFO - Running: ['***', 'tasks', 'run', 'load_neo4j_from_gold', 'wait_for_export_gold', 'manual__2025-10-23T09:03:09.739639+00:00', '--job-id', '82', '--raw', '--subdir', 'DAGS_FOLDER/load_neo4j_from_gold.py', '--cfg-path', '/tmp/tmp4m0b96og']
[2025-10-23T09:05:15.865+0000] {logging_mixin.py:188} WARNING - /home/***/.local/lib/python3.12/site-packages/***/task/task_runner/standard_task_runner.py:62 DeprecationWarning: This process (pid=1801) is multi-threaded, use of fork() may lead to deadlocks in the child.
[2025-10-23T09:05:15.865+0000] {standard_task_runner.py:64} INFO - Started process 1803 to run task
[2025-10-23T09:05:15.865+0000] {standard_task_runner.py:91} INFO - Job 82: Subtask wait_for_export_gold
[2025-10-23T09:05:15.914+0000] {task_command.py:426} INFO - Running <TaskInstance: load_neo4j_from_gold.wait_for_export_gold manual__2025-10-23T09:03:09.739639+00:00 [running]> on host c48d41bd1c66
[2025-10-23T09:05:15.968+0000] {taskinstance.py:2648} INFO - Exporting env vars: AIRFLOW_CTX_DAG_OWNER='***' AIRFLOW_CTX_DAG_ID='load_neo4j_from_gold' AIRFLOW_CTX_TASK_ID='wait_for_export_gold' AIRFLOW_CTX_EXECUTION_DATE='2025-10-23T09:03:09.739639+00:00' AIRFLOW_CTX_TRY_NUMBER='1' AIRFLOW_CTX_DAG_RUN_ID='manual__2025-10-23T09:03:09.739639+00:00'
[2025-10-23T09:05:15.968+0000] {taskinstance.py:430} INFO - ::endgroup::
[2025-10-23T09:05:15.977+0000] {baseoperator.py:400} WARNING - ExternalTaskSensor.execute cannot be called outside TaskInstance!
[2025-10-23T09:05:15.984+0000] {external_task.py:258} INFO - Poking for tasks ['export_gold_csv'] in dag ingest_kg on 2025-10-23T09:03:09.739639+00:00 ... 
[2025-10-23T09:05:15.987+0000] {logging_mixin.py:188} WARNING - /home/***/.local/lib/python3.12/site-packages/***/utils/session.py:79 DeprecationWarning: This method is deprecated and will be removed in future.
[2025-10-23T09:05:15.995+0000] {taskinstance.py:441} INFO - ::group::Post task execution logs
[2025-10-23T09:05:16.008+0000] {taskinstance.py:2865} INFO - Rescheduling task, marking task as UP_FOR_RESCHEDULE
[2025-10-23T09:05:16.046+0000] {local_task_job_runner.py:243} INFO - Task exited with return code 0
[2025-10-23T09:05:16.060+0000] {taskinstance.py:3503} INFO - 0 downstream tasks scheduled from follow-on schedule check
[2025-10-23T09:05:16.061+0000] {local_task_job_runner.py:222} INFO - ::endgroup::
[2025-10-23T09:05:46.279+0000] {local_task_job_runner.py:120} INFO - ::group::Pre task execution logs
[2025-10-23T09:05:46.406+0000] {taskinstance.py:2076} INFO - Dependencies all met for dep_context=non-requeueable deps ti=<TaskInstance: load_neo4j_from_gold.wait_for_export_gold manual__2025-10-23T09:03:09.739639+00:00 [queued]>
[2025-10-23T09:05:46.412+0000] {taskinstance.py:2076} INFO - Dependencies all met for dep_context=requeueable deps ti=<TaskInstance: load_neo4j_from_gold.wait_for_export_gold manual__2025-10-23T09:03:09.739639+00:00 [queued]>
[2025-10-23T09:05:46.412+0000] {taskinstance.py:2306} INFO - Starting attempt 1 of 1
[2025-10-23T09:05:46.421+0000] {taskinstance.py:2330} INFO - Executing <Task(ExternalTaskSensor): wait_for_export_gold> on 2025-10-23 09:03:09.739639+00:00
[2025-10-23T09:05:46.443+0000] {logging_mixin.py:188} WARNING - /home/***/.local/lib/python3.12/site-packages/***/task/task_runner/standard_task_runner.py:62 DeprecationWarning: This process (pid=1826) is multi-threaded, use of fork() may lead to deadlocks in the child.
[2025-10-23T09:05:46.445+0000] {standard_task_runner.py:64} INFO - Started process 1829 to run task
[2025-10-23T09:05:46.444+0000] {standard_task_runner.py:90} INFO - Running: ['***', 'tasks', 'run', 'load_neo4j_from_gold', 'wait_for_export_gold', 'manual__2025-10-23T09:03:09.739639+00:00', '--job-id', '91', '--raw', '--subdir', 'DAGS_FOLDER/load_neo4j_from_gold.py', '--cfg-path', '/tmp/tmp8wvzh8tw']
[2025-10-23T09:05:46.447+0000] {standard_task_runner.py:91} INFO - Job 91: Subtask wait_for_export_gold
[2025-10-23T09:05:46.499+0000] {task_command.py:426} INFO - Running <TaskInstance: load_neo4j_from_gold.wait_for_export_gold manual__2025-10-23T09:03:09.739639+00:00 [running]> on host c48d41bd1c66
[2025-10-23T09:05:46.553+0000] {taskinstance.py:2648} INFO - Exporting env vars: AIRFLOW_CTX_DAG_OWNER='***' AIRFLOW_CTX_DAG_ID='load_neo4j_from_gold' AIRFLOW_CTX_TASK_ID='wait_for_export_gold' AIRFLOW_CTX_EXECUTION_DATE='2025-10-23T09:03:09.739639+00:00' AIRFLOW_CTX_TRY_NUMBER='1' AIRFLOW_CTX_DAG_RUN_ID='manual__2025-10-23T09:03:09.739639+00:00'
[2025-10-23T09:05:46.554+0000] {taskinstance.py:430} INFO - ::endgroup::
[2025-10-23T09:05:46.564+0000] {baseoperator.py:400} WARNING - ExternalTaskSensor.execute cannot be called outside TaskInstance!
[2025-10-23T09:05:46.571+0000] {external_task.py:258} INFO - Poking for tasks ['export_gold_csv'] in dag ingest_kg on 2025-10-23T09:03:09.739639+00:00 ... 
[2025-10-23T09:05:46.573+0000] {logging_mixin.py:188} WARNING - /home/***/.local/lib/python3.12/site-packages/***/utils/session.py:79 DeprecationWarning: This method is deprecated and will be removed in future.
[2025-10-23T09:05:46.589+0000] {taskinstance.py:441} INFO - ::group::Post task execution logs
[2025-10-23T09:05:46.605+0000] {taskinstance.py:2865} INFO - Rescheduling task, marking task as UP_FOR_RESCHEDULE
[2025-10-23T09:05:46.626+0000] {local_task_job_runner.py:243} INFO - Task exited with return code 0
[2025-10-23T09:05:46.642+0000] {taskinstance.py:3503} INFO - 0 downstream tasks scheduled from follow-on schedule check
[2025-10-23T09:05:46.643+0000] {local_task_job_runner.py:222} INFO - ::endgroup::
[2025-10-23T09:06:17.382+0000] {local_task_job_runner.py:120} INFO - ::group::Pre task execution logs
[2025-10-23T09:06:17.400+0000] {taskinstance.py:2076} INFO - Dependencies all met for dep_context=non-requeueable deps ti=<TaskInstance: load_neo4j_from_gold.wait_for_export_gold manual__2025-10-23T09:03:09.739639+00:00 [queued]>
[2025-10-23T09:06:17.403+0000] {taskinstance.py:2076} INFO - Dependencies all met for dep_context=requeueable deps ti=<TaskInstance: load_neo4j_from_gold.wait_for_export_gold manual__2025-10-23T09:03:09.739639+00:00 [queued]>
[2025-10-23T09:06:17.403+0000] {taskinstance.py:2306} INFO - Starting attempt 1 of 1
[2025-10-23T09:06:17.411+0000] {taskinstance.py:2330} INFO - Executing <Task(ExternalTaskSensor): wait_for_export_gold> on 2025-10-23 09:03:09.739639+00:00
[2025-10-23T09:06:17.416+0000] {logging_mixin.py:188} WARNING - /home/***/.local/lib/python3.12/site-packages/***/task/task_runner/standard_task_runner.py:62 DeprecationWarning: This process (pid=1852) is multi-threaded, use of fork() may lead to deadlocks in the child.
[2025-10-23T09:06:17.416+0000] {standard_task_runner.py:64} INFO - Started process 1857 to run task
[2025-10-23T09:06:17.416+0000] {standard_task_runner.py:90} INFO - Running: ['***', 'tasks', 'run', 'load_neo4j_from_gold', 'wait_for_export_gold', 'manual__2025-10-23T09:03:09.739639+00:00', '--job-id', '100', '--raw', '--subdir', 'DAGS_FOLDER/load_neo4j_from_gold.py', '--cfg-path', '/tmp/tmp_ubah7xn']
[2025-10-23T09:06:17.418+0000] {standard_task_runner.py:91} INFO - Job 100: Subtask wait_for_export_gold
[2025-10-23T09:06:17.457+0000] {task_command.py:426} INFO - Running <TaskInstance: load_neo4j_from_gold.wait_for_export_gold manual__2025-10-23T09:03:09.739639+00:00 [running]> on host c48d41bd1c66
[2025-10-23T09:06:17.506+0000] {taskinstance.py:2648} INFO - Exporting env vars: AIRFLOW_CTX_DAG_OWNER='***' AIRFLOW_CTX_DAG_ID='load_neo4j_from_gold' AIRFLOW_CTX_TASK_ID='wait_for_export_gold' AIRFLOW_CTX_EXECUTION_DATE='2025-10-23T09:03:09.739639+00:00' AIRFLOW_CTX_TRY_NUMBER='1' AIRFLOW_CTX_DAG_RUN_ID='manual__2025-10-23T09:03:09.739639+00:00'
[2025-10-23T09:06:17.507+0000] {taskinstance.py:430} INFO - ::endgroup::
[2025-10-23T09:06:17.515+0000] {baseoperator.py:400} WARNING - ExternalTaskSensor.execute cannot be called outside TaskInstance!
[2025-10-23T09:06:17.522+0000] {external_task.py:258} INFO - Poking for tasks ['export_gold_csv'] in dag ingest_kg on 2025-10-23T09:03:09.739639+00:00 ... 
[2025-10-23T09:06:17.523+0000] {logging_mixin.py:188} WARNING - /home/***/.local/lib/python3.12/site-packages/***/utils/session.py:79 DeprecationWarning: This method is deprecated and will be removed in future.
[2025-10-23T09:06:17.531+0000] {taskinstance.py:441} INFO - ::group::Post task execution logs
[2025-10-23T09:06:17.542+0000] {taskinstance.py:2865} INFO - Rescheduling task, marking task as UP_FOR_RESCHEDULE
[2025-10-23T09:06:17.554+0000] {local_task_job_runner.py:243} INFO - Task exited with return code 0
[2025-10-23T09:06:17.571+0000] {taskinstance.py:3503} INFO - 0 downstream tasks scheduled from follow-on schedule check
[2025-10-23T09:06:17.573+0000] {local_task_job_runner.py:222} INFO - ::endgroup::
