[2025-10-24T19:03:48.754+0000] {local_task_job_runner.py:120} INFO - ::group::Pre task execution logs
[2025-10-24T19:03:48.771+0000] {taskinstance.py:2076} INFO - Dependencies all met for dep_context=non-requeueable deps ti=<TaskInstance: load_neo4j_from_gold.load_neo4j manual__2025-10-24T19:03:48.225716+00:00 [queued]>
[2025-10-24T19:03:48.775+0000] {taskinstance.py:2076} INFO - Dependencies all met for dep_context=requeueable deps ti=<TaskInstance: load_neo4j_from_gold.load_neo4j manual__2025-10-24T19:03:48.225716+00:00 [queued]>
[2025-10-24T19:03:48.775+0000] {taskinstance.py:2306} INFO - Starting attempt 1 of 1
[2025-10-24T19:03:48.780+0000] {taskinstance.py:2330} INFO - Executing <Task(BashOperator): load_neo4j> on 2025-10-24 19:03:48.225716+00:00
[2025-10-24T19:03:48.785+0000] {logging_mixin.py:188} WARNING - /home/***/.local/lib/python3.12/site-packages/***/task/task_runner/standard_task_runner.py:62 DeprecationWarning: This process (pid=1096) is multi-threaded, use of fork() may lead to deadlocks in the child.
[2025-10-24T19:03:48.786+0000] {standard_task_runner.py:64} INFO - Started process 1097 to run task
[2025-10-24T19:03:48.784+0000] {standard_task_runner.py:90} INFO - Running: ['***', 'tasks', 'run', 'load_neo4j_from_gold', 'load_neo4j', 'manual__2025-10-24T19:03:48.225716+00:00', '--job-id', '337', '--raw', '--subdir', 'DAGS_FOLDER/load_neo4j_from_gold.py', '--cfg-path', '/tmp/tmp9dcltc17']
[2025-10-24T19:03:48.786+0000] {standard_task_runner.py:91} INFO - Job 337: Subtask load_neo4j
[2025-10-24T19:03:48.830+0000] {task_command.py:426} INFO - Running <TaskInstance: load_neo4j_from_gold.load_neo4j manual__2025-10-24T19:03:48.225716+00:00 [running]> on host 686d193542d0
[2025-10-24T19:03:48.876+0000] {taskinstance.py:2648} INFO - Exporting env vars: AIRFLOW_CTX_DAG_OWNER='***' AIRFLOW_CTX_DAG_ID='load_neo4j_from_gold' AIRFLOW_CTX_TASK_ID='load_neo4j' AIRFLOW_CTX_EXECUTION_DATE='2025-10-24T19:03:48.225716+00:00' AIRFLOW_CTX_TRY_NUMBER='1' AIRFLOW_CTX_DAG_RUN_ID='manual__2025-10-24T19:03:48.225716+00:00'
[2025-10-24T19:03:48.876+0000] {taskinstance.py:430} INFO - ::endgroup::
[2025-10-24T19:03:48.883+0000] {subprocess.py:63} INFO - Tmp dir root location: /tmp
[2025-10-24T19:03:48.884+0000] {subprocess.py:75} INFO - Running command: ['/usr/bin/bash', '-c', 'NEO4J_URI=bolt://kg_neo4j:7687 python /opt/***/scripts/load_neo4j_from_gold.py']
[2025-10-24T19:03:48.889+0000] {subprocess.py:86} INFO - Output:
[2025-10-24T19:05:26.111+0000] {subprocess.py:93} INFO - [neo4j] nodes batch OK (+20,000) total=20,000
[2025-10-24T19:05:26.121+0000] {subprocess.py:93} INFO - [neo4j] nodes batch OK (+20,000) total=40,000
[2025-10-24T19:05:26.122+0000] {subprocess.py:93} INFO - [neo4j] nodes batch OK (+20,000) total=60,000
[2025-10-24T19:05:26.122+0000] {subprocess.py:93} INFO - [neo4j] nodes batch OK (+20,000) total=80,000
[2025-10-24T19:05:26.122+0000] {subprocess.py:93} INFO - [neo4j] nodes batch OK (+20,000) total=100,000
[2025-10-24T19:05:26.122+0000] {subprocess.py:93} INFO - [neo4j] nodes batch OK (+20,000) total=120,000
[2025-10-24T19:05:26.122+0000] {subprocess.py:93} INFO - [neo4j] nodes batch OK (+20,000) total=140,000
[2025-10-24T19:05:26.122+0000] {subprocess.py:93} INFO - [neo4j] nodes batch OK (+20,000) total=160,000
[2025-10-24T19:05:26.123+0000] {subprocess.py:93} INFO - [neo4j] nodes batch OK (+20,000) total=180,000
[2025-10-24T19:05:26.123+0000] {subprocess.py:93} INFO - [neo4j] nodes batch OK (+20,000) total=200,000
[2025-10-24T19:05:26.123+0000] {subprocess.py:93} INFO - [neo4j] nodes batch OK (+20,000) total=220,000
[2025-10-24T19:05:26.123+0000] {subprocess.py:93} INFO - [neo4j] nodes batch OK (+20,000) total=240,000
[2025-10-24T19:05:26.123+0000] {subprocess.py:93} INFO - [neo4j] nodes batch OK (+20,000) total=260,000
[2025-10-24T19:05:26.123+0000] {subprocess.py:93} INFO - [neo4j] nodes batch OK (+20,000) total=280,000
[2025-10-24T19:05:26.123+0000] {subprocess.py:93} INFO - [neo4j] nodes batch OK (+20,000) total=300,000
[2025-10-24T19:05:26.123+0000] {subprocess.py:93} INFO - [neo4j] nodes batch OK (+20,000) total=320,000
[2025-10-24T19:05:26.123+0000] {subprocess.py:93} INFO - [neo4j] nodes batch OK (+20,000) total=340,000
[2025-10-24T19:05:26.123+0000] {subprocess.py:93} INFO - [neo4j] nodes batch OK (+20,000) total=360,000
[2025-10-24T19:05:26.124+0000] {subprocess.py:93} INFO - [neo4j] nodes batch OK (+20,000) total=380,000
[2025-10-24T19:05:26.124+0000] {subprocess.py:93} INFO - [neo4j] nodes batch OK (+20,000) total=400,000
[2025-10-24T19:05:26.124+0000] {subprocess.py:93} INFO - [neo4j] nodes batch OK (+20,000) total=420,000
[2025-10-24T19:05:26.124+0000] {subprocess.py:93} INFO - [neo4j] nodes batch OK (+20,000) total=440,000
[2025-10-24T19:05:26.124+0000] {subprocess.py:93} INFO - [neo4j] nodes batch OK (+20,000) total=460,000
[2025-10-24T19:05:26.124+0000] {subprocess.py:93} INFO - [neo4j] nodes batch OK (+20,000) total=480,000
[2025-10-24T19:05:26.124+0000] {subprocess.py:93} INFO - [neo4j] nodes batch OK (+20,000) total=500,000
[2025-10-24T19:05:26.124+0000] {subprocess.py:93} INFO - [neo4j] nodes batch OK (+20,000) total=520,000
[2025-10-24T19:05:26.124+0000] {subprocess.py:93} INFO - [neo4j] nodes batch OK (+20,000) total=540,000
[2025-10-24T19:05:26.124+0000] {subprocess.py:93} INFO - [neo4j] nodes batch OK (+20,000) total=560,000
[2025-10-24T19:05:26.124+0000] {subprocess.py:93} INFO - [neo4j] nodes batch OK (+20,000) total=580,000
[2025-10-24T19:05:26.125+0000] {subprocess.py:93} INFO - [neo4j] nodes batch OK (+20,000) total=600,000
[2025-10-24T19:05:26.125+0000] {subprocess.py:93} INFO - [neo4j] nodes batch OK (+20,000) total=620,000
[2025-10-24T19:05:26.125+0000] {subprocess.py:93} INFO - [neo4j] nodes batch OK (+20,000) total=640,000
[2025-10-24T19:05:26.125+0000] {subprocess.py:93} INFO - [neo4j] nodes batch OK (+20,000) total=660,000
[2025-10-24T19:05:26.125+0000] {subprocess.py:93} INFO - [neo4j] nodes batch OK (+20,000) total=680,000
[2025-10-24T19:05:26.125+0000] {subprocess.py:93} INFO - [neo4j] nodes batch OK (+20,000) total=700,000
[2025-10-24T19:05:26.125+0000] {subprocess.py:93} INFO - [neo4j] nodes batch OK (+20,000) total=720,000
[2025-10-24T19:05:26.125+0000] {subprocess.py:93} INFO - [neo4j] nodes batch OK (+20,000) total=740,000
[2025-10-24T19:05:26.125+0000] {subprocess.py:93} INFO - [neo4j] nodes batch OK (+20,000) total=760,000
[2025-10-24T19:05:26.125+0000] {subprocess.py:93} INFO - [neo4j] nodes batch OK (+20,000) total=780,000
[2025-10-24T19:05:26.125+0000] {subprocess.py:93} INFO - [neo4j] nodes batch OK (+20,000) total=800,000
[2025-10-24T19:05:26.125+0000] {subprocess.py:93} INFO - [neo4j] nodes batch OK (+20,000) total=820,000
[2025-10-24T19:05:26.125+0000] {subprocess.py:93} INFO - [neo4j] nodes batch OK (+20,000) total=840,000
[2025-10-24T19:05:26.125+0000] {subprocess.py:93} INFO - [neo4j] nodes batch OK (+20,000) total=860,000
[2025-10-24T19:05:26.125+0000] {subprocess.py:93} INFO - [neo4j] nodes batch OK (+20,000) total=880,000
[2025-10-24T19:05:26.126+0000] {subprocess.py:93} INFO - [neo4j] nodes batch OK (+20,000) total=900,000
[2025-10-24T19:05:26.126+0000] {subprocess.py:93} INFO - [neo4j] nodes batch OK (+20,000) total=920,000
[2025-10-24T19:05:26.126+0000] {subprocess.py:93} INFO - [neo4j] nodes batch OK (+20,000) total=940,000
[2025-10-24T19:05:26.126+0000] {subprocess.py:93} INFO - [neo4j] nodes batch OK (+20,000) total=960,000
[2025-10-24T19:05:26.126+0000] {subprocess.py:93} INFO - [neo4j] nodes batch OK (+20,000) total=980,000
[2025-10-24T19:05:26.126+0000] {subprocess.py:93} INFO - [neo4j] nodes batch OK (+20,000) total=1,000,000
[2025-10-24T19:05:26.126+0000] {subprocess.py:93} INFO - [neo4j] nodes chargés : 1,000,000
[2025-10-24T19:05:26.126+0000] {subprocess.py:93} INFO - [neo4j] edges batch OK (+20,000) total=20,000
[2025-10-24T19:05:26.127+0000] {subprocess.py:93} INFO - [neo4j] edges batch OK (+20,000) total=40,000
[2025-10-24T19:05:26.127+0000] {subprocess.py:93} INFO - [neo4j] edges batch OK (+20,000) total=60,000
[2025-10-24T19:05:26.127+0000] {subprocess.py:93} INFO - [neo4j] edges batch OK (+20,000) total=80,000
[2025-10-24T19:05:26.127+0000] {subprocess.py:93} INFO - [neo4j] edges batch OK (+20,000) total=100,000
[2025-10-24T19:05:26.127+0000] {subprocess.py:93} INFO - [neo4j] edges batch OK (+20,000) total=120,000
[2025-10-24T19:05:26.127+0000] {subprocess.py:93} INFO - [neo4j] edges batch OK (+20,000) total=140,000
[2025-10-24T19:05:26.127+0000] {subprocess.py:93} INFO - [neo4j] edges batch OK (+20,000) total=160,000
[2025-10-24T19:05:26.127+0000] {subprocess.py:93} INFO - [neo4j] edges batch OK (+20,000) total=180,000
[2025-10-24T19:05:26.127+0000] {subprocess.py:93} INFO - [neo4j] edges batch OK (+20,000) total=200,000
[2025-10-24T19:05:26.127+0000] {subprocess.py:93} INFO - [neo4j] edges batch OK (+20,000) total=220,000
[2025-10-24T19:05:26.127+0000] {subprocess.py:93} INFO - [neo4j] edges batch OK (+20,000) total=240,000
[2025-10-24T19:05:26.127+0000] {subprocess.py:93} INFO - [neo4j] edges batch OK (+20,000) total=260,000
[2025-10-24T19:05:26.127+0000] {subprocess.py:93} INFO - [neo4j] edges batch OK (+20,000) total=280,000
[2025-10-24T19:05:26.128+0000] {subprocess.py:93} INFO - [neo4j] edges batch OK (+20,000) total=300,000
[2025-10-24T19:05:26.128+0000] {subprocess.py:93} INFO - [neo4j] edges batch OK (+20,000) total=320,000
[2025-10-24T19:05:26.128+0000] {subprocess.py:93} INFO - [neo4j] edges batch OK (+20,000) total=340,000
[2025-10-24T19:05:26.128+0000] {subprocess.py:93} INFO - [neo4j] edges batch OK (+20,000) total=360,000
[2025-10-24T19:05:26.128+0000] {subprocess.py:93} INFO - [neo4j] edges batch OK (+20,000) total=380,000
[2025-10-24T19:05:26.128+0000] {subprocess.py:93} INFO - [neo4j] edges batch OK (+20,000) total=400,000
[2025-10-24T19:05:26.128+0000] {subprocess.py:93} INFO - [neo4j] edges batch OK (+20,000) total=420,000
[2025-10-24T19:05:26.128+0000] {subprocess.py:93} INFO - [neo4j] edges batch OK (+20,000) total=440,000
[2025-10-24T19:05:26.128+0000] {subprocess.py:93} INFO - [neo4j] edges batch OK (+20,000) total=460,000
[2025-10-24T19:05:26.128+0000] {subprocess.py:93} INFO - [neo4j] edges batch OK (+20,000) total=480,000
[2025-10-24T19:05:26.128+0000] {subprocess.py:93} INFO - [neo4j] edges batch OK (+20,000) total=500,000
[2025-10-24T19:05:26.128+0000] {subprocess.py:93} INFO - [neo4j] edges batch OK (+20,000) total=520,000
[2025-10-24T19:05:26.128+0000] {subprocess.py:93} INFO - [neo4j] edges batch OK (+20,000) total=540,000
[2025-10-24T19:05:26.128+0000] {subprocess.py:93} INFO - [neo4j] edges batch OK (+20,000) total=560,000
[2025-10-24T19:05:26.128+0000] {subprocess.py:93} INFO - [neo4j] edges batch OK (+20,000) total=580,000
[2025-10-24T19:05:26.128+0000] {subprocess.py:93} INFO - [neo4j] edges batch OK (+20,000) total=600,000
[2025-10-24T19:05:26.129+0000] {subprocess.py:93} INFO - [neo4j] edges batch OK (+20,000) total=620,000
[2025-10-24T19:05:26.129+0000] {subprocess.py:93} INFO - [neo4j] edges batch OK (+20,000) total=640,000
[2025-10-24T19:05:26.129+0000] {subprocess.py:93} INFO - [neo4j] edges batch OK (+20,000) total=660,000
[2025-10-24T19:05:26.129+0000] {subprocess.py:93} INFO - [neo4j] edges batch OK (+20,000) total=680,000
[2025-10-24T19:05:26.129+0000] {subprocess.py:93} INFO - [neo4j] edges batch OK (+20,000) total=700,000
[2025-10-24T19:05:26.129+0000] {subprocess.py:93} INFO - [neo4j] edges batch OK (+20,000) total=720,000
[2025-10-24T19:05:26.129+0000] {subprocess.py:93} INFO - [neo4j] edges batch OK (+20,000) total=740,000
[2025-10-24T19:05:26.129+0000] {subprocess.py:93} INFO - [neo4j] edges batch OK (+20,000) total=760,000
[2025-10-24T19:05:26.129+0000] {subprocess.py:93} INFO - [neo4j] edges batch OK (+20,000) total=780,000
[2025-10-24T19:05:26.129+0000] {subprocess.py:93} INFO - [neo4j] edges batch OK (+20,000) total=800,000
[2025-10-24T19:05:26.129+0000] {subprocess.py:93} INFO - [neo4j] edges batch OK (+20,000) total=820,000
[2025-10-24T19:05:26.129+0000] {subprocess.py:93} INFO - [neo4j] edges batch OK (+20,000) total=840,000
[2025-10-24T19:05:26.129+0000] {subprocess.py:93} INFO - [neo4j] edges batch OK (+20,000) total=860,000
[2025-10-24T19:05:26.129+0000] {subprocess.py:93} INFO - [neo4j] edges batch OK (+20,000) total=880,000
[2025-10-24T19:05:26.129+0000] {subprocess.py:93} INFO - [neo4j] edges batch OK (+20,000) total=900,000
[2025-10-24T19:05:26.129+0000] {subprocess.py:93} INFO - [neo4j] edges batch OK (+20,000) total=920,000
[2025-10-24T19:05:26.129+0000] {subprocess.py:93} INFO - [neo4j] edges batch OK (+20,000) total=940,000
[2025-10-24T19:05:26.130+0000] {subprocess.py:93} INFO - [neo4j] edges batch OK (+20,000) total=960,000
[2025-10-24T19:05:26.130+0000] {subprocess.py:93} INFO - [neo4j] edges batch OK (+20,000) total=980,000
[2025-10-24T19:05:26.130+0000] {subprocess.py:93} INFO - [neo4j] edges batch OK (+20,000) total=1,000,000
[2025-10-24T19:05:26.130+0000] {subprocess.py:93} INFO - [neo4j] edges batch OK (+20,000) total=1,020,000
[2025-10-24T19:05:26.130+0000] {subprocess.py:93} INFO - [neo4j] edges batch OK (+20,000) total=1,040,000
[2025-10-24T19:05:26.130+0000] {subprocess.py:93} INFO - [neo4j] edges batch OK (+20,000) total=1,060,000
[2025-10-24T19:05:26.130+0000] {subprocess.py:93} INFO - [neo4j] edges batch OK (+20,000) total=1,080,000
[2025-10-24T19:05:26.130+0000] {subprocess.py:93} INFO - [neo4j] edges batch OK (+20,000) total=1,100,000
[2025-10-24T19:05:26.130+0000] {subprocess.py:93} INFO - [neo4j] edges batch OK (+20,000) total=1,120,000
[2025-10-24T19:05:26.130+0000] {subprocess.py:93} INFO - [neo4j] edges batch OK (+20,000) total=1,140,000
[2025-10-24T19:05:26.130+0000] {subprocess.py:93} INFO - [neo4j] edges batch OK (+20,000) total=1,160,000
[2025-10-24T19:05:26.130+0000] {subprocess.py:93} INFO - [neo4j] edges batch OK (+20,000) total=1,180,000
[2025-10-24T19:05:26.130+0000] {subprocess.py:93} INFO - [neo4j] edges batch OK (+20,000) total=1,200,000
[2025-10-24T19:05:26.130+0000] {subprocess.py:93} INFO - [neo4j] edges batch OK (+20,000) total=1,220,000
[2025-10-24T19:05:26.130+0000] {subprocess.py:93} INFO - [neo4j] edges batch OK (+20,000) total=1,240,000
[2025-10-24T19:05:26.130+0000] {subprocess.py:93} INFO - [neo4j] edges batch OK (+20,000) total=1,260,000
[2025-10-24T19:05:26.130+0000] {subprocess.py:93} INFO - [neo4j] edges batch OK (+20,000) total=1,280,000
[2025-10-24T19:05:26.130+0000] {subprocess.py:93} INFO - [neo4j] edges batch OK (+20,000) total=1,300,000
[2025-10-24T19:05:26.130+0000] {subprocess.py:93} INFO - [neo4j] edges batch OK (+20,000) total=1,320,000
[2025-10-24T19:05:26.131+0000] {subprocess.py:93} INFO - [neo4j] edges batch OK (+20,000) total=1,340,000
[2025-10-24T19:05:26.131+0000] {subprocess.py:93} INFO - [neo4j] edges batch OK (+20,000) total=1,360,000
[2025-10-24T19:05:26.131+0000] {subprocess.py:93} INFO - [neo4j] edges batch OK (+20,000) total=1,380,000
[2025-10-24T19:05:26.131+0000] {subprocess.py:93} INFO - [neo4j] edges batch OK (+20,000) total=1,400,000
[2025-10-24T19:05:26.131+0000] {subprocess.py:93} INFO - [neo4j] edges batch OK (+20,000) total=1,420,000
[2025-10-24T19:05:26.131+0000] {subprocess.py:93} INFO - [neo4j] edges batch OK (+20,000) total=1,440,000
[2025-10-24T19:05:26.131+0000] {subprocess.py:93} INFO - [neo4j] edges batch OK (+20,000) total=1,460,000
[2025-10-24T19:05:26.131+0000] {subprocess.py:93} INFO - [neo4j] edges batch OK (+20,000) total=1,480,000
[2025-10-24T19:05:26.131+0000] {subprocess.py:93} INFO - [neo4j] edges batch OK (+20,000) total=1,500,000
[2025-10-24T19:05:26.131+0000] {subprocess.py:93} INFO - [neo4j] edges batch OK (+20,000) total=1,520,000
[2025-10-24T19:05:26.131+0000] {subprocess.py:93} INFO - [neo4j] edges batch OK (+20,000) total=1,540,000
[2025-10-24T19:05:26.131+0000] {subprocess.py:93} INFO - [neo4j] edges batch OK (+20,000) total=1,560,000
[2025-10-24T19:05:26.131+0000] {subprocess.py:93} INFO - [neo4j] edges batch OK (+20,000) total=1,580,000
[2025-10-24T19:05:26.131+0000] {subprocess.py:93} INFO - [neo4j] edges batch OK (+20,000) total=1,600,000
[2025-10-24T19:05:26.131+0000] {subprocess.py:93} INFO - [neo4j] edges batch OK (+20,000) total=1,620,000
[2025-10-24T19:05:26.131+0000] {subprocess.py:93} INFO - [neo4j] edges batch OK (+20,000) total=1,640,000
[2025-10-24T19:05:26.131+0000] {subprocess.py:93} INFO - [neo4j] edges batch OK (+20,000) total=1,660,000
[2025-10-24T19:05:26.132+0000] {subprocess.py:93} INFO - [neo4j] edges batch OK (+20,000) total=1,680,000
[2025-10-24T19:05:26.132+0000] {subprocess.py:93} INFO - [neo4j] edges batch OK (+20,000) total=1,700,000
[2025-10-24T19:05:26.132+0000] {subprocess.py:93} INFO - [neo4j] edges batch OK (+20,000) total=1,720,000
[2025-10-24T19:05:26.132+0000] {subprocess.py:93} INFO - [neo4j] edges batch OK (+20,000) total=1,740,000
[2025-10-24T19:05:26.132+0000] {subprocess.py:93} INFO - [neo4j] edges batch OK (+20,000) total=1,760,000
[2025-10-24T19:05:26.132+0000] {subprocess.py:93} INFO - [neo4j] edges batch OK (+20,000) total=1,780,000
[2025-10-24T19:05:26.132+0000] {subprocess.py:93} INFO - [neo4j] edges batch OK (+20,000) total=1,800,000
[2025-10-24T19:05:26.132+0000] {subprocess.py:93} INFO - [neo4j] edges batch OK (+20,000) total=1,820,000
[2025-10-24T19:05:26.132+0000] {subprocess.py:93} INFO - [neo4j] edges batch OK (+20,000) total=1,840,000
[2025-10-24T19:05:26.132+0000] {subprocess.py:93} INFO - [neo4j] edges batch OK (+20,000) total=1,860,000
[2025-10-24T19:05:26.132+0000] {subprocess.py:93} INFO - [neo4j] edges batch OK (+20,000) total=1,880,000
[2025-10-24T19:05:26.132+0000] {subprocess.py:93} INFO - [neo4j] edges batch OK (+20,000) total=1,900,000
[2025-10-24T19:05:26.132+0000] {subprocess.py:93} INFO - [neo4j] edges batch OK (+20,000) total=1,920,000
[2025-10-24T19:05:26.132+0000] {subprocess.py:93} INFO - [neo4j] edges batch OK (+20,000) total=1,940,000
[2025-10-24T19:05:26.132+0000] {subprocess.py:93} INFO - [neo4j] edges batch OK (+20,000) total=1,960,000
[2025-10-24T19:05:26.132+0000] {subprocess.py:93} INFO - [neo4j] edges batch OK (+20,000) total=1,980,000
[2025-10-24T19:05:26.132+0000] {subprocess.py:93} INFO - [neo4j] edges batch OK (+20,000) total=2,000,000
[2025-10-24T19:05:26.132+0000] {subprocess.py:93} INFO - [neo4j] edges batch OK (+20,000) total=2,020,000
[2025-10-24T19:05:26.133+0000] {subprocess.py:93} INFO - [neo4j] edges batch OK (+20,000) total=2,040,000
[2025-10-24T19:05:26.133+0000] {subprocess.py:93} INFO - [neo4j] edges batch OK (+20,000) total=2,060,000
[2025-10-24T19:05:26.133+0000] {subprocess.py:93} INFO - [neo4j] edges batch OK (+20,000) total=2,080,000
[2025-10-24T19:05:26.133+0000] {subprocess.py:93} INFO - [neo4j] edges batch OK (+20,000) total=2,100,000
[2025-10-24T19:05:26.133+0000] {subprocess.py:93} INFO - [neo4j] edges batch OK (+20,000) total=2,120,000
[2025-10-24T19:05:26.133+0000] {subprocess.py:93} INFO - [neo4j] edges batch OK (+20,000) total=2,140,000
[2025-10-24T19:05:26.133+0000] {subprocess.py:93} INFO - [neo4j] edges batch OK (+20,000) total=2,160,000
[2025-10-24T19:05:26.133+0000] {subprocess.py:93} INFO - [neo4j] edges batch OK (+20,000) total=2,180,000
[2025-10-24T19:05:26.133+0000] {subprocess.py:93} INFO - [neo4j] edges batch OK (+20,000) total=2,200,000
[2025-10-24T19:05:26.133+0000] {subprocess.py:93} INFO - [neo4j] edges batch OK (+20,000) total=2,220,000
[2025-10-24T19:05:26.133+0000] {subprocess.py:93} INFO - [neo4j] edges batch OK (+20,000) total=2,240,000
[2025-10-24T19:05:26.133+0000] {subprocess.py:93} INFO - [neo4j] edges batch OK (+20,000) total=2,260,000
[2025-10-24T19:05:26.133+0000] {subprocess.py:93} INFO - [neo4j] edges batch OK (+20,000) total=2,280,000
[2025-10-24T19:05:26.133+0000] {subprocess.py:93} INFO - [neo4j] edges batch OK (+20,000) total=2,300,000
[2025-10-24T19:05:26.133+0000] {subprocess.py:93} INFO - [neo4j] edges batch OK (+20,000) total=2,320,000
[2025-10-24T19:05:26.133+0000] {subprocess.py:93} INFO - [neo4j] edges batch OK (+20,000) total=2,340,000
[2025-10-24T19:05:26.133+0000] {subprocess.py:93} INFO - [neo4j] edges batch OK (+20,000) total=2,360,000
[2025-10-24T19:05:26.134+0000] {subprocess.py:93} INFO - [neo4j] edges batch OK (+20,000) total=2,380,000
[2025-10-24T19:05:26.134+0000] {subprocess.py:93} INFO - [neo4j] edges batch OK (+20,000) total=2,400,000
[2025-10-24T19:06:46.801+0000] {subprocess.py:93} INFO - [neo4j] edges batch OK (+20,000) total=2,420,000
[2025-10-24T19:06:46.809+0000] {subprocess.py:93} INFO - [neo4j] edges batch OK (+20,000) total=2,440,000
[2025-10-24T19:06:46.811+0000] {subprocess.py:93} INFO - [neo4j] edges batch OK (+20,000) total=2,460,000
[2025-10-24T19:06:46.811+0000] {subprocess.py:93} INFO - [neo4j] edges batch OK (+20,000) total=2,480,000
[2025-10-24T19:06:46.811+0000] {subprocess.py:93} INFO - [neo4j] edges batch OK (+20,000) total=2,500,000
[2025-10-24T19:06:46.811+0000] {subprocess.py:93} INFO - [neo4j] edges batch OK (+20,000) total=2,520,000
[2025-10-24T19:06:46.811+0000] {subprocess.py:93} INFO - [neo4j] edges batch OK (+20,000) total=2,540,000
[2025-10-24T19:06:46.811+0000] {subprocess.py:93} INFO - [neo4j] edges batch OK (+20,000) total=2,560,000
[2025-10-24T19:06:46.811+0000] {subprocess.py:93} INFO - [neo4j] edges batch OK (+20,000) total=2,580,000
[2025-10-24T19:06:46.811+0000] {subprocess.py:93} INFO - [neo4j] edges batch OK (+20,000) total=2,600,000
[2025-10-24T19:06:46.811+0000] {subprocess.py:93} INFO - [neo4j] edges batch OK (+20,000) total=2,620,000
[2025-10-24T19:06:46.811+0000] {subprocess.py:93} INFO - [neo4j] edges batch OK (+20,000) total=2,640,000
[2025-10-24T19:06:46.811+0000] {subprocess.py:93} INFO - [neo4j] edges batch OK (+20,000) total=2,660,000
[2025-10-24T19:06:46.812+0000] {subprocess.py:93} INFO - [neo4j] edges batch OK (+20,000) total=2,680,000
[2025-10-24T19:06:46.812+0000] {subprocess.py:93} INFO - [neo4j] edges batch OK (+20,000) total=2,700,000
[2025-10-24T19:06:46.812+0000] {subprocess.py:93} INFO - [neo4j] edges batch OK (+20,000) total=2,720,000
[2025-10-24T19:06:46.812+0000] {subprocess.py:93} INFO - [neo4j] edges batch OK (+20,000) total=2,740,000
[2025-10-24T19:06:46.812+0000] {subprocess.py:93} INFO - [neo4j] edges batch OK (+20,000) total=2,760,000
[2025-10-24T19:06:46.812+0000] {subprocess.py:93} INFO - [neo4j] edges batch OK (+20,000) total=2,780,000
[2025-10-24T19:06:46.813+0000] {subprocess.py:93} INFO - [neo4j] edges batch OK (+20,000) total=2,800,000
[2025-10-24T19:06:46.815+0000] {subprocess.py:93} INFO - [neo4j] edges batch OK (+20,000) total=2,820,000
[2025-10-24T19:06:46.817+0000] {subprocess.py:93} INFO - [neo4j] edges batch OK (+20,000) total=2,840,000
[2025-10-24T19:06:46.817+0000] {subprocess.py:93} INFO - [neo4j] edges batch OK (+20,000) total=2,860,000
[2025-10-24T19:06:46.818+0000] {subprocess.py:93} INFO - [neo4j] edges batch OK (+20,000) total=2,880,000
[2025-10-24T19:06:46.819+0000] {subprocess.py:93} INFO - [neo4j] edges batch OK (+20,000) total=2,900,000
[2025-10-24T19:06:46.819+0000] {subprocess.py:93} INFO - [neo4j] edges batch OK (+20,000) total=2,920,000
[2025-10-24T19:06:46.819+0000] {subprocess.py:93} INFO - [neo4j] edges batch OK (+20,000) total=2,940,000
[2025-10-24T19:06:46.819+0000] {subprocess.py:93} INFO - [neo4j] edges batch OK (+20,000) total=2,960,000
[2025-10-24T19:06:46.819+0000] {subprocess.py:93} INFO - [neo4j] edges batch OK (+20,000) total=2,980,000
[2025-10-24T19:06:46.819+0000] {subprocess.py:93} INFO - [neo4j] edges batch OK (+20,000) total=3,000,000
[2025-10-24T19:06:46.819+0000] {subprocess.py:93} INFO - [neo4j] edges batch OK (+20,000) total=3,020,000
[2025-10-24T19:06:46.819+0000] {subprocess.py:93} INFO - [neo4j] edges batch OK (+20,000) total=3,040,000
[2025-10-24T19:06:46.819+0000] {subprocess.py:93} INFO - [neo4j] edges batch OK (+20,000) total=3,060,000
[2025-10-24T19:06:46.819+0000] {subprocess.py:93} INFO - [neo4j] edges batch OK (+20,000) total=3,080,000
[2025-10-24T19:06:46.819+0000] {subprocess.py:93} INFO - [neo4j] edges batch OK (+20,000) total=3,100,000
[2025-10-24T19:06:46.819+0000] {subprocess.py:93} INFO - [neo4j] edges batch OK (+20,000) total=3,120,000
[2025-10-24T19:06:46.819+0000] {subprocess.py:93} INFO - [neo4j] edges batch OK (+20,000) total=3,140,000
[2025-10-24T19:06:46.820+0000] {subprocess.py:93} INFO - [neo4j] edges batch OK (+20,000) total=3,160,000
[2025-10-24T19:06:46.820+0000] {subprocess.py:93} INFO - [neo4j] edges batch OK (+20,000) total=3,180,000
[2025-10-24T19:06:46.820+0000] {subprocess.py:93} INFO - [neo4j] edges batch OK (+20,000) total=3,200,000
[2025-10-24T19:06:46.820+0000] {subprocess.py:93} INFO - [neo4j] edges batch OK (+20,000) total=3,220,000
[2025-10-24T19:06:46.821+0000] {subprocess.py:93} INFO - [neo4j] edges batch OK (+20,000) total=3,240,000
[2025-10-24T19:06:46.821+0000] {subprocess.py:93} INFO - [neo4j] edges batch OK (+20,000) total=3,260,000
[2025-10-24T19:06:46.823+0000] {subprocess.py:93} INFO - [neo4j] edges batch OK (+20,000) total=3,280,000
[2025-10-24T19:06:46.823+0000] {subprocess.py:93} INFO - [neo4j] edges batch OK (+20,000) total=3,300,000
[2025-10-24T19:06:46.823+0000] {subprocess.py:93} INFO - [neo4j] edges batch OK (+20,000) total=3,320,000
[2025-10-24T19:06:46.823+0000] {subprocess.py:93} INFO - [neo4j] edges batch OK (+20,000) total=3,340,000
[2025-10-24T19:06:46.823+0000] {subprocess.py:93} INFO - [neo4j] edges batch OK (+20,000) total=3,360,000
[2025-10-24T19:06:46.823+0000] {subprocess.py:93} INFO - [neo4j] edges batch OK (+20,000) total=3,380,000
[2025-10-24T19:06:46.823+0000] {subprocess.py:93} INFO - [neo4j] edges batch OK (+20,000) total=3,400,000
[2025-10-24T19:06:46.823+0000] {subprocess.py:93} INFO - [neo4j] edges batch OK (+20,000) total=3,420,000
[2025-10-24T19:06:46.823+0000] {subprocess.py:93} INFO - [neo4j] edges batch OK (+20,000) total=3,440,000
[2025-10-24T19:06:46.823+0000] {subprocess.py:93} INFO - [neo4j] edges batch OK (+20,000) total=3,460,000
[2025-10-24T19:06:46.823+0000] {subprocess.py:93} INFO - [neo4j] edges batch OK (+20,000) total=3,480,000
[2025-10-24T19:06:46.823+0000] {subprocess.py:93} INFO - [neo4j] edges batch OK (+20,000) total=3,500,000
[2025-10-24T19:06:46.823+0000] {subprocess.py:93} INFO - [neo4j] edges batch OK (+20,000) total=3,520,000
[2025-10-24T19:06:46.823+0000] {subprocess.py:93} INFO - [neo4j] edges batch OK (+20,000) total=3,540,000
[2025-10-24T19:06:46.824+0000] {subprocess.py:93} INFO - [neo4j] edges batch OK (+20,000) total=3,560,000
[2025-10-24T19:06:46.824+0000] {subprocess.py:93} INFO - [neo4j] edges batch OK (+20,000) total=3,580,000
[2025-10-24T19:06:46.824+0000] {subprocess.py:93} INFO - [neo4j] edges batch OK (+20,000) total=3,600,000
[2025-10-24T19:06:46.824+0000] {subprocess.py:93} INFO - [neo4j] edges batch OK (+20,000) total=3,620,000
[2025-10-24T19:06:46.824+0000] {subprocess.py:93} INFO - [neo4j] edges batch OK (+20,000) total=3,640,000
[2025-10-24T19:06:46.824+0000] {subprocess.py:93} INFO - [neo4j] edges batch OK (+20,000) total=3,660,000
[2025-10-24T19:06:46.824+0000] {subprocess.py:93} INFO - [neo4j] edges batch OK (+20,000) total=3,680,000
[2025-10-24T19:06:46.824+0000] {subprocess.py:93} INFO - [neo4j] edges batch OK (+20,000) total=3,700,000
[2025-10-24T19:06:46.824+0000] {subprocess.py:93} INFO - [neo4j] edges batch OK (+20,000) total=3,720,000
[2025-10-24T19:06:46.824+0000] {subprocess.py:93} INFO - [neo4j] edges batch OK (+20,000) total=3,740,000
[2025-10-24T19:06:46.824+0000] {subprocess.py:93} INFO - [neo4j] edges batch OK (+20,000) total=3,760,000
[2025-10-24T19:06:46.824+0000] {subprocess.py:93} INFO - [neo4j] edges batch OK (+20,000) total=3,780,000
[2025-10-24T19:06:46.824+0000] {subprocess.py:93} INFO - [neo4j] edges batch OK (+20,000) total=3,800,000
[2025-10-24T19:06:46.825+0000] {subprocess.py:93} INFO - [neo4j] edges batch OK (+20,000) total=3,820,000
[2025-10-24T19:06:46.826+0000] {subprocess.py:93} INFO - [neo4j] edges batch OK (+20,000) total=3,840,000
[2025-10-24T19:06:46.826+0000] {subprocess.py:93} INFO - [neo4j] edges batch OK (+20,000) total=3,860,000
[2025-10-24T19:06:46.826+0000] {subprocess.py:93} INFO - [neo4j] edges batch OK (+20,000) total=3,880,000
[2025-10-24T19:06:46.826+0000] {subprocess.py:93} INFO - [neo4j] edges batch OK (+20,000) total=3,900,000
[2025-10-24T19:06:46.826+0000] {subprocess.py:93} INFO - [neo4j] edges batch OK (+20,000) total=3,920,000
[2025-10-24T19:06:46.826+0000] {subprocess.py:93} INFO - [neo4j] edges batch OK (+20,000) total=3,940,000
[2025-10-24T19:06:46.826+0000] {subprocess.py:93} INFO - [neo4j] edges batch OK (+20,000) total=3,960,000
[2025-10-24T19:06:46.826+0000] {subprocess.py:93} INFO - [neo4j] edges batch OK (+20,000) total=3,980,000
[2025-10-24T19:06:46.828+0000] {subprocess.py:93} INFO - [neo4j] edges batch OK (+20,000) total=4,000,000
[2025-10-24T19:06:46.828+0000] {subprocess.py:93} INFO - [neo4j] edges batch OK (+20,000) total=4,020,000
[2025-10-24T19:06:46.828+0000] {subprocess.py:93} INFO - [neo4j] edges batch OK (+20,000) total=4,040,000
[2025-10-24T19:06:46.828+0000] {subprocess.py:93} INFO - [neo4j] edges batch OK (+20,000) total=4,060,000
[2025-10-24T19:06:46.828+0000] {subprocess.py:93} INFO - [neo4j] edges batch OK (+20,000) total=4,080,000
[2025-10-24T19:06:46.828+0000] {subprocess.py:93} INFO - [neo4j] edges batch OK (+20,000) total=4,100,000
[2025-10-24T19:06:46.828+0000] {subprocess.py:93} INFO - [neo4j] edges batch OK (+20,000) total=4,120,000
[2025-10-24T19:06:46.828+0000] {subprocess.py:93} INFO - [neo4j] edges batch OK (+20,000) total=4,140,000
[2025-10-24T19:06:46.828+0000] {subprocess.py:93} INFO - [neo4j] edges batch OK (+20,000) total=4,160,000
[2025-10-24T19:06:46.828+0000] {subprocess.py:93} INFO - [neo4j] edges batch OK (+20,000) total=4,180,000
[2025-10-24T19:06:46.828+0000] {subprocess.py:93} INFO - [neo4j] edges batch OK (+20,000) total=4,200,000
[2025-10-24T19:06:46.828+0000] {subprocess.py:93} INFO - [neo4j] edges batch OK (+20,000) total=4,220,000
[2025-10-24T19:06:46.828+0000] {subprocess.py:93} INFO - [neo4j] edges batch OK (+20,000) total=4,240,000
[2025-10-24T19:06:46.829+0000] {subprocess.py:93} INFO - [neo4j] edges batch OK (+20,000) total=4,260,000
[2025-10-24T19:06:46.829+0000] {subprocess.py:93} INFO - [neo4j] edges batch OK (+20,000) total=4,280,000
[2025-10-24T19:06:46.829+0000] {subprocess.py:93} INFO - [neo4j] edges batch OK (+20,000) total=4,300,000
[2025-10-24T19:06:46.829+0000] {subprocess.py:93} INFO - [neo4j] edges batch OK (+20,000) total=4,320,000
[2025-10-24T19:06:46.829+0000] {subprocess.py:93} INFO - [neo4j] edges batch OK (+20,000) total=4,340,000
[2025-10-24T19:06:46.829+0000] {subprocess.py:93} INFO - [neo4j] edges batch OK (+20,000) total=4,360,000
[2025-10-24T19:06:46.829+0000] {subprocess.py:93} INFO - [neo4j] edges batch OK (+20,000) total=4,380,000
[2025-10-24T19:06:46.829+0000] {subprocess.py:93} INFO - [neo4j] edges batch OK (+20,000) total=4,400,000
[2025-10-24T19:06:46.829+0000] {subprocess.py:93} INFO - [neo4j] edges batch OK (+20,000) total=4,420,000
[2025-10-24T19:06:46.829+0000] {subprocess.py:93} INFO - [neo4j] edges batch OK (+20,000) total=4,440,000
[2025-10-24T19:06:46.829+0000] {subprocess.py:93} INFO - [neo4j] edges batch OK (+20,000) total=4,460,000
[2025-10-24T19:06:46.829+0000] {subprocess.py:93} INFO - [neo4j] edges batch OK (+20,000) total=4,480,000
[2025-10-24T19:06:46.829+0000] {subprocess.py:93} INFO - [neo4j] edges batch OK (+20,000) total=4,500,000
[2025-10-24T19:06:46.829+0000] {subprocess.py:93} INFO - [neo4j] edges batch OK (+20,000) total=4,520,000
[2025-10-24T19:06:46.829+0000] {subprocess.py:93} INFO - [neo4j] edges batch OK (+20,000) total=4,540,000
[2025-10-24T19:06:46.830+0000] {subprocess.py:93} INFO - [neo4j] edges batch OK (+20,000) total=4,560,000
[2025-10-24T19:06:46.830+0000] {subprocess.py:93} INFO - [neo4j] edges batch OK (+20,000) total=4,580,000
[2025-10-24T19:06:46.831+0000] {subprocess.py:93} INFO - [neo4j] edges batch OK (+20,000) total=4,600,000
[2025-10-24T19:06:46.833+0000] {subprocess.py:93} INFO - [neo4j] edges batch OK (+20,000) total=4,620,000
[2025-10-24T19:06:46.833+0000] {subprocess.py:93} INFO - [neo4j] edges batch OK (+20,000) total=4,640,000
[2025-10-24T19:06:46.833+0000] {subprocess.py:93} INFO - [neo4j] edges batch OK (+20,000) total=4,660,000
[2025-10-24T19:06:46.833+0000] {subprocess.py:93} INFO - [neo4j] edges batch OK (+20,000) total=4,680,000
[2025-10-24T19:06:46.833+0000] {subprocess.py:93} INFO - [neo4j] edges batch OK (+20,000) total=4,700,000
[2025-10-24T19:06:46.833+0000] {subprocess.py:93} INFO - [neo4j] edges batch OK (+20,000) total=4,720,000
[2025-10-24T19:06:46.833+0000] {subprocess.py:93} INFO - [neo4j] edges batch OK (+20,000) total=4,740,000
[2025-10-24T19:06:46.833+0000] {subprocess.py:93} INFO - [neo4j] edges batch OK (+20,000) total=4,760,000
[2025-10-24T19:06:46.833+0000] {subprocess.py:93} INFO - [neo4j] edges batch OK (+20,000) total=4,780,000
[2025-10-24T19:06:46.833+0000] {subprocess.py:93} INFO - [neo4j] edges batch OK (+20,000) total=4,800,000
[2025-10-24T19:06:46.833+0000] {subprocess.py:93} INFO - [neo4j] edges batch OK (+20,000) total=4,820,000
[2025-10-24T19:06:46.833+0000] {subprocess.py:93} INFO - [neo4j] edges batch OK (+20,000) total=4,840,000
[2025-10-24T19:06:46.833+0000] {subprocess.py:93} INFO - [neo4j] edges batch OK (+20,000) total=4,860,000
[2025-10-24T19:06:46.833+0000] {subprocess.py:93} INFO - [neo4j] edges batch OK (+20,000) total=4,880,000
[2025-10-24T19:06:46.834+0000] {subprocess.py:93} INFO - [neo4j] edges batch OK (+20,000) total=4,900,000
[2025-10-24T19:06:46.834+0000] {subprocess.py:93} INFO - [neo4j] edges batch OK (+20,000) total=4,920,000
[2025-10-24T19:06:46.834+0000] {subprocess.py:93} INFO - [neo4j] edges batch OK (+20,000) total=4,940,000
[2025-10-24T19:06:46.834+0000] {subprocess.py:93} INFO - [neo4j] edges batch OK (+20,000) total=4,960,000
[2025-10-24T19:06:46.834+0000] {subprocess.py:93} INFO - [neo4j] edges batch OK (+20,000) total=4,980,000
[2025-10-24T19:06:46.834+0000] {subprocess.py:93} INFO - [neo4j] edges batch OK (+20,000) total=5,000,000
[2025-10-24T19:06:46.834+0000] {subprocess.py:93} INFO - [neo4j] edges chargées : 5,000,000
[2025-10-24T19:06:46.834+0000] {subprocess.py:93} INFO - [neo4j] résumé : 1,000,000 nœuds, 4,999,988 relations
[2025-10-24T19:06:46.905+0000] {subprocess.py:97} INFO - Command exited with return code 0
[2025-10-24T19:06:46.907+0000] {taskinstance.py:441} INFO - ::group::Post task execution logs
[2025-10-24T19:06:46.953+0000] {taskinstance.py:1206} INFO - Marking task as SUCCESS. dag_id=load_neo4j_from_gold, task_id=load_neo4j, run_id=manual__2025-10-24T19:03:48.225716+00:00, execution_date=20251024T190348, start_date=20251024T190348, end_date=20251024T190646
[2025-10-24T19:06:46.981+0000] {local_task_job_runner.py:243} INFO - Task exited with return code 0
[2025-10-24T19:06:47.000+0000] {taskinstance.py:3503} INFO - 0 downstream tasks scheduled from follow-on schedule check
[2025-10-24T19:06:47.001+0000] {local_task_job_runner.py:222} INFO - ::endgroup::
