[2025-10-23T08:04:22.289+0000] {local_task_job_runner.py:120} INFO - ::group::Pre task execution logs
[2025-10-23T08:04:22.333+0000] {taskinstance.py:2076} INFO - Dependencies all met for dep_context=non-requeueable deps ti=<TaskInstance: ingest_kg.bronze_to_parquet manual__2025-10-23T08:04:21.731193+00:00 [queued]>
[2025-10-23T08:04:22.339+0000] {taskinstance.py:2076} INFO - Dependencies all met for dep_context=requeueable deps ti=<TaskInstance: ingest_kg.bronze_to_parquet manual__2025-10-23T08:04:21.731193+00:00 [queued]>
[2025-10-23T08:04:22.339+0000] {taskinstance.py:2306} INFO - Starting attempt 1 of 1
[2025-10-23T08:04:22.348+0000] {taskinstance.py:2330} INFO - Executing <Task(BashOperator): bronze_to_parquet> on 2025-10-23 08:04:21.731193+00:00
[2025-10-23T08:04:22.352+0000] {standard_task_runner.py:90} INFO - Running: ['***', 'tasks', 'run', 'ingest_kg', 'bronze_to_parquet', 'manual__2025-10-23T08:04:21.731193+00:00', '--job-id', '2', '--raw', '--subdir', 'DAGS_FOLDER/ingest_kg.py', '--cfg-path', '/tmp/tmp863w30xy']
[2025-10-23T08:04:22.354+0000] {standard_task_runner.py:91} INFO - Job 2: Subtask bronze_to_parquet
[2025-10-23T08:04:22.377+0000] {logging_mixin.py:188} WARNING - /home/***/.local/lib/python3.12/site-packages/***/task/task_runner/standard_task_runner.py:62 DeprecationWarning: This process (pid=234) is multi-threaded, use of fork() may lead to deadlocks in the child.
[2025-10-23T08:04:22.378+0000] {standard_task_runner.py:64} INFO - Started process 235 to run task
[2025-10-23T08:04:22.396+0000] {task_command.py:426} INFO - Running <TaskInstance: ingest_kg.bronze_to_parquet manual__2025-10-23T08:04:21.731193+00:00 [running]> on host c48d41bd1c66
[2025-10-23T08:04:22.471+0000] {taskinstance.py:2648} INFO - Exporting env vars: AIRFLOW_CTX_DAG_OWNER='***' AIRFLOW_CTX_DAG_ID='ingest_kg' AIRFLOW_CTX_TASK_ID='bronze_to_parquet' AIRFLOW_CTX_EXECUTION_DATE='2025-10-23T08:04:21.731193+00:00' AIRFLOW_CTX_TRY_NUMBER='1' AIRFLOW_CTX_DAG_RUN_ID='manual__2025-10-23T08:04:21.731193+00:00'
[2025-10-23T08:04:22.472+0000] {taskinstance.py:430} INFO - ::endgroup::
[2025-10-23T08:04:22.527+0000] {subprocess.py:63} INFO - Tmp dir root location: /tmp
[2025-10-23T08:04:22.527+0000] {subprocess.py:75} INFO - Running command: ['/usr/bin/bash', '-c', 'python /opt/***/scripts/to_parquet.py --in /opt/***/data/raw --out /opt/***/data/bronze']
[2025-10-23T08:04:22.534+0000] {subprocess.py:86} INFO - Output:
[2025-10-23T08:04:29.825+0000] {subprocess.py:93} INFO - [bronze] /opt/***/data/raw/nodes.csv -> /opt/***/data/bronze/nodes.parquet (1000000 lignes)
[2025-10-23T08:04:29.828+0000] {subprocess.py:93} INFO - [bronze] /opt/***/data/raw/edges.csv -> /opt/***/data/bronze/edges.parquet (5000000 lignes)
[2025-10-23T08:04:29.829+0000] {subprocess.py:93} INFO - [bronze] conversion terminée
[2025-10-23T08:04:29.965+0000] {subprocess.py:97} INFO - Command exited with return code 0
[2025-10-23T08:04:29.967+0000] {taskinstance.py:441} INFO - ::group::Post task execution logs
[2025-10-23T08:04:30.029+0000] {taskinstance.py:1206} INFO - Marking task as SUCCESS. dag_id=ingest_kg, task_id=bronze_to_parquet, run_id=manual__2025-10-23T08:04:21.731193+00:00, execution_date=20251023T080421, start_date=20251023T080422, end_date=20251023T080430
[2025-10-23T08:04:30.050+0000] {local_task_job_runner.py:243} INFO - Task exited with return code 0
[2025-10-23T08:04:30.074+0000] {taskinstance.py:3503} INFO - 1 downstream tasks scheduled from follow-on schedule check
[2025-10-23T08:04:30.075+0000] {local_task_job_runner.py:222} INFO - ::endgroup::
