[2025-10-24T12:26:22.677+0000] {local_task_job_runner.py:120} INFO - ::group::Pre task execution logs
[2025-10-24T12:26:22.784+0000] {taskinstance.py:2076} INFO - Dependencies all met for dep_context=non-requeueable deps ti=<TaskInstance: ingest_kg.bronze_to_parquet manual__2025-10-24T12:26:19.874751+00:00 [queued]>
[2025-10-24T12:26:22.792+0000] {taskinstance.py:2076} INFO - Dependencies all met for dep_context=requeueable deps ti=<TaskInstance: ingest_kg.bronze_to_parquet manual__2025-10-24T12:26:19.874751+00:00 [queued]>
[2025-10-24T12:26:22.793+0000] {taskinstance.py:2306} INFO - Starting attempt 1 of 1
[2025-10-24T12:26:22.808+0000] {taskinstance.py:2330} INFO - Executing <Task(BashOperator): bronze_to_parquet> on 2025-10-24 12:26:19.874751+00:00
[2025-10-24T12:26:22.817+0000] {logging_mixin.py:188} WARNING - /home/***/.local/lib/python3.12/site-packages/***/task/task_runner/standard_task_runner.py:62 DeprecationWarning: This process (pid=10271) is multi-threaded, use of fork() may lead to deadlocks in the child.
[2025-10-24T12:26:22.818+0000] {standard_task_runner.py:64} INFO - Started process 10282 to run task
[2025-10-24T12:26:22.824+0000] {standard_task_runner.py:90} INFO - Running: ['***', 'tasks', 'run', 'ingest_kg', 'bronze_to_parquet', 'manual__2025-10-24T12:26:19.874751+00:00', '--job-id', '305', '--raw', '--subdir', 'DAGS_FOLDER/ingest_kg.py', '--cfg-path', '/tmp/tmpk_q0vd2d']
[2025-10-24T12:26:22.830+0000] {standard_task_runner.py:91} INFO - Job 305: Subtask bronze_to_parquet
[2025-10-24T12:26:22.948+0000] {task_command.py:426} INFO - Running <TaskInstance: ingest_kg.bronze_to_parquet manual__2025-10-24T12:26:19.874751+00:00 [running]> on host 1103adfde675
[2025-10-24T12:26:23.063+0000] {taskinstance.py:2648} INFO - Exporting env vars: AIRFLOW_CTX_DAG_OWNER='***' AIRFLOW_CTX_DAG_ID='ingest_kg' AIRFLOW_CTX_TASK_ID='bronze_to_parquet' AIRFLOW_CTX_EXECUTION_DATE='2025-10-24T12:26:19.874751+00:00' AIRFLOW_CTX_TRY_NUMBER='1' AIRFLOW_CTX_DAG_RUN_ID='manual__2025-10-24T12:26:19.874751+00:00'
[2025-10-24T12:26:23.064+0000] {taskinstance.py:430} INFO - ::endgroup::
[2025-10-24T12:26:23.106+0000] {subprocess.py:63} INFO - Tmp dir root location: /tmp
[2025-10-24T12:26:23.108+0000] {subprocess.py:75} INFO - Running command: ['/usr/bin/bash', '-c', 'python /opt/***/scripts/to_parquet.py --in /opt/***/data/raw --out /opt/***/data/bronze']
[2025-10-24T12:26:23.116+0000] {subprocess.py:86} INFO - Output:
[2025-10-24T12:26:32.134+0000] {subprocess.py:93} INFO - [bronze] /opt/***/data/raw/nodes.csv -> /opt/***/data/bronze/nodes.parquet (1000000 lignes)
[2025-10-24T12:26:32.141+0000] {subprocess.py:93} INFO - [bronze] /opt/***/data/raw/edges.csv -> /opt/***/data/bronze/edges.parquet (5000000 lignes)
[2025-10-24T12:26:32.143+0000] {subprocess.py:93} INFO - [bronze] conversion terminée
[2025-10-24T12:26:32.258+0000] {subprocess.py:97} INFO - Command exited with return code 0
[2025-10-24T12:26:32.259+0000] {taskinstance.py:441} INFO - ::group::Post task execution logs
[2025-10-24T12:26:32.286+0000] {taskinstance.py:1206} INFO - Marking task as SUCCESS. dag_id=ingest_kg, task_id=bronze_to_parquet, run_id=manual__2025-10-24T12:26:19.874751+00:00, execution_date=20251024T122619, start_date=20251024T122622, end_date=20251024T122632
[2025-10-24T12:26:32.307+0000] {local_task_job_runner.py:243} INFO - Task exited with return code 0
[2025-10-24T12:26:32.338+0000] {taskinstance.py:3503} INFO - 1 downstream tasks scheduled from follow-on schedule check
[2025-10-24T12:26:32.339+0000] {local_task_job_runner.py:222} INFO - ::endgroup::
