[2025-10-23T09:00:05.880+0000] {local_task_job_runner.py:120} INFO - ::group::Pre task execution logs
[2025-10-23T09:00:05.903+0000] {taskinstance.py:2076} INFO - Dependencies all met for dep_context=non-requeueable deps ti=<TaskInstance: load_neo4j_from_gold.wait_for_export_gold manual__2025-10-23T09:00:05.160704+00:00 [queued]>
[2025-10-23T09:00:05.906+0000] {taskinstance.py:2076} INFO - Dependencies all met for dep_context=requeueable deps ti=<TaskInstance: load_neo4j_from_gold.wait_for_export_gold manual__2025-10-23T09:00:05.160704+00:00 [queued]>
[2025-10-23T09:00:05.906+0000] {taskinstance.py:2306} INFO - Starting attempt 1 of 1
[2025-10-23T09:00:05.913+0000] {taskinstance.py:2330} INFO - Executing <Task(ExternalTaskSensor): wait_for_export_gold> on 2025-10-23 09:00:05.160704+00:00
[2025-10-23T09:00:05.919+0000] {standard_task_runner.py:90} INFO - Running: ['***', 'tasks', 'run', 'load_neo4j_from_gold', 'wait_for_export_gold', 'manual__2025-10-23T09:00:05.160704+00:00', '--job-id', '24', '--raw', '--subdir', 'DAGS_FOLDER/load_neo4j_from_gold.py', '--cfg-path', '/tmp/tmpd25cbg8i']
[2025-10-23T09:00:05.921+0000] {standard_task_runner.py:91} INFO - Job 24: Subtask wait_for_export_gold
[2025-10-23T09:00:05.921+0000] {logging_mixin.py:188} WARNING - /home/***/.local/lib/python3.12/site-packages/***/task/task_runner/standard_task_runner.py:62 DeprecationWarning: This process (pid=1378) is multi-threaded, use of fork() may lead to deadlocks in the child.
[2025-10-23T09:00:05.922+0000] {standard_task_runner.py:64} INFO - Started process 1380 to run task
[2025-10-23T09:00:05.955+0000] {task_command.py:426} INFO - Running <TaskInstance: load_neo4j_from_gold.wait_for_export_gold manual__2025-10-23T09:00:05.160704+00:00 [running]> on host c48d41bd1c66
[2025-10-23T09:00:06.007+0000] {taskinstance.py:2648} INFO - Exporting env vars: AIRFLOW_CTX_DAG_OWNER='***' AIRFLOW_CTX_DAG_ID='load_neo4j_from_gold' AIRFLOW_CTX_TASK_ID='wait_for_export_gold' AIRFLOW_CTX_EXECUTION_DATE='2025-10-23T09:00:05.160704+00:00' AIRFLOW_CTX_TRY_NUMBER='1' AIRFLOW_CTX_DAG_RUN_ID='manual__2025-10-23T09:00:05.160704+00:00'
[2025-10-23T09:00:06.007+0000] {taskinstance.py:430} INFO - ::endgroup::
[2025-10-23T09:00:06.015+0000] {baseoperator.py:400} WARNING - ExternalTaskSensor.execute cannot be called outside TaskInstance!
[2025-10-23T09:00:06.022+0000] {external_task.py:258} INFO - Poking for tasks ['export_gold_csv'] in dag ingest_kg on 2025-10-23T09:00:05.160704+00:00 ... 
[2025-10-23T09:00:06.025+0000] {logging_mixin.py:188} WARNING - /home/***/.local/lib/python3.12/site-packages/***/utils/session.py:79 DeprecationWarning: This method is deprecated and will be removed in future.
[2025-10-23T09:00:06.033+0000] {taskinstance.py:441} INFO - ::group::Post task execution logs
[2025-10-23T09:00:06.048+0000] {taskinstance.py:2865} INFO - Rescheduling task, marking task as UP_FOR_RESCHEDULE
[2025-10-23T09:00:06.064+0000] {local_task_job_runner.py:243} INFO - Task exited with return code 0
[2025-10-23T09:00:06.078+0000] {taskinstance.py:3503} INFO - 0 downstream tasks scheduled from follow-on schedule check
[2025-10-23T09:00:06.078+0000] {local_task_job_runner.py:222} INFO - ::endgroup::
[2025-10-23T09:00:36.301+0000] {local_task_job_runner.py:120} INFO - ::group::Pre task execution logs
[2025-10-23T09:00:36.331+0000] {taskinstance.py:2076} INFO - Dependencies all met for dep_context=non-requeueable deps ti=<TaskInstance: load_neo4j_from_gold.wait_for_export_gold manual__2025-10-23T09:00:05.160704+00:00 [queued]>
[2025-10-23T09:00:36.335+0000] {taskinstance.py:2076} INFO - Dependencies all met for dep_context=requeueable deps ti=<TaskInstance: load_neo4j_from_gold.wait_for_export_gold manual__2025-10-23T09:00:05.160704+00:00 [queued]>
[2025-10-23T09:00:36.335+0000] {taskinstance.py:2306} INFO - Starting attempt 1 of 1
[2025-10-23T09:00:36.345+0000] {taskinstance.py:2330} INFO - Executing <Task(ExternalTaskSensor): wait_for_export_gold> on 2025-10-23 09:00:05.160704+00:00
[2025-10-23T09:00:36.352+0000] {logging_mixin.py:188} WARNING - /home/***/.local/lib/python3.12/site-packages/***/task/task_runner/standard_task_runner.py:62 DeprecationWarning: This process (pid=1394) is multi-threaded, use of fork() may lead to deadlocks in the child.
[2025-10-23T09:00:36.351+0000] {standard_task_runner.py:90} INFO - Running: ['***', 'tasks', 'run', 'load_neo4j_from_gold', 'wait_for_export_gold', 'manual__2025-10-23T09:00:05.160704+00:00', '--job-id', '27', '--raw', '--subdir', 'DAGS_FOLDER/load_neo4j_from_gold.py', '--cfg-path', '/tmp/tmp7ctj222i']
[2025-10-23T09:00:36.354+0000] {standard_task_runner.py:64} INFO - Started process 1396 to run task
[2025-10-23T09:00:36.354+0000] {standard_task_runner.py:91} INFO - Job 27: Subtask wait_for_export_gold
[2025-10-23T09:00:36.392+0000] {task_command.py:426} INFO - Running <TaskInstance: load_neo4j_from_gold.wait_for_export_gold manual__2025-10-23T09:00:05.160704+00:00 [running]> on host c48d41bd1c66
[2025-10-23T09:00:36.452+0000] {taskinstance.py:2648} INFO - Exporting env vars: AIRFLOW_CTX_DAG_OWNER='***' AIRFLOW_CTX_DAG_ID='load_neo4j_from_gold' AIRFLOW_CTX_TASK_ID='wait_for_export_gold' AIRFLOW_CTX_EXECUTION_DATE='2025-10-23T09:00:05.160704+00:00' AIRFLOW_CTX_TRY_NUMBER='1' AIRFLOW_CTX_DAG_RUN_ID='manual__2025-10-23T09:00:05.160704+00:00'
[2025-10-23T09:00:36.453+0000] {taskinstance.py:430} INFO - ::endgroup::
[2025-10-23T09:00:36.462+0000] {baseoperator.py:400} WARNING - ExternalTaskSensor.execute cannot be called outside TaskInstance!
[2025-10-23T09:00:36.470+0000] {external_task.py:258} INFO - Poking for tasks ['export_gold_csv'] in dag ingest_kg on 2025-10-23T09:00:05.160704+00:00 ... 
[2025-10-23T09:00:36.473+0000] {logging_mixin.py:188} WARNING - /home/***/.local/lib/python3.12/site-packages/***/utils/session.py:79 DeprecationWarning: This method is deprecated and will be removed in future.
[2025-10-23T09:00:36.482+0000] {taskinstance.py:441} INFO - ::group::Post task execution logs
[2025-10-23T09:00:36.494+0000] {taskinstance.py:2865} INFO - Rescheduling task, marking task as UP_FOR_RESCHEDULE
[2025-10-23T09:00:36.535+0000] {local_task_job_runner.py:243} INFO - Task exited with return code 0
[2025-10-23T09:00:36.550+0000] {taskinstance.py:3503} INFO - 0 downstream tasks scheduled from follow-on schedule check
[2025-10-23T09:00:36.552+0000] {local_task_job_runner.py:222} INFO - ::endgroup::
[2025-10-23T09:01:06.729+0000] {local_task_job_runner.py:120} INFO - ::group::Pre task execution logs
[2025-10-23T09:01:06.756+0000] {taskinstance.py:2076} INFO - Dependencies all met for dep_context=non-requeueable deps ti=<TaskInstance: load_neo4j_from_gold.wait_for_export_gold manual__2025-10-23T09:00:05.160704+00:00 [queued]>
[2025-10-23T09:01:06.760+0000] {taskinstance.py:2076} INFO - Dependencies all met for dep_context=requeueable deps ti=<TaskInstance: load_neo4j_from_gold.wait_for_export_gold manual__2025-10-23T09:00:05.160704+00:00 [queued]>
[2025-10-23T09:01:06.760+0000] {taskinstance.py:2306} INFO - Starting attempt 1 of 1
[2025-10-23T09:01:06.767+0000] {taskinstance.py:2330} INFO - Executing <Task(ExternalTaskSensor): wait_for_export_gold> on 2025-10-23 09:00:05.160704+00:00
[2025-10-23T09:01:06.771+0000] {standard_task_runner.py:90} INFO - Running: ['***', 'tasks', 'run', 'load_neo4j_from_gold', 'wait_for_export_gold', 'manual__2025-10-23T09:00:05.160704+00:00', '--job-id', '30', '--raw', '--subdir', 'DAGS_FOLDER/load_neo4j_from_gold.py', '--cfg-path', '/tmp/tmp15o5ryql']
[2025-10-23T09:01:06.773+0000] {standard_task_runner.py:91} INFO - Job 30: Subtask wait_for_export_gold
[2025-10-23T09:01:06.774+0000] {logging_mixin.py:188} WARNING - /home/***/.local/lib/python3.12/site-packages/***/task/task_runner/standard_task_runner.py:62 DeprecationWarning: This process (pid=1409) is multi-threaded, use of fork() may lead to deadlocks in the child.
[2025-10-23T09:01:06.774+0000] {standard_task_runner.py:64} INFO - Started process 1412 to run task
[2025-10-23T09:01:06.812+0000] {task_command.py:426} INFO - Running <TaskInstance: load_neo4j_from_gold.wait_for_export_gold manual__2025-10-23T09:00:05.160704+00:00 [running]> on host c48d41bd1c66
[2025-10-23T09:01:06.869+0000] {taskinstance.py:2648} INFO - Exporting env vars: AIRFLOW_CTX_DAG_OWNER='***' AIRFLOW_CTX_DAG_ID='load_neo4j_from_gold' AIRFLOW_CTX_TASK_ID='wait_for_export_gold' AIRFLOW_CTX_EXECUTION_DATE='2025-10-23T09:00:05.160704+00:00' AIRFLOW_CTX_TRY_NUMBER='1' AIRFLOW_CTX_DAG_RUN_ID='manual__2025-10-23T09:00:05.160704+00:00'
[2025-10-23T09:01:06.870+0000] {taskinstance.py:430} INFO - ::endgroup::
[2025-10-23T09:01:06.880+0000] {baseoperator.py:400} WARNING - ExternalTaskSensor.execute cannot be called outside TaskInstance!
[2025-10-23T09:01:06.888+0000] {external_task.py:258} INFO - Poking for tasks ['export_gold_csv'] in dag ingest_kg on 2025-10-23T09:00:05.160704+00:00 ... 
[2025-10-23T09:01:06.890+0000] {logging_mixin.py:188} WARNING - /home/***/.local/lib/python3.12/site-packages/***/utils/session.py:79 DeprecationWarning: This method is deprecated and will be removed in future.
[2025-10-23T09:01:06.898+0000] {taskinstance.py:441} INFO - ::group::Post task execution logs
[2025-10-23T09:01:06.911+0000] {taskinstance.py:2865} INFO - Rescheduling task, marking task as UP_FOR_RESCHEDULE
[2025-10-23T09:01:06.916+0000] {local_task_job_runner.py:243} INFO - Task exited with return code 0
[2025-10-23T09:01:06.929+0000] {taskinstance.py:3503} INFO - 0 downstream tasks scheduled from follow-on schedule check
[2025-10-23T09:01:06.929+0000] {local_task_job_runner.py:222} INFO - ::endgroup::
[2025-10-23T09:01:37.949+0000] {local_task_job_runner.py:120} INFO - ::group::Pre task execution logs
[2025-10-23T09:01:37.973+0000] {taskinstance.py:2076} INFO - Dependencies all met for dep_context=non-requeueable deps ti=<TaskInstance: load_neo4j_from_gold.wait_for_export_gold manual__2025-10-23T09:00:05.160704+00:00 [queued]>
[2025-10-23T09:01:37.976+0000] {taskinstance.py:2076} INFO - Dependencies all met for dep_context=requeueable deps ti=<TaskInstance: load_neo4j_from_gold.wait_for_export_gold manual__2025-10-23T09:00:05.160704+00:00 [queued]>
[2025-10-23T09:01:37.977+0000] {taskinstance.py:2306} INFO - Starting attempt 1 of 1
[2025-10-23T09:01:37.984+0000] {taskinstance.py:2330} INFO - Executing <Task(ExternalTaskSensor): wait_for_export_gold> on 2025-10-23 09:00:05.160704+00:00
[2025-10-23T09:01:37.990+0000] {logging_mixin.py:188} WARNING - /home/***/.local/lib/python3.12/site-packages/***/task/task_runner/standard_task_runner.py:62 DeprecationWarning: This process (pid=1428) is multi-threaded, use of fork() may lead to deadlocks in the child.
[2025-10-23T09:01:37.990+0000] {standard_task_runner.py:64} INFO - Started process 1429 to run task
[2025-10-23T09:01:37.989+0000] {standard_task_runner.py:90} INFO - Running: ['***', 'tasks', 'run', 'load_neo4j_from_gold', 'wait_for_export_gold', 'manual__2025-10-23T09:00:05.160704+00:00', '--job-id', '34', '--raw', '--subdir', 'DAGS_FOLDER/load_neo4j_from_gold.py', '--cfg-path', '/tmp/tmpp5gbkl14']
[2025-10-23T09:01:37.991+0000] {standard_task_runner.py:91} INFO - Job 34: Subtask wait_for_export_gold
[2025-10-23T09:01:38.030+0000] {task_command.py:426} INFO - Running <TaskInstance: load_neo4j_from_gold.wait_for_export_gold manual__2025-10-23T09:00:05.160704+00:00 [running]> on host c48d41bd1c66
[2025-10-23T09:01:38.082+0000] {taskinstance.py:2648} INFO - Exporting env vars: AIRFLOW_CTX_DAG_OWNER='***' AIRFLOW_CTX_DAG_ID='load_neo4j_from_gold' AIRFLOW_CTX_TASK_ID='wait_for_export_gold' AIRFLOW_CTX_EXECUTION_DATE='2025-10-23T09:00:05.160704+00:00' AIRFLOW_CTX_TRY_NUMBER='1' AIRFLOW_CTX_DAG_RUN_ID='manual__2025-10-23T09:00:05.160704+00:00'
[2025-10-23T09:01:38.082+0000] {taskinstance.py:430} INFO - ::endgroup::
[2025-10-23T09:01:38.089+0000] {baseoperator.py:400} WARNING - ExternalTaskSensor.execute cannot be called outside TaskInstance!
[2025-10-23T09:01:38.096+0000] {external_task.py:258} INFO - Poking for tasks ['export_gold_csv'] in dag ingest_kg on 2025-10-23T09:00:05.160704+00:00 ... 
[2025-10-23T09:01:38.097+0000] {logging_mixin.py:188} WARNING - /home/***/.local/lib/python3.12/site-packages/***/utils/session.py:79 DeprecationWarning: This method is deprecated and will be removed in future.
[2025-10-23T09:01:38.105+0000] {taskinstance.py:441} INFO - ::group::Post task execution logs
[2025-10-23T09:01:38.118+0000] {taskinstance.py:2865} INFO - Rescheduling task, marking task as UP_FOR_RESCHEDULE
[2025-10-23T09:01:38.131+0000] {local_task_job_runner.py:243} INFO - Task exited with return code 0
[2025-10-23T09:01:38.146+0000] {taskinstance.py:3503} INFO - 0 downstream tasks scheduled from follow-on schedule check
[2025-10-23T09:01:38.147+0000] {local_task_job_runner.py:222} INFO - ::endgroup::
[2025-10-23T09:02:09.284+0000] {local_task_job_runner.py:120} INFO - ::group::Pre task execution logs
[2025-10-23T09:02:09.307+0000] {taskinstance.py:2076} INFO - Dependencies all met for dep_context=non-requeueable deps ti=<TaskInstance: load_neo4j_from_gold.wait_for_export_gold manual__2025-10-23T09:00:05.160704+00:00 [queued]>
[2025-10-23T09:02:09.310+0000] {taskinstance.py:2076} INFO - Dependencies all met for dep_context=requeueable deps ti=<TaskInstance: load_neo4j_from_gold.wait_for_export_gold manual__2025-10-23T09:00:05.160704+00:00 [queued]>
[2025-10-23T09:02:09.310+0000] {taskinstance.py:2306} INFO - Starting attempt 1 of 1
[2025-10-23T09:02:09.318+0000] {taskinstance.py:2330} INFO - Executing <Task(ExternalTaskSensor): wait_for_export_gold> on 2025-10-23 09:00:05.160704+00:00
[2025-10-23T09:02:09.324+0000] {logging_mixin.py:188} WARNING - /home/***/.local/lib/python3.12/site-packages/***/task/task_runner/standard_task_runner.py:62 DeprecationWarning: This process (pid=1450) is multi-threaded, use of fork() may lead to deadlocks in the child.
[2025-10-23T09:02:09.325+0000] {standard_task_runner.py:64} INFO - Started process 1453 to run task
[2025-10-23T09:02:09.324+0000] {standard_task_runner.py:90} INFO - Running: ['***', 'tasks', 'run', 'load_neo4j_from_gold', 'wait_for_export_gold', 'manual__2025-10-23T09:00:05.160704+00:00', '--job-id', '39', '--raw', '--subdir', 'DAGS_FOLDER/load_neo4j_from_gold.py', '--cfg-path', '/tmp/tmp3kaup93w']
[2025-10-23T09:02:09.326+0000] {standard_task_runner.py:91} INFO - Job 39: Subtask wait_for_export_gold
[2025-10-23T09:02:09.358+0000] {task_command.py:426} INFO - Running <TaskInstance: load_neo4j_from_gold.wait_for_export_gold manual__2025-10-23T09:00:05.160704+00:00 [running]> on host c48d41bd1c66
[2025-10-23T09:02:09.414+0000] {taskinstance.py:2648} INFO - Exporting env vars: AIRFLOW_CTX_DAG_OWNER='***' AIRFLOW_CTX_DAG_ID='load_neo4j_from_gold' AIRFLOW_CTX_TASK_ID='wait_for_export_gold' AIRFLOW_CTX_EXECUTION_DATE='2025-10-23T09:00:05.160704+00:00' AIRFLOW_CTX_TRY_NUMBER='1' AIRFLOW_CTX_DAG_RUN_ID='manual__2025-10-23T09:00:05.160704+00:00'
[2025-10-23T09:02:09.415+0000] {taskinstance.py:430} INFO - ::endgroup::
[2025-10-23T09:02:09.423+0000] {baseoperator.py:400} WARNING - ExternalTaskSensor.execute cannot be called outside TaskInstance!
[2025-10-23T09:02:09.430+0000] {external_task.py:258} INFO - Poking for tasks ['export_gold_csv'] in dag ingest_kg on 2025-10-23T09:00:05.160704+00:00 ... 
[2025-10-23T09:02:09.430+0000] {logging_mixin.py:188} WARNING - /home/***/.local/lib/python3.12/site-packages/***/utils/session.py:79 DeprecationWarning: This method is deprecated and will be removed in future.
[2025-10-23T09:02:09.439+0000] {taskinstance.py:441} INFO - ::group::Post task execution logs
[2025-10-23T09:02:09.451+0000] {taskinstance.py:2865} INFO - Rescheduling task, marking task as UP_FOR_RESCHEDULE
[2025-10-23T09:02:09.464+0000] {local_task_job_runner.py:243} INFO - Task exited with return code 0
[2025-10-23T09:02:09.479+0000] {taskinstance.py:3503} INFO - 0 downstream tasks scheduled from follow-on schedule check
[2025-10-23T09:02:09.480+0000] {local_task_job_runner.py:222} INFO - ::endgroup::
[2025-10-23T09:02:40.405+0000] {local_task_job_runner.py:120} INFO - ::group::Pre task execution logs
[2025-10-23T09:02:40.431+0000] {taskinstance.py:2076} INFO - Dependencies all met for dep_context=non-requeueable deps ti=<TaskInstance: load_neo4j_from_gold.wait_for_export_gold manual__2025-10-23T09:00:05.160704+00:00 [queued]>
[2025-10-23T09:02:40.436+0000] {taskinstance.py:2076} INFO - Dependencies all met for dep_context=requeueable deps ti=<TaskInstance: load_neo4j_from_gold.wait_for_export_gold manual__2025-10-23T09:00:05.160704+00:00 [queued]>
[2025-10-23T09:02:40.436+0000] {taskinstance.py:2306} INFO - Starting attempt 1 of 1
[2025-10-23T09:02:40.445+0000] {taskinstance.py:2330} INFO - Executing <Task(ExternalTaskSensor): wait_for_export_gold> on 2025-10-23 09:00:05.160704+00:00
[2025-10-23T09:02:40.457+0000] {logging_mixin.py:188} WARNING - /home/***/.local/lib/python3.12/site-packages/***/task/task_runner/standard_task_runner.py:62 DeprecationWarning: This process (pid=1486) is multi-threaded, use of fork() may lead to deadlocks in the child.
[2025-10-23T09:02:40.459+0000] {standard_task_runner.py:64} INFO - Started process 1488 to run task
[2025-10-23T09:02:40.458+0000] {standard_task_runner.py:90} INFO - Running: ['***', 'tasks', 'run', 'load_neo4j_from_gold', 'wait_for_export_gold', 'manual__2025-10-23T09:00:05.160704+00:00', '--job-id', '44', '--raw', '--subdir', 'DAGS_FOLDER/load_neo4j_from_gold.py', '--cfg-path', '/tmp/tmpphaqm6f6']
[2025-10-23T09:02:40.460+0000] {standard_task_runner.py:91} INFO - Job 44: Subtask wait_for_export_gold
[2025-10-23T09:02:40.497+0000] {task_command.py:426} INFO - Running <TaskInstance: load_neo4j_from_gold.wait_for_export_gold manual__2025-10-23T09:00:05.160704+00:00 [running]> on host c48d41bd1c66
[2025-10-23T09:02:40.550+0000] {taskinstance.py:2648} INFO - Exporting env vars: AIRFLOW_CTX_DAG_OWNER='***' AIRFLOW_CTX_DAG_ID='load_neo4j_from_gold' AIRFLOW_CTX_TASK_ID='wait_for_export_gold' AIRFLOW_CTX_EXECUTION_DATE='2025-10-23T09:00:05.160704+00:00' AIRFLOW_CTX_TRY_NUMBER='1' AIRFLOW_CTX_DAG_RUN_ID='manual__2025-10-23T09:00:05.160704+00:00'
[2025-10-23T09:02:40.550+0000] {taskinstance.py:430} INFO - ::endgroup::
[2025-10-23T09:02:40.559+0000] {baseoperator.py:400} WARNING - ExternalTaskSensor.execute cannot be called outside TaskInstance!
[2025-10-23T09:02:40.566+0000] {external_task.py:258} INFO - Poking for tasks ['export_gold_csv'] in dag ingest_kg on 2025-10-23T09:00:05.160704+00:00 ... 
[2025-10-23T09:02:40.568+0000] {logging_mixin.py:188} WARNING - /home/***/.local/lib/python3.12/site-packages/***/utils/session.py:79 DeprecationWarning: This method is deprecated and will be removed in future.
[2025-10-23T09:02:40.585+0000] {taskinstance.py:441} INFO - ::group::Post task execution logs
[2025-10-23T09:02:40.610+0000] {taskinstance.py:2865} INFO - Rescheduling task, marking task as UP_FOR_RESCHEDULE
[2025-10-23T09:02:40.637+0000] {local_task_job_runner.py:243} INFO - Task exited with return code 0
[2025-10-23T09:02:40.656+0000] {taskinstance.py:3503} INFO - 0 downstream tasks scheduled from follow-on schedule check
[2025-10-23T09:02:40.656+0000] {local_task_job_runner.py:222} INFO - ::endgroup::
[2025-10-23T09:03:11.704+0000] {local_task_job_runner.py:120} INFO - ::group::Pre task execution logs
[2025-10-23T09:03:11.724+0000] {taskinstance.py:2076} INFO - Dependencies all met for dep_context=non-requeueable deps ti=<TaskInstance: load_neo4j_from_gold.wait_for_export_gold manual__2025-10-23T09:00:05.160704+00:00 [queued]>
[2025-10-23T09:03:11.728+0000] {taskinstance.py:2076} INFO - Dependencies all met for dep_context=requeueable deps ti=<TaskInstance: load_neo4j_from_gold.wait_for_export_gold manual__2025-10-23T09:00:05.160704+00:00 [queued]>
[2025-10-23T09:03:11.728+0000] {taskinstance.py:2306} INFO - Starting attempt 1 of 1
[2025-10-23T09:03:11.735+0000] {taskinstance.py:2330} INFO - Executing <Task(ExternalTaskSensor): wait_for_export_gold> on 2025-10-23 09:00:05.160704+00:00
[2025-10-23T09:03:11.739+0000] {logging_mixin.py:188} WARNING - /home/***/.local/lib/python3.12/site-packages/***/task/task_runner/standard_task_runner.py:62 DeprecationWarning: This process (pid=1607) is multi-threaded, use of fork() may lead to deadlocks in the child.
[2025-10-23T09:03:11.740+0000] {standard_task_runner.py:64} INFO - Started process 1611 to run task
[2025-10-23T09:03:11.742+0000] {standard_task_runner.py:90} INFO - Running: ['***', 'tasks', 'run', 'load_neo4j_from_gold', 'wait_for_export_gold', 'manual__2025-10-23T09:00:05.160704+00:00', '--job-id', '54', '--raw', '--subdir', 'DAGS_FOLDER/load_neo4j_from_gold.py', '--cfg-path', '/tmp/tmpskb4yd3h']
[2025-10-23T09:03:11.743+0000] {standard_task_runner.py:91} INFO - Job 54: Subtask wait_for_export_gold
[2025-10-23T09:03:11.805+0000] {task_command.py:426} INFO - Running <TaskInstance: load_neo4j_from_gold.wait_for_export_gold manual__2025-10-23T09:00:05.160704+00:00 [running]> on host c48d41bd1c66
[2025-10-23T09:03:11.872+0000] {taskinstance.py:2648} INFO - Exporting env vars: AIRFLOW_CTX_DAG_OWNER='***' AIRFLOW_CTX_DAG_ID='load_neo4j_from_gold' AIRFLOW_CTX_TASK_ID='wait_for_export_gold' AIRFLOW_CTX_EXECUTION_DATE='2025-10-23T09:00:05.160704+00:00' AIRFLOW_CTX_TRY_NUMBER='1' AIRFLOW_CTX_DAG_RUN_ID='manual__2025-10-23T09:00:05.160704+00:00'
[2025-10-23T09:03:11.873+0000] {taskinstance.py:430} INFO - ::endgroup::
[2025-10-23T09:03:11.882+0000] {baseoperator.py:400} WARNING - ExternalTaskSensor.execute cannot be called outside TaskInstance!
[2025-10-23T09:03:11.890+0000] {external_task.py:258} INFO - Poking for tasks ['export_gold_csv'] in dag ingest_kg on 2025-10-23T09:00:05.160704+00:00 ... 
[2025-10-23T09:03:11.892+0000] {logging_mixin.py:188} WARNING - /home/***/.local/lib/python3.12/site-packages/***/utils/session.py:79 DeprecationWarning: This method is deprecated and will be removed in future.
[2025-10-23T09:03:11.903+0000] {taskinstance.py:441} INFO - ::group::Post task execution logs
[2025-10-23T09:03:11.922+0000] {taskinstance.py:2865} INFO - Rescheduling task, marking task as UP_FOR_RESCHEDULE
[2025-10-23T09:03:11.964+0000] {local_task_job_runner.py:243} INFO - Task exited with return code 0
[2025-10-23T09:03:11.972+0000] {local_task_job_runner.py:222} INFO - ::endgroup::
[2025-10-23T09:03:42.620+0000] {local_task_job_runner.py:120} INFO - ::group::Pre task execution logs
[2025-10-23T09:03:42.653+0000] {taskinstance.py:2076} INFO - Dependencies all met for dep_context=non-requeueable deps ti=<TaskInstance: load_neo4j_from_gold.wait_for_export_gold manual__2025-10-23T09:00:05.160704+00:00 [queued]>
[2025-10-23T09:03:42.658+0000] {taskinstance.py:2076} INFO - Dependencies all met for dep_context=requeueable deps ti=<TaskInstance: load_neo4j_from_gold.wait_for_export_gold manual__2025-10-23T09:00:05.160704+00:00 [queued]>
[2025-10-23T09:03:42.658+0000] {taskinstance.py:2306} INFO - Starting attempt 1 of 1
[2025-10-23T09:03:42.668+0000] {taskinstance.py:2330} INFO - Executing <Task(ExternalTaskSensor): wait_for_export_gold> on 2025-10-23 09:00:05.160704+00:00
[2025-10-23T09:03:42.676+0000] {logging_mixin.py:188} WARNING - /home/***/.local/lib/python3.12/site-packages/***/task/task_runner/standard_task_runner.py:62 DeprecationWarning: This process (pid=1629) is multi-threaded, use of fork() may lead to deadlocks in the child.
[2025-10-23T09:03:42.676+0000] {standard_task_runner.py:64} INFO - Started process 1631 to run task
[2025-10-23T09:03:42.676+0000] {standard_task_runner.py:90} INFO - Running: ['***', 'tasks', 'run', 'load_neo4j_from_gold', 'wait_for_export_gold', 'manual__2025-10-23T09:00:05.160704+00:00', '--job-id', '58', '--raw', '--subdir', 'DAGS_FOLDER/load_neo4j_from_gold.py', '--cfg-path', '/tmp/tmpsitvlw7o']
[2025-10-23T09:03:42.678+0000] {standard_task_runner.py:91} INFO - Job 58: Subtask wait_for_export_gold
[2025-10-23T09:03:42.757+0000] {task_command.py:426} INFO - Running <TaskInstance: load_neo4j_from_gold.wait_for_export_gold manual__2025-10-23T09:00:05.160704+00:00 [running]> on host c48d41bd1c66
[2025-10-23T09:03:42.997+0000] {taskinstance.py:2648} INFO - Exporting env vars: AIRFLOW_CTX_DAG_OWNER='***' AIRFLOW_CTX_DAG_ID='load_neo4j_from_gold' AIRFLOW_CTX_TASK_ID='wait_for_export_gold' AIRFLOW_CTX_EXECUTION_DATE='2025-10-23T09:00:05.160704+00:00' AIRFLOW_CTX_TRY_NUMBER='1' AIRFLOW_CTX_DAG_RUN_ID='manual__2025-10-23T09:00:05.160704+00:00'
[2025-10-23T09:03:42.998+0000] {taskinstance.py:430} INFO - ::endgroup::
[2025-10-23T09:03:43.012+0000] {baseoperator.py:400} WARNING - ExternalTaskSensor.execute cannot be called outside TaskInstance!
[2025-10-23T09:03:43.025+0000] {external_task.py:258} INFO - Poking for tasks ['export_gold_csv'] in dag ingest_kg on 2025-10-23T09:00:05.160704+00:00 ... 
[2025-10-23T09:03:43.027+0000] {logging_mixin.py:188} WARNING - /home/***/.local/lib/python3.12/site-packages/***/utils/session.py:79 DeprecationWarning: This method is deprecated and will be removed in future.
[2025-10-23T09:03:43.050+0000] {taskinstance.py:441} INFO - ::group::Post task execution logs
[2025-10-23T09:03:43.070+0000] {taskinstance.py:2865} INFO - Rescheduling task, marking task as UP_FOR_RESCHEDULE
[2025-10-23T09:03:43.108+0000] {local_task_job_runner.py:243} INFO - Task exited with return code 0
[2025-10-23T09:03:43.130+0000] {taskinstance.py:3503} INFO - 0 downstream tasks scheduled from follow-on schedule check
[2025-10-23T09:03:43.131+0000] {local_task_job_runner.py:222} INFO - ::endgroup::
[2025-10-23T09:04:13.921+0000] {local_task_job_runner.py:120} INFO - ::group::Pre task execution logs
[2025-10-23T09:04:13.942+0000] {taskinstance.py:2076} INFO - Dependencies all met for dep_context=non-requeueable deps ti=<TaskInstance: load_neo4j_from_gold.wait_for_export_gold manual__2025-10-23T09:00:05.160704+00:00 [queued]>
[2025-10-23T09:04:13.945+0000] {taskinstance.py:2076} INFO - Dependencies all met for dep_context=requeueable deps ti=<TaskInstance: load_neo4j_from_gold.wait_for_export_gold manual__2025-10-23T09:00:05.160704+00:00 [queued]>
[2025-10-23T09:04:13.945+0000] {taskinstance.py:2306} INFO - Starting attempt 1 of 1
[2025-10-23T09:04:13.952+0000] {taskinstance.py:2330} INFO - Executing <Task(ExternalTaskSensor): wait_for_export_gold> on 2025-10-23 09:00:05.160704+00:00
[2025-10-23T09:04:13.958+0000] {logging_mixin.py:188} WARNING - /home/***/.local/lib/python3.12/site-packages/***/task/task_runner/standard_task_runner.py:62 DeprecationWarning: This process (pid=1753) is multi-threaded, use of fork() may lead to deadlocks in the child.
[2025-10-23T09:04:13.958+0000] {standard_task_runner.py:90} INFO - Running: ['***', 'tasks', 'run', 'load_neo4j_from_gold', 'wait_for_export_gold', 'manual__2025-10-23T09:00:05.160704+00:00', '--job-id', '68', '--raw', '--subdir', 'DAGS_FOLDER/load_neo4j_from_gold.py', '--cfg-path', '/tmp/tmpn20rxdwr']
[2025-10-23T09:04:13.960+0000] {standard_task_runner.py:64} INFO - Started process 1755 to run task
[2025-10-23T09:04:13.960+0000] {standard_task_runner.py:91} INFO - Job 68: Subtask wait_for_export_gold
[2025-10-23T09:04:13.999+0000] {task_command.py:426} INFO - Running <TaskInstance: load_neo4j_from_gold.wait_for_export_gold manual__2025-10-23T09:00:05.160704+00:00 [running]> on host c48d41bd1c66
[2025-10-23T09:04:14.049+0000] {taskinstance.py:2648} INFO - Exporting env vars: AIRFLOW_CTX_DAG_OWNER='***' AIRFLOW_CTX_DAG_ID='load_neo4j_from_gold' AIRFLOW_CTX_TASK_ID='wait_for_export_gold' AIRFLOW_CTX_EXECUTION_DATE='2025-10-23T09:00:05.160704+00:00' AIRFLOW_CTX_TRY_NUMBER='1' AIRFLOW_CTX_DAG_RUN_ID='manual__2025-10-23T09:00:05.160704+00:00'
[2025-10-23T09:04:14.050+0000] {taskinstance.py:430} INFO - ::endgroup::
[2025-10-23T09:04:14.059+0000] {baseoperator.py:400} WARNING - ExternalTaskSensor.execute cannot be called outside TaskInstance!
[2025-10-23T09:04:14.065+0000] {external_task.py:258} INFO - Poking for tasks ['export_gold_csv'] in dag ingest_kg on 2025-10-23T09:00:05.160704+00:00 ... 
[2025-10-23T09:04:14.066+0000] {logging_mixin.py:188} WARNING - /home/***/.local/lib/python3.12/site-packages/***/utils/session.py:79 DeprecationWarning: This method is deprecated and will be removed in future.
[2025-10-23T09:04:14.075+0000] {taskinstance.py:441} INFO - ::group::Post task execution logs
[2025-10-23T09:04:14.089+0000] {taskinstance.py:2865} INFO - Rescheduling task, marking task as UP_FOR_RESCHEDULE
[2025-10-23T09:04:14.099+0000] {local_task_job_runner.py:243} INFO - Task exited with return code 0
[2025-10-23T09:04:14.114+0000] {taskinstance.py:3503} INFO - 0 downstream tasks scheduled from follow-on schedule check
[2025-10-23T09:04:14.114+0000] {local_task_job_runner.py:222} INFO - ::endgroup::
[2025-10-23T09:04:44.344+0000] {local_task_job_runner.py:120} INFO - ::group::Pre task execution logs
[2025-10-23T09:04:44.366+0000] {taskinstance.py:2076} INFO - Dependencies all met for dep_context=non-requeueable deps ti=<TaskInstance: load_neo4j_from_gold.wait_for_export_gold manual__2025-10-23T09:00:05.160704+00:00 [queued]>
[2025-10-23T09:04:44.370+0000] {taskinstance.py:2076} INFO - Dependencies all met for dep_context=requeueable deps ti=<TaskInstance: load_neo4j_from_gold.wait_for_export_gold manual__2025-10-23T09:00:05.160704+00:00 [queued]>
[2025-10-23T09:04:44.370+0000] {taskinstance.py:2306} INFO - Starting attempt 1 of 1
[2025-10-23T09:04:44.377+0000] {taskinstance.py:2330} INFO - Executing <Task(ExternalTaskSensor): wait_for_export_gold> on 2025-10-23 09:00:05.160704+00:00
[2025-10-23T09:04:44.392+0000] {logging_mixin.py:188} WARNING - /home/***/.local/lib/python3.12/site-packages/***/task/task_runner/standard_task_runner.py:62 DeprecationWarning: This process (pid=1777) is multi-threaded, use of fork() may lead to deadlocks in the child.
[2025-10-23T09:04:44.394+0000] {standard_task_runner.py:64} INFO - Started process 1779 to run task
[2025-10-23T09:04:44.391+0000] {standard_task_runner.py:90} INFO - Running: ['***', 'tasks', 'run', 'load_neo4j_from_gold', 'wait_for_export_gold', 'manual__2025-10-23T09:00:05.160704+00:00', '--job-id', '75', '--raw', '--subdir', 'DAGS_FOLDER/load_neo4j_from_gold.py', '--cfg-path', '/tmp/tmpy38wdqbd']
[2025-10-23T09:04:44.397+0000] {standard_task_runner.py:91} INFO - Job 75: Subtask wait_for_export_gold
[2025-10-23T09:04:44.437+0000] {task_command.py:426} INFO - Running <TaskInstance: load_neo4j_from_gold.wait_for_export_gold manual__2025-10-23T09:00:05.160704+00:00 [running]> on host c48d41bd1c66
[2025-10-23T09:04:44.494+0000] {taskinstance.py:2648} INFO - Exporting env vars: AIRFLOW_CTX_DAG_OWNER='***' AIRFLOW_CTX_DAG_ID='load_neo4j_from_gold' AIRFLOW_CTX_TASK_ID='wait_for_export_gold' AIRFLOW_CTX_EXECUTION_DATE='2025-10-23T09:00:05.160704+00:00' AIRFLOW_CTX_TRY_NUMBER='1' AIRFLOW_CTX_DAG_RUN_ID='manual__2025-10-23T09:00:05.160704+00:00'
[2025-10-23T09:04:44.494+0000] {taskinstance.py:430} INFO - ::endgroup::
[2025-10-23T09:04:44.502+0000] {baseoperator.py:400} WARNING - ExternalTaskSensor.execute cannot be called outside TaskInstance!
[2025-10-23T09:04:44.508+0000] {external_task.py:258} INFO - Poking for tasks ['export_gold_csv'] in dag ingest_kg on 2025-10-23T09:00:05.160704+00:00 ... 
[2025-10-23T09:04:44.510+0000] {logging_mixin.py:188} WARNING - /home/***/.local/lib/python3.12/site-packages/***/utils/session.py:79 DeprecationWarning: This method is deprecated and will be removed in future.
[2025-10-23T09:04:44.518+0000] {taskinstance.py:441} INFO - ::group::Post task execution logs
[2025-10-23T09:04:44.532+0000] {taskinstance.py:2865} INFO - Rescheduling task, marking task as UP_FOR_RESCHEDULE
[2025-10-23T09:04:44.577+0000] {local_task_job_runner.py:243} INFO - Task exited with return code 0
[2025-10-23T09:04:44.591+0000] {taskinstance.py:3503} INFO - 0 downstream tasks scheduled from follow-on schedule check
[2025-10-23T09:04:44.591+0000] {local_task_job_runner.py:222} INFO - ::endgroup::
[2025-10-23T09:05:15.811+0000] {local_task_job_runner.py:120} INFO - ::group::Pre task execution logs
[2025-10-23T09:05:15.843+0000] {taskinstance.py:2076} INFO - Dependencies all met for dep_context=non-requeueable deps ti=<TaskInstance: load_neo4j_from_gold.wait_for_export_gold manual__2025-10-23T09:00:05.160704+00:00 [queued]>
[2025-10-23T09:05:15.847+0000] {taskinstance.py:2076} INFO - Dependencies all met for dep_context=requeueable deps ti=<TaskInstance: load_neo4j_from_gold.wait_for_export_gold manual__2025-10-23T09:00:05.160704+00:00 [queued]>
[2025-10-23T09:05:15.848+0000] {taskinstance.py:2306} INFO - Starting attempt 1 of 1
[2025-10-23T09:05:15.856+0000] {taskinstance.py:2330} INFO - Executing <Task(ExternalTaskSensor): wait_for_export_gold> on 2025-10-23 09:00:05.160704+00:00
[2025-10-23T09:05:15.862+0000] {logging_mixin.py:188} WARNING - /home/***/.local/lib/python3.12/site-packages/***/task/task_runner/standard_task_runner.py:62 DeprecationWarning: This process (pid=1802) is multi-threaded, use of fork() may lead to deadlocks in the child.
[2025-10-23T09:05:15.861+0000] {standard_task_runner.py:90} INFO - Running: ['***', 'tasks', 'run', 'load_neo4j_from_gold', 'wait_for_export_gold', 'manual__2025-10-23T09:00:05.160704+00:00', '--job-id', '83', '--raw', '--subdir', 'DAGS_FOLDER/load_neo4j_from_gold.py', '--cfg-path', '/tmp/tmppj9x32md']
[2025-10-23T09:05:15.864+0000] {standard_task_runner.py:64} INFO - Started process 1804 to run task
[2025-10-23T09:05:15.864+0000] {standard_task_runner.py:91} INFO - Job 83: Subtask wait_for_export_gold
[2025-10-23T09:05:15.913+0000] {task_command.py:426} INFO - Running <TaskInstance: load_neo4j_from_gold.wait_for_export_gold manual__2025-10-23T09:00:05.160704+00:00 [running]> on host c48d41bd1c66
[2025-10-23T09:05:15.968+0000] {taskinstance.py:2648} INFO - Exporting env vars: AIRFLOW_CTX_DAG_OWNER='***' AIRFLOW_CTX_DAG_ID='load_neo4j_from_gold' AIRFLOW_CTX_TASK_ID='wait_for_export_gold' AIRFLOW_CTX_EXECUTION_DATE='2025-10-23T09:00:05.160704+00:00' AIRFLOW_CTX_TRY_NUMBER='1' AIRFLOW_CTX_DAG_RUN_ID='manual__2025-10-23T09:00:05.160704+00:00'
[2025-10-23T09:05:15.969+0000] {taskinstance.py:430} INFO - ::endgroup::
[2025-10-23T09:05:15.977+0000] {baseoperator.py:400} WARNING - ExternalTaskSensor.execute cannot be called outside TaskInstance!
[2025-10-23T09:05:15.984+0000] {external_task.py:258} INFO - Poking for tasks ['export_gold_csv'] in dag ingest_kg on 2025-10-23T09:00:05.160704+00:00 ... 
[2025-10-23T09:05:15.986+0000] {logging_mixin.py:188} WARNING - /home/***/.local/lib/python3.12/site-packages/***/utils/session.py:79 DeprecationWarning: This method is deprecated and will be removed in future.
[2025-10-23T09:05:15.995+0000] {taskinstance.py:441} INFO - ::group::Post task execution logs
[2025-10-23T09:05:16.009+0000] {taskinstance.py:2865} INFO - Rescheduling task, marking task as UP_FOR_RESCHEDULE
[2025-10-23T09:05:16.045+0000] {local_task_job_runner.py:243} INFO - Task exited with return code 0
[2025-10-23T09:05:16.060+0000] {taskinstance.py:3503} INFO - 0 downstream tasks scheduled from follow-on schedule check
[2025-10-23T09:05:16.062+0000] {local_task_job_runner.py:222} INFO - ::endgroup::
[2025-10-23T09:05:46.279+0000] {local_task_job_runner.py:120} INFO - ::group::Pre task execution logs
[2025-10-23T09:05:46.406+0000] {taskinstance.py:2076} INFO - Dependencies all met for dep_context=non-requeueable deps ti=<TaskInstance: load_neo4j_from_gold.wait_for_export_gold manual__2025-10-23T09:00:05.160704+00:00 [queued]>
[2025-10-23T09:05:46.412+0000] {taskinstance.py:2076} INFO - Dependencies all met for dep_context=requeueable deps ti=<TaskInstance: load_neo4j_from_gold.wait_for_export_gold manual__2025-10-23T09:00:05.160704+00:00 [queued]>
[2025-10-23T09:05:46.412+0000] {taskinstance.py:2306} INFO - Starting attempt 1 of 1
[2025-10-23T09:05:46.421+0000] {taskinstance.py:2330} INFO - Executing <Task(ExternalTaskSensor): wait_for_export_gold> on 2025-10-23 09:00:05.160704+00:00
[2025-10-23T09:05:46.443+0000] {logging_mixin.py:188} WARNING - /home/***/.local/lib/python3.12/site-packages/***/task/task_runner/standard_task_runner.py:62 DeprecationWarning: This process (pid=1827) is multi-threaded, use of fork() may lead to deadlocks in the child.
[2025-10-23T09:05:46.438+0000] {standard_task_runner.py:90} INFO - Running: ['***', 'tasks', 'run', 'load_neo4j_from_gold', 'wait_for_export_gold', 'manual__2025-10-23T09:00:05.160704+00:00', '--job-id', '90', '--raw', '--subdir', 'DAGS_FOLDER/load_neo4j_from_gold.py', '--cfg-path', '/tmp/tmp3lc6k904']
[2025-10-23T09:05:46.443+0000] {standard_task_runner.py:64} INFO - Started process 1831 to run task
[2025-10-23T09:05:46.443+0000] {standard_task_runner.py:91} INFO - Job 90: Subtask wait_for_export_gold
[2025-10-23T09:05:46.500+0000] {task_command.py:426} INFO - Running <TaskInstance: load_neo4j_from_gold.wait_for_export_gold manual__2025-10-23T09:00:05.160704+00:00 [running]> on host c48d41bd1c66
[2025-10-23T09:05:46.554+0000] {taskinstance.py:2648} INFO - Exporting env vars: AIRFLOW_CTX_DAG_OWNER='***' AIRFLOW_CTX_DAG_ID='load_neo4j_from_gold' AIRFLOW_CTX_TASK_ID='wait_for_export_gold' AIRFLOW_CTX_EXECUTION_DATE='2025-10-23T09:00:05.160704+00:00' AIRFLOW_CTX_TRY_NUMBER='1' AIRFLOW_CTX_DAG_RUN_ID='manual__2025-10-23T09:00:05.160704+00:00'
[2025-10-23T09:05:46.554+0000] {taskinstance.py:430} INFO - ::endgroup::
[2025-10-23T09:05:46.564+0000] {baseoperator.py:400} WARNING - ExternalTaskSensor.execute cannot be called outside TaskInstance!
[2025-10-23T09:05:46.571+0000] {external_task.py:258} INFO - Poking for tasks ['export_gold_csv'] in dag ingest_kg on 2025-10-23T09:00:05.160704+00:00 ... 
[2025-10-23T09:05:46.573+0000] {logging_mixin.py:188} WARNING - /home/***/.local/lib/python3.12/site-packages/***/utils/session.py:79 DeprecationWarning: This method is deprecated and will be removed in future.
[2025-10-23T09:05:46.583+0000] {taskinstance.py:441} INFO - ::group::Post task execution logs
[2025-10-23T09:05:46.602+0000] {taskinstance.py:2865} INFO - Rescheduling task, marking task as UP_FOR_RESCHEDULE
[2025-10-23T09:05:46.626+0000] {local_task_job_runner.py:243} INFO - Task exited with return code 0
[2025-10-23T09:05:46.642+0000] {taskinstance.py:3503} INFO - 0 downstream tasks scheduled from follow-on schedule check
[2025-10-23T09:05:46.643+0000] {local_task_job_runner.py:222} INFO - ::endgroup::
[2025-10-23T09:06:17.381+0000] {local_task_job_runner.py:120} INFO - ::group::Pre task execution logs
[2025-10-23T09:06:17.397+0000] {taskinstance.py:2076} INFO - Dependencies all met for dep_context=non-requeueable deps ti=<TaskInstance: load_neo4j_from_gold.wait_for_export_gold manual__2025-10-23T09:00:05.160704+00:00 [queued]>
[2025-10-23T09:06:17.401+0000] {taskinstance.py:2076} INFO - Dependencies all met for dep_context=requeueable deps ti=<TaskInstance: load_neo4j_from_gold.wait_for_export_gold manual__2025-10-23T09:00:05.160704+00:00 [queued]>
[2025-10-23T09:06:17.401+0000] {taskinstance.py:2306} INFO - Starting attempt 1 of 1
[2025-10-23T09:06:17.407+0000] {taskinstance.py:2330} INFO - Executing <Task(ExternalTaskSensor): wait_for_export_gold> on 2025-10-23 09:00:05.160704+00:00
[2025-10-23T09:06:17.412+0000] {logging_mixin.py:188} WARNING - /home/***/.local/lib/python3.12/site-packages/***/task/task_runner/standard_task_runner.py:62 DeprecationWarning: This process (pid=1853) is multi-threaded, use of fork() may lead to deadlocks in the child.
[2025-10-23T09:06:17.413+0000] {standard_task_runner.py:64} INFO - Started process 1856 to run task
[2025-10-23T09:06:17.415+0000] {standard_task_runner.py:90} INFO - Running: ['***', 'tasks', 'run', 'load_neo4j_from_gold', 'wait_for_export_gold', 'manual__2025-10-23T09:00:05.160704+00:00', '--job-id', '98', '--raw', '--subdir', 'DAGS_FOLDER/load_neo4j_from_gold.py', '--cfg-path', '/tmp/tmp0u4y47qh']
[2025-10-23T09:06:17.417+0000] {standard_task_runner.py:91} INFO - Job 98: Subtask wait_for_export_gold
[2025-10-23T09:06:17.462+0000] {task_command.py:426} INFO - Running <TaskInstance: load_neo4j_from_gold.wait_for_export_gold manual__2025-10-23T09:00:05.160704+00:00 [running]> on host c48d41bd1c66
[2025-10-23T09:06:17.518+0000] {taskinstance.py:2648} INFO - Exporting env vars: AIRFLOW_CTX_DAG_OWNER='***' AIRFLOW_CTX_DAG_ID='load_neo4j_from_gold' AIRFLOW_CTX_TASK_ID='wait_for_export_gold' AIRFLOW_CTX_EXECUTION_DATE='2025-10-23T09:00:05.160704+00:00' AIRFLOW_CTX_TRY_NUMBER='1' AIRFLOW_CTX_DAG_RUN_ID='manual__2025-10-23T09:00:05.160704+00:00'
[2025-10-23T09:06:17.519+0000] {taskinstance.py:430} INFO - ::endgroup::
[2025-10-23T09:06:17.527+0000] {baseoperator.py:400} WARNING - ExternalTaskSensor.execute cannot be called outside TaskInstance!
[2025-10-23T09:06:17.533+0000] {external_task.py:258} INFO - Poking for tasks ['export_gold_csv'] in dag ingest_kg on 2025-10-23T09:00:05.160704+00:00 ... 
[2025-10-23T09:06:17.534+0000] {logging_mixin.py:188} WARNING - /home/***/.local/lib/python3.12/site-packages/***/utils/session.py:79 DeprecationWarning: This method is deprecated and will be removed in future.
[2025-10-23T09:06:17.542+0000] {taskinstance.py:441} INFO - ::group::Post task execution logs
[2025-10-23T09:06:17.553+0000] {taskinstance.py:2865} INFO - Rescheduling task, marking task as UP_FOR_RESCHEDULE
[2025-10-23T09:06:17.595+0000] {local_task_job_runner.py:243} INFO - Task exited with return code 0
[2025-10-23T09:06:17.608+0000] {taskinstance.py:3503} INFO - 0 downstream tasks scheduled from follow-on schedule check
[2025-10-23T09:06:17.608+0000] {local_task_job_runner.py:222} INFO - ::endgroup::
[2025-10-23T09:06:48.036+0000] {local_task_job_runner.py:120} INFO - ::group::Pre task execution logs
[2025-10-23T09:06:48.055+0000] {taskinstance.py:2076} INFO - Dependencies all met for dep_context=non-requeueable deps ti=<TaskInstance: load_neo4j_from_gold.wait_for_export_gold manual__2025-10-23T09:00:05.160704+00:00 [queued]>
[2025-10-23T09:06:48.059+0000] {taskinstance.py:2076} INFO - Dependencies all met for dep_context=requeueable deps ti=<TaskInstance: load_neo4j_from_gold.wait_for_export_gold manual__2025-10-23T09:00:05.160704+00:00 [queued]>
[2025-10-23T09:06:48.059+0000] {taskinstance.py:2306} INFO - Starting attempt 1 of 1
[2025-10-23T09:06:48.066+0000] {taskinstance.py:2330} INFO - Executing <Task(ExternalTaskSensor): wait_for_export_gold> on 2025-10-23 09:00:05.160704+00:00
[2025-10-23T09:06:48.069+0000] {standard_task_runner.py:90} INFO - Running: ['***', 'tasks', 'run', 'load_neo4j_from_gold', 'wait_for_export_gold', 'manual__2025-10-23T09:00:05.160704+00:00', '--job-id', '107', '--raw', '--subdir', 'DAGS_FOLDER/load_neo4j_from_gold.py', '--cfg-path', '/tmp/tmpu8td_q5y']
[2025-10-23T09:06:48.070+0000] {standard_task_runner.py:91} INFO - Job 107: Subtask wait_for_export_gold
[2025-10-23T09:06:48.071+0000] {logging_mixin.py:188} WARNING - /home/***/.local/lib/python3.12/site-packages/***/task/task_runner/standard_task_runner.py:62 DeprecationWarning: This process (pid=1878) is multi-threaded, use of fork() may lead to deadlocks in the child.
[2025-10-23T09:06:48.071+0000] {standard_task_runner.py:64} INFO - Started process 1880 to run task
[2025-10-23T09:06:48.101+0000] {task_command.py:426} INFO - Running <TaskInstance: load_neo4j_from_gold.wait_for_export_gold manual__2025-10-23T09:00:05.160704+00:00 [running]> on host c48d41bd1c66
[2025-10-23T09:06:48.149+0000] {taskinstance.py:2648} INFO - Exporting env vars: AIRFLOW_CTX_DAG_OWNER='***' AIRFLOW_CTX_DAG_ID='load_neo4j_from_gold' AIRFLOW_CTX_TASK_ID='wait_for_export_gold' AIRFLOW_CTX_EXECUTION_DATE='2025-10-23T09:00:05.160704+00:00' AIRFLOW_CTX_TRY_NUMBER='1' AIRFLOW_CTX_DAG_RUN_ID='manual__2025-10-23T09:00:05.160704+00:00'
[2025-10-23T09:06:48.149+0000] {taskinstance.py:430} INFO - ::endgroup::
[2025-10-23T09:06:48.160+0000] {baseoperator.py:400} WARNING - ExternalTaskSensor.execute cannot be called outside TaskInstance!
[2025-10-23T09:06:48.166+0000] {external_task.py:258} INFO - Poking for tasks ['export_gold_csv'] in dag ingest_kg on 2025-10-23T09:00:05.160704+00:00 ... 
[2025-10-23T09:06:48.167+0000] {logging_mixin.py:188} WARNING - /home/***/.local/lib/python3.12/site-packages/***/utils/session.py:79 DeprecationWarning: This method is deprecated and will be removed in future.
[2025-10-23T09:06:48.175+0000] {taskinstance.py:441} INFO - ::group::Post task execution logs
[2025-10-23T09:06:48.187+0000] {taskinstance.py:2865} INFO - Rescheduling task, marking task as UP_FOR_RESCHEDULE
[2025-10-23T09:06:48.213+0000] {local_task_job_runner.py:243} INFO - Task exited with return code 0
[2025-10-23T09:06:48.230+0000] {taskinstance.py:3503} INFO - 0 downstream tasks scheduled from follow-on schedule check
[2025-10-23T09:06:48.231+0000] {local_task_job_runner.py:222} INFO - ::endgroup::
[2025-10-23T09:07:18.545+0000] {local_task_job_runner.py:120} INFO - ::group::Pre task execution logs
[2025-10-23T09:07:18.567+0000] {taskinstance.py:2076} INFO - Dependencies all met for dep_context=non-requeueable deps ti=<TaskInstance: load_neo4j_from_gold.wait_for_export_gold manual__2025-10-23T09:00:05.160704+00:00 [queued]>
[2025-10-23T09:07:18.571+0000] {taskinstance.py:2076} INFO - Dependencies all met for dep_context=requeueable deps ti=<TaskInstance: load_neo4j_from_gold.wait_for_export_gold manual__2025-10-23T09:00:05.160704+00:00 [queued]>
[2025-10-23T09:07:18.571+0000] {taskinstance.py:2306} INFO - Starting attempt 1 of 1
[2025-10-23T09:07:18.579+0000] {taskinstance.py:2330} INFO - Executing <Task(ExternalTaskSensor): wait_for_export_gold> on 2025-10-23 09:00:05.160704+00:00
[2025-10-23T09:07:18.585+0000] {logging_mixin.py:188} WARNING - /home/***/.local/lib/python3.12/site-packages/***/task/task_runner/standard_task_runner.py:62 DeprecationWarning: This process (pid=2158) is multi-threaded, use of fork() may lead to deadlocks in the child.
[2025-10-23T09:07:18.586+0000] {standard_task_runner.py:64} INFO - Started process 2162 to run task
[2025-10-23T09:07:18.586+0000] {standard_task_runner.py:90} INFO - Running: ['***', 'tasks', 'run', 'load_neo4j_from_gold', 'wait_for_export_gold', 'manual__2025-10-23T09:00:05.160704+00:00', '--job-id', '127', '--raw', '--subdir', 'DAGS_FOLDER/load_neo4j_from_gold.py', '--cfg-path', '/tmp/tmpeqx45rvj']
[2025-10-23T09:07:18.588+0000] {standard_task_runner.py:91} INFO - Job 127: Subtask wait_for_export_gold
[2025-10-23T09:07:18.618+0000] {task_command.py:426} INFO - Running <TaskInstance: load_neo4j_from_gold.wait_for_export_gold manual__2025-10-23T09:00:05.160704+00:00 [running]> on host c48d41bd1c66
[2025-10-23T09:07:18.667+0000] {taskinstance.py:2648} INFO - Exporting env vars: AIRFLOW_CTX_DAG_OWNER='***' AIRFLOW_CTX_DAG_ID='load_neo4j_from_gold' AIRFLOW_CTX_TASK_ID='wait_for_export_gold' AIRFLOW_CTX_EXECUTION_DATE='2025-10-23T09:00:05.160704+00:00' AIRFLOW_CTX_TRY_NUMBER='1' AIRFLOW_CTX_DAG_RUN_ID='manual__2025-10-23T09:00:05.160704+00:00'
[2025-10-23T09:07:18.668+0000] {taskinstance.py:430} INFO - ::endgroup::
[2025-10-23T09:07:18.676+0000] {baseoperator.py:400} WARNING - ExternalTaskSensor.execute cannot be called outside TaskInstance!
[2025-10-23T09:07:18.683+0000] {external_task.py:258} INFO - Poking for tasks ['export_gold_csv'] in dag ingest_kg on 2025-10-23T09:00:05.160704+00:00 ... 
[2025-10-23T09:07:18.684+0000] {logging_mixin.py:188} WARNING - /home/***/.local/lib/python3.12/site-packages/***/utils/session.py:79 DeprecationWarning: This method is deprecated and will be removed in future.
[2025-10-23T09:07:18.694+0000] {taskinstance.py:441} INFO - ::group::Post task execution logs
[2025-10-23T09:07:18.707+0000] {taskinstance.py:2865} INFO - Rescheduling task, marking task as UP_FOR_RESCHEDULE
[2025-10-23T09:07:18.726+0000] {local_task_job_runner.py:243} INFO - Task exited with return code 0
[2025-10-23T09:07:18.742+0000] {taskinstance.py:3503} INFO - 0 downstream tasks scheduled from follow-on schedule check
[2025-10-23T09:07:18.744+0000] {local_task_job_runner.py:222} INFO - ::endgroup::
[2025-10-23T09:07:49.365+0000] {local_task_job_runner.py:120} INFO - ::group::Pre task execution logs
[2025-10-23T09:07:49.393+0000] {taskinstance.py:2076} INFO - Dependencies all met for dep_context=non-requeueable deps ti=<TaskInstance: load_neo4j_from_gold.wait_for_export_gold manual__2025-10-23T09:00:05.160704+00:00 [queued]>
[2025-10-23T09:07:49.398+0000] {taskinstance.py:2076} INFO - Dependencies all met for dep_context=requeueable deps ti=<TaskInstance: load_neo4j_from_gold.wait_for_export_gold manual__2025-10-23T09:00:05.160704+00:00 [queued]>
[2025-10-23T09:07:49.398+0000] {taskinstance.py:2306} INFO - Starting attempt 1 of 1
[2025-10-23T09:07:49.405+0000] {taskinstance.py:2330} INFO - Executing <Task(ExternalTaskSensor): wait_for_export_gold> on 2025-10-23 09:00:05.160704+00:00
[2025-10-23T09:07:49.411+0000] {logging_mixin.py:188} WARNING - /home/***/.local/lib/python3.12/site-packages/***/task/task_runner/standard_task_runner.py:62 DeprecationWarning: This process (pid=2246) is multi-threaded, use of fork() may lead to deadlocks in the child.
[2025-10-23T09:07:49.410+0000] {standard_task_runner.py:90} INFO - Running: ['***', 'tasks', 'run', 'load_neo4j_from_gold', 'wait_for_export_gold', 'manual__2025-10-23T09:00:05.160704+00:00', '--job-id', '140', '--raw', '--subdir', 'DAGS_FOLDER/load_neo4j_from_gold.py', '--cfg-path', '/tmp/tmp4wyy9y3h']
[2025-10-23T09:07:49.412+0000] {standard_task_runner.py:64} INFO - Started process 2248 to run task
[2025-10-23T09:07:49.412+0000] {standard_task_runner.py:91} INFO - Job 140: Subtask wait_for_export_gold
[2025-10-23T09:07:49.586+0000] {task_command.py:426} INFO - Running <TaskInstance: load_neo4j_from_gold.wait_for_export_gold manual__2025-10-23T09:00:05.160704+00:00 [running]> on host c48d41bd1c66
[2025-10-23T09:07:49.693+0000] {taskinstance.py:2648} INFO - Exporting env vars: AIRFLOW_CTX_DAG_OWNER='***' AIRFLOW_CTX_DAG_ID='load_neo4j_from_gold' AIRFLOW_CTX_TASK_ID='wait_for_export_gold' AIRFLOW_CTX_EXECUTION_DATE='2025-10-23T09:00:05.160704+00:00' AIRFLOW_CTX_TRY_NUMBER='1' AIRFLOW_CTX_DAG_RUN_ID='manual__2025-10-23T09:00:05.160704+00:00'
[2025-10-23T09:07:49.693+0000] {taskinstance.py:430} INFO - ::endgroup::
[2025-10-23T09:07:49.706+0000] {baseoperator.py:400} WARNING - ExternalTaskSensor.execute cannot be called outside TaskInstance!
[2025-10-23T09:07:49.722+0000] {external_task.py:258} INFO - Poking for tasks ['export_gold_csv'] in dag ingest_kg on 2025-10-23T09:00:05.160704+00:00 ... 
[2025-10-23T09:07:49.724+0000] {logging_mixin.py:188} WARNING - /home/***/.local/lib/python3.12/site-packages/***/utils/session.py:79 DeprecationWarning: This method is deprecated and will be removed in future.
[2025-10-23T09:07:49.733+0000] {taskinstance.py:441} INFO - ::group::Post task execution logs
[2025-10-23T09:07:49.746+0000] {taskinstance.py:2865} INFO - Rescheduling task, marking task as UP_FOR_RESCHEDULE
[2025-10-23T09:07:49.773+0000] {local_task_job_runner.py:243} INFO - Task exited with return code 0
[2025-10-23T09:07:49.799+0000] {taskinstance.py:3503} INFO - 0 downstream tasks scheduled from follow-on schedule check
[2025-10-23T09:07:49.801+0000] {local_task_job_runner.py:222} INFO - ::endgroup::
[2025-10-23T09:08:20.481+0000] {local_task_job_runner.py:120} INFO - ::group::Pre task execution logs
[2025-10-23T09:08:20.501+0000] {taskinstance.py:2076} INFO - Dependencies all met for dep_context=non-requeueable deps ti=<TaskInstance: load_neo4j_from_gold.wait_for_export_gold manual__2025-10-23T09:00:05.160704+00:00 [queued]>
[2025-10-23T09:08:20.504+0000] {taskinstance.py:2076} INFO - Dependencies all met for dep_context=requeueable deps ti=<TaskInstance: load_neo4j_from_gold.wait_for_export_gold manual__2025-10-23T09:00:05.160704+00:00 [queued]>
[2025-10-23T09:08:20.505+0000] {taskinstance.py:2306} INFO - Starting attempt 1 of 1
[2025-10-23T09:08:20.511+0000] {taskinstance.py:2330} INFO - Executing <Task(ExternalTaskSensor): wait_for_export_gold> on 2025-10-23 09:00:05.160704+00:00
[2025-10-23T09:08:20.517+0000] {logging_mixin.py:188} WARNING - /home/***/.local/lib/python3.12/site-packages/***/task/task_runner/standard_task_runner.py:62 DeprecationWarning: This process (pid=2276) is multi-threaded, use of fork() may lead to deadlocks in the child.
[2025-10-23T09:08:20.518+0000] {standard_task_runner.py:64} INFO - Started process 2279 to run task
[2025-10-23T09:08:20.517+0000] {standard_task_runner.py:90} INFO - Running: ['***', 'tasks', 'run', 'load_neo4j_from_gold', 'wait_for_export_gold', 'manual__2025-10-23T09:00:05.160704+00:00', '--job-id', '150', '--raw', '--subdir', 'DAGS_FOLDER/load_neo4j_from_gold.py', '--cfg-path', '/tmp/tmpdhi6qcb4']
[2025-10-23T09:08:20.519+0000] {standard_task_runner.py:91} INFO - Job 150: Subtask wait_for_export_gold
[2025-10-23T09:08:20.555+0000] {task_command.py:426} INFO - Running <TaskInstance: load_neo4j_from_gold.wait_for_export_gold manual__2025-10-23T09:00:05.160704+00:00 [running]> on host c48d41bd1c66
[2025-10-23T09:08:20.604+0000] {taskinstance.py:2648} INFO - Exporting env vars: AIRFLOW_CTX_DAG_OWNER='***' AIRFLOW_CTX_DAG_ID='load_neo4j_from_gold' AIRFLOW_CTX_TASK_ID='wait_for_export_gold' AIRFLOW_CTX_EXECUTION_DATE='2025-10-23T09:00:05.160704+00:00' AIRFLOW_CTX_TRY_NUMBER='1' AIRFLOW_CTX_DAG_RUN_ID='manual__2025-10-23T09:00:05.160704+00:00'
[2025-10-23T09:08:20.605+0000] {taskinstance.py:430} INFO - ::endgroup::
[2025-10-23T09:08:20.613+0000] {baseoperator.py:400} WARNING - ExternalTaskSensor.execute cannot be called outside TaskInstance!
[2025-10-23T09:08:20.619+0000] {external_task.py:258} INFO - Poking for tasks ['export_gold_csv'] in dag ingest_kg on 2025-10-23T09:00:05.160704+00:00 ... 
[2025-10-23T09:08:20.620+0000] {logging_mixin.py:188} WARNING - /home/***/.local/lib/python3.12/site-packages/***/utils/session.py:79 DeprecationWarning: This method is deprecated and will be removed in future.
[2025-10-23T09:08:20.637+0000] {taskinstance.py:441} INFO - ::group::Post task execution logs
[2025-10-23T09:08:20.650+0000] {taskinstance.py:2865} INFO - Rescheduling task, marking task as UP_FOR_RESCHEDULE
[2025-10-23T09:08:20.659+0000] {local_task_job_runner.py:243} INFO - Task exited with return code 0
[2025-10-23T09:08:20.678+0000] {taskinstance.py:3503} INFO - 0 downstream tasks scheduled from follow-on schedule check
[2025-10-23T09:08:20.678+0000] {local_task_job_runner.py:222} INFO - ::endgroup::
[2025-10-23T09:08:51.766+0000] {local_task_job_runner.py:120} INFO - ::group::Pre task execution logs
[2025-10-23T09:08:51.786+0000] {taskinstance.py:2076} INFO - Dependencies all met for dep_context=non-requeueable deps ti=<TaskInstance: load_neo4j_from_gold.wait_for_export_gold manual__2025-10-23T09:00:05.160704+00:00 [queued]>
[2025-10-23T09:08:51.790+0000] {taskinstance.py:2076} INFO - Dependencies all met for dep_context=requeueable deps ti=<TaskInstance: load_neo4j_from_gold.wait_for_export_gold manual__2025-10-23T09:00:05.160704+00:00 [queued]>
[2025-10-23T09:08:51.790+0000] {taskinstance.py:2306} INFO - Starting attempt 1 of 1
[2025-10-23T09:08:51.806+0000] {taskinstance.py:2330} INFO - Executing <Task(ExternalTaskSensor): wait_for_export_gold> on 2025-10-23 09:00:05.160704+00:00
[2025-10-23T09:08:51.811+0000] {logging_mixin.py:188} WARNING - /home/***/.local/lib/python3.12/site-packages/***/task/task_runner/standard_task_runner.py:62 DeprecationWarning: This process (pid=2307) is multi-threaded, use of fork() may lead to deadlocks in the child.
[2025-10-23T09:08:51.811+0000] {standard_task_runner.py:90} INFO - Running: ['***', 'tasks', 'run', 'load_neo4j_from_gold', 'wait_for_export_gold', 'manual__2025-10-23T09:00:05.160704+00:00', '--job-id', '161', '--raw', '--subdir', 'DAGS_FOLDER/load_neo4j_from_gold.py', '--cfg-path', '/tmp/tmp9s8rf8wa']
[2025-10-23T09:08:51.813+0000] {standard_task_runner.py:64} INFO - Started process 2308 to run task
[2025-10-23T09:08:51.813+0000] {standard_task_runner.py:91} INFO - Job 161: Subtask wait_for_export_gold
[2025-10-23T09:08:51.847+0000] {task_command.py:426} INFO - Running <TaskInstance: load_neo4j_from_gold.wait_for_export_gold manual__2025-10-23T09:00:05.160704+00:00 [running]> on host c48d41bd1c66
[2025-10-23T09:08:51.897+0000] {taskinstance.py:2648} INFO - Exporting env vars: AIRFLOW_CTX_DAG_OWNER='***' AIRFLOW_CTX_DAG_ID='load_neo4j_from_gold' AIRFLOW_CTX_TASK_ID='wait_for_export_gold' AIRFLOW_CTX_EXECUTION_DATE='2025-10-23T09:00:05.160704+00:00' AIRFLOW_CTX_TRY_NUMBER='1' AIRFLOW_CTX_DAG_RUN_ID='manual__2025-10-23T09:00:05.160704+00:00'
[2025-10-23T09:08:51.898+0000] {taskinstance.py:430} INFO - ::endgroup::
[2025-10-23T09:08:51.905+0000] {baseoperator.py:400} WARNING - ExternalTaskSensor.execute cannot be called outside TaskInstance!
[2025-10-23T09:08:51.913+0000] {external_task.py:258} INFO - Poking for tasks ['export_gold_csv'] in dag ingest_kg on 2025-10-23T09:00:05.160704+00:00 ... 
[2025-10-23T09:08:51.914+0000] {logging_mixin.py:188} WARNING - /home/***/.local/lib/python3.12/site-packages/***/utils/session.py:79 DeprecationWarning: This method is deprecated and will be removed in future.
[2025-10-23T09:08:51.922+0000] {taskinstance.py:441} INFO - ::group::Post task execution logs
[2025-10-23T09:08:51.934+0000] {taskinstance.py:2865} INFO - Rescheduling task, marking task as UP_FOR_RESCHEDULE
[2025-10-23T09:08:51.953+0000] {local_task_job_runner.py:243} INFO - Task exited with return code 0
[2025-10-23T09:08:51.968+0000] {taskinstance.py:3503} INFO - 0 downstream tasks scheduled from follow-on schedule check
[2025-10-23T09:08:51.968+0000] {local_task_job_runner.py:222} INFO - ::endgroup::
[2025-10-23T09:09:22.393+0000] {local_task_job_runner.py:120} INFO - ::group::Pre task execution logs
[2025-10-23T09:09:22.416+0000] {taskinstance.py:2076} INFO - Dependencies all met for dep_context=non-requeueable deps ti=<TaskInstance: load_neo4j_from_gold.wait_for_export_gold manual__2025-10-23T09:00:05.160704+00:00 [queued]>
[2025-10-23T09:09:22.420+0000] {taskinstance.py:2076} INFO - Dependencies all met for dep_context=requeueable deps ti=<TaskInstance: load_neo4j_from_gold.wait_for_export_gold manual__2025-10-23T09:00:05.160704+00:00 [queued]>
[2025-10-23T09:09:22.421+0000] {taskinstance.py:2306} INFO - Starting attempt 1 of 1
[2025-10-23T09:09:22.428+0000] {taskinstance.py:2330} INFO - Executing <Task(ExternalTaskSensor): wait_for_export_gold> on 2025-10-23 09:00:05.160704+00:00
[2025-10-23T09:09:22.433+0000] {logging_mixin.py:188} WARNING - /home/***/.local/lib/python3.12/site-packages/***/task/task_runner/standard_task_runner.py:62 DeprecationWarning: This process (pid=2336) is multi-threaded, use of fork() may lead to deadlocks in the child.
[2025-10-23T09:09:22.434+0000] {standard_task_runner.py:64} INFO - Started process 2339 to run task
[2025-10-23T09:09:22.434+0000] {standard_task_runner.py:90} INFO - Running: ['***', 'tasks', 'run', 'load_neo4j_from_gold', 'wait_for_export_gold', 'manual__2025-10-23T09:00:05.160704+00:00', '--job-id', '170', '--raw', '--subdir', 'DAGS_FOLDER/load_neo4j_from_gold.py', '--cfg-path', '/tmp/tmpnk5gg25r']
[2025-10-23T09:09:22.436+0000] {standard_task_runner.py:91} INFO - Job 170: Subtask wait_for_export_gold
[2025-10-23T09:09:22.481+0000] {task_command.py:426} INFO - Running <TaskInstance: load_neo4j_from_gold.wait_for_export_gold manual__2025-10-23T09:00:05.160704+00:00 [running]> on host c48d41bd1c66
[2025-10-23T09:09:22.542+0000] {taskinstance.py:2648} INFO - Exporting env vars: AIRFLOW_CTX_DAG_OWNER='***' AIRFLOW_CTX_DAG_ID='load_neo4j_from_gold' AIRFLOW_CTX_TASK_ID='wait_for_export_gold' AIRFLOW_CTX_EXECUTION_DATE='2025-10-23T09:00:05.160704+00:00' AIRFLOW_CTX_TRY_NUMBER='1' AIRFLOW_CTX_DAG_RUN_ID='manual__2025-10-23T09:00:05.160704+00:00'
[2025-10-23T09:09:22.545+0000] {taskinstance.py:430} INFO - ::endgroup::
[2025-10-23T09:09:22.564+0000] {baseoperator.py:400} WARNING - ExternalTaskSensor.execute cannot be called outside TaskInstance!
[2025-10-23T09:09:22.571+0000] {external_task.py:258} INFO - Poking for tasks ['export_gold_csv'] in dag ingest_kg on 2025-10-23T09:00:05.160704+00:00 ... 
[2025-10-23T09:09:22.573+0000] {logging_mixin.py:188} WARNING - /home/***/.local/lib/python3.12/site-packages/***/utils/session.py:79 DeprecationWarning: This method is deprecated and will be removed in future.
[2025-10-23T09:09:22.581+0000] {taskinstance.py:441} INFO - ::group::Post task execution logs
[2025-10-23T09:09:22.593+0000] {taskinstance.py:2865} INFO - Rescheduling task, marking task as UP_FOR_RESCHEDULE
[2025-10-23T09:09:22.613+0000] {local_task_job_runner.py:243} INFO - Task exited with return code 0
[2025-10-23T09:09:22.629+0000] {taskinstance.py:3503} INFO - 0 downstream tasks scheduled from follow-on schedule check
[2025-10-23T09:09:22.630+0000] {local_task_job_runner.py:222} INFO - ::endgroup::
[2025-10-23T09:09:52.870+0000] {local_task_job_runner.py:120} INFO - ::group::Pre task execution logs
[2025-10-23T09:09:52.889+0000] {taskinstance.py:2076} INFO - Dependencies all met for dep_context=non-requeueable deps ti=<TaskInstance: load_neo4j_from_gold.wait_for_export_gold manual__2025-10-23T09:00:05.160704+00:00 [queued]>
[2025-10-23T09:09:52.893+0000] {taskinstance.py:2076} INFO - Dependencies all met for dep_context=requeueable deps ti=<TaskInstance: load_neo4j_from_gold.wait_for_export_gold manual__2025-10-23T09:00:05.160704+00:00 [queued]>
[2025-10-23T09:09:52.893+0000] {taskinstance.py:2306} INFO - Starting attempt 1 of 1
[2025-10-23T09:09:52.901+0000] {taskinstance.py:2330} INFO - Executing <Task(ExternalTaskSensor): wait_for_export_gold> on 2025-10-23 09:00:05.160704+00:00
[2025-10-23T09:09:52.905+0000] {logging_mixin.py:188} WARNING - /home/***/.local/lib/python3.12/site-packages/***/task/task_runner/standard_task_runner.py:62 DeprecationWarning: This process (pid=2367) is multi-threaded, use of fork() may lead to deadlocks in the child.
[2025-10-23T09:09:52.907+0000] {standard_task_runner.py:64} INFO - Started process 2369 to run task
[2025-10-23T09:09:52.905+0000] {standard_task_runner.py:90} INFO - Running: ['***', 'tasks', 'run', 'load_neo4j_from_gold', 'wait_for_export_gold', 'manual__2025-10-23T09:00:05.160704+00:00', '--job-id', '180', '--raw', '--subdir', 'DAGS_FOLDER/load_neo4j_from_gold.py', '--cfg-path', '/tmp/tmpept9w5y7']
[2025-10-23T09:09:52.907+0000] {standard_task_runner.py:91} INFO - Job 180: Subtask wait_for_export_gold
[2025-10-23T09:09:52.943+0000] {task_command.py:426} INFO - Running <TaskInstance: load_neo4j_from_gold.wait_for_export_gold manual__2025-10-23T09:00:05.160704+00:00 [running]> on host c48d41bd1c66
[2025-10-23T09:09:52.992+0000] {taskinstance.py:2648} INFO - Exporting env vars: AIRFLOW_CTX_DAG_OWNER='***' AIRFLOW_CTX_DAG_ID='load_neo4j_from_gold' AIRFLOW_CTX_TASK_ID='wait_for_export_gold' AIRFLOW_CTX_EXECUTION_DATE='2025-10-23T09:00:05.160704+00:00' AIRFLOW_CTX_TRY_NUMBER='1' AIRFLOW_CTX_DAG_RUN_ID='manual__2025-10-23T09:00:05.160704+00:00'
[2025-10-23T09:09:52.993+0000] {taskinstance.py:430} INFO - ::endgroup::
[2025-10-23T09:09:53.001+0000] {baseoperator.py:400} WARNING - ExternalTaskSensor.execute cannot be called outside TaskInstance!
[2025-10-23T09:09:53.012+0000] {external_task.py:258} INFO - Poking for tasks ['export_gold_csv'] in dag ingest_kg on 2025-10-23T09:00:05.160704+00:00 ... 
[2025-10-23T09:09:53.013+0000] {logging_mixin.py:188} WARNING - /home/***/.local/lib/python3.12/site-packages/***/utils/session.py:79 DeprecationWarning: This method is deprecated and will be removed in future.
[2025-10-23T09:09:53.021+0000] {taskinstance.py:441} INFO - ::group::Post task execution logs
[2025-10-23T09:09:53.034+0000] {taskinstance.py:2865} INFO - Rescheduling task, marking task as UP_FOR_RESCHEDULE
[2025-10-23T09:09:53.046+0000] {local_task_job_runner.py:243} INFO - Task exited with return code 0
[2025-10-23T09:09:53.060+0000] {taskinstance.py:3503} INFO - 0 downstream tasks scheduled from follow-on schedule check
[2025-10-23T09:09:53.061+0000] {local_task_job_runner.py:222} INFO - ::endgroup::
[2025-10-23T09:10:23.325+0000] {local_task_job_runner.py:120} INFO - ::group::Pre task execution logs
[2025-10-23T09:10:23.344+0000] {taskinstance.py:2076} INFO - Dependencies all met for dep_context=non-requeueable deps ti=<TaskInstance: load_neo4j_from_gold.wait_for_export_gold manual__2025-10-23T09:00:05.160704+00:00 [queued]>
[2025-10-23T09:10:23.347+0000] {taskinstance.py:2076} INFO - Dependencies all met for dep_context=requeueable deps ti=<TaskInstance: load_neo4j_from_gold.wait_for_export_gold manual__2025-10-23T09:00:05.160704+00:00 [queued]>
[2025-10-23T09:10:23.348+0000] {taskinstance.py:2306} INFO - Starting attempt 1 of 1
[2025-10-23T09:10:23.354+0000] {taskinstance.py:2330} INFO - Executing <Task(ExternalTaskSensor): wait_for_export_gold> on 2025-10-23 09:00:05.160704+00:00
[2025-10-23T09:10:23.360+0000] {logging_mixin.py:188} WARNING - /home/***/.local/lib/python3.12/site-packages/***/task/task_runner/standard_task_runner.py:62 DeprecationWarning: This process (pid=2397) is multi-threaded, use of fork() may lead to deadlocks in the child.
[2025-10-23T09:10:23.361+0000] {standard_task_runner.py:64} INFO - Started process 2398 to run task
[2025-10-23T09:10:23.360+0000] {standard_task_runner.py:90} INFO - Running: ['***', 'tasks', 'run', 'load_neo4j_from_gold', 'wait_for_export_gold', 'manual__2025-10-23T09:00:05.160704+00:00', '--job-id', '190', '--raw', '--subdir', 'DAGS_FOLDER/load_neo4j_from_gold.py', '--cfg-path', '/tmp/tmpgk8s9lja']
[2025-10-23T09:10:23.361+0000] {standard_task_runner.py:91} INFO - Job 190: Subtask wait_for_export_gold
[2025-10-23T09:10:23.396+0000] {task_command.py:426} INFO - Running <TaskInstance: load_neo4j_from_gold.wait_for_export_gold manual__2025-10-23T09:00:05.160704+00:00 [running]> on host c48d41bd1c66
[2025-10-23T09:10:23.441+0000] {taskinstance.py:2648} INFO - Exporting env vars: AIRFLOW_CTX_DAG_OWNER='***' AIRFLOW_CTX_DAG_ID='load_neo4j_from_gold' AIRFLOW_CTX_TASK_ID='wait_for_export_gold' AIRFLOW_CTX_EXECUTION_DATE='2025-10-23T09:00:05.160704+00:00' AIRFLOW_CTX_TRY_NUMBER='1' AIRFLOW_CTX_DAG_RUN_ID='manual__2025-10-23T09:00:05.160704+00:00'
[2025-10-23T09:10:23.442+0000] {taskinstance.py:430} INFO - ::endgroup::
[2025-10-23T09:10:23.448+0000] {baseoperator.py:400} WARNING - ExternalTaskSensor.execute cannot be called outside TaskInstance!
[2025-10-23T09:10:23.455+0000] {external_task.py:258} INFO - Poking for tasks ['export_gold_csv'] in dag ingest_kg on 2025-10-23T09:00:05.160704+00:00 ... 
[2025-10-23T09:10:23.456+0000] {logging_mixin.py:188} WARNING - /home/***/.local/lib/python3.12/site-packages/***/utils/session.py:79 DeprecationWarning: This method is deprecated and will be removed in future.
[2025-10-23T09:10:23.465+0000] {taskinstance.py:441} INFO - ::group::Post task execution logs
[2025-10-23T09:10:23.477+0000] {taskinstance.py:2865} INFO - Rescheduling task, marking task as UP_FOR_RESCHEDULE
[2025-10-23T09:10:23.500+0000] {local_task_job_runner.py:243} INFO - Task exited with return code 0
[2025-10-23T09:10:23.513+0000] {taskinstance.py:3503} INFO - 0 downstream tasks scheduled from follow-on schedule check
[2025-10-23T09:10:23.514+0000] {local_task_job_runner.py:222} INFO - ::endgroup::
[2025-10-23T09:10:53.747+0000] {local_task_job_runner.py:120} INFO - ::group::Pre task execution logs
[2025-10-23T09:10:53.767+0000] {taskinstance.py:2076} INFO - Dependencies all met for dep_context=non-requeueable deps ti=<TaskInstance: load_neo4j_from_gold.wait_for_export_gold manual__2025-10-23T09:00:05.160704+00:00 [queued]>
[2025-10-23T09:10:53.773+0000] {taskinstance.py:2076} INFO - Dependencies all met for dep_context=requeueable deps ti=<TaskInstance: load_neo4j_from_gold.wait_for_export_gold manual__2025-10-23T09:00:05.160704+00:00 [queued]>
[2025-10-23T09:10:53.773+0000] {taskinstance.py:2306} INFO - Starting attempt 1 of 1
[2025-10-23T09:10:53.784+0000] {taskinstance.py:2330} INFO - Executing <Task(ExternalTaskSensor): wait_for_export_gold> on 2025-10-23 09:00:05.160704+00:00
[2025-10-23T09:10:53.791+0000] {logging_mixin.py:188} WARNING - /home/***/.local/lib/python3.12/site-packages/***/task/task_runner/standard_task_runner.py:62 DeprecationWarning: This process (pid=2426) is multi-threaded, use of fork() may lead to deadlocks in the child.
[2025-10-23T09:10:53.792+0000] {standard_task_runner.py:64} INFO - Started process 2428 to run task
[2025-10-23T09:10:53.792+0000] {standard_task_runner.py:90} INFO - Running: ['***', 'tasks', 'run', 'load_neo4j_from_gold', 'wait_for_export_gold', 'manual__2025-10-23T09:00:05.160704+00:00', '--job-id', '201', '--raw', '--subdir', 'DAGS_FOLDER/load_neo4j_from_gold.py', '--cfg-path', '/tmp/tmpr4y8wi7y']
[2025-10-23T09:10:53.794+0000] {standard_task_runner.py:91} INFO - Job 201: Subtask wait_for_export_gold
[2025-10-23T09:10:53.853+0000] {task_command.py:426} INFO - Running <TaskInstance: load_neo4j_from_gold.wait_for_export_gold manual__2025-10-23T09:00:05.160704+00:00 [running]> on host c48d41bd1c66
[2025-10-23T09:10:53.902+0000] {taskinstance.py:2648} INFO - Exporting env vars: AIRFLOW_CTX_DAG_OWNER='***' AIRFLOW_CTX_DAG_ID='load_neo4j_from_gold' AIRFLOW_CTX_TASK_ID='wait_for_export_gold' AIRFLOW_CTX_EXECUTION_DATE='2025-10-23T09:00:05.160704+00:00' AIRFLOW_CTX_TRY_NUMBER='1' AIRFLOW_CTX_DAG_RUN_ID='manual__2025-10-23T09:00:05.160704+00:00'
[2025-10-23T09:10:53.903+0000] {taskinstance.py:430} INFO - ::endgroup::
[2025-10-23T09:10:53.911+0000] {baseoperator.py:400} WARNING - ExternalTaskSensor.execute cannot be called outside TaskInstance!
[2025-10-23T09:10:53.924+0000] {external_task.py:258} INFO - Poking for tasks ['export_gold_csv'] in dag ingest_kg on 2025-10-23T09:00:05.160704+00:00 ... 
[2025-10-23T09:10:53.926+0000] {logging_mixin.py:188} WARNING - /home/***/.local/lib/python3.12/site-packages/***/utils/session.py:79 DeprecationWarning: This method is deprecated and will be removed in future.
[2025-10-23T09:10:53.934+0000] {taskinstance.py:441} INFO - ::group::Post task execution logs
[2025-10-23T09:10:53.948+0000] {taskinstance.py:2865} INFO - Rescheduling task, marking task as UP_FOR_RESCHEDULE
[2025-10-23T09:10:53.975+0000] {local_task_job_runner.py:243} INFO - Task exited with return code 0
[2025-10-23T09:10:53.990+0000] {taskinstance.py:3503} INFO - 0 downstream tasks scheduled from follow-on schedule check
[2025-10-23T09:10:53.991+0000] {local_task_job_runner.py:222} INFO - ::endgroup::
[2025-10-23T09:11:24.089+0000] {local_task_job_runner.py:120} INFO - ::group::Pre task execution logs
[2025-10-23T09:11:24.106+0000] {taskinstance.py:2076} INFO - Dependencies all met for dep_context=non-requeueable deps ti=<TaskInstance: load_neo4j_from_gold.wait_for_export_gold manual__2025-10-23T09:00:05.160704+00:00 [queued]>
[2025-10-23T09:11:24.109+0000] {taskinstance.py:2076} INFO - Dependencies all met for dep_context=requeueable deps ti=<TaskInstance: load_neo4j_from_gold.wait_for_export_gold manual__2025-10-23T09:00:05.160704+00:00 [queued]>
[2025-10-23T09:11:24.110+0000] {taskinstance.py:2306} INFO - Starting attempt 1 of 1
[2025-10-23T09:11:24.116+0000] {taskinstance.py:2330} INFO - Executing <Task(ExternalTaskSensor): wait_for_export_gold> on 2025-10-23 09:00:05.160704+00:00
[2025-10-23T09:11:24.119+0000] {logging_mixin.py:188} WARNING - /home/***/.local/lib/python3.12/site-packages/***/task/task_runner/standard_task_runner.py:62 DeprecationWarning: This process (pid=2456) is multi-threaded, use of fork() may lead to deadlocks in the child.
[2025-10-23T09:11:24.120+0000] {standard_task_runner.py:64} INFO - Started process 2458 to run task
[2025-10-23T09:11:24.119+0000] {standard_task_runner.py:90} INFO - Running: ['***', 'tasks', 'run', 'load_neo4j_from_gold', 'wait_for_export_gold', 'manual__2025-10-23T09:00:05.160704+00:00', '--job-id', '210', '--raw', '--subdir', 'DAGS_FOLDER/load_neo4j_from_gold.py', '--cfg-path', '/tmp/tmpgng6szc0']
[2025-10-23T09:11:24.120+0000] {standard_task_runner.py:91} INFO - Job 210: Subtask wait_for_export_gold
[2025-10-23T09:11:24.150+0000] {task_command.py:426} INFO - Running <TaskInstance: load_neo4j_from_gold.wait_for_export_gold manual__2025-10-23T09:00:05.160704+00:00 [running]> on host c48d41bd1c66
[2025-10-23T09:11:24.196+0000] {taskinstance.py:2648} INFO - Exporting env vars: AIRFLOW_CTX_DAG_OWNER='***' AIRFLOW_CTX_DAG_ID='load_neo4j_from_gold' AIRFLOW_CTX_TASK_ID='wait_for_export_gold' AIRFLOW_CTX_EXECUTION_DATE='2025-10-23T09:00:05.160704+00:00' AIRFLOW_CTX_TRY_NUMBER='1' AIRFLOW_CTX_DAG_RUN_ID='manual__2025-10-23T09:00:05.160704+00:00'
[2025-10-23T09:11:24.198+0000] {taskinstance.py:430} INFO - ::endgroup::
[2025-10-23T09:11:24.204+0000] {baseoperator.py:400} WARNING - ExternalTaskSensor.execute cannot be called outside TaskInstance!
[2025-10-23T09:11:24.214+0000] {external_task.py:258} INFO - Poking for tasks ['export_gold_csv'] in dag ingest_kg on 2025-10-23T09:00:05.160704+00:00 ... 
[2025-10-23T09:11:24.215+0000] {logging_mixin.py:188} WARNING - /home/***/.local/lib/python3.12/site-packages/***/utils/session.py:79 DeprecationWarning: This method is deprecated and will be removed in future.
[2025-10-23T09:11:24.224+0000] {taskinstance.py:441} INFO - ::group::Post task execution logs
[2025-10-23T09:11:24.238+0000] {taskinstance.py:2865} INFO - Rescheduling task, marking task as UP_FOR_RESCHEDULE
[2025-10-23T09:11:24.259+0000] {local_task_job_runner.py:243} INFO - Task exited with return code 0
[2025-10-23T09:11:24.273+0000] {taskinstance.py:3503} INFO - 0 downstream tasks scheduled from follow-on schedule check
[2025-10-23T09:11:24.273+0000] {local_task_job_runner.py:222} INFO - ::endgroup::
[2025-10-23T09:11:54.840+0000] {local_task_job_runner.py:120} INFO - ::group::Pre task execution logs
[2025-10-23T09:11:54.858+0000] {taskinstance.py:2076} INFO - Dependencies all met for dep_context=non-requeueable deps ti=<TaskInstance: load_neo4j_from_gold.wait_for_export_gold manual__2025-10-23T09:00:05.160704+00:00 [queued]>
[2025-10-23T09:11:54.862+0000] {taskinstance.py:2076} INFO - Dependencies all met for dep_context=requeueable deps ti=<TaskInstance: load_neo4j_from_gold.wait_for_export_gold manual__2025-10-23T09:00:05.160704+00:00 [queued]>
[2025-10-23T09:11:54.862+0000] {taskinstance.py:2306} INFO - Starting attempt 1 of 1
[2025-10-23T09:11:54.869+0000] {taskinstance.py:2330} INFO - Executing <Task(ExternalTaskSensor): wait_for_export_gold> on 2025-10-23 09:00:05.160704+00:00
[2025-10-23T09:11:54.872+0000] {logging_mixin.py:188} WARNING - /home/***/.local/lib/python3.12/site-packages/***/task/task_runner/standard_task_runner.py:62 DeprecationWarning: This process (pid=2487) is multi-threaded, use of fork() may lead to deadlocks in the child.
[2025-10-23T09:11:54.873+0000] {standard_task_runner.py:64} INFO - Started process 2488 to run task
[2025-10-23T09:11:54.872+0000] {standard_task_runner.py:90} INFO - Running: ['***', 'tasks', 'run', 'load_neo4j_from_gold', 'wait_for_export_gold', 'manual__2025-10-23T09:00:05.160704+00:00', '--job-id', '220', '--raw', '--subdir', 'DAGS_FOLDER/load_neo4j_from_gold.py', '--cfg-path', '/tmp/tmp5uj468vd']
[2025-10-23T09:11:54.874+0000] {standard_task_runner.py:91} INFO - Job 220: Subtask wait_for_export_gold
[2025-10-23T09:11:54.903+0000] {task_command.py:426} INFO - Running <TaskInstance: load_neo4j_from_gold.wait_for_export_gold manual__2025-10-23T09:00:05.160704+00:00 [running]> on host c48d41bd1c66
[2025-10-23T09:11:54.971+0000] {taskinstance.py:2648} INFO - Exporting env vars: AIRFLOW_CTX_DAG_OWNER='***' AIRFLOW_CTX_DAG_ID='load_neo4j_from_gold' AIRFLOW_CTX_TASK_ID='wait_for_export_gold' AIRFLOW_CTX_EXECUTION_DATE='2025-10-23T09:00:05.160704+00:00' AIRFLOW_CTX_TRY_NUMBER='1' AIRFLOW_CTX_DAG_RUN_ID='manual__2025-10-23T09:00:05.160704+00:00'
[2025-10-23T09:11:54.972+0000] {taskinstance.py:430} INFO - ::endgroup::
[2025-10-23T09:11:54.980+0000] {baseoperator.py:400} WARNING - ExternalTaskSensor.execute cannot be called outside TaskInstance!
[2025-10-23T09:11:54.987+0000] {external_task.py:258} INFO - Poking for tasks ['export_gold_csv'] in dag ingest_kg on 2025-10-23T09:00:05.160704+00:00 ... 
[2025-10-23T09:11:54.988+0000] {logging_mixin.py:188} WARNING - /home/***/.local/lib/python3.12/site-packages/***/utils/session.py:79 DeprecationWarning: This method is deprecated and will be removed in future.
[2025-10-23T09:11:54.997+0000] {taskinstance.py:441} INFO - ::group::Post task execution logs
[2025-10-23T09:11:55.012+0000] {taskinstance.py:2865} INFO - Rescheduling task, marking task as UP_FOR_RESCHEDULE
[2025-10-23T09:11:55.056+0000] {local_task_job_runner.py:243} INFO - Task exited with return code 0
[2025-10-23T09:11:55.069+0000] {taskinstance.py:3503} INFO - 0 downstream tasks scheduled from follow-on schedule check
[2025-10-23T09:11:55.069+0000] {local_task_job_runner.py:222} INFO - ::endgroup::
[2025-10-23T09:12:25.361+0000] {local_task_job_runner.py:120} INFO - ::group::Pre task execution logs
[2025-10-23T09:12:25.379+0000] {taskinstance.py:2076} INFO - Dependencies all met for dep_context=non-requeueable deps ti=<TaskInstance: load_neo4j_from_gold.wait_for_export_gold manual__2025-10-23T09:00:05.160704+00:00 [queued]>
[2025-10-23T09:12:25.384+0000] {taskinstance.py:2076} INFO - Dependencies all met for dep_context=requeueable deps ti=<TaskInstance: load_neo4j_from_gold.wait_for_export_gold manual__2025-10-23T09:00:05.160704+00:00 [queued]>
[2025-10-23T09:12:25.384+0000] {taskinstance.py:2306} INFO - Starting attempt 1 of 1
[2025-10-23T09:12:25.392+0000] {taskinstance.py:2330} INFO - Executing <Task(ExternalTaskSensor): wait_for_export_gold> on 2025-10-23 09:00:05.160704+00:00
[2025-10-23T09:12:25.397+0000] {logging_mixin.py:188} WARNING - /home/***/.local/lib/python3.12/site-packages/***/task/task_runner/standard_task_runner.py:62 DeprecationWarning: This process (pid=2516) is multi-threaded, use of fork() may lead to deadlocks in the child.
[2025-10-23T09:12:25.397+0000] {standard_task_runner.py:64} INFO - Started process 2518 to run task
[2025-10-23T09:12:25.397+0000] {standard_task_runner.py:90} INFO - Running: ['***', 'tasks', 'run', 'load_neo4j_from_gold', 'wait_for_export_gold', 'manual__2025-10-23T09:00:05.160704+00:00', '--job-id', '230', '--raw', '--subdir', 'DAGS_FOLDER/load_neo4j_from_gold.py', '--cfg-path', '/tmp/tmpl1c7wstd']
[2025-10-23T09:12:25.398+0000] {standard_task_runner.py:91} INFO - Job 230: Subtask wait_for_export_gold
[2025-10-23T09:12:25.432+0000] {task_command.py:426} INFO - Running <TaskInstance: load_neo4j_from_gold.wait_for_export_gold manual__2025-10-23T09:00:05.160704+00:00 [running]> on host c48d41bd1c66
[2025-10-23T09:12:25.481+0000] {taskinstance.py:2648} INFO - Exporting env vars: AIRFLOW_CTX_DAG_OWNER='***' AIRFLOW_CTX_DAG_ID='load_neo4j_from_gold' AIRFLOW_CTX_TASK_ID='wait_for_export_gold' AIRFLOW_CTX_EXECUTION_DATE='2025-10-23T09:00:05.160704+00:00' AIRFLOW_CTX_TRY_NUMBER='1' AIRFLOW_CTX_DAG_RUN_ID='manual__2025-10-23T09:00:05.160704+00:00'
[2025-10-23T09:12:25.481+0000] {taskinstance.py:430} INFO - ::endgroup::
[2025-10-23T09:12:25.492+0000] {baseoperator.py:400} WARNING - ExternalTaskSensor.execute cannot be called outside TaskInstance!
[2025-10-23T09:12:25.498+0000] {external_task.py:258} INFO - Poking for tasks ['export_gold_csv'] in dag ingest_kg on 2025-10-23T09:00:05.160704+00:00 ... 
[2025-10-23T09:12:25.499+0000] {logging_mixin.py:188} WARNING - /home/***/.local/lib/python3.12/site-packages/***/utils/session.py:79 DeprecationWarning: This method is deprecated and will be removed in future.
[2025-10-23T09:12:25.507+0000] {taskinstance.py:441} INFO - ::group::Post task execution logs
[2025-10-23T09:12:25.520+0000] {taskinstance.py:2865} INFO - Rescheduling task, marking task as UP_FOR_RESCHEDULE
[2025-10-23T09:12:25.537+0000] {local_task_job_runner.py:243} INFO - Task exited with return code 0
[2025-10-23T09:12:25.550+0000] {taskinstance.py:3503} INFO - 0 downstream tasks scheduled from follow-on schedule check
[2025-10-23T09:12:25.551+0000] {local_task_job_runner.py:222} INFO - ::endgroup::
[2025-10-23T09:12:55.861+0000] {local_task_job_runner.py:120} INFO - ::group::Pre task execution logs
[2025-10-23T09:12:55.903+0000] {taskinstance.py:2076} INFO - Dependencies all met for dep_context=non-requeueable deps ti=<TaskInstance: load_neo4j_from_gold.wait_for_export_gold manual__2025-10-23T09:00:05.160704+00:00 [queued]>
[2025-10-23T09:12:55.907+0000] {taskinstance.py:2076} INFO - Dependencies all met for dep_context=requeueable deps ti=<TaskInstance: load_neo4j_from_gold.wait_for_export_gold manual__2025-10-23T09:00:05.160704+00:00 [queued]>
[2025-10-23T09:12:55.908+0000] {taskinstance.py:2306} INFO - Starting attempt 1 of 1
[2025-10-23T09:12:55.914+0000] {taskinstance.py:2330} INFO - Executing <Task(ExternalTaskSensor): wait_for_export_gold> on 2025-10-23 09:00:05.160704+00:00
[2025-10-23T09:12:55.921+0000] {logging_mixin.py:188} WARNING - /home/***/.local/lib/python3.12/site-packages/***/task/task_runner/standard_task_runner.py:62 DeprecationWarning: This process (pid=2544) is multi-threaded, use of fork() may lead to deadlocks in the child.
[2025-10-23T09:12:55.923+0000] {standard_task_runner.py:64} INFO - Started process 2548 to run task
[2025-10-23T09:12:55.924+0000] {standard_task_runner.py:90} INFO - Running: ['***', 'tasks', 'run', 'load_neo4j_from_gold', 'wait_for_export_gold', 'manual__2025-10-23T09:00:05.160704+00:00', '--job-id', '239', '--raw', '--subdir', 'DAGS_FOLDER/load_neo4j_from_gold.py', '--cfg-path', '/tmp/tmpsn61mz65']
[2025-10-23T09:12:55.926+0000] {standard_task_runner.py:91} INFO - Job 239: Subtask wait_for_export_gold
[2025-10-23T09:12:55.981+0000] {task_command.py:426} INFO - Running <TaskInstance: load_neo4j_from_gold.wait_for_export_gold manual__2025-10-23T09:00:05.160704+00:00 [running]> on host c48d41bd1c66
[2025-10-23T09:12:56.056+0000] {taskinstance.py:2648} INFO - Exporting env vars: AIRFLOW_CTX_DAG_OWNER='***' AIRFLOW_CTX_DAG_ID='load_neo4j_from_gold' AIRFLOW_CTX_TASK_ID='wait_for_export_gold' AIRFLOW_CTX_EXECUTION_DATE='2025-10-23T09:00:05.160704+00:00' AIRFLOW_CTX_TRY_NUMBER='1' AIRFLOW_CTX_DAG_RUN_ID='manual__2025-10-23T09:00:05.160704+00:00'
[2025-10-23T09:12:56.056+0000] {taskinstance.py:430} INFO - ::endgroup::
[2025-10-23T09:12:56.067+0000] {baseoperator.py:400} WARNING - ExternalTaskSensor.execute cannot be called outside TaskInstance!
[2025-10-23T09:12:56.075+0000] {external_task.py:258} INFO - Poking for tasks ['export_gold_csv'] in dag ingest_kg on 2025-10-23T09:00:05.160704+00:00 ... 
[2025-10-23T09:12:56.076+0000] {logging_mixin.py:188} WARNING - /home/***/.local/lib/python3.12/site-packages/***/utils/session.py:79 DeprecationWarning: This method is deprecated and will be removed in future.
[2025-10-23T09:12:56.084+0000] {taskinstance.py:441} INFO - ::group::Post task execution logs
[2025-10-23T09:12:56.098+0000] {taskinstance.py:2865} INFO - Rescheduling task, marking task as UP_FOR_RESCHEDULE
[2025-10-23T09:12:56.113+0000] {local_task_job_runner.py:243} INFO - Task exited with return code 0
[2025-10-23T09:12:56.127+0000] {taskinstance.py:3503} INFO - 0 downstream tasks scheduled from follow-on schedule check
[2025-10-23T09:12:56.127+0000] {local_task_job_runner.py:222} INFO - ::endgroup::
[2025-10-23T09:13:26.328+0000] {local_task_job_runner.py:120} INFO - ::group::Pre task execution logs
[2025-10-23T09:13:26.344+0000] {taskinstance.py:2076} INFO - Dependencies all met for dep_context=non-requeueable deps ti=<TaskInstance: load_neo4j_from_gold.wait_for_export_gold manual__2025-10-23T09:00:05.160704+00:00 [queued]>
[2025-10-23T09:13:26.349+0000] {taskinstance.py:2076} INFO - Dependencies all met for dep_context=requeueable deps ti=<TaskInstance: load_neo4j_from_gold.wait_for_export_gold manual__2025-10-23T09:00:05.160704+00:00 [queued]>
[2025-10-23T09:13:26.350+0000] {taskinstance.py:2306} INFO - Starting attempt 1 of 1
[2025-10-23T09:13:26.359+0000] {taskinstance.py:2330} INFO - Executing <Task(ExternalTaskSensor): wait_for_export_gold> on 2025-10-23 09:00:05.160704+00:00
[2025-10-23T09:13:26.363+0000] {logging_mixin.py:188} WARNING - /home/***/.local/lib/python3.12/site-packages/***/task/task_runner/standard_task_runner.py:62 DeprecationWarning: This process (pid=2574) is multi-threaded, use of fork() may lead to deadlocks in the child.
[2025-10-23T09:13:26.363+0000] {standard_task_runner.py:64} INFO - Started process 2578 to run task
[2025-10-23T09:13:26.363+0000] {standard_task_runner.py:90} INFO - Running: ['***', 'tasks', 'run', 'load_neo4j_from_gold', 'wait_for_export_gold', 'manual__2025-10-23T09:00:05.160704+00:00', '--job-id', '250', '--raw', '--subdir', 'DAGS_FOLDER/load_neo4j_from_gold.py', '--cfg-path', '/tmp/tmp5y3_wdhz']
[2025-10-23T09:13:26.364+0000] {standard_task_runner.py:91} INFO - Job 250: Subtask wait_for_export_gold
[2025-10-23T09:13:26.398+0000] {task_command.py:426} INFO - Running <TaskInstance: load_neo4j_from_gold.wait_for_export_gold manual__2025-10-23T09:00:05.160704+00:00 [running]> on host c48d41bd1c66
[2025-10-23T09:13:26.472+0000] {taskinstance.py:2648} INFO - Exporting env vars: AIRFLOW_CTX_DAG_OWNER='***' AIRFLOW_CTX_DAG_ID='load_neo4j_from_gold' AIRFLOW_CTX_TASK_ID='wait_for_export_gold' AIRFLOW_CTX_EXECUTION_DATE='2025-10-23T09:00:05.160704+00:00' AIRFLOW_CTX_TRY_NUMBER='1' AIRFLOW_CTX_DAG_RUN_ID='manual__2025-10-23T09:00:05.160704+00:00'
[2025-10-23T09:13:26.472+0000] {taskinstance.py:430} INFO - ::endgroup::
[2025-10-23T09:13:26.479+0000] {baseoperator.py:400} WARNING - ExternalTaskSensor.execute cannot be called outside TaskInstance!
[2025-10-23T09:13:26.486+0000] {external_task.py:258} INFO - Poking for tasks ['export_gold_csv'] in dag ingest_kg on 2025-10-23T09:00:05.160704+00:00 ... 
[2025-10-23T09:13:26.487+0000] {logging_mixin.py:188} WARNING - /home/***/.local/lib/python3.12/site-packages/***/utils/session.py:79 DeprecationWarning: This method is deprecated and will be removed in future.
[2025-10-23T09:13:26.496+0000] {taskinstance.py:441} INFO - ::group::Post task execution logs
[2025-10-23T09:13:26.508+0000] {taskinstance.py:2865} INFO - Rescheduling task, marking task as UP_FOR_RESCHEDULE
[2025-10-23T09:13:26.544+0000] {local_task_job_runner.py:243} INFO - Task exited with return code 0
[2025-10-23T09:13:26.558+0000] {taskinstance.py:3503} INFO - 0 downstream tasks scheduled from follow-on schedule check
[2025-10-23T09:13:26.558+0000] {local_task_job_runner.py:222} INFO - ::endgroup::
[2025-10-23T09:13:56.681+0000] {local_task_job_runner.py:120} INFO - ::group::Pre task execution logs
[2025-10-23T09:13:56.707+0000] {taskinstance.py:2076} INFO - Dependencies all met for dep_context=non-requeueable deps ti=<TaskInstance: load_neo4j_from_gold.wait_for_export_gold manual__2025-10-23T09:00:05.160704+00:00 [queued]>
[2025-10-23T09:13:56.711+0000] {taskinstance.py:2076} INFO - Dependencies all met for dep_context=requeueable deps ti=<TaskInstance: load_neo4j_from_gold.wait_for_export_gold manual__2025-10-23T09:00:05.160704+00:00 [queued]>
[2025-10-23T09:13:56.711+0000] {taskinstance.py:2306} INFO - Starting attempt 1 of 1
[2025-10-23T09:13:56.718+0000] {taskinstance.py:2330} INFO - Executing <Task(ExternalTaskSensor): wait_for_export_gold> on 2025-10-23 09:00:05.160704+00:00
[2025-10-23T09:13:56.723+0000] {logging_mixin.py:188} WARNING - /home/***/.local/lib/python3.12/site-packages/***/task/task_runner/standard_task_runner.py:62 DeprecationWarning: This process (pid=2604) is multi-threaded, use of fork() may lead to deadlocks in the child.
[2025-10-23T09:13:56.723+0000] {standard_task_runner.py:64} INFO - Started process 2607 to run task
[2025-10-23T09:13:56.723+0000] {standard_task_runner.py:90} INFO - Running: ['***', 'tasks', 'run', 'load_neo4j_from_gold', 'wait_for_export_gold', 'manual__2025-10-23T09:00:05.160704+00:00', '--job-id', '260', '--raw', '--subdir', 'DAGS_FOLDER/load_neo4j_from_gold.py', '--cfg-path', '/tmp/tmp9ov4232r']
[2025-10-23T09:13:56.725+0000] {standard_task_runner.py:91} INFO - Job 260: Subtask wait_for_export_gold
[2025-10-23T09:13:56.764+0000] {task_command.py:426} INFO - Running <TaskInstance: load_neo4j_from_gold.wait_for_export_gold manual__2025-10-23T09:00:05.160704+00:00 [running]> on host c48d41bd1c66
[2025-10-23T09:13:56.819+0000] {taskinstance.py:2648} INFO - Exporting env vars: AIRFLOW_CTX_DAG_OWNER='***' AIRFLOW_CTX_DAG_ID='load_neo4j_from_gold' AIRFLOW_CTX_TASK_ID='wait_for_export_gold' AIRFLOW_CTX_EXECUTION_DATE='2025-10-23T09:00:05.160704+00:00' AIRFLOW_CTX_TRY_NUMBER='1' AIRFLOW_CTX_DAG_RUN_ID='manual__2025-10-23T09:00:05.160704+00:00'
[2025-10-23T09:13:56.820+0000] {taskinstance.py:430} INFO - ::endgroup::
[2025-10-23T09:13:56.829+0000] {baseoperator.py:400} WARNING - ExternalTaskSensor.execute cannot be called outside TaskInstance!
[2025-10-23T09:13:56.835+0000] {external_task.py:258} INFO - Poking for tasks ['export_gold_csv'] in dag ingest_kg on 2025-10-23T09:00:05.160704+00:00 ... 
[2025-10-23T09:13:56.836+0000] {logging_mixin.py:188} WARNING - /home/***/.local/lib/python3.12/site-packages/***/utils/session.py:79 DeprecationWarning: This method is deprecated and will be removed in future.
[2025-10-23T09:13:56.845+0000] {taskinstance.py:441} INFO - ::group::Post task execution logs
[2025-10-23T09:13:56.858+0000] {taskinstance.py:2865} INFO - Rescheduling task, marking task as UP_FOR_RESCHEDULE
[2025-10-23T09:13:56.863+0000] {local_task_job_runner.py:243} INFO - Task exited with return code 0
[2025-10-23T09:13:56.877+0000] {taskinstance.py:3503} INFO - 0 downstream tasks scheduled from follow-on schedule check
[2025-10-23T09:13:56.877+0000] {local_task_job_runner.py:222} INFO - ::endgroup::
[2025-10-23T09:14:27.268+0000] {local_task_job_runner.py:120} INFO - ::group::Pre task execution logs
[2025-10-23T09:14:27.295+0000] {taskinstance.py:2076} INFO - Dependencies all met for dep_context=non-requeueable deps ti=<TaskInstance: load_neo4j_from_gold.wait_for_export_gold manual__2025-10-23T09:00:05.160704+00:00 [queued]>
[2025-10-23T09:14:27.299+0000] {taskinstance.py:2076} INFO - Dependencies all met for dep_context=requeueable deps ti=<TaskInstance: load_neo4j_from_gold.wait_for_export_gold manual__2025-10-23T09:00:05.160704+00:00 [queued]>
[2025-10-23T09:14:27.300+0000] {taskinstance.py:2306} INFO - Starting attempt 1 of 1
[2025-10-23T09:14:27.309+0000] {taskinstance.py:2330} INFO - Executing <Task(ExternalTaskSensor): wait_for_export_gold> on 2025-10-23 09:00:05.160704+00:00
[2025-10-23T09:14:27.316+0000] {logging_mixin.py:188} WARNING - /home/***/.local/lib/python3.12/site-packages/***/task/task_runner/standard_task_runner.py:62 DeprecationWarning: This process (pid=2634) is multi-threaded, use of fork() may lead to deadlocks in the child.
[2025-10-23T09:14:27.317+0000] {standard_task_runner.py:64} INFO - Started process 2637 to run task
[2025-10-23T09:14:27.316+0000] {standard_task_runner.py:90} INFO - Running: ['***', 'tasks', 'run', 'load_neo4j_from_gold', 'wait_for_export_gold', 'manual__2025-10-23T09:00:05.160704+00:00', '--job-id', '269', '--raw', '--subdir', 'DAGS_FOLDER/load_neo4j_from_gold.py', '--cfg-path', '/tmp/tmpq7jkfl08']
[2025-10-23T09:14:27.318+0000] {standard_task_runner.py:91} INFO - Job 269: Subtask wait_for_export_gold
[2025-10-23T09:14:27.374+0000] {task_command.py:426} INFO - Running <TaskInstance: load_neo4j_from_gold.wait_for_export_gold manual__2025-10-23T09:00:05.160704+00:00 [running]> on host c48d41bd1c66
[2025-10-23T09:14:27.438+0000] {taskinstance.py:2648} INFO - Exporting env vars: AIRFLOW_CTX_DAG_OWNER='***' AIRFLOW_CTX_DAG_ID='load_neo4j_from_gold' AIRFLOW_CTX_TASK_ID='wait_for_export_gold' AIRFLOW_CTX_EXECUTION_DATE='2025-10-23T09:00:05.160704+00:00' AIRFLOW_CTX_TRY_NUMBER='1' AIRFLOW_CTX_DAG_RUN_ID='manual__2025-10-23T09:00:05.160704+00:00'
[2025-10-23T09:14:27.439+0000] {taskinstance.py:430} INFO - ::endgroup::
[2025-10-23T09:14:27.450+0000] {baseoperator.py:400} WARNING - ExternalTaskSensor.execute cannot be called outside TaskInstance!
[2025-10-23T09:14:27.460+0000] {external_task.py:258} INFO - Poking for tasks ['export_gold_csv'] in dag ingest_kg on 2025-10-23T09:00:05.160704+00:00 ... 
[2025-10-23T09:14:27.461+0000] {logging_mixin.py:188} WARNING - /home/***/.local/lib/python3.12/site-packages/***/utils/session.py:79 DeprecationWarning: This method is deprecated and will be removed in future.
[2025-10-23T09:14:27.471+0000] {taskinstance.py:441} INFO - ::group::Post task execution logs
[2025-10-23T09:14:27.484+0000] {taskinstance.py:2865} INFO - Rescheduling task, marking task as UP_FOR_RESCHEDULE
[2025-10-23T09:14:27.499+0000] {local_task_job_runner.py:243} INFO - Task exited with return code 0
[2025-10-23T09:14:27.511+0000] {taskinstance.py:3503} INFO - 0 downstream tasks scheduled from follow-on schedule check
[2025-10-23T09:14:27.512+0000] {local_task_job_runner.py:222} INFO - ::endgroup::
[2025-10-23T09:14:57.744+0000] {local_task_job_runner.py:120} INFO - ::group::Pre task execution logs
[2025-10-23T09:14:57.787+0000] {taskinstance.py:2076} INFO - Dependencies all met for dep_context=non-requeueable deps ti=<TaskInstance: load_neo4j_from_gold.wait_for_export_gold manual__2025-10-23T09:00:05.160704+00:00 [queued]>
[2025-10-23T09:14:57.832+0000] {taskinstance.py:2076} INFO - Dependencies all met for dep_context=requeueable deps ti=<TaskInstance: load_neo4j_from_gold.wait_for_export_gold manual__2025-10-23T09:00:05.160704+00:00 [queued]>
[2025-10-23T09:14:57.837+0000] {taskinstance.py:2306} INFO - Starting attempt 1 of 1
[2025-10-23T09:14:57.890+0000] {taskinstance.py:2330} INFO - Executing <Task(ExternalTaskSensor): wait_for_export_gold> on 2025-10-23 09:00:05.160704+00:00
[2025-10-23T09:14:57.931+0000] {standard_task_runner.py:90} INFO - Running: ['***', 'tasks', 'run', 'load_neo4j_from_gold', 'wait_for_export_gold', 'manual__2025-10-23T09:00:05.160704+00:00', '--job-id', '279', '--raw', '--subdir', 'DAGS_FOLDER/load_neo4j_from_gold.py', '--cfg-path', '/tmp/tmp3ra6pfat']
[2025-10-23T09:14:57.943+0000] {standard_task_runner.py:91} INFO - Job 279: Subtask wait_for_export_gold
[2025-10-23T09:14:57.944+0000] {logging_mixin.py:188} WARNING - /home/***/.local/lib/python3.12/site-packages/***/task/task_runner/standard_task_runner.py:62 DeprecationWarning: This process (pid=2666) is multi-threaded, use of fork() may lead to deadlocks in the child.
[2025-10-23T09:14:57.946+0000] {standard_task_runner.py:64} INFO - Started process 2667 to run task
[2025-10-23T09:14:58.003+0000] {task_command.py:426} INFO - Running <TaskInstance: load_neo4j_from_gold.wait_for_export_gold manual__2025-10-23T09:00:05.160704+00:00 [running]> on host c48d41bd1c66
[2025-10-23T09:14:58.090+0000] {taskinstance.py:2648} INFO - Exporting env vars: AIRFLOW_CTX_DAG_OWNER='***' AIRFLOW_CTX_DAG_ID='load_neo4j_from_gold' AIRFLOW_CTX_TASK_ID='wait_for_export_gold' AIRFLOW_CTX_EXECUTION_DATE='2025-10-23T09:00:05.160704+00:00' AIRFLOW_CTX_TRY_NUMBER='1' AIRFLOW_CTX_DAG_RUN_ID='manual__2025-10-23T09:00:05.160704+00:00'
[2025-10-23T09:14:58.090+0000] {taskinstance.py:430} INFO - ::endgroup::
[2025-10-23T09:14:58.099+0000] {baseoperator.py:400} WARNING - ExternalTaskSensor.execute cannot be called outside TaskInstance!
[2025-10-23T09:14:58.111+0000] {external_task.py:258} INFO - Poking for tasks ['export_gold_csv'] in dag ingest_kg on 2025-10-23T09:00:05.160704+00:00 ... 
[2025-10-23T09:14:58.112+0000] {logging_mixin.py:188} WARNING - /home/***/.local/lib/python3.12/site-packages/***/utils/session.py:79 DeprecationWarning: This method is deprecated and will be removed in future.
[2025-10-23T09:14:58.126+0000] {taskinstance.py:441} INFO - ::group::Post task execution logs
[2025-10-23T09:14:58.140+0000] {taskinstance.py:2865} INFO - Rescheduling task, marking task as UP_FOR_RESCHEDULE
[2025-10-23T09:14:58.168+0000] {local_task_job_runner.py:243} INFO - Task exited with return code 0
[2025-10-23T09:14:58.184+0000] {taskinstance.py:3503} INFO - 0 downstream tasks scheduled from follow-on schedule check
[2025-10-23T09:14:58.185+0000] {local_task_job_runner.py:222} INFO - ::endgroup::
