[2025-10-23T09:52:09.796+0000] {local_task_job_runner.py:120} INFO - ::group::Pre task execution logs
[2025-10-23T09:52:09.812+0000] {taskinstance.py:2076} INFO - Dependencies all met for dep_context=non-requeueable deps ti=<TaskInstance: load_neo4j_from_gold.load_neo4j manual__2025-10-23T09:52:08.883510+00:00 [queued]>
[2025-10-23T09:52:09.815+0000] {taskinstance.py:2076} INFO - Dependencies all met for dep_context=requeueable deps ti=<TaskInstance: load_neo4j_from_gold.load_neo4j manual__2025-10-23T09:52:08.883510+00:00 [queued]>
[2025-10-23T09:52:09.815+0000] {taskinstance.py:2306} INFO - Starting attempt 1 of 1
[2025-10-23T09:52:09.820+0000] {taskinstance.py:2330} INFO - Executing <Task(BashOperator): load_neo4j> on 2025-10-23 09:52:08.883510+00:00
[2025-10-23T09:52:09.824+0000] {standard_task_runner.py:90} INFO - Running: ['***', 'tasks', 'run', 'load_neo4j_from_gold', 'load_neo4j', 'manual__2025-10-23T09:52:08.883510+00:00', '--job-id', '304', '--raw', '--subdir', 'DAGS_FOLDER/load_neo4j_from_gold.py', '--cfg-path', '/tmp/tmp2n060aou']
[2025-10-23T09:52:09.825+0000] {standard_task_runner.py:91} INFO - Job 304: Subtask load_neo4j
[2025-10-23T09:52:09.825+0000] {logging_mixin.py:188} WARNING - /home/***/.local/lib/python3.12/site-packages/***/task/task_runner/standard_task_runner.py:62 DeprecationWarning: This process (pid=330) is multi-threaded, use of fork() may lead to deadlocks in the child.
[2025-10-23T09:52:09.825+0000] {standard_task_runner.py:64} INFO - Started process 331 to run task
[2025-10-23T09:52:09.850+0000] {task_command.py:426} INFO - Running <TaskInstance: load_neo4j_from_gold.load_neo4j manual__2025-10-23T09:52:08.883510+00:00 [running]> on host 1103adfde675
[2025-10-23T09:52:09.890+0000] {taskinstance.py:2648} INFO - Exporting env vars: AIRFLOW_CTX_DAG_OWNER='***' AIRFLOW_CTX_DAG_ID='load_neo4j_from_gold' AIRFLOW_CTX_TASK_ID='load_neo4j' AIRFLOW_CTX_EXECUTION_DATE='2025-10-23T09:52:08.883510+00:00' AIRFLOW_CTX_TRY_NUMBER='1' AIRFLOW_CTX_DAG_RUN_ID='manual__2025-10-23T09:52:08.883510+00:00'
[2025-10-23T09:52:09.891+0000] {taskinstance.py:430} INFO - ::endgroup::
[2025-10-23T09:52:09.897+0000] {subprocess.py:63} INFO - Tmp dir root location: /tmp
[2025-10-23T09:52:09.898+0000] {subprocess.py:75} INFO - Running command: ['/usr/bin/bash', '-c', 'python /opt/***/scripts/load_neo4j_from_gold.py --uri bolt://kg_neo4j:7687 --nodes /opt/***/data/gold/nodes.csv --edges /opt/***/data/gold/edges.csv --batch 20000']
[2025-10-23T09:52:09.902+0000] {subprocess.py:86} INFO - Output:
[2025-10-23T10:04:36.059+0000] {subprocess.py:93} INFO - [neo4j] nodes chargés OK
[2025-10-23T10:04:36.072+0000] {subprocess.py:93} INFO - [neo4j] edges chargés ✔
[2025-10-23T10:04:36.073+0000] {subprocess.py:93} INFO - [neo4j] résumé : 1000000 nœuds, 4999988 relations
[2025-10-23T10:04:36.163+0000] {subprocess.py:97} INFO - Command exited with return code 0
[2025-10-23T10:04:36.168+0000] {taskinstance.py:441} INFO - ::group::Post task execution logs
[2025-10-23T10:04:36.231+0000] {taskinstance.py:1206} INFO - Marking task as SUCCESS. dag_id=load_neo4j_from_gold, task_id=load_neo4j, run_id=manual__2025-10-23T09:52:08.883510+00:00, execution_date=20251023T095208, start_date=20251023T095209, end_date=20251023T100436
[2025-10-23T10:04:36.257+0000] {local_task_job_runner.py:243} INFO - Task exited with return code 0
[2025-10-23T10:04:36.276+0000] {taskinstance.py:3503} INFO - 0 downstream tasks scheduled from follow-on schedule check
[2025-10-23T10:04:36.276+0000] {local_task_job_runner.py:222} INFO - ::endgroup::
