[2025-10-26T10:30:31.570+0000] {local_task_job_runner.py:120} INFO - ::group::Pre task execution logs
[2025-10-26T10:30:31.598+0000] {taskinstance.py:2076} INFO - Dependencies all met for dep_context=non-requeueable deps ti=<TaskInstance: ingest_kg.partition_edges manual__2025-10-26T10:30:10.864588+00:00 [queued]>
[2025-10-26T10:30:31.602+0000] {taskinstance.py:2076} INFO - Dependencies all met for dep_context=requeueable deps ti=<TaskInstance: ingest_kg.partition_edges manual__2025-10-26T10:30:10.864588+00:00 [queued]>
[2025-10-26T10:30:31.602+0000] {taskinstance.py:2306} INFO - Starting attempt 1 of 1
[2025-10-26T10:30:31.608+0000] {taskinstance.py:2330} INFO - Executing <Task(BashOperator): partition_edges> on 2025-10-26 10:30:10.864588+00:00
[2025-10-26T10:30:31.616+0000] {standard_task_runner.py:90} INFO - Running: ['***', 'tasks', 'run', 'ingest_kg', 'partition_edges', 'manual__2025-10-26T10:30:10.864588+00:00', '--job-id', '340', '--raw', '--subdir', 'DAGS_FOLDER/ingest_kg.py', '--cfg-path', '/tmp/tmpin3_mkm_']
[2025-10-26T10:30:31.617+0000] {standard_task_runner.py:91} INFO - Job 340: Subtask partition_edges
[2025-10-26T10:30:31.617+0000] {logging_mixin.py:188} WARNING - /home/***/.local/lib/python3.12/site-packages/***/task/task_runner/standard_task_runner.py:62 DeprecationWarning: This process (pid=6573) is multi-threaded, use of fork() may lead to deadlocks in the child.
[2025-10-26T10:30:31.618+0000] {standard_task_runner.py:64} INFO - Started process 6574 to run task
[2025-10-26T10:30:31.647+0000] {task_command.py:426} INFO - Running <TaskInstance: ingest_kg.partition_edges manual__2025-10-26T10:30:10.864588+00:00 [running]> on host 686d193542d0
[2025-10-26T10:30:31.743+0000] {taskinstance.py:2648} INFO - Exporting env vars: AIRFLOW_CTX_DAG_OWNER='***' AIRFLOW_CTX_DAG_ID='ingest_kg' AIRFLOW_CTX_TASK_ID='partition_edges' AIRFLOW_CTX_EXECUTION_DATE='2025-10-26T10:30:10.864588+00:00' AIRFLOW_CTX_TRY_NUMBER='1' AIRFLOW_CTX_DAG_RUN_ID='manual__2025-10-26T10:30:10.864588+00:00'
[2025-10-26T10:30:31.746+0000] {taskinstance.py:430} INFO - ::endgroup::
[2025-10-26T10:30:31.756+0000] {subprocess.py:63} INFO - Tmp dir root location: /tmp
[2025-10-26T10:30:31.758+0000] {subprocess.py:75} INFO - Running command: ['/usr/bin/bash', '-c', 'python /opt/***/scripts/partition_edges.py']
[2025-10-26T10:30:31.764+0000] {subprocess.py:86} INFO - Output:
[2025-10-26T10:30:36.255+0000] {subprocess.py:93} INFO - [silver] nodes copiés : /opt/***/data/bronze/nodes.parquet -> /opt/***/data/silver/nodes.parquet
[2025-10-26T10:30:36.260+0000] {subprocess.py:93} INFO - [silver] shard 0 -> /opt/***/data/silver/shard=0/edges.parquet (624,591 lignes)
[2025-10-26T10:30:36.261+0000] {subprocess.py:93} INFO - [silver] shard 1 -> /opt/***/data/silver/shard=1/edges.parquet (625,548 lignes)
[2025-10-26T10:30:36.261+0000] {subprocess.py:93} INFO - [silver] shard 2 -> /opt/***/data/silver/shard=2/edges.parquet (624,992 lignes)
[2025-10-26T10:30:36.262+0000] {subprocess.py:93} INFO - [silver] shard 3 -> /opt/***/data/silver/shard=3/edges.parquet (625,910 lignes)
[2025-10-26T10:30:36.262+0000] {subprocess.py:93} INFO - [silver] shard 4 -> /opt/***/data/silver/shard=4/edges.parquet (624,992 lignes)
[2025-10-26T10:30:36.262+0000] {subprocess.py:93} INFO - [silver] shard 5 -> /opt/***/data/silver/shard=5/edges.parquet (625,339 lignes)
[2025-10-26T10:30:36.263+0000] {subprocess.py:93} INFO - [silver] shard 6 -> /opt/***/data/silver/shard=6/edges.parquet (624,113 lignes)
[2025-10-26T10:30:36.264+0000] {subprocess.py:93} INFO - [silver] shard 7 -> /opt/***/data/silver/shard=7/edges.parquet (624,515 lignes)
[2025-10-26T10:30:36.264+0000] {subprocess.py:93} INFO - [silver] total edges répartis : 5,000,000
[2025-10-26T10:30:36.264+0000] {subprocess.py:93} INFO - [silver] terminé
[2025-10-26T10:30:36.439+0000] {subprocess.py:97} INFO - Command exited with return code 0
[2025-10-26T10:30:36.440+0000] {taskinstance.py:441} INFO - ::group::Post task execution logs
[2025-10-26T10:30:36.498+0000] {taskinstance.py:1206} INFO - Marking task as SUCCESS. dag_id=ingest_kg, task_id=partition_edges, run_id=manual__2025-10-26T10:30:10.864588+00:00, execution_date=20251026T103010, start_date=20251026T103031, end_date=20251026T103036
[2025-10-26T10:30:36.522+0000] {local_task_job_runner.py:243} INFO - Task exited with return code 0
[2025-10-26T10:30:36.564+0000] {taskinstance.py:3503} INFO - 1 downstream tasks scheduled from follow-on schedule check
[2025-10-26T10:30:36.565+0000] {local_task_job_runner.py:222} INFO - ::endgroup::
