[2025-10-23T09:17:51.723+0000] {local_task_job_runner.py:120} INFO - ::group::Pre task execution logs
[2025-10-23T09:17:51.740+0000] {taskinstance.py:2076} INFO - Dependencies all met for dep_context=non-requeueable deps ti=<TaskInstance: ingest_kg.export_gold_csv manual__2025-10-23T09:17:39.818300+00:00 [queued]>
[2025-10-23T09:17:51.744+0000] {taskinstance.py:2076} INFO - Dependencies all met for dep_context=requeueable deps ti=<TaskInstance: ingest_kg.export_gold_csv manual__2025-10-23T09:17:39.818300+00:00 [queued]>
[2025-10-23T09:17:51.744+0000] {taskinstance.py:2306} INFO - Starting attempt 1 of 1
[2025-10-23T09:17:51.749+0000] {taskinstance.py:2330} INFO - Executing <Task(BashOperator): export_gold_csv> on 2025-10-23 09:17:39.818300+00:00
[2025-10-23T09:17:51.753+0000] {logging_mixin.py:188} WARNING - /home/***/.local/lib/python3.12/site-packages/***/task/task_runner/standard_task_runner.py:62 DeprecationWarning: This process (pid=2866) is multi-threaded, use of fork() may lead to deadlocks in the child.
[2025-10-23T09:17:51.753+0000] {standard_task_runner.py:90} INFO - Running: ['***', 'tasks', 'run', 'ingest_kg', 'export_gold_csv', 'manual__2025-10-23T09:17:39.818300+00:00', '--job-id', '292', '--raw', '--subdir', 'DAGS_FOLDER/ingest_kg.py', '--cfg-path', '/tmp/tmpaa2dzkb1']
[2025-10-23T09:17:51.754+0000] {standard_task_runner.py:64} INFO - Started process 2867 to run task
[2025-10-23T09:17:51.754+0000] {standard_task_runner.py:91} INFO - Job 292: Subtask export_gold_csv
[2025-10-23T09:17:51.795+0000] {task_command.py:426} INFO - Running <TaskInstance: ingest_kg.export_gold_csv manual__2025-10-23T09:17:39.818300+00:00 [running]> on host c48d41bd1c66
[2025-10-23T09:17:51.840+0000] {taskinstance.py:2648} INFO - Exporting env vars: AIRFLOW_CTX_DAG_OWNER='***' AIRFLOW_CTX_DAG_ID='ingest_kg' AIRFLOW_CTX_TASK_ID='export_gold_csv' AIRFLOW_CTX_EXECUTION_DATE='2025-10-23T09:17:39.818300+00:00' AIRFLOW_CTX_TRY_NUMBER='1' AIRFLOW_CTX_DAG_RUN_ID='manual__2025-10-23T09:17:39.818300+00:00'
[2025-10-23T09:17:51.841+0000] {taskinstance.py:430} INFO - ::endgroup::
[2025-10-23T09:17:51.848+0000] {subprocess.py:63} INFO - Tmp dir root location: /tmp
[2025-10-23T09:17:51.849+0000] {subprocess.py:75} INFO - Running command: ['/usr/bin/bash', '-c', 'python /opt/***/scripts/export_gold_csv.py --silver /opt/***/data/silver --gold /opt/***/data/gold --partitions 8']
[2025-10-23T09:17:51.853+0000] {subprocess.py:86} INFO - Output:
[2025-10-23T09:17:56.250+0000] {subprocess.py:93} INFO - [gold] nodes : /opt/***/data/silver/nodes.parquet -> /opt/***/data/gold/nodes.csv (1000000 lignes)
[2025-10-23T09:17:56.253+0000] {subprocess.py:93} INFO - [gold] shard 0 -> edges.csv (624591 lignes)
[2025-10-23T09:17:56.257+0000] {subprocess.py:93} INFO - [gold] shard 1 -> edges.csv (625548 lignes)
[2025-10-23T09:17:56.257+0000] {subprocess.py:93} INFO - [gold] shard 2 -> edges.csv (624992 lignes)
[2025-10-23T09:17:56.257+0000] {subprocess.py:93} INFO - [gold] shard 3 -> edges.csv (625910 lignes)
[2025-10-23T09:17:56.257+0000] {subprocess.py:93} INFO - [gold] shard 4 -> edges.csv (624992 lignes)
[2025-10-23T09:17:56.257+0000] {subprocess.py:93} INFO - [gold] shard 5 -> edges.csv (625339 lignes)
[2025-10-23T09:17:56.257+0000] {subprocess.py:93} INFO - [gold] shard 6 -> edges.csv (624113 lignes)
[2025-10-23T09:17:56.258+0000] {subprocess.py:93} INFO - [gold] shard 7 -> edges.csv (624515 lignes)
[2025-10-23T09:17:56.258+0000] {subprocess.py:93} INFO - [gold] total edges écrits : 5000000
[2025-10-23T09:17:56.258+0000] {subprocess.py:93} INFO - [gold] export terminé
[2025-10-23T09:17:56.306+0000] {subprocess.py:97} INFO - Command exited with return code 0
[2025-10-23T09:17:56.307+0000] {taskinstance.py:441} INFO - ::group::Post task execution logs
[2025-10-23T09:17:56.338+0000] {taskinstance.py:1206} INFO - Marking task as SUCCESS. dag_id=ingest_kg, task_id=export_gold_csv, run_id=manual__2025-10-23T09:17:39.818300+00:00, execution_date=20251023T091739, start_date=20251023T091751, end_date=20251023T091756
[2025-10-23T09:17:56.383+0000] {local_task_job_runner.py:243} INFO - Task exited with return code 0
[2025-10-23T09:17:56.405+0000] {taskinstance.py:3503} INFO - 1 downstream tasks scheduled from follow-on schedule check
[2025-10-23T09:17:56.406+0000] {local_task_job_runner.py:222} INFO - ::endgroup::
